2025-11-09 12:52:06.465 [info] [main] Log level: Info
2025-11-09 12:52:06.466 [info] [main] Validating found git in: "git"
2025-11-09 12:52:06.466 [info] [main] Using git "2.51.2" from "git"
2025-11-09 12:52:06.466 [info] [Model][doInitialScan] Initial repository scan started
2025-11-09 12:52:06.466 [info] > git rev-parse --show-toplevel [7ms]
2025-11-09 12:52:06.466 [info] > git rev-parse --git-dir --git-common-dir --show-superproject-working-tree [6ms]
2025-11-09 12:52:06.466 [info] [Model][openRepository] Opened repository (path): /mnt/media/Programmation/Docs/DankLinux-Docs
2025-11-09 12:52:06.466 [info] [Model][openRepository] Opened repository (real path): /mnt/media/Programmation/Docs/DankLinux-Docs
2025-11-09 12:52:06.466 [info] [Model][openRepository] Opened repository (kind): repository
2025-11-09 12:52:06.466 [info] > git rev-parse --show-toplevel [17ms]
2025-11-09 12:52:06.466 [info] > git config --get commit.template [25ms]
2025-11-09 12:52:06.477 [info] > git rev-parse --show-toplevel [233ms]
2025-11-09 12:52:06.500 [info] > git for-each-ref --format=%(refname)%00%(upstream:short)%00%(objectname)%00%(upstream:track)%00%(upstream:remotename)%00%(upstream:remoteref) refs/heads/feature/layer-namespaces refs/remotes/feature/layer-namespaces [36ms]
2025-11-09 12:52:06.507 [info] > git rev-parse --show-toplevel [8ms]
2025-11-09 12:52:06.545 [info] > git status -z -uall [18ms]
2025-11-09 12:52:06.545 [info] > git rev-parse --show-toplevel [30ms]
2025-11-09 12:52:06.563 [info] > git for-each-ref --sort -committerdate --format %(refname)%00%(objectname)%00%(*objectname) [22ms]
2025-11-09 12:52:06.616 [info] > git for-each-ref --format=%(refname)%00%(upstream:short)%00%(objectname)%00%(upstream:track)%00%(upstream:remotename)%00%(upstream:remoteref) refs/heads/feature/layer-namespaces refs/remotes/feature/layer-namespaces [13ms]
2025-11-09 12:52:06.627 [info] > git rev-parse --show-toplevel [65ms]
2025-11-09 12:52:06.758 [info] > git config --get --local branch.feature/layer-namespaces.vscode-merge-base [132ms]
2025-11-09 12:52:06.770 [info] > git config --get commit.template [155ms]
2025-11-09 12:52:06.811 [info] > git check-ignore -v -z --stdin [27ms]
2025-11-09 12:52:06.813 [info] > git for-each-ref --format=%(refname)%00%(upstream:short)%00%(objectname)%00%(upstream:track)%00%(upstream:remotename)%00%(upstream:remoteref) refs/heads/origin/master refs/remotes/origin/master [44ms]
2025-11-09 12:52:06.824 [info] > git rev-parse --show-toplevel [82ms]
2025-11-09 12:52:06.857 [info] > git merge-base refs/heads/feature/layer-namespaces refs/remotes/origin/feature/layer-namespaces [34ms]
2025-11-09 12:52:06.872 [info] > git rev-parse --show-toplevel [17ms]
2025-11-09 12:52:06.873 [info] > git for-each-ref --format=%(refname)%00%(upstream:short)%00%(objectname)%00%(upstream:track)%00%(upstream:remotename)%00%(upstream:remoteref) refs/heads/feature/layer-namespaces refs/remotes/feature/layer-namespaces [29ms]
2025-11-09 12:52:06.901 [info] > git diff --name-status -z --diff-filter=ADMR 37e8be0ff7485ec3f3c000145cdf3ed36a040017...refs/remotes/origin/feature/layer-namespaces [34ms]
2025-11-09 12:52:06.931 [info] > git rev-parse --show-toplevel [32ms]
2025-11-09 12:52:06.980 [info] > git status -z -uall [23ms]
2025-11-09 12:52:06.981 [info] > git log --format=%H%n%aN%n%aE%n%at%n%ct%n%P%n%D%n%B -z --shortstat --diff-merges=first-parent -n50 --skip=0 --topo-order --decorate=full --stdin [94ms]
2025-11-09 12:52:07.009 [info] > git rev-parse --show-toplevel [30ms]
2025-11-09 12:52:07.009 [info] [Model][doInitialScan] Initial repository scan completed - repositories (1), closed repositories (0), parent repositories (0), unsafe repositories (0)
2025-11-09 12:52:07.027 [info] > git for-each-ref --sort -committerdate --format %(refname)%00%(objectname)%00%(*objectname) [56ms]
2025-11-09 12:52:07.034 [info] > git show --textconv :docs/dankmaterialshell/layers.mdx [17ms]
2025-11-09 12:52:07.035 [info] > git ls-files --stage -- docs/dankmaterialshell/layers.mdx [9ms]
2025-11-09 12:52:07.065 [info] > git cat-file -s 5feb06887f9b219470c95defd5e91f5b789d2801 [21ms]
2025-11-09 12:52:07.139 [info] > git blame --root --incremental 37e8be0ff7485ec3f3c000145cdf3ed36a040017 -- docs/dankmaterialshell/layers.mdx [7ms]
2025-11-09 12:52:13.180 [info] > git for-each-ref --sort -committerdate --format %(refname)%00%(objectname)%00%(*objectname) [2ms]
2025-11-09 12:52:36.205 [info] > git config --get commit.template [2ms]
2025-11-09 12:52:36.225 [info] > git ls-files --stage -- docs/dankmaterialshell/layers.mdx [11ms]
2025-11-09 12:52:36.234 [info] > git for-each-ref --format=%(refname)%00%(upstream:short)%00%(objectname)%00%(upstream:track)%00%(upstream:remotename)%00%(upstream:remoteref) refs/heads/feature/layer-namespaces refs/remotes/feature/layer-namespaces [11ms]
2025-11-09 12:52:36.235 [info] > git cat-file -s 5feb06887f9b219470c95defd5e91f5b789d2801 [1ms]
2025-11-09 12:52:36.257 [info] > git status -z -uall [10ms]
2025-11-09 12:52:36.268 [info] > git for-each-ref --sort -committerdate --format %(refname)%00%(objectname)%00%(*objectname) [11ms]
2025-11-09 12:52:36.273 [info] > git show --textconv :docs/dankmaterialshell/layers.mdx [6ms]
2025-11-09 12:53:45.091 [info] > git config --get commit.template [2ms]
2025-11-09 12:53:45.106 [info] > git ls-files --stage -- docs/dankmaterialshell/layers.mdx [8ms]
2025-11-09 12:53:45.113 [info] > git for-each-ref --format=%(refname)%00%(upstream:short)%00%(objectname)%00%(upstream:track)%00%(upstream:remotename)%00%(upstream:remoteref) refs/heads/docs/layer-namespaces-fix refs/remotes/docs/layer-namespaces-fix [8ms]
2025-11-09 12:53:45.131 [info] > git status -z -uall [8ms]
2025-11-09 12:53:45.132 [info] > git cat-file -s 5feb06887f9b219470c95defd5e91f5b789d2801 [20ms]
2025-11-09 12:53:45.133 [info] > git for-each-ref --sort -committerdate --format %(refname)%00%(objectname)%00%(*objectname) [2ms]
2025-11-09 12:53:45.147 [info] > git for-each-ref --format=%(refname)%00%(upstream:short)%00%(objectname)%00%(upstream:track)%00%(upstream:remotename)%00%(upstream:remoteref) refs/heads/docs/layer-namespaces-fix refs/remotes/docs/layer-namespaces-fix [7ms]
2025-11-09 12:53:45.153 [info] > git show --textconv :docs/dankmaterialshell/layers.mdx [7ms]
2025-11-09 12:53:45.155 [info] > git config --get --local branch.docs/layer-namespaces-fix.vscode-merge-base [3ms]
2025-11-09 12:53:45.155 [warning] [Git][config] git config failed: Failed to execute git
2025-11-09 12:53:45.164 [info] > git reflog docs/layer-namespaces-fix --grep-reflog=branch: Created from *. [3ms]
2025-11-09 12:53:45.174 [info] > git reflog HEAD --grep-reflog=checkout: moving from .* to docs/layer-namespaces-fix [4ms]
2025-11-09 12:53:45.181 [info] > git for-each-ref --format=%(refname)%00%(upstream:short)%00%(objectname)%00%(upstream:track)%00%(upstream:remotename)%00%(upstream:remoteref) refs/heads/feature/layer-namespaces refs/remotes/feature/layer-namespaces [1ms]
2025-11-09 12:53:45.189 [info] > git for-each-ref --format=%(refname)%00%(upstream:short)%00%(objectname)%00%(upstream:track)%00%(upstream:remotename)%00%(upstream:remoteref) refs/remotes/origin/feature/layer-namespaces [1ms]
2025-11-09 12:53:45.196 [info] > git config --add --local branch.docs/layer-namespaces-fix.vscode-merge-base origin/feature/layer-namespaces [1ms]
2025-11-09 12:53:45.210 [info] > git config --get commit.template [7ms]
2025-11-09 12:53:45.211 [info] > git for-each-ref --format=%(refname)%00%(upstream:short)%00%(objectname)%00%(upstream:track)%00%(upstream:remotename)%00%(upstream:remoteref) refs/heads/docs/layer-namespaces-fix refs/remotes/docs/layer-namespaces-fix [1ms]
2025-11-09 12:53:45.224 [info] > git status -z -uall [7ms]
2025-11-09 12:53:45.225 [info] > git for-each-ref --sort -committerdate --format %(refname)%00%(objectname)%00%(*objectname) [2ms]
2025-11-09 12:53:45.267 [info] > git log --format=%H%n%aN%n%aE%n%at%n%ct%n%P%n%D%n%B -z --shortstat --diff-merges=first-parent -n50 --skip=0 --topo-order --decorate=full --stdin [33ms]
2025-11-09 12:53:48.993 [info] > git ls-files --stage -- docs/dankmaterialshell/layers.mdx [1ms]
2025-11-09 12:53:49.003 [info] > git cat-file -s 5feb06887f9b219470c95defd5e91f5b789d2801 [2ms]
2025-11-09 12:53:49.016 [info] > git show --textconv :docs/dankmaterialshell/layers.mdx [2ms]
2025-11-09 12:53:50.161 [info] > git config --get commit.template [11ms]
2025-11-09 12:53:50.161 [info] > git for-each-ref --format=%(refname)%00%(upstream:short)%00%(objectname)%00%(upstream:track)%00%(upstream:remotename)%00%(upstream:remoteref) refs/heads/docs/layer-namespaces-fix refs/remotes/docs/layer-namespaces-fix [2ms]
2025-11-09 12:53:50.178 [info] > git status -z -uall [9ms]
2025-11-09 12:53:50.179 [info] > git for-each-ref --sort -committerdate --format %(refname)%00%(objectname)%00%(*objectname) [2ms]
2025-11-09 12:54:50.182 [info] > git config --get commit.template [11ms]
2025-11-09 12:54:50.182 [info] > git for-each-ref --format=%(refname)%00%(upstream:short)%00%(objectname)%00%(upstream:track)%00%(upstream:remotename)%00%(upstream:remoteref) refs/heads/docs/layer-namespaces-fix refs/remotes/docs/layer-namespaces-fix [2ms]
2025-11-09 12:54:50.200 [info] > git status -z -uall [7ms]
2025-11-09 12:54:50.201 [info] > git for-each-ref --sort -committerdate --format %(refname)%00%(objectname)%00%(*objectname) [2ms]
2025-11-09 12:54:55.758 [info] > git config --get commit.template [10ms]
2025-11-09 12:54:55.759 [info] > git for-each-ref --format=%(refname)%00%(upstream:short)%00%(objectname)%00%(upstream:track)%00%(upstream:remotename)%00%(upstream:remoteref) refs/heads/docs/layer-namespaces-fix refs/remotes/docs/layer-namespaces-fix [1ms]
2025-11-09 12:54:55.772 [info] > git status -z -uall [6ms]
2025-11-09 12:54:55.774 [info] > git for-each-ref --sort -committerdate --format %(refname)%00%(objectname)%00%(*objectname) [2ms]
2025-11-09 12:54:58.705 [info] > git show --textconv :docs/dankmaterialshell/compositors.mdx [15ms]
2025-11-09 12:54:58.707 [info] > git ls-files --stage -- docs/dankmaterialshell/compositors.mdx [4ms]
2025-11-09 12:54:58.718 [info] > git cat-file -s b83f2063720268b37479ec03fa5c79c85899a6d3 [2ms]
2025-11-09 12:54:58.768 [info] > git blame --root --incremental 37e8be0ff7485ec3f3c000145cdf3ed36a040017 -- docs/dankmaterialshell/compositors.mdx [4ms]
2025-11-09 12:56:00.811 [info] > git config --get commit.template [13ms]
2025-11-09 12:56:00.815 [info] > git for-each-ref --format=%(refname)%00%(upstream:short)%00%(objectname)%00%(upstream:track)%00%(upstream:remotename)%00%(upstream:remoteref) refs/heads/master refs/remotes/master [4ms]
2025-11-09 12:56:00.826 [warning] [Git][revParse] Unable to read file: ENOENT: no such file or directory, open '/mnt/media/Programmation/Docs/DankLinux-Docs/.git/refs/remotes/origin/master'
2025-11-09 12:56:00.828 [info] > git rev-parse refs/remotes/origin/master [2ms]
2025-11-09 12:56:00.845 [info] > git for-each-ref --sort -committerdate --format %(refname)%00%(objectname)%00%(*objectname) [2ms]
2025-11-09 12:56:00.925 [info] > git status -z -uall [90ms]
2025-11-09 12:56:00.938 [info] > git for-each-ref --format=%(refname)%00%(upstream:short)%00%(objectname)%00%(upstream:track)%00%(upstream:remotename)%00%(upstream:remoteref) refs/heads/master refs/remotes/master [2ms]
2025-11-09 12:56:00.947 [info] > git config --get --local branch.master.vscode-merge-base [2ms]
2025-11-09 12:56:00.947 [warning] [Git][config] git config failed: Failed to execute git
2025-11-09 12:56:00.957 [info] > git reflog master --grep-reflog=branch: Created from *. [5ms]
2025-11-09 12:56:00.967 [info] > git symbolic-ref --short refs/remotes/origin/HEAD [2ms]
2025-11-09 12:56:00.973 [info] > git for-each-ref --format=%(refname)%00%(upstream:short)%00%(objectname)%00%(upstream:track)%00%(upstream:remotename)%00%(upstream:remoteref) refs/heads/origin/master refs/remotes/origin/master [1ms]
2025-11-09 12:56:00.981 [info] > git config --add --local branch.master.vscode-merge-base origin/master [2ms]
2025-11-09 12:56:00.995 [info] > git config --get commit.template [7ms]
2025-11-09 12:56:00.996 [info] > git for-each-ref --format=%(refname)%00%(upstream:short)%00%(objectname)%00%(upstream:track)%00%(upstream:remotename)%00%(upstream:remoteref) refs/heads/master refs/remotes/master [2ms]
2025-11-09 12:56:01.001 [warning] [Git][revParse] Unable to read file: ENOENT: no such file or directory, open '/mnt/media/Programmation/Docs/DankLinux-Docs/.git/refs/remotes/origin/master'
2025-11-09 12:56:01.002 [info] > git rev-parse refs/remotes/origin/master [1ms]
2025-11-09 12:56:01.016 [info] > git for-each-ref --sort -committerdate --format %(refname)%00%(objectname)%00%(*objectname) [1ms]
2025-11-09 12:56:01.075 [info] > git blame --root --incremental 0b11a17efff78e7edbd07ca2f5c263e98768f374 -- docs/dankmaterialshell/compositors.mdx [4ms]
2025-11-09 12:56:01.090 [info] > git status -z -uall [82ms]
2025-11-09 12:56:01.105 [info] > git merge-base refs/heads/master refs/remotes/origin/master [8ms]
2025-11-09 12:56:01.113 [info] > git merge-base refs/heads/master refs/remotes/origin/master [9ms]
2025-11-09 12:56:01.120 [info] > git diff --name-status -z --diff-filter=ADMR 0b11a17efff78e7edbd07ca2f5c263e98768f374...refs/remotes/origin/master [8ms]
2025-11-09 12:56:01.120 [info] > git diff --name-status -z --diff-filter=ADMR 0b11a17efff78e7edbd07ca2f5c263e98768f374...refs/remotes/origin/master [1ms]
2025-11-09 12:56:01.323 [info] > git check-ignore -v -z --stdin [2ms]
