2025-11-09 12:56:07.970 [info] [main] Log level: Info
2025-11-09 12:56:07.970 [info] [main] Validating found git in: "git"
2025-11-09 12:56:07.970 [info] [main] Using git "2.51.2" from "git"
2025-11-09 12:56:07.970 [info] [Model][doInitialScan] Initial repository scan started
2025-11-09 12:56:07.970 [info] > git rev-parse --show-toplevel [11ms]
2025-11-09 12:56:07.970 [info] > git rev-parse --git-dir --git-common-dir --show-superproject-working-tree [8ms]
2025-11-09 12:56:07.970 [info] [Model][openRepository] Opened repository (path): /mnt/media/Programmation/Docs/DankLinux-Docs
2025-11-09 12:56:07.970 [info] [Model][openRepository] Opened repository (real path): /mnt/media/Programmation/Docs/DankLinux-Docs
2025-11-09 12:56:07.970 [info] [Model][openRepository] Opened repository (kind): repository
2025-11-09 12:56:07.970 [info] > git rev-parse --show-toplevel [17ms]
2025-11-09 12:56:07.970 [info] > git config --get commit.template [24ms]
2025-11-09 12:56:07.971 [info] > git rev-parse --show-toplevel [14ms]
2025-11-09 12:56:07.983 [info] > git for-each-ref --format=%(refname)%00%(upstream:short)%00%(objectname)%00%(upstream:track)%00%(upstream:remotename)%00%(upstream:remoteref) refs/heads/master refs/remotes/master [14ms]
2025-11-09 12:56:08.218 [warning] [Git][revParse] Unable to read file: ENOENT: no such file or directory, open '/mnt/media/Programmation/Docs/DankLinux-Docs/.git/refs/remotes/origin/master'
2025-11-09 12:56:08.231 [info] > git rev-parse --show-toplevel [249ms]
2025-11-09 12:56:08.385 [info] > git rev-parse refs/remotes/origin/master [167ms]
2025-11-09 12:56:08.478 [info] > git for-each-ref --sort -committerdate --format %(refname)%00%(objectname)%00%(*objectname) [31ms]
2025-11-09 12:56:08.490 [info] > git rev-parse --show-toplevel [106ms]
2025-11-09 12:56:08.563 [info] > git check-ignore -v -z --stdin [47ms]
2025-11-09 12:56:08.564 [info] > git rev-parse --show-toplevel [19ms]
2025-11-09 12:56:08.745 [info] > git status -z -uall [333ms]
2025-11-09 12:56:08.825 [info] > git for-each-ref --format=%(refname)%00%(upstream:short)%00%(objectname)%00%(upstream:track)%00%(upstream:remotename)%00%(upstream:remoteref) refs/heads/master refs/remotes/master [29ms]
2025-11-09 12:56:08.837 [info] > git rev-parse --show-toplevel [94ms]
2025-11-09 12:56:08.867 [info] > git config --get --local branch.master.vscode-merge-base [29ms]
2025-11-09 12:56:08.876 [info] > git config --get commit.template [53ms]
2025-11-09 12:56:08.879 [info] > git for-each-ref --format=%(refname)%00%(upstream:short)%00%(objectname)%00%(upstream:track)%00%(upstream:remotename)%00%(upstream:remoteref) refs/heads/origin/master refs/remotes/origin/master [4ms]
2025-11-09 12:56:08.897 [info] > git rev-parse --show-toplevel [31ms]
2025-11-09 12:56:08.897 [info] [Model][doInitialScan] Initial repository scan completed - repositories (1), closed repositories (0), parent repositories (0), unsafe repositories (0)
2025-11-09 12:56:08.931 [info] > git show --textconv :docs/dankmaterialshell/layers.mdx [23ms]
2025-11-09 12:56:08.932 [info] > git merge-base refs/heads/master refs/remotes/origin/master [36ms]
2025-11-09 12:56:08.970 [info] > git for-each-ref --format=%(refname)%00%(upstream:short)%00%(objectname)%00%(upstream:track)%00%(upstream:remotename)%00%(upstream:remoteref) refs/heads/master refs/remotes/master [40ms]
2025-11-09 12:56:08.971 [info] > git ls-files --stage -- docs/dankmaterialshell/layers.mdx [54ms]
2025-11-09 12:56:09.010 [warning] [Git][revParse] Unable to read file: ENOENT: no such file or directory, open '/mnt/media/Programmation/Docs/DankLinux-Docs/.git/refs/remotes/origin/master'
2025-11-09 12:56:09.010 [info] > git diff --name-status -z --diff-filter=ADMR 0b11a17efff78e7edbd07ca2f5c263e98768f374...refs/remotes/origin/master [65ms]
2025-11-09 12:56:09.014 [info] > git cat-file -s 720726bba557085250ab1741df4110a9f33fa446 [34ms]
2025-11-09 12:56:09.021 [info] > git rev-parse refs/remotes/origin/master [12ms]
2025-11-09 12:56:09.044 [info] > git for-each-ref --sort -committerdate --format %(refname)%00%(objectname)%00%(*objectname) [4ms]
2025-11-09 12:56:09.147 [info] > git status -z -uall [118ms]
2025-11-09 12:56:27.558 [info] > git config --get commit.template [12ms]
2025-11-09 12:56:27.570 [info] > git for-each-ref --format=%(refname)%00%(upstream:short)%00%(objectname)%00%(upstream:track)%00%(upstream:remotename)%00%(upstream:remoteref) refs/heads/master refs/remotes/master [13ms]
2025-11-09 12:56:27.579 [warning] [Git][revParse] Unable to read file: ENOENT: no such file or directory, open '/mnt/media/Programmation/Docs/DankLinux-Docs/.git/refs/remotes/origin/master'
2025-11-09 12:56:27.580 [info] > git check-ignore -v -z --stdin [10ms]
2025-11-09 12:56:27.581 [info] > git rev-parse refs/remotes/origin/master [2ms]
2025-11-09 12:56:27.597 [info] > git for-each-ref --sort -committerdate --format %(refname)%00%(objectname)%00%(*objectname) [2ms]
2025-11-09 12:56:27.663 [info] > git status -z -uall [75ms]
2025-11-09 12:57:00.915 [info] [main] Log level: Info
2025-11-09 12:57:00.915 [info] [main] Validating found git in: "git"
2025-11-09 12:57:00.915 [info] [main] Using git "2.51.2" from "git"
2025-11-09 12:57:00.915 [info] [Model][doInitialScan] Initial repository scan started
2025-11-09 12:57:00.915 [info] > git rev-parse --show-toplevel [18ms]
2025-11-09 12:57:00.929 [info] > git rev-parse --git-dir --git-common-dir --show-superproject-working-tree [6ms]
2025-11-09 12:57:00.953 [info] [Model][openRepository] Opened repository (path): /mnt/media/Programmation/Docs/DankLinux-Docs
2025-11-09 12:57:00.953 [info] [Model][openRepository] Opened repository (real path): /mnt/media/Programmation/Docs/DankLinux-Docs
2025-11-09 12:57:00.953 [info] [Model][openRepository] Opened repository (kind): repository
2025-11-09 12:57:00.984 [info] > git rev-parse --show-toplevel [4ms]
2025-11-09 12:57:00.987 [info] > git config --get commit.template [19ms]
2025-11-09 12:57:01.016 [info] > git rev-parse --show-toplevel [18ms]
2025-11-09 12:57:01.050 [info] > git for-each-ref --format=%(refname)%00%(upstream:short)%00%(objectname)%00%(upstream:track)%00%(upstream:remotename)%00%(upstream:remoteref) refs/heads/master refs/remotes/master [43ms]
2025-11-09 12:57:01.235 [warning] [Git][revParse] Unable to read file: ENOENT: no such file or directory, open '/mnt/media/Programmation/Docs/DankLinux-Docs/.git/refs/remotes/origin/master'
2025-11-09 12:57:01.241 [info] > git rev-parse --show-toplevel [192ms]
2025-11-09 12:57:01.254 [info] > git rev-parse refs/remotes/origin/master [20ms]
2025-11-09 12:57:01.269 [info] > git rev-parse --show-toplevel [16ms]
2025-11-09 12:57:01.277 [info] > git for-each-ref --sort -committerdate --format %(refname)%00%(objectname)%00%(*objectname) [11ms]
2025-11-09 12:57:01.278 [info] > git rev-parse --show-toplevel [2ms]
2025-11-09 12:57:01.286 [info] > git rev-parse --show-toplevel [2ms]
2025-11-09 12:57:01.286 [info] [Model][doInitialScan] Initial repository scan completed - repositories (1), closed repositories (0), parent repositories (0), unsafe repositories (0)
2025-11-09 12:57:01.438 [info] > git status -z -uall [178ms]
2025-11-09 12:57:01.479 [info] > git for-each-ref --format=%(refname)%00%(upstream:short)%00%(objectname)%00%(upstream:track)%00%(upstream:remotename)%00%(upstream:remoteref) refs/heads/master refs/remotes/master [18ms]
2025-11-09 12:57:01.486 [info] > git config --get --local branch.master.vscode-merge-base [2ms]
2025-11-09 12:57:01.492 [info] > git config --get commit.template [14ms]
2025-11-09 12:57:01.521 [info] > git for-each-ref --format=%(refname)%00%(upstream:short)%00%(objectname)%00%(upstream:track)%00%(upstream:remotename)%00%(upstream:remoteref) refs/heads/master refs/remotes/master [23ms]
2025-11-09 12:57:01.521 [info] > git for-each-ref --format=%(refname)%00%(upstream:short)%00%(objectname)%00%(upstream:track)%00%(upstream:remotename)%00%(upstream:remoteref) refs/heads/origin/master refs/remotes/origin/master [30ms]
2025-11-09 12:57:01.542 [warning] [Git][revParse] Unable to read file: ENOENT: no such file or directory, open '/mnt/media/Programmation/Docs/DankLinux-Docs/.git/refs/remotes/origin/master'
2025-11-09 12:57:01.543 [info] > git check-ignore -v -z --stdin [8ms]
2025-11-09 12:57:01.544 [info] > git merge-base refs/heads/master refs/remotes/origin/master [15ms]
2025-11-09 12:57:01.551 [info] > git rev-parse refs/remotes/origin/master [8ms]
2025-11-09 12:57:01.561 [info] > git diff --name-status -z --diff-filter=ADMR 0b11a17efff78e7edbd07ca2f5c263e98768f374...refs/remotes/origin/master [12ms]
2025-11-09 12:57:01.562 [info] > git for-each-ref --sort -committerdate --format %(refname)%00%(objectname)%00%(*objectname) [2ms]
2025-11-09 12:57:01.634 [info] > git status -z -uall [79ms]
2025-11-09 12:57:04.242 [info] > git show --textconv :docs/dankmaterialshell/layers.mdx [13ms]
2025-11-09 12:57:04.245 [info] > git ls-files --stage -- docs/dankmaterialshell/layers.mdx [4ms]
2025-11-09 12:57:04.256 [info] > git cat-file -s 720726bba557085250ab1741df4110a9f33fa446 [4ms]
2025-11-09 12:57:14.495 [info] > git blame --root --incremental 0b11a17efff78e7edbd07ca2f5c263e98768f374 -- docs/dankmaterialshell/layers.mdx [4ms]
2025-11-09 12:57:24.056 [info] > git show --textconv :docs/dankmaterialshell/overview.mdx [6ms]
2025-11-09 12:57:24.057 [info] > git ls-files --stage -- docs/dankmaterialshell/overview.mdx [1ms]
2025-11-09 12:57:24.064 [info] > git cat-file -s bca3048cdc576c37c7c4ffe0bb7c278579570e37 [1ms]
2025-11-09 12:57:25.707 [info] > git show --textconv :docs/dankmaterialshell/compositors.mdx [11ms]
2025-11-09 12:57:25.708 [info] > git ls-files --stage -- docs/dankmaterialshell/compositors.mdx [3ms]
2025-11-09 12:57:25.720 [info] > git cat-file -s 6f14aa5194442e2b7173341a9547e2201a33bd83 [2ms]
2025-11-09 12:57:28.155 [info] > git blame --root --incremental 0b11a17efff78e7edbd07ca2f5c263e98768f374 -- docs/dankmaterialshell/compositors.mdx [10ms]
2025-11-09 12:57:31.984 [info] > git show --textconv :docs/dankmaterialshell/layers.mdx [13ms]
2025-11-09 12:57:31.985 [info] > git ls-files --stage -- docs/dankmaterialshell/layers.mdx [1ms]
2025-11-09 12:57:31.994 [info] > git cat-file -s 720726bba557085250ab1741df4110a9f33fa446 [2ms]
2025-11-09 12:57:32.119 [info] > git config --get commit.template [7ms]
2025-11-09 12:57:32.120 [info] > git for-each-ref --format=%(refname)%00%(upstream:short)%00%(objectname)%00%(upstream:track)%00%(upstream:remotename)%00%(upstream:remoteref) refs/heads/master refs/remotes/master [2ms]
2025-11-09 12:57:32.127 [warning] [Git][revParse] Unable to read file: ENOENT: no such file or directory, open '/mnt/media/Programmation/Docs/DankLinux-Docs/.git/refs/remotes/origin/master'
2025-11-09 12:57:32.128 [info] > git rev-parse refs/remotes/origin/master [1ms]
2025-11-09 12:57:32.147 [info] > git for-each-ref --sort -committerdate --format %(refname)%00%(objectname)%00%(*objectname) [1ms]
2025-11-09 12:57:32.218 [info] > git status -z -uall [82ms]
2025-11-09 12:58:04.694 [info] > git config --get commit.template [8ms]
2025-11-09 12:58:04.698 [info] > git for-each-ref --format=%(refname)%00%(upstream:short)%00%(objectname)%00%(upstream:track)%00%(upstream:remotename)%00%(upstream:remoteref) refs/heads/master refs/remotes/master [5ms]
2025-11-09 12:58:04.707 [warning] [Git][revParse] Unable to read file: ENOENT: no such file or directory, open '/mnt/media/Programmation/Docs/DankLinux-Docs/.git/refs/remotes/origin/master'
2025-11-09 12:58:04.709 [info] > git rev-parse refs/remotes/origin/master [1ms]
2025-11-09 12:58:04.723 [info] > git for-each-ref --sort -committerdate --format %(refname)%00%(objectname)%00%(*objectname) [2ms]
2025-11-09 12:58:04.790 [info] > git status -z -uall [75ms]
2025-11-09 12:58:13.517 [info] > git config --get commit.template [10ms]
2025-11-09 12:58:13.519 [info] > git for-each-ref --format=%(refname)%00%(upstream:short)%00%(objectname)%00%(upstream:track)%00%(upstream:remotename)%00%(upstream:remoteref) refs/heads/master refs/remotes/master [2ms]
2025-11-09 12:58:13.528 [warning] [Git][revParse] Unable to read file: ENOENT: no such file or directory, open '/mnt/media/Programmation/Docs/DankLinux-Docs/.git/refs/remotes/origin/master'
2025-11-09 12:58:13.598 [info] > git rev-parse refs/remotes/origin/master [71ms]
2025-11-09 12:58:13.614 [info] > git for-each-ref --sort -committerdate --format %(refname)%00%(objectname)%00%(*objectname) [2ms]
2025-11-09 12:58:13.692 [info] > git status -z -uall [88ms]
2025-11-09 12:59:37.793 [info] > git check-ignore -v -z --stdin [3ms]
2025-11-09 12:59:39.912 [info] > git check-ignore -v -z --stdin [2ms]
2025-11-09 13:00:21.797 [info] > git config --get commit.template [8ms]
2025-11-09 13:00:21.798 [info] > git for-each-ref --format=%(refname)%00%(upstream:short)%00%(objectname)%00%(upstream:track)%00%(upstream:remotename)%00%(upstream:remoteref) refs/heads/master refs/remotes/master [2ms]
2025-11-09 13:00:21.805 [warning] [Git][revParse] Unable to read file: ENOENT: no such file or directory, open '/mnt/media/Programmation/Docs/DankLinux-Docs/.git/refs/remotes/origin/master'
2025-11-09 13:00:21.806 [info] > git rev-parse refs/remotes/origin/master [1ms]
2025-11-09 13:00:21.822 [info] > git for-each-ref --sort -committerdate --format %(refname)%00%(objectname)%00%(*objectname) [2ms]
2025-11-09 13:00:21.937 [info] > git status -z -uall [122ms]
2025-11-09 13:00:24.037 [info] > git log --format=%H%n%aN%n%aE%n%at%n%ct%n%P%n%D%n%B -z --shortstat --diff-merges=first-parent -n50 --skip=0 --topo-order --decorate=full --stdin [533ms]
2025-11-09 13:00:26.963 [info] > git config --get commit.template [8ms]
2025-11-09 13:00:26.963 [info] > git for-each-ref --format=%(refname)%00%(upstream:short)%00%(objectname)%00%(upstream:track)%00%(upstream:remotename)%00%(upstream:remoteref) refs/heads/master refs/remotes/master [1ms]
2025-11-09 13:00:26.969 [warning] [Git][revParse] Unable to read file: ENOENT: no such file or directory, open '/mnt/media/Programmation/Docs/DankLinux-Docs/.git/refs/remotes/origin/master'
2025-11-09 13:00:26.970 [info] > git rev-parse refs/remotes/origin/master [1ms]
2025-11-09 13:00:26.986 [info] > git for-each-ref --sort -committerdate --format %(refname)%00%(objectname)%00%(*objectname) [2ms]
2025-11-09 13:00:27.056 [info] > git status -z -uall [77ms]
2025-11-09 13:00:27.572 [info] > git for-each-ref --sort -committerdate --format %(refname)%00%(objectname)%00%(*objectname) [4ms]
2025-11-09 13:00:39.511 [info] > git for-each-ref --sort -committerdate --format %(refname)%00%(objectname)%00%(*objectname) refs/heads [2ms]
2025-11-09 13:01:12.663 [info] > git checkout -q -b doc/layer-namespace-fix --no-track HEAD [77ms]
2025-11-09 13:01:12.679 [info] > git config --get commit.template [8ms]
2025-11-09 13:01:12.679 [info] > git for-each-ref --format=%(refname)%00%(upstream:short)%00%(objectname)%00%(upstream:track)%00%(upstream:remotename)%00%(upstream:remoteref) refs/heads/doc/layer-namespace-fix refs/remotes/doc/layer-namespace-fix [2ms]
2025-11-09 13:01:12.696 [info] > git status -z -uall [9ms]
2025-11-09 13:01:12.697 [info] > git for-each-ref --sort -committerdate --format %(refname)%00%(objectname)%00%(*objectname) [2ms]
2025-11-09 13:01:12.709 [info] > git for-each-ref --format=%(refname)%00%(upstream:short)%00%(objectname)%00%(upstream:track)%00%(upstream:remotename)%00%(upstream:remoteref) refs/heads/doc/layer-namespace-fix refs/remotes/doc/layer-namespace-fix [2ms]
2025-11-09 13:01:12.719 [info] > git config --get --local branch.doc/layer-namespace-fix.vscode-merge-base [1ms]
2025-11-09 13:01:12.720 [warning] [Git][config] git config failed: Failed to execute git
2025-11-09 13:01:12.733 [info] > git reflog doc/layer-namespace-fix --grep-reflog=branch: Created from *. [3ms]
2025-11-09 13:01:12.743 [info] > git reflog HEAD --grep-reflog=checkout: moving from .* to doc/layer-namespace-fix [4ms]
2025-11-09 13:01:12.753 [info] > git for-each-ref --format=%(refname)%00%(upstream:short)%00%(objectname)%00%(upstream:track)%00%(upstream:remotename)%00%(upstream:remoteref) refs/heads/master refs/remotes/master [2ms]
2025-11-09 13:01:12.762 [info] > git for-each-ref --format=%(refname)%00%(upstream:short)%00%(objectname)%00%(upstream:track)%00%(upstream:remotename)%00%(upstream:remoteref) refs/remotes/origin/master [2ms]
2025-11-09 13:01:12.773 [info] > git config --add --local branch.doc/layer-namespace-fix.vscode-merge-base origin/master [2ms]
2025-11-09 13:01:12.793 [info] > git for-each-ref --format=%(refname)%00%(upstream:short)%00%(objectname)%00%(upstream:track)%00%(upstream:remotename)%00%(upstream:remoteref) refs/heads/doc/layer-namespace-fix refs/remotes/doc/layer-namespace-fix [3ms]
2025-11-09 13:01:12.794 [info] > git config --get commit.template [12ms]
2025-11-09 13:01:12.812 [info] > git status -z -uall [10ms]
2025-11-09 13:01:12.813 [info] > git for-each-ref --sort -committerdate --format %(refname)%00%(objectname)%00%(*objectname) [3ms]
2025-11-09 13:01:12.903 [info] > git log --format=%H%n%aN%n%aE%n%at%n%ct%n%P%n%D%n%B -z --shortstat --diff-merges=first-parent -n50 --skip=0 --topo-order --decorate=full --stdin [78ms]
2025-11-09 13:01:13.914 [info] > git config --get commit.template [1ms]
2025-11-09 13:01:13.926 [info] > git for-each-ref --format=%(refname)%00%(upstream:short)%00%(objectname)%00%(upstream:track)%00%(upstream:remotename)%00%(upstream:remoteref) refs/heads/doc/layer-namespace-fix refs/remotes/doc/layer-namespace-fix [2ms]
2025-11-09 13:01:13.948 [info] > git status -z -uall [13ms]
2025-11-09 13:01:13.949 [info] > git for-each-ref --sort -committerdate --format %(refname)%00%(objectname)%00%(*objectname) [3ms]
2025-11-09 13:01:14.013 [info] > git ls-files --stage -- docs/dankmaterialshell/layers.mdx [2ms]
2025-11-09 13:01:14.020 [info] > git cat-file -s 720726bba557085250ab1741df4110a9f33fa446 [1ms]
2025-11-09 13:01:14.030 [info] > git show --textconv :docs/dankmaterialshell/layers.mdx [2ms]
2025-11-09 13:01:15.858 [info] > git add -A -- docs/dankmaterialshell/compositors.mdx docs/dankmaterialshell/layers.mdx [6ms]
2025-11-09 13:01:15.867 [info] > git config --get commit.template [2ms]
2025-11-09 13:01:15.876 [info] > git for-each-ref --format=%(refname)%00%(upstream:short)%00%(objectname)%00%(upstream:track)%00%(upstream:remotename)%00%(upstream:remoteref) refs/heads/doc/layer-namespace-fix refs/remotes/doc/layer-namespace-fix [2ms]
2025-11-09 13:01:15.892 [info] > git status -z -uall [8ms]
2025-11-09 13:01:15.894 [info] > git for-each-ref --sort -committerdate --format %(refname)%00%(objectname)%00%(*objectname) [3ms]
2025-11-09 13:01:16.231 [info] > git show --textconv HEAD:docs/dankmaterialshell/layers.mdx [13ms]
2025-11-09 13:01:16.232 [info] > git ls-tree -l HEAD -- docs/dankmaterialshell/layers.mdx [3ms]
2025-11-09 13:01:17.051 [info] > git ls-files --stage -- docs/dankmaterialshell/layers.mdx [9ms]
2025-11-09 13:01:17.058 [info] > git ls-tree -l HEAD -- docs/dankmaterialshell/layers.mdx [8ms]
2025-11-09 13:01:17.059 [info] > git cat-file -s 4cac209d3c93a95da2413e4d5dd809425f76a89c [1ms]
2025-11-09 13:01:17.074 [info] > git show --textconv HEAD:docs/dankmaterialshell/layers.mdx [8ms]
2025-11-09 13:01:17.075 [info] > git show --textconv :docs/dankmaterialshell/layers.mdx [2ms]
2025-11-09 13:01:18.970 [info] > git config --get commit.template [9ms]
2025-11-09 13:01:18.971 [info] > git for-each-ref --format=%(refname)%00%(upstream:short)%00%(objectname)%00%(upstream:track)%00%(upstream:remotename)%00%(upstream:remoteref) refs/heads/doc/layer-namespace-fix refs/remotes/doc/layer-namespace-fix [1ms]
2025-11-09 13:01:18.985 [info] > git status -z -uall [7ms]
2025-11-09 13:01:18.986 [info] > git for-each-ref --sort -committerdate --format %(refname)%00%(objectname)%00%(*objectname) [1ms]
2025-11-09 13:01:25.017 [info] > git -c user.useConfigOnly=true commit --quiet --allow-empty-message --file - [7ms]
2025-11-09 13:01:25.025 [info] > git config --get commit.template [1ms]
2025-11-09 13:01:25.040 [info] > git config --get commit.template [7ms]
2025-11-09 13:01:25.041 [info] > git for-each-ref --format=%(refname)%00%(upstream:short)%00%(objectname)%00%(upstream:track)%00%(upstream:remotename)%00%(upstream:remoteref) refs/heads/doc/layer-namespace-fix refs/remotes/doc/layer-namespace-fix [2ms]
2025-11-09 13:01:25.056 [info] > git status -z -uall [8ms]
2025-11-09 13:01:25.057 [info] > git for-each-ref --sort -committerdate --format %(refname)%00%(objectname)%00%(*objectname) [2ms]
2025-11-09 13:01:25.083 [info] > git blame --root --incremental 03d3a2ab1141b3fd92a3b431138007ba55cfe598 -- docs/dankmaterialshell/layers.mdx [15ms]
2025-11-09 13:01:25.116 [info] > git config --get commit.template [7ms]
2025-11-09 13:01:25.117 [info] > git for-each-ref --format=%(refname)%00%(upstream:short)%00%(objectname)%00%(upstream:track)%00%(upstream:remotename)%00%(upstream:remoteref) refs/heads/doc/layer-namespace-fix refs/remotes/doc/layer-namespace-fix [1ms]
2025-11-09 13:01:25.133 [info] > git status -z -uall [8ms]
2025-11-09 13:01:25.135 [info] > git for-each-ref --sort -committerdate --format %(refname)%00%(objectname)%00%(*objectname) [3ms]
2025-11-09 13:01:25.165 [info] > git log --format=%H%n%aN%n%aE%n%at%n%ct%n%P%n%D%n%B -z --shortstat --diff-merges=first-parent -n50 --skip=0 --topo-order --decorate=full --stdin [83ms]
2025-11-09 13:01:26.214 [info] > git ls-files --stage -- docs/dankmaterialshell/layers.mdx [2ms]
2025-11-09 13:01:26.225 [info] > git cat-file -s 4cac209d3c93a95da2413e4d5dd809425f76a89c [2ms]
2025-11-09 13:01:26.236 [info] > git show --textconv :docs/dankmaterialshell/layers.mdx [2ms]
2025-11-09 13:01:31.160 [info] > git push -u origin doc/layer-namespace-fix [4638ms]
2025-11-09 13:01:31.160 [info] remote: 
remote: Create a pull request for 'doc/layer-namespace-fix' on GitHub by visiting:        
remote:      https://github.com/claymorwan/DankLinux-Docs/pull/new/doc/layer-namespace-fix        
remote: 
To github.com:claymorwan/DankLinux-Docs.git
 * [new branch]      doc/layer-namespace-fix -> doc/layer-namespace-fix
2025-11-09 13:01:31.174 [info] > git config --get commit.template [7ms]
2025-11-09 13:01:31.175 [info] > git for-each-ref --format=%(refname)%00%(upstream:short)%00%(objectname)%00%(upstream:track)%00%(upstream:remotename)%00%(upstream:remoteref) refs/heads/doc/layer-namespace-fix refs/remotes/doc/layer-namespace-fix [2ms]
2025-11-09 13:01:31.192 [info] > git status -z -uall [9ms]
2025-11-09 13:01:31.194 [info] > git for-each-ref --sort -committerdate --format %(refname)%00%(objectname)%00%(*objectname) [2ms]
2025-11-09 13:01:31.206 [info] > git merge-base refs/heads/doc/layer-namespace-fix refs/remotes/origin/doc/layer-namespace-fix [2ms]
2025-11-09 13:01:31.221 [info] > git diff --name-status -z --diff-filter=ADMR 03d3a2ab1141b3fd92a3b431138007ba55cfe598...refs/remotes/origin/doc/layer-namespace-fix [8ms]
2025-11-09 13:01:31.296 [info] > git log --format=%H%n%aN%n%aE%n%at%n%ct%n%P%n%D%n%B -z --shortstat --diff-merges=first-parent -n50 --skip=0 --topo-order --decorate=full --stdin [75ms]
2025-11-09 13:01:32.281 [info] > git config --get commit.template [13ms]
2025-11-09 13:01:32.282 [info] > git for-each-ref --format=%(refname)%00%(upstream:short)%00%(objectname)%00%(upstream:track)%00%(upstream:remotename)%00%(upstream:remoteref) refs/heads/doc/layer-namespace-fix refs/remotes/doc/layer-namespace-fix [2ms]
2025-11-09 13:01:32.305 [info] > git status -z -uall [13ms]
2025-11-09 13:01:32.308 [info] > git for-each-ref --sort -committerdate --format %(refname)%00%(objectname)%00%(*objectname) [4ms]
2025-11-09 13:01:32.372 [info] > git ls-files --stage -- docs/dankmaterialshell/layers.mdx [3ms]
2025-11-09 13:01:32.386 [info] > git cat-file -s 4cac209d3c93a95da2413e4d5dd809425f76a89c [3ms]
2025-11-09 13:01:32.401 [info] > git show --textconv :docs/dankmaterialshell/layers.mdx [2ms]
