2025-11-07 20:40:58.566 [info] Reading sessions from keychain...
2025-11-07 20:40:58.566 [info] Getting sessions for all scopes...
2025-11-07 20:40:58.566 [info] Got 0 sessions for ...
2025-11-07 20:40:58.566 [info] Getting sessions for all scopes...
2025-11-07 20:40:58.566 [info] Got 0 sessions for ...
2025-11-07 20:40:58.566 [info] Getting sessions for all scopes...
2025-11-07 20:40:58.566 [info] Got 0 sessions for ...
2025-11-07 20:40:58.566 [info] Getting sessions for all scopes...
2025-11-07 20:40:58.566 [info] Got 0 sessions for ...
2025-11-07 20:40:58.566 [info] Getting sessions for all scopes...
2025-11-07 20:40:58.566 [info] Got 0 sessions for ...
2025-11-07 20:40:58.566 [info] Getting sessions for read:user,repo,user:email,workflow...
2025-11-07 20:40:58.566 [info] Got 0 sessions for read:user,repo,user:email,workflow...
2025-11-07 20:46:57.234 [info] Getting sessions for read:user,repo,user:email,workflow...
2025-11-07 20:46:57.234 [info] Got 0 sessions for read:user,repo,user:email,workflow...
2025-11-07 21:05:25.769 [info] Reading sessions from keychain...
2025-11-07 21:05:25.769 [info] Getting sessions for all scopes...
2025-11-07 21:05:25.769 [info] Got 0 sessions for ...
2025-11-07 21:05:25.769 [info] Getting sessions for all scopes...
2025-11-07 21:05:25.769 [info] Got 0 sessions for ...
2025-11-07 21:05:25.769 [info] Getting sessions for all scopes...
2025-11-07 21:05:25.769 [info] Got 0 sessions for ...
2025-11-07 21:05:25.769 [info] Getting sessions for read:user,repo,user:email,workflow...
2025-11-07 21:05:25.769 [info] Got 0 sessions for read:user,repo,user:email,workflow...
2025-11-07 21:05:26.825 [info] Getting sessions for all scopes...
2025-11-07 21:05:26.825 [info] Got 0 sessions for ...
2025-11-07 21:05:26.825 [info] Getting sessions for all scopes...
2025-11-07 21:05:26.825 [info] Got 0 sessions for ...
2025-11-07 21:05:26.831 [info] Getting sessions for all scopes...
2025-11-07 21:05:26.831 [info] Got 0 sessions for ...
