2025-11-11 19:36:29.735 [info] Reading sessions from keychain...
2025-11-11 19:36:29.735 [info] Getting sessions for all scopes...
2025-11-11 19:36:29.735 [info] Got 0 sessions for ...
2025-11-11 19:36:29.735 [info] Getting sessions for all scopes...
2025-11-11 19:36:29.735 [info] Got 0 sessions for ...
2025-11-11 19:36:29.735 [info] Getting sessions for all scopes...
2025-11-11 19:36:29.735 [info] Got 0 sessions for ...
2025-11-11 19:36:29.735 [info] Getting sessions for all scopes...
2025-11-11 19:36:29.735 [info] Got 0 sessions for ...
2025-11-11 19:36:29.735 [info] Getting sessions for all scopes...
2025-11-11 19:36:29.735 [info] Got 0 sessions for ...
2025-11-11 19:36:29.735 [info] Getting sessions for read:user,repo,user:email,workflow...
2025-11-11 19:36:29.735 [info] Got 0 sessions for read:user,repo,user:email,workflow...
2025-11-11 19:37:14.221 [info] Reading sessions from keychain...
2025-11-11 19:37:14.221 [info] Getting sessions for all scopes...
2025-11-11 19:37:14.221 [info] Got 0 sessions for ...
2025-11-11 19:37:14.221 [info] Getting sessions for all scopes...
2025-11-11 19:37:14.221 [info] Got 0 sessions for ...
2025-11-11 19:37:14.221 [info] Getting sessions for all scopes...
2025-11-11 19:37:14.221 [info] Got 0 sessions for ...
2025-11-11 19:37:14.221 [info] Getting sessions for read:user,repo,user:email,workflow...
2025-11-11 19:37:14.221 [info] Got 0 sessions for read:user,repo,user:email,workflow...
2025-11-11 19:37:14.463 [info] Getting sessions for all scopes...
2025-11-11 19:37:14.463 [info] Got 0 sessions for ...
2025-11-11 19:37:15.231 [info] Getting sessions for read:user,repo,user:email,workflow...
2025-11-11 19:37:15.231 [info] Got 0 sessions for read:user,repo,user:email,workflow...
2025-11-11 19:37:17.039 [info] Getting sessions for all scopes...
2025-11-11 19:37:17.039 [info] Got 0 sessions for ...
2025-11-11 19:37:17.039 [info] Getting sessions for all scopes...
2025-11-11 19:37:17.039 [info] Got 0 sessions for ...
2025-11-11 19:37:17.048 [info] Getting sessions for all scopes...
2025-11-11 19:37:17.048 [info] Got 0 sessions for ...
