2025-11-09 12:44:52.388 [info] Reading sessions from keychain...
2025-11-09 12:44:52.388 [info] Getting sessions for all scopes...
2025-11-09 12:44:52.388 [info] Got 0 sessions for ...
2025-11-09 12:44:52.388 [info] Getting sessions for all scopes...
2025-11-09 12:44:52.388 [info] Got 0 sessions for ...
2025-11-09 12:44:52.388 [info] Getting sessions for all scopes...
2025-11-09 12:44:52.388 [info] Got 0 sessions for ...
2025-11-09 12:44:52.388 [info] Getting sessions for all scopes...
2025-11-09 12:44:52.388 [info] Got 0 sessions for ...
2025-11-09 12:44:52.388 [info] Getting sessions for all scopes...
2025-11-09 12:44:52.388 [info] Got 0 sessions for ...
2025-11-09 12:44:52.388 [info] Getting sessions for read:user,repo,user:email,workflow...
2025-11-09 12:44:52.388 [info] Got 0 sessions for read:user,repo,user:email,workflow...
2025-11-09 12:46:34.896 [info] Reading sessions from keychain...
2025-11-09 12:46:34.896 [info] Getting sessions for all scopes...
2025-11-09 12:46:34.896 [info] Got 0 sessions for ...
2025-11-09 12:46:34.896 [info] Getting sessions for all scopes...
2025-11-09 12:46:34.896 [info] Got 0 sessions for ...
2025-11-09 12:46:34.896 [info] Getting sessions for all scopes...
2025-11-09 12:46:34.896 [info] Got 0 sessions for ...
2025-11-09 12:46:34.896 [info] Getting sessions for read:user,repo,user:email,workflow...
2025-11-09 12:46:34.896 [info] Got 0 sessions for read:user,repo,user:email,workflow...
2025-11-09 12:46:35.383 [info] Getting sessions for read:user,repo,user:email,workflow...
2025-11-09 12:46:35.383 [info] Got 0 sessions for read:user,repo,user:email,workflow...
2025-11-09 12:46:35.568 [info] Getting sessions for all scopes...
2025-11-09 12:46:35.568 [info] Got 0 sessions for ...
2025-11-09 12:46:35.569 [info] Getting sessions for all scopes...
2025-11-09 12:46:35.569 [info] Got 0 sessions for ...
2025-11-09 12:46:35.569 [info] Getting sessions for all scopes...
2025-11-09 12:46:35.569 [info] Got 0 sessions for ...
2025-11-09 12:47:57.218 [info] Reading sessions from keychain...
2025-11-09 12:47:57.219 [info] Getting sessions for all scopes...
2025-11-09 12:47:57.238 [info] Got 0 sessions for ...
2025-11-09 12:47:57.238 [info] Getting sessions for all scopes...
2025-11-09 12:47:57.238 [info] Got 0 sessions for ...
2025-11-09 12:47:57.238 [info] Getting sessions for all scopes...
2025-11-09 12:47:57.238 [info] Got 0 sessions for ...
2025-11-09 12:47:57.238 [info] Getting sessions for all scopes...
2025-11-09 12:47:57.238 [info] Got 0 sessions for ...
2025-11-09 12:47:57.238 [info] Getting sessions for all scopes...
2025-11-09 12:47:57.238 [info] Got 0 sessions for ...
2025-11-09 12:47:57.239 [info] Getting sessions for read:user,repo,user:email,workflow...
2025-11-09 12:47:57.239 [info] Got 0 sessions for read:user,repo,user:email,workflow...
2025-11-09 12:47:57.473 [info] Getting sessions for read:user,repo,user:email,workflow...
2025-11-09 12:47:57.473 [info] Got 0 sessions for read:user,repo,user:email,workflow...
