2025-11-11 19:36:28.829 [info] [main] Log level: Info
2025-11-11 19:36:28.829 [info] [main] Validating found git in: "git"
2025-11-11 19:36:28.829 [info] [main] Using git "2.51.2" from "git"
2025-11-11 19:36:28.829 [info] [Model][doInitialScan] Initial repository scan started
2025-11-11 19:36:28.829 [info] > git rev-parse --show-toplevel [5ms]
2025-11-11 19:36:28.829 [info] > git rev-parse --git-dir --git-common-dir --show-superproject-working-tree [5ms]
2025-11-11 19:36:28.829 [info] [Model][openRepository] Opened repository (path): /mnt/media/Programmation/Docs/DankLinux-Docs
2025-11-11 19:36:28.829 [info] [Model][openRepository] Opened repository (real path): /mnt/media/Programmation/Docs/DankLinux-Docs
2025-11-11 19:36:28.829 [info] [Model][openRepository] Opened repository (kind): repository
2025-11-11 19:36:28.829 [info] > git rev-parse --show-toplevel [12ms]
2025-11-11 19:36:28.829 [info] > git config --get commit.template [19ms]
2025-11-11 19:36:28.831 [info] > git for-each-ref --format=%(refname)%00%(upstream:short)%00%(objectname)%00%(upstream:track)%00%(upstream:remotename)%00%(upstream:remoteref) refs/heads/feat/more-layer-namespace refs/remotes/feat/more-layer-namespace [3ms]
2025-11-11 19:36:29.087 [info] > git rev-parse --show-toplevel [248ms]
2025-11-11 19:36:29.147 [info] > git status -z -uall [25ms]
2025-11-11 19:36:29.147 [info] > git rev-parse --show-toplevel [4ms]
2025-11-11 19:36:29.148 [info] > git for-each-ref --sort -committerdate --format %(refname)%00%(objectname)%00%(*objectname) [14ms]
2025-11-11 19:36:29.221 [info] > git for-each-ref --format=%(refname)%00%(upstream:short)%00%(objectname)%00%(upstream:track)%00%(upstream:remotename)%00%(upstream:remoteref) refs/heads/feat/more-layer-namespace refs/remotes/feat/more-layer-namespace [32ms]
2025-11-11 19:36:29.235 [info] > git config --get commit.template [22ms]
2025-11-11 19:36:29.235 [info] > git rev-parse --show-toplevel [32ms]
2025-11-11 19:36:29.256 [info] > git config --get --local branch.feat/more-layer-namespace.vscode-merge-base [23ms]
2025-11-11 19:36:29.279 [info] > git for-each-ref --format=%(refname)%00%(upstream:short)%00%(objectname)%00%(upstream:track)%00%(upstream:remotename)%00%(upstream:remoteref) refs/heads/origin/master refs/remotes/origin/master [12ms]
2025-11-11 19:36:29.293 [info] > git rev-parse --show-toplevel [38ms]
2025-11-11 19:36:29.307 [info] > git merge-base refs/heads/feat/more-layer-namespace refs/remotes/origin/feat/more-layer-namespace [14ms]
2025-11-11 19:36:29.317 [info] > git for-each-ref --format=%(refname)%00%(upstream:short)%00%(objectname)%00%(upstream:track)%00%(upstream:remotename)%00%(upstream:remoteref) refs/heads/feat/more-layer-namespace refs/remotes/feat/more-layer-namespace [39ms]
2025-11-11 19:36:29.321 [info] > git diff --name-status -z --diff-filter=ADMR 6672633251f7faaa003dd70c18c6960d2a1407e9...refs/remotes/origin/feat/more-layer-namespace [4ms]
2025-11-11 19:36:29.322 [info] > git rev-parse --show-toplevel [16ms]
2025-11-11 19:36:29.488 [info] > git check-ignore -v -z --stdin [155ms]
2025-11-11 19:36:29.490 [info] > git rev-parse --show-toplevel [41ms]
2025-11-11 19:36:29.535 [info] > git status -z -uall [22ms]
2025-11-11 19:36:29.535 [info] > git for-each-ref --sort -committerdate --format %(refname)%00%(objectname)%00%(*objectname) [11ms]
2025-11-11 19:36:29.552 [info] > git rev-parse --show-toplevel [19ms]
2025-11-11 19:36:29.581 [info] > git rev-parse --show-toplevel [4ms]
2025-11-11 19:36:29.637 [info] > git rev-parse --show-toplevel [5ms]
2025-11-11 19:36:29.638 [info] [Model][doInitialScan] Initial repository scan completed - repositories (1), closed repositories (0), parent repositories (0), unsafe repositories (0)
2025-11-11 19:36:29.669 [info] > git show --textconv :docs/dankmaterialshell/layers.mdx [18ms]
2025-11-11 19:36:29.670 [info] > git ls-files --stage -- docs/dankmaterialshell/layers.mdx [9ms]
2025-11-11 19:36:29.685 [info] > git cat-file -s ffe8d6f3e67f7c4342407ad76cc4d01b1c88b7d1 [7ms]
2025-11-11 19:36:29.783 [info] > git blame --root --incremental 6672633251f7faaa003dd70c18c6960d2a1407e9 -- docs/dankmaterialshell/layers.mdx [14ms]
2025-11-11 19:37:13.262 [info] [main] Log level: Info
2025-11-11 19:37:13.262 [info] [main] Validating found git in: "git"
2025-11-11 19:37:13.262 [info] [main] Using git "2.51.2" from "git"
2025-11-11 19:37:13.262 [info] [Model][doInitialScan] Initial repository scan started
2025-11-11 19:37:13.262 [info] > git rev-parse --show-toplevel [9ms]
2025-11-11 19:37:13.280 [info] > git rev-parse --git-dir --git-common-dir --show-superproject-working-tree [11ms]
2025-11-11 19:37:13.295 [info] [Model][openRepository] Opened repository (path): /mnt/media/Programmation/Qml/DankMaterialShell
2025-11-11 19:37:13.295 [info] [Model][openRepository] Opened repository (real path): /mnt/media/Programmation/Qml/DankMaterialShell
2025-11-11 19:37:13.295 [info] [Model][openRepository] Opened repository (kind): repository
2025-11-11 19:37:13.323 [info] > git config --get commit.template [5ms]
2025-11-11 19:37:13.497 [info] > git for-each-ref --format=%(refname)%00%(upstream:short)%00%(objectname)%00%(upstream:track)%00%(upstream:remotename)%00%(upstream:remoteref) refs/heads/feat/more-layer-namespaces refs/remotes/feat/more-layer-namespaces [128ms]
2025-11-11 19:37:13.669 [info] > git status -z -uall [10ms]
2025-11-11 19:37:13.829 [info] > git for-each-ref --sort -committerdate --format %(refname)%00%(objectname)%00%(*objectname) [162ms]
2025-11-11 19:37:13.874 [info] > git check-ignore -v -z --stdin [14ms]
2025-11-11 19:37:13.875 [info] > git for-each-ref --format=%(refname)%00%(upstream:short)%00%(objectname)%00%(upstream:track)%00%(upstream:remotename)%00%(upstream:remoteref) refs/heads/feat/more-layer-namespaces refs/remotes/feat/more-layer-namespaces [23ms]
2025-11-11 19:37:13.883 [info] > git config --get --local branch.feat/more-layer-namespaces.vscode-merge-base [2ms]
2025-11-11 19:37:13.890 [info] > git config --get commit.template [16ms]
2025-11-11 19:37:13.906 [info] > git rev-parse --show-toplevel [11ms]
2025-11-11 19:37:13.906 [info] > git for-each-ref --format=%(refname)%00%(upstream:short)%00%(objectname)%00%(upstream:track)%00%(upstream:remotename)%00%(upstream:remoteref) refs/heads/origin/master refs/remotes/origin/master [17ms]
2025-11-11 19:37:13.920 [info] > git for-each-ref --format=%(refname)%00%(upstream:short)%00%(objectname)%00%(upstream:track)%00%(upstream:remotename)%00%(upstream:remoteref) refs/heads/feat/more-layer-namespaces refs/remotes/feat/more-layer-namespaces [15ms]
2025-11-11 19:37:13.921 [info] > git rev-parse --show-toplevel [2ms]
2025-11-11 19:37:13.921 [info] > git merge-base refs/heads/feat/more-layer-namespaces refs/remotes/origin/feat/more-layer-namespaces [8ms]
2025-11-11 19:37:13.936 [info] > git diff --name-status -z --diff-filter=ADMR d3fb6620c87778e3103efc1cc4d0e86ed38bc78d...refs/remotes/origin/feat/more-layer-namespaces [8ms]
2025-11-11 19:37:13.949 [info] > git status -z -uall [6ms]
2025-11-11 19:37:13.949 [info] > git rev-parse --show-toplevel [14ms]
2025-11-11 19:37:13.954 [info] > git for-each-ref --sort -committerdate --format %(refname)%00%(objectname)%00%(*objectname) [6ms]
2025-11-11 19:37:13.997 [info] > git rev-parse --show-toplevel [44ms]
2025-11-11 19:37:14.135 [info] > git rev-parse --show-toplevel [129ms]
2025-11-11 19:37:14.176 [info] > git rev-parse --show-toplevel [3ms]
2025-11-11 19:37:14.212 [info] > git rev-parse --show-toplevel [27ms]
2025-11-11 19:37:14.222 [info] > git rev-parse --show-toplevel [2ms]
2025-11-11 19:37:14.232 [info] > git rev-parse --show-toplevel [2ms]
2025-11-11 19:37:14.243 [info] > git rev-parse --show-toplevel [3ms]
2025-11-11 19:37:14.252 [info] > git rev-parse --show-toplevel [2ms]
2025-11-11 19:37:14.259 [info] > git rev-parse --show-toplevel [1ms]
2025-11-11 19:37:14.268 [info] > git rev-parse --show-toplevel [2ms]
2025-11-11 19:37:14.276 [info] > git rev-parse --show-toplevel [1ms]
2025-11-11 19:37:14.286 [info] > git rev-parse --show-toplevel [2ms]
2025-11-11 19:37:14.297 [info] > git rev-parse --show-toplevel [2ms]
2025-11-11 19:37:14.305 [info] > git rev-parse --show-toplevel [1ms]
2025-11-11 19:37:14.306 [info] [Model][doInitialScan] Initial repository scan completed - repositories (1), closed repositories (0), parent repositories (0), unsafe repositories (0)
2025-11-11 19:37:14.334 [info] > git show --textconv 37a10bd453da057fb4e69cf600c413eb4467bd72:Modules/DankBar/Widgets/SystemTrayBar.qml [22ms]
2025-11-11 19:37:14.334 [info] > git show --textconv d3fb6620c87778e3103efc1cc4d0e86ed38bc78d:Modules/DankBar/Widgets/SystemTrayBar.qml [15ms]
2025-11-11 19:37:14.334 [info] > git ls-tree -l 37a10bd453da057fb4e69cf600c413eb4467bd72 -- Modules/DankBar/Widgets/SystemTrayBar.qml [8ms]
2025-11-11 19:37:14.336 [info] > git ls-tree -l d3fb6620c87778e3103efc1cc4d0e86ed38bc78d -- Modules/DankBar/Widgets/SystemTrayBar.qml [3ms]
2025-11-11 19:37:14.358 [info] > git ls-tree -l 37a10bd453da057fb4e69cf600c413eb4467bd72 -- Modules/DankBar/Widgets/SystemTrayBar.qml [8ms]
2025-11-11 19:37:14.360 [info] > git ls-tree -l d3fb6620c87778e3103efc1cc4d0e86ed38bc78d -- Modules/DankBar/Widgets/SystemTrayBar.qml [2ms]
2025-11-11 19:37:14.925 [info] > git for-each-ref --sort -committerdate --format %(refname)%00%(objectname)%00%(*objectname) refs/heads/feat/more-layer-namespaces [2ms]
2025-11-11 19:37:15.177 [info] > git blame --root --incremental d3fb6620c87778e3103efc1cc4d0e86ed38bc78d -- Modules/DankBar/Widgets/SystemTrayBar.qml [22ms]
2025-11-11 19:37:15.209 [info] > git log --format=%H%n%aN%n%aE%n%at%n%ct%n%P%n%D%n%B -z --shortstat --diff-merges=first-parent -n50 --skip=0 --topo-order --decorate=full --stdin [64ms]
2025-11-11 19:37:17.747 [info] > git ls-tree -l 37a10bd453da057fb4e69cf600c413eb4467bd72 -- Modules/DankBar/Widgets/SystemTrayBar.qml [7ms]
2025-11-11 19:37:17.749 [info] > git ls-tree -l d3fb6620c87778e3103efc1cc4d0e86ed38bc78d -- Modules/DankBar/Widgets/SystemTrayBar.qml [2ms]
2025-11-11 19:37:46.396 [info] > git ls-tree -l 37a10bd453da057fb4e69cf600c413eb4467bd72 -- Modules/DankBar/Widgets/SystemTrayBar.qml [10ms]
2025-11-11 19:37:46.398 [info] > git ls-tree -l d3fb6620c87778e3103efc1cc4d0e86ed38bc78d -- Modules/DankBar/Widgets/SystemTrayBar.qml [3ms]
2025-11-11 19:37:48.424 [info] > git diff-tree -r --name-status -z --diff-filter=ADMR --find-renames=50% 37a10bd453da057fb4e69cf600c413eb4467bd72 d3fb6620c87778e3103efc1cc4d0e86ed38bc78d [4ms]
2025-11-11 19:37:48.968 [info] > git check-ignore -v -z --stdin [2ms]
2025-11-11 19:37:49.939 [info] > git for-each-ref --sort -committerdate --format %(refname)%00%(objectname)%00%(*objectname) [2ms]
2025-11-11 19:37:56.815 [info] > git for-each-ref --sort -committerdate --format %(refname)%00%(objectname)%00%(*objectname) refs/heads/master [3ms]
2025-11-11 19:37:56.883 [info] > git log --format=%H%n%aN%n%aE%n%at%n%ct%n%P%n%D%n%B -z --shortstat --diff-merges=first-parent -n50 --skip=0 --topo-order --decorate=full --stdin [59ms]
2025-11-11 19:38:01.260 [info] > git log --oneline --cherry feat/more-layer-namespaces...feat/more-layer-namespaces@{upstream} -- [2ms]
2025-11-11 19:38:02.812 [info] > git ls-tree -l 37a10bd453da057fb4e69cf600c413eb4467bd72 -- Modules/DankBar/Widgets/SystemTrayBar.qml [10ms]
2025-11-11 19:38:02.814 [info] > git ls-tree -l d3fb6620c87778e3103efc1cc4d0e86ed38bc78d -- Modules/DankBar/Widgets/SystemTrayBar.qml [3ms]
2025-11-11 19:38:02.830 [info] > git show --textconv 37a10bd453da057fb4e69cf600c413eb4467bd72:Modules/DankBar/Widgets/SystemTrayBar.qml [8ms]
2025-11-11 19:38:02.835 [info] > git show --textconv d3fb6620c87778e3103efc1cc4d0e86ed38bc78d:Modules/DankBar/Widgets/SystemTrayBar.qml [6ms]
2025-11-11 19:38:09.843 [info] > git ls-tree -l 37a10bd453da057fb4e69cf600c413eb4467bd72 -- Modules/DankBar/Widgets/SystemTrayBar.qml [11ms]
2025-11-11 19:38:09.845 [info] > git ls-tree -l d3fb6620c87778e3103efc1cc4d0e86ed38bc78d -- Modules/DankBar/Widgets/SystemTrayBar.qml [3ms]
2025-11-11 19:38:12.801 [info] > git pull --tags origin feat/more-layer-namespaces [11532ms]
2025-11-11 19:38:12.801 [info] From github.com:claymorwan/DankMaterialShell
 * branch            feat/more-layer-namespaces -> FETCH_HEAD
2025-11-11 19:38:12.817 [info] > git config --get commit.template [10ms]
2025-11-11 19:38:12.819 [info] > git for-each-ref --format=%(refname)%00%(upstream:short)%00%(objectname)%00%(upstream:track)%00%(upstream:remotename)%00%(upstream:remoteref) refs/heads/feat/more-layer-namespaces refs/remotes/feat/more-layer-namespaces [3ms]
2025-11-11 19:38:12.836 [info] > git status -z -uall [8ms]
2025-11-11 19:38:12.838 [info] > git for-each-ref --sort -committerdate --format %(refname)%00%(objectname)%00%(*objectname) [2ms]
2025-11-11 19:38:13.955 [info] > git config --get commit.template [13ms]
2025-11-11 19:38:13.957 [info] > git for-each-ref --format=%(refname)%00%(upstream:short)%00%(objectname)%00%(upstream:track)%00%(upstream:remotename)%00%(upstream:remoteref) refs/heads/feat/more-layer-namespaces refs/remotes/feat/more-layer-namespaces [3ms]
2025-11-11 19:38:13.980 [info] > git status -z -uall [11ms]
2025-11-11 19:38:13.981 [info] > git for-each-ref --sort -committerdate --format %(refname)%00%(objectname)%00%(*objectname) [2ms]
2025-11-11 19:38:14.046 [info] > git ls-tree -l 37a10bd453da057fb4e69cf600c413eb4467bd72 -- Modules/DankBar/Widgets/SystemTrayBar.qml [9ms]
2025-11-11 19:38:14.048 [info] > git ls-tree -l d3fb6620c87778e3103efc1cc4d0e86ed38bc78d -- Modules/DankBar/Widgets/SystemTrayBar.qml [3ms]
2025-11-11 19:38:14.068 [info] > git show --textconv 37a10bd453da057fb4e69cf600c413eb4467bd72:Modules/DankBar/Widgets/SystemTrayBar.qml [11ms]
2025-11-11 19:38:14.070 [info] > git show --textconv d3fb6620c87778e3103efc1cc4d0e86ed38bc78d:Modules/DankBar/Widgets/SystemTrayBar.qml [3ms]
2025-11-11 19:38:18.998 [info] > git config --get commit.template [4ms]
2025-11-11 19:38:19.010 [info] > git for-each-ref --format=%(refname)%00%(upstream:short)%00%(objectname)%00%(upstream:track)%00%(upstream:remotename)%00%(upstream:remoteref) refs/heads/feat/more-layer-namespaces refs/remotes/feat/more-layer-namespaces [3ms]
2025-11-11 19:38:19.024 [info] > git status -z -uall [6ms]
2025-11-11 19:38:19.026 [info] > git for-each-ref --sort -committerdate --format %(refname)%00%(objectname)%00%(*objectname) [2ms]
2025-11-11 19:38:20.531 [info] > git for-each-ref --sort -committerdate --format %(refname)%00%(objectname)%00%(*objectname) refs/heads/master [3ms]
2025-11-11 19:38:20.613 [info] > git log --format=%H%n%aN%n%aE%n%at%n%ct%n%P%n%D%n%B -z --shortstat --diff-merges=first-parent -n50 --skip=0 --topo-order --decorate=full --stdin [66ms]
2025-11-11 19:38:42.686 [info] > git ls-tree -l 37a10bd453da057fb4e69cf600c413eb4467bd72 -- Modules/DankBar/Widgets/SystemTrayBar.qml [9ms]
2025-11-11 19:38:42.687 [info] > git config --get commit.template [19ms]
2025-11-11 19:38:42.708 [info] > git ls-tree -l 37a10bd453da057fb4e69cf600c413eb4467bd72 -- Modules/DankBar/Widgets/SystemTrayBar.qml [12ms]
2025-11-11 19:38:42.709 [info] > git ls-tree -l d3fb6620c87778e3103efc1cc4d0e86ed38bc78d -- Modules/DankBar/Widgets/SystemTrayBar.qml [24ms]
2025-11-11 19:38:42.733 [info] > git ls-tree -l d3fb6620c87778e3103efc1cc4d0e86ed38bc78d -- Modules/DankBar/Widgets/SystemTrayBar.qml [27ms]
2025-11-11 19:38:42.749 [info] > git show --textconv 37a10bd453da057fb4e69cf600c413eb4467bd72:Modules/DankBar/Widgets/SystemTrayBar.qml [29ms]
2025-11-11 19:38:42.749 [info] > git show --textconv 37a10bd453da057fb4e69cf600c413eb4467bd72:Modules/DankBar/Widgets/SystemTrayBar.qml [8ms]
2025-11-11 19:38:42.750 [info] > git for-each-ref --format=%(refname)%00%(upstream:short)%00%(objectname)%00%(upstream:track)%00%(upstream:remotename)%00%(upstream:remoteref) refs/heads/feat/more-layer-namespaces refs/remotes/feat/more-layer-namespaces [17ms]
2025-11-11 19:38:42.757 [info] > git show --textconv d3fb6620c87778e3103efc1cc4d0e86ed38bc78d:Modules/DankBar/Widgets/SystemTrayBar.qml [9ms]
2025-11-11 19:38:42.770 [info] > git show --textconv d3fb6620c87778e3103efc1cc4d0e86ed38bc78d:Modules/DankBar/Widgets/SystemTrayBar.qml [14ms]
2025-11-11 19:38:42.770 [info] > git status -z -uall [7ms]
2025-11-11 19:38:42.772 [info] > git for-each-ref --sort -committerdate --format %(refname)%00%(objectname)%00%(*objectname) [2ms]
2025-11-11 19:38:42.787 [info] > git for-each-ref --sort -committerdate --format %(refname)%00%(objectname)%00%(*objectname) refs/heads/master [3ms]
2025-11-11 19:38:42.856 [info] > git log --format=%H%n%aN%n%aE%n%at%n%ct%n%P%n%D%n%B -z --shortstat --diff-merges=first-parent -n50 --skip=0 --topo-order --decorate=full --stdin [63ms]
2025-11-11 19:38:44.939 [info] > git check-ignore -v -z --stdin [2ms]
2025-11-11 19:38:46.133 [info] > git show --textconv :Modules/DankBar/Widgets/SystemTrayBar.qml [11ms]
2025-11-11 19:38:46.135 [info] > git ls-files --stage -- Modules/DankBar/Widgets/SystemTrayBar.qml [3ms]
2025-11-11 19:38:46.151 [info] > git cat-file -s c7befbde337cbedfcad53417bd12f08be93bf525 [5ms]
2025-11-11 19:38:46.541 [info] > git show --textconv :Widgets/DankTooltip.qml [9ms]
2025-11-11 19:38:46.543 [info] > git ls-files --stage -- Widgets/DankTooltip.qml [2ms]
2025-11-11 19:38:46.552 [info] > git cat-file -s cb80a153a94c34e074ea7a127462bdf1c9580eff [2ms]
2025-11-11 19:38:46.585 [info] > git blame --root --incremental d3fb6620c87778e3103efc1cc4d0e86ed38bc78d -- Widgets/DankTooltip.qml [21ms]
2025-11-11 19:38:46.953 [info] > git show --textconv :Modules/Dock/DockContextMenu.qml [11ms]
2025-11-11 19:38:46.956 [info] > git ls-files --stage -- Modules/Dock/DockContextMenu.qml [3ms]
2025-11-11 19:38:46.970 [info] > git cat-file -s b68c8c5bc6f1ee9f1ba698415f57b621e6d985c7 [8ms]
2025-11-11 19:38:46.972 [info] > git check-ignore -v -z --stdin [3ms]
2025-11-11 19:38:47.050 [info] > git blame --root --incremental d3fb6620c87778e3103efc1cc4d0e86ed38bc78d -- Modules/Dock/DockContextMenu.qml [27ms]
2025-11-11 19:38:47.794 [info] > git config --get commit.template [10ms]
2025-11-11 19:38:47.798 [info] > git for-each-ref --format=%(refname)%00%(upstream:short)%00%(objectname)%00%(upstream:track)%00%(upstream:remotename)%00%(upstream:remoteref) refs/heads/feat/more-layer-namespaces refs/remotes/feat/more-layer-namespaces [4ms]
2025-11-11 19:38:47.812 [info] > git status -z -uall [8ms]
2025-11-11 19:38:47.815 [info] > git for-each-ref --sort -committerdate --format %(refname)%00%(objectname)%00%(*objectname) [3ms]
2025-11-11 19:38:49.004 [info] > git check-ignore -v -z --stdin [2ms]
2025-11-11 19:38:52.889 [info] > git check-ignore -v -z --stdin [4ms]
2025-11-11 19:38:55.006 [info] > git check-ignore -v -z --stdin [2ms]
2025-11-11 19:38:56.678 [info] > git check-ignore -v -z --stdin [1ms]
2025-11-11 19:39:09.137 [info] > git show --textconv :Modals/Settings/SettingsContent.qml [8ms]
2025-11-11 19:39:09.138 [info] > git ls-files --stage -- Modals/Settings/SettingsContent.qml [1ms]
2025-11-11 19:39:09.144 [info] > git cat-file -s aa9e475aa3918cfa95a4e1431530ab1342606f62 [1ms]
2025-11-11 19:39:37.178 [info] > git check-ignore -v -z --stdin [2ms]
2025-11-11 19:39:42.635 [info] > git check-ignore -v -z --stdin [3ms]
2025-11-11 19:40:02.675 [info] > git show --textconv :Modals/Settings/SettingsModal.qml [13ms]
2025-11-11 19:40:02.676 [info] > git ls-files --stage -- Modals/Settings/SettingsModal.qml [2ms]
2025-11-11 19:40:02.688 [info] > git cat-file -s 4433609ce3a90020429e38588e2101e0c63d0898 [4ms]
2025-11-11 19:40:09.294 [info] > git show --textconv :Modals/Settings/ProfileSection.qml [8ms]
2025-11-11 19:40:09.295 [info] > git ls-files --stage -- Modals/Settings/ProfileSection.qml [2ms]
2025-11-11 19:40:09.303 [info] > git cat-file -s 5910ca732d89d5ca5cb977801ea3b08d496e2c71 [2ms]
