2025-11-09 12:44:49.967 [info] Extension host with pid 131364 started
2025-11-09 12:44:49.967 [info] Skipping acquiring lock for /home/claymorwan/.config/VSCodium/User/workspaceStorage/135e020b499ae5214bbd1a040ae4055b.
2025-11-09 12:44:50.070 [info] ExtensionService#_doActivateExtension vscode.emmet, startup: false, activationEvent: 'onLanguage'
2025-11-09 12:44:50.094 [info] ExtensionService#_doActivateExtension unifiedjs.vscode-mdx, startup: false, activationEvent: 'onLanguage:mdx'
2025-11-09 12:44:50.145 [info] ExtensionService#_doActivateExtension xyc.vscode-mdx-preview, startup: false, activationEvent: 'onLanguage:mdx'
2025-11-09 12:44:51.061 [info] ExtensionService#_doActivateExtension vscode.git-base, startup: true, activationEvent: '*', root cause: vscode.git
2025-11-09 12:44:51.076 [info] ExtensionService#_doActivateExtension vscode.typescript-language-features, startup: false, activationEvent: 'api', root cause: unifiedjs.vscode-mdx
2025-11-09 12:44:51.140 [info] ExtensionService#_doActivateExtension vscode.npm, startup: true, activationEvent: 'workspaceContains:package.json'
2025-11-09 12:44:51.266 [info] ExtensionService#_doActivateExtension vscode.git, startup: true, activationEvent: '*'
2025-11-09 12:44:51.323 [info] ExtensionService#_doActivateExtension vscode.github, startup: true, activationEvent: '*'
2025-11-09 12:44:51.493 [info] Eager extensions activated
2025-11-09 12:44:51.512 [info] ExtensionService#_doActivateExtension vscode.debug-auto-launch, startup: false, activationEvent: 'onStartupFinished'
2025-11-09 12:44:51.515 [info] ExtensionService#_doActivateExtension vscode.merge-conflict, startup: false, activationEvent: 'onStartupFinished'
2025-11-09 12:44:51.537 [info] ExtensionService#_doActivateExtension Catppuccin.catppuccin-vsc, startup: false, activationEvent: 'onStartupFinished'
2025-11-09 12:44:51.546 [info] ExtensionService#_doActivateExtension Catppuccin.catppuccin-vsc-icons, startup: false, activationEvent: 'onStartupFinished'
2025-11-09 12:44:51.891 [info] ExtensionService#_doActivateExtension vscode.configuration-editing, startup: false, activationEvent: 'onLanguage:jsonc'
2025-11-09 12:44:51.907 [info] ExtensionService#_doActivateExtension vscode.json-language-features, startup: false, activationEvent: 'onLanguage:jsonc'
2025-11-09 12:44:52.273 [info] ExtensionService#_doActivateExtension vscode.github-authentication, startup: false, activationEvent: 'onAuthenticationRequest:github'
2025-11-09 12:44:56.430 [info] ExtensionService#_doActivateExtension vscode.extension-editing, startup: false, activationEvent: 'onLanguage:json'
2025-11-09 12:46:31.903 [info] Extension host terminating: renderer closed the MessagePort
2025-11-09 12:46:31.937 [info] Extension host with pid 131364 exiting with code 0
2025-11-09 12:46:33.373 [info] Extension host with pid 132542 started
2025-11-09 12:46:33.373 [info] Skipping acquiring lock for /home/claymorwan/.config/VSCodium/User/workspaceStorage/690d9ee16a8e1a9c918926ffbd185ff7.
2025-11-09 12:46:33.712 [info] ExtensionService#_doActivateExtension vscode.emmet, startup: false, activationEvent: 'onLanguage'
2025-11-09 12:46:33.744 [info] ExtensionService#_doActivateExtension theqtcompany.qt-core, startup: false, activationEvent: 'onLanguage:qml', root cause: theqtcompany.qt-qml
2025-11-09 12:46:33.977 [info] ExtensionService#_doActivateExtension theqtcompany.qt-qml, startup: false, activationEvent: 'onLanguage:qml'
2025-11-09 12:46:34.101 [info] ExtensionService#_doActivateExtension vscode.git-base, startup: true, activationEvent: '*', root cause: vscode.git
2025-11-09 12:46:34.115 [info] ExtensionService#_doActivateExtension vscode.git, startup: true, activationEvent: '*'
2025-11-09 12:46:34.175 [info] ExtensionService#_doActivateExtension vscode.github, startup: true, activationEvent: '*'
2025-11-09 12:46:34.312 [info] Eager extensions activated
2025-11-09 12:46:34.353 [info] ExtensionService#_doActivateExtension vscode.debug-auto-launch, startup: false, activationEvent: 'onStartupFinished'
2025-11-09 12:46:34.356 [info] ExtensionService#_doActivateExtension vscode.merge-conflict, startup: false, activationEvent: 'onStartupFinished'
2025-11-09 12:46:34.386 [info] ExtensionService#_doActivateExtension Catppuccin.catppuccin-vsc, startup: false, activationEvent: 'onStartupFinished'
2025-11-09 12:46:34.393 [info] ExtensionService#_doActivateExtension Catppuccin.catppuccin-vsc-icons, startup: false, activationEvent: 'onStartupFinished'
2025-11-09 12:46:34.590 [info] ExtensionService#_doActivateExtension vscode.configuration-editing, startup: false, activationEvent: 'onLanguage:jsonc'
2025-11-09 12:46:34.598 [info] ExtensionService#_doActivateExtension vscode.json-language-features, startup: false, activationEvent: 'onLanguage:jsonc'
2025-11-09 12:46:34.654 [info] ExtensionService#_doActivateExtension vscode.typescript-language-features, startup: false, activationEvent: 'onLanguage:jsonc'
2025-11-09 12:46:34.794 [info] ExtensionService#_doActivateExtension vscode.github-authentication, startup: false, activationEvent: 'onAuthenticationRequest:github'
2025-11-09 12:46:39.726 [warning] The task [Qt, Acquire Port] uses an undefined task type. The task will be ignored in the future.
2025-11-09 12:47:53.182 [info] Extension host terminating: renderer closed the MessagePort
2025-11-09 12:47:53.197 [info] Extension host with pid 132542 exiting with code 0
2025-11-09 12:47:54.535 [info] Extension host with pid 133365 started
2025-11-09 12:47:54.535 [info] Skipping acquiring lock for /home/claymorwan/.config/VSCodium/User/workspaceStorage/135e020b499ae5214bbd1a040ae4055b.
2025-11-09 12:47:54.783 [info] ExtensionService#_doActivateExtension vscode.emmet, startup: false, activationEvent: 'onLanguage'
2025-11-09 12:47:54.812 [info] ExtensionService#_doActivateExtension unifiedjs.vscode-mdx, startup: false, activationEvent: 'onLanguage:mdx'
2025-11-09 12:47:54.862 [info] ExtensionService#_doActivateExtension xyc.vscode-mdx-preview, startup: false, activationEvent: 'onLanguage:mdx'
2025-11-09 12:47:55.700 [info] ExtensionService#_doActivateExtension vscode.git-base, startup: true, activationEvent: '*', root cause: vscode.git
2025-11-09 12:47:55.702 [info] ExtensionService#_doActivateExtension vscode.typescript-language-features, startup: false, activationEvent: 'api', root cause: unifiedjs.vscode-mdx
2025-11-09 12:47:55.783 [info] ExtensionService#_doActivateExtension vscode.npm, startup: true, activationEvent: 'workspaceContains:package.json'
2025-11-09 12:47:55.898 [info] ExtensionService#_doActivateExtension vscode.git, startup: true, activationEvent: '*'
2025-11-09 12:47:55.959 [info] ExtensionService#_doActivateExtension vscode.github, startup: true, activationEvent: '*'
2025-11-09 12:47:56.143 [info] Eager extensions activated
2025-11-09 12:47:56.234 [info] ExtensionService#_doActivateExtension vscode.debug-auto-launch, startup: false, activationEvent: 'onStartupFinished'
2025-11-09 12:47:56.237 [info] ExtensionService#_doActivateExtension vscode.merge-conflict, startup: false, activationEvent: 'onStartupFinished'
2025-11-09 12:47:56.265 [info] ExtensionService#_doActivateExtension Catppuccin.catppuccin-vsc, startup: false, activationEvent: 'onStartupFinished'
2025-11-09 12:47:56.274 [info] ExtensionService#_doActivateExtension Catppuccin.catppuccin-vsc-icons, startup: false, activationEvent: 'onStartupFinished'
2025-11-09 12:47:56.799 [info] ExtensionService#_doActivateExtension vscode.configuration-editing, startup: false, activationEvent: 'onLanguage:jsonc'
2025-11-09 12:47:56.821 [info] ExtensionService#_doActivateExtension vscode.json-language-features, startup: false, activationEvent: 'onLanguage:jsonc'
2025-11-09 12:47:57.084 [info] ExtensionService#_doActivateExtension vscode.github-authentication, startup: false, activationEvent: 'onAuthenticationRequest:github'
2025-11-09 12:48:01.080 [info] ExtensionService#_doActivateExtension vscode.extension-editing, startup: false, activationEvent: 'onLanguage:json'
2025-11-09 12:48:33.848 [info] Extension host terminating: renderer closed the MessagePort
2025-11-09 12:48:33.917 [info] Extension host with pid 133365 exiting with code 0
