2025-11-14 16:53:41.961 [info] [extension] Activating theqtcompany.qt-core
2025-11-14 16:53:41.961 [info] [project] Creating project:"/mnt/media/Programmation/Qml/DankMaterialShell"
2025-11-14 16:53:41.961 [info] [vcpkg] vcpkg is not installed
2025-11-14 16:53:41.961 [info] [qtpaths] Found qtpaths in PATH: /usr/bin/qtpaths
2025-11-14 16:53:41.961 [info] [qtpaths] /usr/bin/qtpaths already exists in the settings
2025-11-14 16:53:41.961 [info] [project] Setting Qt installation root for /mnt/media/Programmation/Qml/DankMaterialShell to: 
2025-11-14 16:53:41.961 [info] [project] Setting additional Qt paths for /mnt/media/Programmation/Qml/DankMaterialShell to: 
2025-11-14 16:53:41.961 [info] [project] Config values initialized for:/mnt/media/Programmation/Qml/DankMaterialShell
2025-11-14 17:26:53.357 [info] [extension] Deactivating qt-core
2025-11-14 17:26:53.357 [info] [project] Disposing project:/mnt/media/Programmation/Qml/DankMaterialShell
2025-11-14 18:41:43.771 [info] [extension] Activating theqtcompany.qt-core
2025-11-14 18:41:43.772 [info] [project] Creating project:"/mnt/media/Programmation/Qml/DankMaterialShell"
2025-11-14 18:41:43.772 [info] [vcpkg] vcpkg is not installed
2025-11-14 18:41:43.772 [info] [qtpaths] Found qtpaths in PATH: /usr/bin/qtpaths
2025-11-14 18:41:43.772 [info] [qtpaths] /usr/bin/qtpaths already exists in the settings
2025-11-14 18:41:43.772 [info] [project] Setting Qt installation root for /mnt/media/Programmation/Qml/DankMaterialShell to: 
2025-11-14 18:41:43.772 [info] [project] Setting additional Qt paths for /mnt/media/Programmation/Qml/DankMaterialShell to: 
2025-11-14 18:41:43.772 [info] [project] Config values initialized for:/mnt/media/Programmation/Qml/DankMaterialShell
2025-11-14 18:53:15.400 [info] [extension] Deactivating qt-core
2025-11-14 18:53:15.400 [info] [project] Disposing project:/mnt/media/Programmation/Qml/DankMaterialShell
2025-11-14 18:58:34.091 [info] [extension] Activating theqtcompany.qt-core
2025-11-14 18:58:34.091 [info] [project] Creating project:"/mnt/media/Programmation/Qml/DankMaterialShell"
2025-11-14 18:58:34.091 [info] [vcpkg] vcpkg is not installed
2025-11-14 18:58:34.091 [info] [qtpaths] Found qtpaths in PATH: /usr/bin/qtpaths
2025-11-14 18:58:34.091 [info] [qtpaths] /usr/bin/qtpaths already exists in the settings
2025-11-14 18:58:34.091 [info] [project] Setting Qt installation root for /mnt/media/Programmation/Qml/DankMaterialShell to: 
2025-11-14 18:58:34.091 [info] [project] Setting additional Qt paths for /mnt/media/Programmation/Qml/DankMaterialShell to: 
2025-11-14 18:58:34.091 [info] [project] Config values initialized for:/mnt/media/Programmation/Qml/DankMaterialShell
2025-11-14 18:59:25.711 [info] [extension] Deactivating qt-core
2025-11-14 18:59:25.711 [info] [project] Disposing project:/mnt/media/Programmation/Qml/DankMaterialShell
