2025-11-14 16:53:40.584 [info] Started local extension host with pid 71464.
2025-11-14 16:53:42.174 [error] Cannot read properties of undefined (reading 'extensionId'): TypeError: Cannot read properties of undefined (reading 'extensionId')
    at t (vscode-file://vscode-app/opt/vscodium-bin/resources/app/out/vs/workbench/workbench.desktop.main.js:4070:2745)
    at tIt.recommendRemoteExtensionIfNeeded (vscode-file://vscode-app/opt/vscodium-bin/resources/app/out/vs/workbench/workbench.desktop.main.js:4070:3495)
2025-11-14 16:53:44.031 [info] [perf] Render performance baseline is 29ms
2025-11-14 17:26:54.198 [info] Started local extension host with pid 92669.
2025-11-14 17:26:55.757 [error] Cannot read properties of undefined (reading 'extensionId'): TypeError: Cannot read properties of undefined (reading 'extensionId')
    at t (vscode-file://vscode-app/opt/vscodium-bin/resources/app/out/vs/workbench/workbench.desktop.main.js:4070:2745)
    at tIt.recommendRemoteExtensionIfNeeded (vscode-file://vscode-app/opt/vscodium-bin/resources/app/out/vs/workbench/workbench.desktop.main.js:4070:3495)
2025-11-14 17:26:57.068 [info] [perf] Render performance baseline is 31ms
2025-11-14 17:34:29.974 [error] [Extension Host] Error: Cannot find module '@site/src/components/Hero'
Require stack:
- /mnt/media/Programmation/Docs/DankLinux-Docs/docs/dankmaterialshell/noop.js
	at Module._resolveFilename (node:internal/modules/cjs/loader:1390:15)
	at n._resolveFilename (node:electron/js2c/utility_init:2:16249)
	at t._resolveFilename (file:///opt/vscodium-bin/resources/app/out/vs/workbench/api/node/extensionHostProcess.js:211:29144)
	at resolveFileName (/home/claymorwan/.local/share/codium/extensions/xyc.vscode-mdx-preview-0.3.3/node_modules/resolve-from/index.js:29:39)
	at resolveFrom (/home/claymorwan/.local/share/codium/extensions/xyc.vscode-mdx-preview-0.3.3/node_modules/resolve-from/index.js:43:9)
	at module.exports (/home/claymorwan/.local/share/codium/extensions/xyc.vscode-mdx-preview-0.3.3/node_modules/resolve-from/index.js:46:41)
	at Object.fetchLocal (/home/claymorwan/.local/share/codium/extensions/xyc.vscode-mdx-preview-0.3.3/build/extension/module-fetcher/module-fetcher.js:88:22)
	at ExtensionHandle.fetch (/home/claymorwan/.local/share/codium/extensions/xyc.vscode-mdx-preview-0.3.3/build/extension/rpc-extension-handle.js:18:33)
	at /home/claymorwan/.local/share/codium/extensions/xyc.vscode-mdx-preview-0.3.3/node_modules/@dxflow/comlink/umd/comlink.js:108:41 @site/src/components/Hero
2025-11-14 17:34:41.681 [error] [Extension Host] Error: Cannot find module '@site/src/components/Hero'
Require stack:
- /mnt/media/Programmation/Docs/DankLinux-Docs/docs/dankmaterialshell/noop.js
	at Module._resolveFilename (node:internal/modules/cjs/loader:1390:15)
	at n._resolveFilename (node:electron/js2c/utility_init:2:16249)
	at t._resolveFilename (file:///opt/vscodium-bin/resources/app/out/vs/workbench/api/node/extensionHostProcess.js:211:29144)
	at resolveFileName (/home/claymorwan/.local/share/codium/extensions/xyc.vscode-mdx-preview-0.3.3/node_modules/resolve-from/index.js:29:39)
	at resolveFrom (/home/claymorwan/.local/share/codium/extensions/xyc.vscode-mdx-preview-0.3.3/node_modules/resolve-from/index.js:43:9)
	at module.exports (/home/claymorwan/.local/share/codium/extensions/xyc.vscode-mdx-preview-0.3.3/node_modules/resolve-from/index.js:46:41)
	at Object.fetchLocal (/home/claymorwan/.local/share/codium/extensions/xyc.vscode-mdx-preview-0.3.3/build/extension/module-fetcher/module-fetcher.js:88:22)
	at ExtensionHandle.fetch (/home/claymorwan/.local/share/codium/extensions/xyc.vscode-mdx-preview-0.3.3/build/extension/rpc-extension-handle.js:18:33)
	at /home/claymorwan/.local/share/codium/extensions/xyc.vscode-mdx-preview-0.3.3/node_modules/@dxflow/comlink/umd/comlink.js:108:41 @site/src/components/Hero
2025-11-14 18:41:42.851 [info] Started local extension host with pid 126706.
2025-11-14 18:41:43.868 [error] Cannot read properties of undefined (reading 'extensionId'): TypeError: Cannot read properties of undefined (reading 'extensionId')
    at t (vscode-file://vscode-app/opt/vscodium-bin/resources/app/out/vs/workbench/workbench.desktop.main.js:4070:2745)
    at tIt.recommendRemoteExtensionIfNeeded (vscode-file://vscode-app/opt/vscodium-bin/resources/app/out/vs/workbench/workbench.desktop.main.js:4070:3495)
2025-11-14 18:41:45.696 [info] [perf] Render performance baseline is 32ms
2025-11-14 18:53:16.240 [info] Started local extension host with pid 132573.
2025-11-14 18:53:17.726 [error] Cannot read properties of undefined (reading 'extensionId'): TypeError: Cannot read properties of undefined (reading 'extensionId')
    at t (vscode-file://vscode-app/opt/vscodium-bin/resources/app/out/vs/workbench/workbench.desktop.main.js:4070:2745)
    at tIt.recommendRemoteExtensionIfNeeded (vscode-file://vscode-app/opt/vscodium-bin/resources/app/out/vs/workbench/workbench.desktop.main.js:4070:3495)
2025-11-14 18:53:19.135 [info] [perf] Render performance baseline is 39ms
2025-11-14 18:56:27.278 [info] Started local extension host with pid 133604.
2025-11-14 18:56:27.503 [info] ChatSessionStore: Migrating 0 chat sessions from storage service to file system
2025-11-14 18:56:27.785 [error] Cannot read properties of undefined (reading 'extensionId'): TypeError: Cannot read properties of undefined (reading 'extensionId')
    at t (vscode-file://vscode-app/opt/vscodium-bin/resources/app/out/vs/workbench/workbench.desktop.main.js:4070:2745)
    at tIt.recommendRemoteExtensionIfNeeded (vscode-file://vscode-app/opt/vscodium-bin/resources/app/out/vs/workbench/workbench.desktop.main.js:4070:3495)
2025-11-14 18:56:30.023 [info] [perf] Render performance baseline is 33ms
2025-11-14 18:56:40.122 [info] Started local extension host with pid 133762.
2025-11-14 18:56:41.404 [error] Cannot read properties of undefined (reading 'extensionId'): TypeError: Cannot read properties of undefined (reading 'extensionId')
    at t (vscode-file://vscode-app/opt/vscodium-bin/resources/app/out/vs/workbench/workbench.desktop.main.js:4070:2745)
    at tIt.recommendRemoteExtensionIfNeeded (vscode-file://vscode-app/opt/vscodium-bin/resources/app/out/vs/workbench/workbench.desktop.main.js:4070:3495)
2025-11-14 18:56:42.939 [info] [perf] Render performance baseline is 52ms
2025-11-14 18:58:32.334 [warning] [backup tracker] suspended, ignoring unregister event file:///mnt/media/Programmation/Docs/DankLinux-Docs/package.json 
2025-11-14 18:58:33.129 [info] Started local extension host with pid 134474.
2025-11-14 18:58:34.180 [error] Cannot read properties of undefined (reading 'extensionId'): TypeError: Cannot read properties of undefined (reading 'extensionId')
    at t (vscode-file://vscode-app/opt/vscodium-bin/resources/app/out/vs/workbench/workbench.desktop.main.js:4070:2745)
    at tIt.recommendRemoteExtensionIfNeeded (vscode-file://vscode-app/opt/vscodium-bin/resources/app/out/vs/workbench/workbench.desktop.main.js:4070:3495)
2025-11-14 18:58:35.926 [info] [perf] Render performance baseline is 32ms
2025-11-14 18:59:26.541 [info] Started local extension host with pid 134935.
2025-11-14 18:59:27.984 [error] Cannot read properties of undefined (reading 'extensionId'): TypeError: Cannot read properties of undefined (reading 'extensionId')
    at t (vscode-file://vscode-app/opt/vscodium-bin/resources/app/out/vs/workbench/workbench.desktop.main.js:4070:2745)
    at tIt.recommendRemoteExtensionIfNeeded (vscode-file://vscode-app/opt/vscodium-bin/resources/app/out/vs/workbench/workbench.desktop.main.js:4070:3495)
2025-11-14 18:59:29.539 [info] [perf] Render performance baseline is 47ms
