2025-11-11 16:32:43.411 [info] [extension] Activating theqtcompany.qt-core
2025-11-11 16:32:43.411 [info] [project] Creating project:"/mnt/media/Programmation/Qml/DankMaterialShell"
2025-11-11 16:32:43.411 [info] [vcpkg] vcpkg is not installed
2025-11-11 16:32:43.411 [info] [qtpaths] Found qtpaths in PATH: /usr/bin/qtpaths
2025-11-11 16:32:43.411 [info] [qtpaths] /usr/bin/qtpaths already exists in the settings
2025-11-11 16:32:43.411 [info] [project] Setting Qt installation root for /mnt/media/Programmation/Qml/DankMaterialShell to: 
2025-11-11 16:32:43.411 [info] [project] Setting additional Qt paths for /mnt/media/Programmation/Qml/DankMaterialShell to: 
2025-11-11 16:32:43.411 [info] [project] Config values initialized for:/mnt/media/Programmation/Qml/DankMaterialShell
2025-11-11 17:35:26.996 [info] [extension] Deactivating qt-core
2025-11-11 17:35:26.996 [info] [project] Disposing project:/mnt/media/Programmation/Qml/DankMaterialShell
2025-11-11 17:42:30.643 [info] [extension] Activating theqtcompany.qt-core
2025-11-11 17:42:30.643 [info] [project] Creating project:"/mnt/media/Programmation/Qml/DankMaterialShell"
2025-11-11 17:42:30.643 [info] [vcpkg] vcpkg is not installed
2025-11-11 17:42:30.643 [info] [qtpaths] Found qtpaths in PATH: /usr/bin/qtpaths
2025-11-11 17:42:30.643 [info] [qtpaths] /usr/bin/qtpaths already exists in the settings
2025-11-11 17:42:30.643 [info] [project] Setting Qt installation root for /mnt/media/Programmation/Qml/DankMaterialShell to: 
2025-11-11 17:42:30.643 [info] [project] Setting additional Qt paths for /mnt/media/Programmation/Qml/DankMaterialShell to: 
2025-11-11 17:42:30.643 [info] [project] Config values initialized for:/mnt/media/Programmation/Qml/DankMaterialShell
2025-11-11 17:47:06.643 [info] [extension] Deactivating qt-core
2025-11-11 17:47:06.643 [info] [project] Disposing project:/mnt/media/Programmation/Qml/DankMaterialShell
2025-11-11 18:51:57.766 [info] [extension] Activating theqtcompany.qt-core
2025-11-11 18:51:57.766 [info] [project] Creating project:"/mnt/media/Programmation/Qml/DankMaterialShell"
2025-11-11 18:51:57.766 [info] [vcpkg] vcpkg is not installed
2025-11-11 18:51:57.766 [info] [qtpaths] Found qtpaths in PATH: /usr/bin/qtpaths
2025-11-11 18:51:57.766 [info] [qtpaths] /usr/bin/qtpaths already exists in the settings
2025-11-11 18:51:57.766 [info] [project] Setting Qt installation root for /mnt/media/Programmation/Qml/DankMaterialShell to: 
2025-11-11 18:51:57.767 [info] [project] Setting additional Qt paths for /mnt/media/Programmation/Qml/DankMaterialShell to: 
2025-11-11 18:51:57.767 [info] [project] Config values initialized for:/mnt/media/Programmation/Qml/DankMaterialShell
2025-11-11 18:52:13.753 [info] [extension] Deactivating qt-core
2025-11-11 18:52:13.753 [info] [project] Disposing project:/mnt/media/Programmation/Qml/DankMaterialShell
