2025-11-11 19:36:27.349 [info] Extension host with pid 128583 started
2025-11-11 19:36:27.350 [info] Skipping acquiring lock for /home/claymorwan/.config/VSCodium/User/workspaceStorage/f0d97e3da230485391c78414c15caad4.
2025-11-11 19:36:27.447 [info] ExtensionService#_doActivateExtension vscode.emmet, startup: false, activationEvent: 'onLanguage'
2025-11-11 19:36:27.472 [info] ExtensionService#_doActivateExtension unifiedjs.vscode-mdx, startup: false, activationEvent: 'onLanguage:mdx'
2025-11-11 19:36:27.525 [info] ExtensionService#_doActivateExtension xyc.vscode-mdx-preview, startup: false, activationEvent: 'onLanguage:mdx'
2025-11-11 19:36:28.352 [info] ExtensionService#_doActivateExtension vscode.typescript-language-features, startup: false, activationEvent: 'api', root cause: unifiedjs.vscode-mdx
2025-11-11 19:36:28.514 [info] ExtensionService#_doActivateExtension vscode.git-base, startup: true, activationEvent: '*', root cause: vscode.git
2025-11-11 19:36:28.546 [info] ExtensionService#_doActivateExtension vscode.npm, startup: true, activationEvent: 'workspaceContains:package.json'
2025-11-11 19:36:28.592 [info] ExtensionService#_doActivateExtension vscode.git, startup: true, activationEvent: '*'
2025-11-11 19:36:28.663 [info] ExtensionService#_doActivateExtension vscode.github, startup: true, activationEvent: '*'
2025-11-11 19:36:28.814 [info] Eager extensions activated
2025-11-11 19:36:28.840 [info] ExtensionService#_doActivateExtension vscode.debug-auto-launch, startup: false, activationEvent: 'onStartupFinished'
2025-11-11 19:36:28.842 [info] ExtensionService#_doActivateExtension vscode.merge-conflict, startup: false, activationEvent: 'onStartupFinished'
2025-11-11 19:36:28.865 [info] ExtensionService#_doActivateExtension Catppuccin.catppuccin-vsc, startup: false, activationEvent: 'onStartupFinished'
2025-11-11 19:36:28.873 [info] ExtensionService#_doActivateExtension Catppuccin.catppuccin-vsc-icons, startup: false, activationEvent: 'onStartupFinished'
2025-11-11 19:36:29.335 [info] ExtensionService#_doActivateExtension vscode.configuration-editing, startup: false, activationEvent: 'onLanguage:jsonc'
2025-11-11 19:36:29.347 [info] ExtensionService#_doActivateExtension vscode.json-language-features, startup: false, activationEvent: 'onLanguage:jsonc'
2025-11-11 19:36:29.582 [info] ExtensionService#_doActivateExtension vscode.github-authentication, startup: false, activationEvent: 'onAuthenticationRequest:github'
2025-11-11 19:36:33.761 [info] ExtensionService#_doActivateExtension vscode.extension-editing, startup: false, activationEvent: 'onLanguage:json'
2025-11-11 19:37:11.887 [info] Extension host terminating: renderer closed the MessagePort
2025-11-11 19:37:11.930 [info] Extension host with pid 128583 exiting with code 0
2025-11-11 19:37:13.081 [info] Extension host with pid 129030 started
2025-11-11 19:37:13.081 [info] Skipping acquiring lock for /home/claymorwan/.config/VSCodium/User/workspaceStorage/690d9ee16a8e1a9c918926ffbd185ff7.
2025-11-11 19:37:13.113 [info] ExtensionService#_doActivateExtension vscode.git-base, startup: false, activationEvent: 'onFileSystem:git', root cause: vscode.git
2025-11-11 19:37:13.125 [info] ExtensionService#_doActivateExtension vscode.git, startup: false, activationEvent: 'onFileSystem:git'
2025-11-11 19:37:13.261 [info] ExtensionService#_doActivateExtension vscode.github, startup: true, activationEvent: '*'
2025-11-11 19:37:13.326 [info] ExtensionService#_doActivateExtension vscode.emmet, startup: false, activationEvent: 'onLanguage'
2025-11-11 19:37:13.370 [info] ExtensionService#_doActivateExtension theqtcompany.qt-core, startup: true, activationEvent: 'workspaceContains:*.qml,*.qmldir', root cause: theqtcompany.qt-qml
2025-11-11 19:37:13.547 [info] ExtensionService#_doActivateExtension theqtcompany.qt-qml, startup: true, activationEvent: 'workspaceContains:*.qml,*.qmldir'
2025-11-11 19:37:13.651 [info] Eager extensions activated
2025-11-11 19:37:13.670 [info] ExtensionService#_doActivateExtension vscode.debug-auto-launch, startup: false, activationEvent: 'onStartupFinished'
2025-11-11 19:37:13.672 [info] ExtensionService#_doActivateExtension vscode.merge-conflict, startup: false, activationEvent: 'onStartupFinished'
2025-11-11 19:37:13.690 [info] ExtensionService#_doActivateExtension Catppuccin.catppuccin-vsc, startup: false, activationEvent: 'onStartupFinished'
2025-11-11 19:37:13.696 [info] ExtensionService#_doActivateExtension Catppuccin.catppuccin-vsc-icons, startup: false, activationEvent: 'onStartupFinished'
2025-11-11 19:37:14.007 [info] ExtensionService#_doActivateExtension vscode.configuration-editing, startup: false, activationEvent: 'onLanguage:jsonc'
2025-11-11 19:37:14.016 [info] ExtensionService#_doActivateExtension vscode.json-language-features, startup: false, activationEvent: 'onLanguage:jsonc'
2025-11-11 19:37:14.075 [info] ExtensionService#_doActivateExtension vscode.typescript-language-features, startup: false, activationEvent: 'onLanguage:jsonc'
2025-11-11 19:37:14.135 [info] ExtensionService#_doActivateExtension vscode.github-authentication, startup: false, activationEvent: 'onAuthenticationRequest:github'
2025-11-11 19:37:19.169 [warning] The task [Qt, Acquire Port] uses an undefined task type. The task will be ignored in the future.
2025-11-11 19:40:40.845 [info] Extension host terminating: renderer closed the MessagePort
2025-11-11 19:40:40.859 [info] Extension host with pid 129030 exiting with code 0
