2025-11-14 16:53:43.932 [info] Reading sessions from keychain...
2025-11-14 16:53:43.932 [info] Getting sessions for all scopes...
2025-11-14 16:53:43.971 [info] Got 0 sessions for ...
2025-11-14 16:53:43.972 [info] Getting sessions for all scopes...
2025-11-14 16:53:43.972 [info] Got 0 sessions for ...
2025-11-14 16:53:43.972 [info] Getting sessions for all scopes...
2025-11-14 16:53:43.972 [info] Got 0 sessions for ...
2025-11-14 16:53:43.972 [info] Getting sessions for all scopes...
2025-11-14 16:53:43.972 [info] Got 0 sessions for ...
2025-11-14 16:53:43.972 [info] Getting sessions for all scopes...
2025-11-14 16:53:43.972 [info] Got 0 sessions for ...
2025-11-14 16:53:43.972 [info] Getting sessions for read:user,repo,user:email,workflow...
2025-11-14 16:53:43.972 [info] Got 0 sessions for read:user,repo,user:email,workflow...
2025-11-14 16:56:51.512 [info] Getting sessions for read:user,repo,user:email,workflow...
2025-11-14 16:56:51.512 [info] Got 0 sessions for read:user,repo,user:email,workflow...
2025-11-14 17:26:57.349 [info] Reading sessions from keychain...
2025-11-14 17:26:57.350 [info] Getting sessions for all scopes...
2025-11-14 17:26:57.351 [info] Got 0 sessions for ...
2025-11-14 17:26:57.351 [info] Getting sessions for all scopes...
2025-11-14 17:26:57.351 [info] Got 0 sessions for ...
2025-11-14 17:26:57.352 [info] Getting sessions for all scopes...
2025-11-14 17:26:57.352 [info] Got 0 sessions for ...
2025-11-14 17:26:57.352 [info] Getting sessions for all scopes...
2025-11-14 17:26:57.352 [info] Got 0 sessions for ...
2025-11-14 17:26:57.352 [info] Getting sessions for all scopes...
2025-11-14 17:26:57.352 [info] Got 0 sessions for ...
2025-11-14 17:26:57.357 [info] Getting sessions for read:user,repo,user:email,workflow...
2025-11-14 17:26:57.357 [info] Got 0 sessions for read:user,repo,user:email,workflow...
2025-11-14 18:38:34.169 [info] Getting sessions for read:user,repo,user:email,workflow...
2025-11-14 18:38:34.169 [info] Got 0 sessions for read:user,repo,user:email,workflow...
2025-11-14 18:41:44.794 [info] Reading sessions from keychain...
2025-11-14 18:41:44.794 [info] Getting sessions for all scopes...
2025-11-14 18:41:44.794 [info] Got 0 sessions for ...
2025-11-14 18:41:44.794 [info] Getting sessions for all scopes...
2025-11-14 18:41:44.794 [info] Got 0 sessions for ...
2025-11-14 18:41:44.794 [info] Getting sessions for all scopes...
2025-11-14 18:41:44.794 [info] Got 0 sessions for ...
2025-11-14 18:41:44.794 [info] Getting sessions for read:user,repo,user:email,workflow...
2025-11-14 18:41:44.794 [info] Got 0 sessions for read:user,repo,user:email,workflow...
2025-11-14 18:41:45.430 [info] Getting sessions for all scopes...
2025-11-14 18:41:45.430 [info] Got 0 sessions for ...
2025-11-14 18:41:45.430 [info] Getting sessions for all scopes...
2025-11-14 18:41:45.430 [info] Got 0 sessions for ...
2025-11-14 18:41:45.436 [info] Getting sessions for all scopes...
2025-11-14 18:41:45.436 [info] Got 0 sessions for ...
2025-11-14 18:53:19.256 [info] Reading sessions from keychain...
2025-11-14 18:53:19.257 [info] Getting sessions for all scopes...
2025-11-14 18:53:19.257 [info] Got 0 sessions for ...
2025-11-14 18:53:19.257 [info] Getting sessions for all scopes...
2025-11-14 18:53:19.257 [info] Got 0 sessions for ...
2025-11-14 18:53:19.257 [info] Getting sessions for all scopes...
2025-11-14 18:53:19.257 [info] Got 0 sessions for ...
2025-11-14 18:53:19.257 [info] Getting sessions for all scopes...
2025-11-14 18:53:19.257 [info] Got 0 sessions for ...
2025-11-14 18:53:19.257 [info] Getting sessions for all scopes...
2025-11-14 18:53:19.257 [info] Got 0 sessions for ...
2025-11-14 18:53:19.257 [info] Getting sessions for read:user,repo,user:email,workflow...
2025-11-14 18:53:19.257 [info] Got 0 sessions for read:user,repo,user:email,workflow...
2025-11-14 18:56:43.121 [info] Reading sessions from keychain...
2025-11-14 18:56:43.121 [info] Getting sessions for all scopes...
2025-11-14 18:56:43.121 [info] Got 0 sessions for ...
2025-11-14 18:56:43.121 [info] Getting sessions for all scopes...
2025-11-14 18:56:43.121 [info] Got 0 sessions for ...
2025-11-14 18:56:43.121 [info] Getting sessions for all scopes...
2025-11-14 18:56:43.121 [info] Got 0 sessions for ...
2025-11-14 18:56:43.121 [info] Getting sessions for all scopes...
2025-11-14 18:56:43.121 [info] Got 0 sessions for ...
2025-11-14 18:56:43.121 [info] Getting sessions for all scopes...
2025-11-14 18:56:43.121 [info] Got 0 sessions for ...
2025-11-14 18:56:43.121 [info] Getting sessions for read:user,repo,user:email,workflow...
2025-11-14 18:56:43.121 [info] Got 0 sessions for read:user,repo,user:email,workflow...
2025-11-14 18:58:34.976 [info] Reading sessions from keychain...
2025-11-14 18:58:34.976 [info] Getting sessions for all scopes...
2025-11-14 18:58:34.976 [info] Got 0 sessions for ...
2025-11-14 18:58:34.976 [info] Getting sessions for all scopes...
2025-11-14 18:58:34.976 [info] Got 0 sessions for ...
2025-11-14 18:58:34.976 [info] Getting sessions for all scopes...
2025-11-14 18:58:34.976 [info] Got 0 sessions for ...
2025-11-14 18:58:34.976 [info] Getting sessions for read:user,repo,user:email,workflow...
2025-11-14 18:58:34.976 [info] Got 0 sessions for read:user,repo,user:email,workflow...
2025-11-14 18:58:35.682 [info] Getting sessions for all scopes...
2025-11-14 18:58:35.682 [info] Got 0 sessions for ...
2025-11-14 18:58:35.683 [info] Getting sessions for all scopes...
2025-11-14 18:58:35.683 [info] Got 0 sessions for ...
2025-11-14 18:58:35.693 [info] Getting sessions for all scopes...
2025-11-14 18:58:35.693 [info] Got 0 sessions for ...
2025-11-14 18:58:36.608 [info] Getting sessions for read:user,repo,user:email,workflow...
2025-11-14 18:58:36.608 [info] Got 0 sessions for read:user,repo,user:email,workflow...
2025-11-14 18:59:29.463 [info] Reading sessions from keychain...
2025-11-14 18:59:29.463 [info] Getting sessions for all scopes...
2025-11-14 18:59:29.463 [info] Got 0 sessions for ...
2025-11-14 18:59:29.463 [info] Getting sessions for all scopes...
2025-11-14 18:59:29.463 [info] Got 0 sessions for ...
2025-11-14 18:59:29.463 [info] Getting sessions for all scopes...
2025-11-14 18:59:29.463 [info] Got 0 sessions for ...
2025-11-14 18:59:29.463 [info] Getting sessions for read:user,repo,user:email,workflow...
2025-11-14 18:59:29.463 [info] Got 0 sessions for read:user,repo,user:email,workflow...
2025-11-14 18:59:29.466 [info] Getting sessions for all scopes...
2025-11-14 18:59:29.466 [info] Got 0 sessions for ...
2025-11-14 18:59:29.467 [info] Getting sessions for all scopes...
2025-11-14 18:59:29.467 [info] Got 0 sessions for ...
2025-11-14 18:59:29.480 [info] Getting sessions for all scopes...
2025-11-14 18:59:29.480 [info] Got 0 sessions for ...
2025-11-14 18:59:30.146 [info] Getting sessions for read:user,repo,user:email,workflow...
2025-11-14 18:59:30.146 [info] Got 0 sessions for read:user,repo,user:email,workflow...
