2025-11-11 16:32:26.613 [info] Started local extension host with pid 64024.
2025-11-11 16:32:27.919 [error] Cannot read properties of undefined (reading 'extensionId'): TypeError: Cannot read properties of undefined (reading 'extensionId')
    at t (vscode-file://vscode-app/opt/vscodium-bin/resources/app/out/vs/workbench/workbench.desktop.main.js:4070:2745)
    at tIt.recommendRemoteExtensionIfNeeded (vscode-file://vscode-app/opt/vscodium-bin/resources/app/out/vs/workbench/workbench.desktop.main.js:4070:3495)
2025-11-11 16:32:29.792 [info] [perf] Render performance baseline is 31ms
2025-11-11 16:32:42.117 [info] Started local extension host with pid 64321.
2025-11-11 16:32:43.516 [error] Cannot read properties of undefined (reading 'extensionId'): TypeError: Cannot read properties of undefined (reading 'extensionId')
    at t (vscode-file://vscode-app/opt/vscodium-bin/resources/app/out/vs/workbench/workbench.desktop.main.js:4070:2745)
    at tIt.recommendRemoteExtensionIfNeeded (vscode-file://vscode-app/opt/vscodium-bin/resources/app/out/vs/workbench/workbench.desktop.main.js:4070:3495)
2025-11-11 16:32:46.337 [info] [perf] Render performance baseline is 30ms
2025-11-11 17:35:27.781 [info] Started local extension host with pid 90018.
2025-11-11 17:35:28.997 [error] Cannot read properties of undefined (reading 'extensionId'): TypeError: Cannot read properties of undefined (reading 'extensionId')
    at t (vscode-file://vscode-app/opt/vscodium-bin/resources/app/out/vs/workbench/workbench.desktop.main.js:4070:2745)
    at tIt.recommendRemoteExtensionIfNeeded (vscode-file://vscode-app/opt/vscodium-bin/resources/app/out/vs/workbench/workbench.desktop.main.js:4070:3495)
2025-11-11 17:35:30.575 [info] [perf] Render performance baseline is 45ms
2025-11-11 17:42:29.589 [info] Started local extension host with pid 93149.
2025-11-11 17:42:30.819 [error] Cannot read properties of undefined (reading 'extensionId'): TypeError: Cannot read properties of undefined (reading 'extensionId')
    at t (vscode-file://vscode-app/opt/vscodium-bin/resources/app/out/vs/workbench/workbench.desktop.main.js:4070:2745)
    at tIt.recommendRemoteExtensionIfNeeded (vscode-file://vscode-app/opt/vscodium-bin/resources/app/out/vs/workbench/workbench.desktop.main.js:4070:3495)
2025-11-11 17:42:32.436 [info] [perf] Render performance baseline is 36ms
2025-11-11 17:47:07.394 [info] Started local extension host with pid 94587.
2025-11-11 17:47:08.537 [error] Cannot read properties of undefined (reading 'extensionId'): TypeError: Cannot read properties of undefined (reading 'extensionId')
    at t (vscode-file://vscode-app/opt/vscodium-bin/resources/app/out/vs/workbench/workbench.desktop.main.js:4070:2745)
    at tIt.recommendRemoteExtensionIfNeeded (vscode-file://vscode-app/opt/vscodium-bin/resources/app/out/vs/workbench/workbench.desktop.main.js:4070:3495)
2025-11-11 17:47:10.212 [info] [perf] Render performance baseline is 48ms
2025-11-11 18:51:56.637 [info] Started local extension host with pid 114414.
2025-11-11 18:51:59.284 [error] Cannot read properties of undefined (reading 'extensionId'): TypeError: Cannot read properties of undefined (reading 'extensionId')
    at t (vscode-file://vscode-app/opt/vscodium-bin/resources/app/out/vs/workbench/workbench.desktop.main.js:4070:2745)
    at tIt.recommendRemoteExtensionIfNeeded (vscode-file://vscode-app/opt/vscodium-bin/resources/app/out/vs/workbench/workbench.desktop.main.js:4070:3495)
2025-11-11 18:52:01.443 [info] [perf] Render performance baseline is 37ms
2025-11-11 18:52:14.605 [info] Started local extension host with pid 114804.
2025-11-11 18:52:15.777 [error] Cannot read properties of undefined (reading 'extensionId'): TypeError: Cannot read properties of undefined (reading 'extensionId')
    at t (vscode-file://vscode-app/opt/vscodium-bin/resources/app/out/vs/workbench/workbench.desktop.main.js:4070:2745)
    at tIt.recommendRemoteExtensionIfNeeded (vscode-file://vscode-app/opt/vscodium-bin/resources/app/out/vs/workbench/workbench.desktop.main.js:4070:3495)
2025-11-11 18:52:17.372 [info] [perf] Render performance baseline is 40ms
2025-11-11 18:55:04.384 [warning] [backup tracker] suspended, ignoring unregister event file:///mnt/media/Programmation/Docs/DankLinux-Docs/package.json 
