2025-11-09 11:37:29.193 [info] [main] Log level: Info
2025-11-09 11:37:29.193 [info] [main] Validating found git in: "git"
2025-11-09 11:37:29.193 [info] [main] Using git "2.51.2" from "git"
2025-11-09 11:37:29.193 [info] [Model][doInitialScan] Initial repository scan started
2025-11-09 11:37:29.193 [info] > git rev-parse --show-toplevel [9ms]
2025-11-09 11:37:29.193 [info] > git rev-parse --git-dir --git-common-dir --show-superproject-working-tree [7ms]
2025-11-09 11:37:29.193 [info] [Model][openRepository] Opened repository (path): /mnt/media/Programmation/Docs/DankLinux-Docs
2025-11-09 11:37:29.193 [info] [Model][openRepository] Opened repository (real path): /mnt/media/Programmation/Docs/DankLinux-Docs
2025-11-09 11:37:29.193 [info] [Model][openRepository] Opened repository (kind): repository
2025-11-09 11:37:29.193 [info] > git rev-parse --show-toplevel [12ms]
2025-11-09 11:37:29.193 [info] > git config --get commit.template [17ms]
2025-11-09 11:37:29.207 [info] > git rev-parse --show-toplevel [14ms]
2025-11-09 11:37:29.217 [info] > git rev-parse --show-toplevel [3ms]
2025-11-09 11:37:29.226 [info] > git rev-parse --show-toplevel [3ms]
2025-11-09 11:37:29.235 [info] > git rev-parse --show-toplevel [3ms]
2025-11-09 11:37:29.245 [info] > git rev-parse --show-toplevel [3ms]
2025-11-09 11:37:29.330 [info] > git for-each-ref --format=%(refname)%00%(upstream:short)%00%(objectname)%00%(upstream:track)%00%(upstream:remotename)%00%(upstream:remoteref) refs/heads/feature/layer-namespaces refs/remotes/feature/layer-namespaces [142ms]
2025-11-09 11:37:29.331 [info] > git rev-parse --show-toplevel [79ms]
2025-11-09 11:37:29.383 [info] > git rev-parse --show-toplevel [42ms]
2025-11-09 11:37:29.395 [info] > git rev-parse --show-toplevel [2ms]
2025-11-09 11:37:29.396 [info] [Model][doInitialScan] Initial repository scan completed - repositories (1), closed repositories (0), parent repositories (0), unsafe repositories (0)
2025-11-09 11:37:29.417 [info] > git ls-files --stage -- docs/dankmaterialshell/layers.mdx [6ms]
2025-11-09 11:37:29.425 [info] > git status -z -uall [76ms]
2025-11-09 11:37:29.491 [info] > git check-ignore -v -z --stdin [1ms]
2025-11-09 11:37:29.578 [info] > git for-each-ref --sort -committerdate --format %(refname)%00%(objectname)%00%(*objectname) [222ms]
2025-11-09 11:37:29.623 [info] > git show --textconv :docs/dankmaterialshell/layers.mdx [219ms]
2025-11-09 11:37:29.633 [info] > git cat-file -s 509513afe8ca14d93a1d92e1bb2016a8b6e685fc [209ms]
2025-11-09 11:37:29.638 [info] > git config --get commit.template [15ms]
2025-11-09 11:37:29.638 [info] > git for-each-ref --format=%(refname)%00%(upstream:short)%00%(objectname)%00%(upstream:track)%00%(upstream:remotename)%00%(upstream:remoteref) refs/heads/feature/layer-namespaces refs/remotes/feature/layer-namespaces [24ms]
2025-11-09 11:37:29.657 [info] > git config --get --local branch.feature/layer-namespaces.vscode-merge-base [12ms]
2025-11-09 11:37:29.679 [info] > git for-each-ref --format=%(refname)%00%(upstream:short)%00%(objectname)%00%(upstream:track)%00%(upstream:remotename)%00%(upstream:remoteref) refs/heads/origin/master refs/remotes/origin/master [12ms]
2025-11-09 11:37:29.690 [info] > git merge-base refs/heads/feature/layer-namespaces refs/remotes/origin/feature/layer-namespaces [3ms]
2025-11-09 11:37:29.697 [info] > git for-each-ref --format=%(refname)%00%(upstream:short)%00%(objectname)%00%(upstream:track)%00%(upstream:remotename)%00%(upstream:remoteref) refs/heads/feature/layer-namespaces refs/remotes/feature/layer-namespaces [19ms]
2025-11-09 11:37:29.700 [info] > git diff --name-status -z --diff-filter=ADMR 1ecbb34f0781a5aafc62bdcd262e3837fc40d30f...refs/remotes/origin/feature/layer-namespaces [3ms]
2025-11-09 11:37:29.731 [info] > git status -z -uall [18ms]
2025-11-09 11:37:29.735 [info] > git for-each-ref --sort -committerdate --format %(refname)%00%(objectname)%00%(*objectname) [15ms]
2025-11-09 11:37:29.843 [info] > git blame --root --incremental 1ecbb34f0781a5aafc62bdcd262e3837fc40d30f -- docs/dankmaterialshell/layers.mdx [113ms]
2025-11-09 11:41:21.191 [info] > git config --get commit.template [12ms]
2025-11-09 11:41:21.192 [info] > git for-each-ref --format=%(refname)%00%(upstream:short)%00%(objectname)%00%(upstream:track)%00%(upstream:remotename)%00%(upstream:remoteref) refs/heads/feature/layer-namespaces refs/remotes/feature/layer-namespaces [2ms]
2025-11-09 11:41:21.213 [info] > git status -z -uall [14ms]
2025-11-09 11:41:21.215 [info] > git for-each-ref --sort -committerdate --format %(refname)%00%(objectname)%00%(*objectname) [3ms]
2025-11-09 11:42:09.453 [info] > git config --get commit.template [14ms]
2025-11-09 11:42:09.455 [info] > git for-each-ref --format=%(refname)%00%(upstream:short)%00%(objectname)%00%(upstream:track)%00%(upstream:remotename)%00%(upstream:remoteref) refs/heads/feature/layer-namespaces refs/remotes/feature/layer-namespaces [3ms]
2025-11-09 11:42:09.471 [info] > git status -z -uall [9ms]
2025-11-09 11:42:09.472 [info] > git for-each-ref --sort -committerdate --format %(refname)%00%(objectname)%00%(*objectname) [2ms]
2025-11-09 11:42:35.134 [info] > git config --get commit.template [8ms]
2025-11-09 11:42:35.135 [info] > git for-each-ref --format=%(refname)%00%(upstream:short)%00%(objectname)%00%(upstream:track)%00%(upstream:remotename)%00%(upstream:remoteref) refs/heads/feature/layer-namespaces refs/remotes/feature/layer-namespaces [2ms]
2025-11-09 11:42:35.149 [info] > git status -z -uall [7ms]
2025-11-09 11:42:35.525 [info] > git for-each-ref --sort -committerdate --format %(refname)%00%(objectname)%00%(*objectname) [377ms]
2025-11-09 11:43:01.808 [info] > git config --get commit.template [14ms]
2025-11-09 11:43:01.810 [info] > git for-each-ref --format=%(refname)%00%(upstream:short)%00%(objectname)%00%(upstream:track)%00%(upstream:remotename)%00%(upstream:remoteref) refs/heads/feature/layer-namespaces refs/remotes/feature/layer-namespaces [3ms]
2025-11-09 11:43:01.835 [info] > git status -z -uall [14ms]
2025-11-09 11:43:01.836 [info] > git for-each-ref --sort -committerdate --format %(refname)%00%(objectname)%00%(*objectname) [2ms]
2025-11-09 11:43:07.196 [info] > git config --get commit.template [9ms]
2025-11-09 11:43:07.210 [info] > git for-each-ref --format=%(refname)%00%(upstream:short)%00%(objectname)%00%(upstream:track)%00%(upstream:remotename)%00%(upstream:remoteref) refs/heads/feature/layer-namespaces refs/remotes/feature/layer-namespaces [2ms]
2025-11-09 11:43:07.229 [info] > git status -z -uall [10ms]
2025-11-09 11:43:07.231 [info] > git for-each-ref --sort -committerdate --format %(refname)%00%(objectname)%00%(*objectname) [3ms]
2025-11-09 11:43:24.646 [info] > git config --get commit.template [11ms]
2025-11-09 11:43:24.659 [info] > git for-each-ref --format=%(refname)%00%(upstream:short)%00%(objectname)%00%(upstream:track)%00%(upstream:remotename)%00%(upstream:remoteref) refs/heads/feature/layer-namespaces refs/remotes/feature/layer-namespaces [14ms]
2025-11-09 11:43:24.681 [info] > git status -z -uall [8ms]
2025-11-09 11:43:24.682 [info] > git for-each-ref --sort -committerdate --format %(refname)%00%(objectname)%00%(*objectname) [2ms]
