2025-11-16 14:13:33.225 [info] Started local extension host with pid 58495.
2025-11-16 14:13:35.257 [error] Cannot read properties of undefined (reading 'extensionId'): TypeError: Cannot read properties of undefined (reading 'extensionId')
    at t (vscode-file://vscode-app/opt/vscodium-bin/resources/app/out/vs/workbench/workbench.desktop.main.js:4070:2745)
    at tIt.recommendRemoteExtensionIfNeeded (vscode-file://vscode-app/opt/vscodium-bin/resources/app/out/vs/workbench/workbench.desktop.main.js:4070:3495)
2025-11-16 14:13:36.906 [info] [perf] Render performance baseline is 28ms
2025-11-16 14:13:45.363 [warning] [backup tracker] suspended, ignoring unregister event file:///mnt/media/Programmation/Docs/DankLinux-Docs/package.json 
2025-11-16 14:13:45.903 [info] Started local extension host with pid 58824.
2025-11-16 14:13:46.998 [error] Cannot read properties of undefined (reading 'extensionId'): TypeError: Cannot read properties of undefined (reading 'extensionId')
    at t (vscode-file://vscode-app/opt/vscodium-bin/resources/app/out/vs/workbench/workbench.desktop.main.js:4070:2745)
    at tIt.recommendRemoteExtensionIfNeeded (vscode-file://vscode-app/opt/vscodium-bin/resources/app/out/vs/workbench/workbench.desktop.main.js:4070:3495)
2025-11-16 14:13:48.602 [info] [perf] Render performance baseline is 31ms
2025-11-16 14:31:47.939 [error] spawn truecolor ENOENT: Error: spawn truecolor ENOENT
    at ChildProcess._handle.onexit (node:internal/child_process:285:19)
    at onErrorNT (node:internal/child_process:483:16)
    at process.processTicksAndRejections (node:internal/process/task_queues:90:21)
2025-11-16 17:07:06.176 [info] Started local extension host with pid 135374.
2025-11-16 17:07:07.596 [error] Cannot read properties of undefined (reading 'extensionId'): TypeError: Cannot read properties of undefined (reading 'extensionId')
    at t (vscode-file://vscode-app/opt/vscodium-bin/resources/app/out/vs/workbench/workbench.desktop.main.js:4070:2745)
    at tIt.recommendRemoteExtensionIfNeeded (vscode-file://vscode-app/opt/vscodium-bin/resources/app/out/vs/workbench/workbench.desktop.main.js:4070:3495)
2025-11-16 17:07:09.842 [info] [perf] Render performance baseline is 36ms
2025-11-16 17:14:17.824 [info] Started local extension host with pid 142679.
2025-11-16 17:14:18.409 [error] Cannot read properties of undefined (reading 'extensionId'): TypeError: Cannot read properties of undefined (reading 'extensionId')
    at t (vscode-file://vscode-app/opt/vscodium-bin/resources/app/out/vs/workbench/workbench.desktop.main.js:4070:2745)
    at tIt.recommendRemoteExtensionIfNeeded (vscode-file://vscode-app/opt/vscodium-bin/resources/app/out/vs/workbench/workbench.desktop.main.js:4070:3495)
2025-11-16 17:14:20.935 [info] [perf] Render performance baseline is 34ms
2025-11-16 17:14:28.766 [info] Started local extension host with pid 142888.
2025-11-16 17:14:29.950 [error] Cannot read properties of undefined (reading 'extensionId'): TypeError: Cannot read properties of undefined (reading 'extensionId')
    at t (vscode-file://vscode-app/opt/vscodium-bin/resources/app/out/vs/workbench/workbench.desktop.main.js:4070:2745)
    at tIt.recommendRemoteExtensionIfNeeded (vscode-file://vscode-app/opt/vscodium-bin/resources/app/out/vs/workbench/workbench.desktop.main.js:4070:3495)
2025-11-16 17:14:31.500 [info] [perf] Render performance baseline is 32ms
2025-11-16 17:14:46.902 [info] Started local extension host with pid 143241.
2025-11-16 17:14:48.437 [error] Cannot read properties of undefined (reading 'extensionId'): TypeError: Cannot read properties of undefined (reading 'extensionId')
    at t (vscode-file://vscode-app/opt/vscodium-bin/resources/app/out/vs/workbench/workbench.desktop.main.js:4070:2745)
    at tIt.recommendRemoteExtensionIfNeeded (vscode-file://vscode-app/opt/vscodium-bin/resources/app/out/vs/workbench/workbench.desktop.main.js:4070:3495)
2025-11-16 17:14:49.656 [info] [perf] Render performance baseline is 33ms
