2025-11-10 22:06:27.482 [info] [main] Log level: Info
2025-11-10 22:06:27.482 [info] [main] Validating found git in: "git"
2025-11-10 22:06:27.482 [info] [main] Using git "2.51.2" from "git"
2025-11-10 22:06:27.482 [info] [Model][doInitialScan] Initial repository scan started
2025-11-10 22:06:27.482 [info] > git rev-parse --show-toplevel [6ms]
2025-11-10 22:06:27.482 [info] > git rev-parse --git-dir --git-common-dir --show-superproject-working-tree [6ms]
2025-11-10 22:06:27.482 [info] [Model][openRepository] Opened repository (path): /mnt/media/Programmation/Docs/DankLinux-Docs
2025-11-10 22:06:27.482 [info] [Model][openRepository] Opened repository (real path): /mnt/media/Programmation/Docs/DankLinux-Docs
2025-11-10 22:06:27.482 [info] [Model][openRepository] Opened repository (kind): repository
2025-11-10 22:06:27.482 [info] > git rev-parse --show-toplevel [14ms]
2025-11-10 22:06:27.482 [info] > git config --get commit.template [22ms]
2025-11-10 22:06:27.492 [info] > git rev-parse --show-toplevel [210ms]
2025-11-10 22:06:27.528 [info] > git for-each-ref --format=%(refname)%00%(upstream:short)%00%(objectname)%00%(upstream:track)%00%(upstream:remotename)%00%(upstream:remoteref) refs/heads/doc/layer-namespace-fix refs/remotes/doc/layer-namespace-fix [46ms]
2025-11-10 22:06:27.532 [info] > git rev-parse --show-toplevel [5ms]
2025-11-10 22:06:27.559 [info] > git rev-parse --show-toplevel [20ms]
2025-11-10 22:06:27.660 [info] > git status -z -uall [110ms]
2025-11-10 22:06:27.660 [info] > git rev-parse --show-toplevel [94ms]
2025-11-10 22:06:27.673 [info] > git rev-parse --show-toplevel [3ms]
2025-11-10 22:06:27.707 [info] > git rev-parse --show-toplevel [12ms]
2025-11-10 22:06:27.715 [info] > git rev-parse --show-toplevel [2ms]
2025-11-10 22:06:27.722 [info] > git rev-parse --show-toplevel [2ms]
2025-11-10 22:06:27.722 [info] [Model][doInitialScan] Initial repository scan completed - repositories (1), closed repositories (0), parent repositories (0), unsafe repositories (0)
2025-11-10 22:06:27.740 [info] > git ls-files --stage -- docs/dankmaterialshell/layers.mdx [1ms]
2025-11-10 22:06:27.750 [info] > git for-each-ref --sort -committerdate --format %(refname)%00%(objectname)%00%(*objectname) [192ms]
2025-11-10 22:06:27.798 [info] > git check-ignore -v -z --stdin [4ms]
2025-11-10 22:06:27.811 [info] > git config --get commit.template [25ms]
2025-11-10 22:06:27.811 [info] > git for-each-ref --format=%(refname)%00%(upstream:short)%00%(objectname)%00%(upstream:track)%00%(upstream:remotename)%00%(upstream:remoteref) refs/heads/doc/layer-namespace-fix refs/remotes/doc/layer-namespace-fix [33ms]
2025-11-10 22:06:27.834 [info] > git show --textconv :docs/dankmaterialshell/layers.mdx [102ms]
2025-11-10 22:06:27.835 [info] > git cat-file -s 4cac209d3c93a95da2413e4d5dd809425f76a89c [88ms]
2025-11-10 22:06:27.836 [info] > git config --get --local branch.doc/layer-namespace-fix.vscode-merge-base [18ms]
2025-11-10 22:06:27.848 [info] > git for-each-ref --format=%(refname)%00%(upstream:short)%00%(objectname)%00%(upstream:track)%00%(upstream:remotename)%00%(upstream:remoteref) refs/heads/origin/master refs/remotes/origin/master [4ms]
2025-11-10 22:06:27.856 [info] > git for-each-ref --format=%(refname)%00%(upstream:short)%00%(objectname)%00%(upstream:track)%00%(upstream:remotename)%00%(upstream:remoteref) refs/heads/doc/layer-namespace-fix refs/remotes/doc/layer-namespace-fix [23ms]
2025-11-10 22:06:27.859 [info] > git merge-base refs/heads/doc/layer-namespace-fix refs/remotes/origin/doc/layer-namespace-fix [3ms]
2025-11-10 22:06:27.885 [info] > git status -z -uall [11ms]
2025-11-10 22:06:27.885 [info] > git diff --name-status -z --diff-filter=ADMR 03d3a2ab1141b3fd92a3b431138007ba55cfe598...refs/remotes/origin/doc/layer-namespace-fix [19ms]
2025-11-10 22:06:27.901 [info] > git for-each-ref --sort -committerdate --format %(refname)%00%(objectname)%00%(*objectname) [19ms]
2025-11-10 22:06:28.023 [info] > git blame --root --incremental 03d3a2ab1141b3fd92a3b431138007ba55cfe598 -- docs/dankmaterialshell/layers.mdx [122ms]
2025-11-10 22:07:28.417 [info] [main] Log level: Info
2025-11-10 22:07:28.417 [info] [main] Validating found git in: "git"
2025-11-10 22:07:28.417 [info] [main] Using git "2.51.2" from "git"
2025-11-10 22:07:28.417 [info] [Model][doInitialScan] Initial repository scan started
2025-11-10 22:07:28.417 [info] > git rev-parse --show-toplevel [148ms]
2025-11-10 22:07:28.421 [info] > git rev-parse --git-dir --git-common-dir --show-superproject-working-tree [4ms]
2025-11-10 22:07:28.433 [info] [Model][openRepository] Opened repository (path): /mnt/media/Programmation/Webdev/Zen mods/floaty-ui
2025-11-10 22:07:28.433 [info] [Model][openRepository] Opened repository (real path): /mnt/media/Programmation/Webdev/Zen mods/floaty-ui
2025-11-10 22:07:28.433 [info] [Model][openRepository] Opened repository (kind): repository
2025-11-10 22:07:28.450 [info] > git rev-parse --show-toplevel [3ms]
2025-11-10 22:07:28.450 [info] [Model][doInitialScan] Initial repository scan completed - repositories (1), closed repositories (0), parent repositories (0), unsafe repositories (0)
2025-11-10 22:07:28.451 [info] > git config --get commit.template [8ms]
2025-11-10 22:07:28.499 [info] > git for-each-ref --format=%(refname)%00%(upstream:short)%00%(objectname)%00%(upstream:track)%00%(upstream:remotename)%00%(upstream:remoteref) refs/heads/main refs/remotes/main [3ms]
2025-11-10 22:07:28.505 [warning] [Git][revParse] Unable to read file: ENOENT: no such file or directory, open '/mnt/media/Programmation/Webdev/Zen mods/floaty-ui/.git/refs/remotes/origin/main'
2025-11-10 22:07:28.506 [info] > git rev-parse refs/remotes/origin/main [2ms]
2025-11-10 22:07:28.520 [info] > git for-each-ref --sort -committerdate --format %(refname)%00%(objectname)%00%(*objectname) [2ms]
2025-11-10 22:07:28.536 [info] > git status -z -uall [24ms]
2025-11-10 22:07:28.563 [info] > git for-each-ref --format=%(refname)%00%(upstream:short)%00%(objectname)%00%(upstream:track)%00%(upstream:remotename)%00%(upstream:remoteref) refs/heads/main refs/remotes/main [8ms]
2025-11-10 22:07:28.570 [info] > git config --get --local branch.main.vscode-merge-base [2ms]
2025-11-10 22:07:28.570 [warning] [Git][config] git config failed: Failed to execute git
2025-11-10 22:07:28.575 [info] > git config --get commit.template [12ms]
2025-11-10 22:07:28.605 [info] > git reflog main --grep-reflog=branch: Created from *. [30ms]
2025-11-10 22:07:28.615 [info] > git symbolic-ref --short refs/remotes/origin/HEAD [4ms]
2025-11-10 22:07:28.623 [info] > git for-each-ref --format=%(refname)%00%(upstream:short)%00%(objectname)%00%(upstream:track)%00%(upstream:remotename)%00%(upstream:remoteref) refs/heads/main refs/remotes/main [18ms]
2025-11-10 22:07:28.629 [warning] [Git][revParse] Unable to read file: ENOENT: no such file or directory, open '/mnt/media/Programmation/Webdev/Zen mods/floaty-ui/.git/refs/remotes/origin/main'
2025-11-10 22:07:28.632 [info] > git for-each-ref --format=%(refname)%00%(upstream:short)%00%(objectname)%00%(upstream:track)%00%(upstream:remotename)%00%(upstream:remoteref) refs/heads/origin/main refs/remotes/origin/main [10ms]
2025-11-10 22:07:28.641 [info] > git rev-parse refs/remotes/origin/main [12ms]
2025-11-10 22:07:28.654 [info] > git config --add --local branch.main.vscode-merge-base origin/main [14ms]
2025-11-10 22:07:28.655 [info] > git for-each-ref --sort -committerdate --format %(refname)%00%(objectname)%00%(*objectname) [2ms] (cancelled)
2025-11-10 22:07:28.663 [info] > git status -z -uall [16ms] (cancelled)
2025-11-10 22:07:28.671 [info] > git config --get commit.template [8ms]
2025-11-10 22:07:28.674 [info] > git for-each-ref --format=%(refname)%00%(upstream:short)%00%(objectname)%00%(upstream:track)%00%(upstream:remotename)%00%(upstream:remoteref) refs/heads/main refs/remotes/main [3ms]
2025-11-10 22:07:28.680 [warning] [Git][revParse] Unable to read file: ENOENT: no such file or directory, open '/mnt/media/Programmation/Webdev/Zen mods/floaty-ui/.git/refs/remotes/origin/main'
2025-11-10 22:07:28.682 [info] > git rev-parse refs/remotes/origin/main [2ms]
2025-11-10 22:07:28.698 [info] > git for-each-ref --sort -committerdate --format %(refname)%00%(objectname)%00%(*objectname) [3ms]
2025-11-10 22:07:28.708 [info] > git status -z -uall [21ms]
2025-11-10 22:07:28.724 [info] > git merge-base refs/heads/main refs/remotes/origin/main [7ms]
2025-11-10 22:07:28.734 [info] > git merge-base refs/heads/main refs/remotes/origin/main [10ms]
2025-11-10 22:07:28.740 [info] > git diff --name-status -z --diff-filter=ADMR a54b3a5714d974a7f26b25f3c3d8c5510083b071...refs/remotes/origin/main [7ms]
2025-11-10 22:07:28.741 [info] > git diff --name-status -z --diff-filter=ADMR a54b3a5714d974a7f26b25f3c3d8c5510083b071...refs/remotes/origin/main [2ms]
2025-11-10 22:07:28.965 [info] > git check-ignore -v -z --stdin [3ms]
2025-11-10 22:07:29.758 [info] > git config --get commit.template [11ms]
2025-11-10 22:07:29.762 [info] > git for-each-ref --format=%(refname)%00%(upstream:short)%00%(objectname)%00%(upstream:track)%00%(upstream:remotename)%00%(upstream:remoteref) refs/heads/main refs/remotes/main [5ms]
2025-11-10 22:07:29.767 [warning] [Git][revParse] Unable to read file: ENOENT: no such file or directory, open '/mnt/media/Programmation/Webdev/Zen mods/floaty-ui/.git/refs/remotes/origin/main'
2025-11-10 22:07:29.768 [info] > git rev-parse refs/remotes/origin/main [1ms]
2025-11-10 22:07:29.782 [info] > git for-each-ref --sort -committerdate --format %(refname)%00%(objectname)%00%(*objectname) [3ms]
2025-11-10 22:07:29.795 [info] > git status -z -uall [22ms]
2025-11-10 22:07:31.929 [info] > git show --textconv :chrome.css [10ms]
2025-11-10 22:07:31.931 [info] > git ls-files --stage -- chrome.css [3ms]
2025-11-10 22:07:31.938 [info] > git cat-file -s 3fb35748863268b6e544106b5a875fe8bd70190b [1ms]
2025-11-10 22:07:53.989 [info] > git blame --root --incremental a54b3a5714d974a7f26b25f3c3d8c5510083b071 -- chrome.css [14ms]
2025-11-10 22:08:11.727 [info] > git config --get commit.template [9ms]
2025-11-10 22:08:11.728 [info] > git for-each-ref --format=%(refname)%00%(upstream:short)%00%(objectname)%00%(upstream:track)%00%(upstream:remotename)%00%(upstream:remoteref) refs/heads/main refs/remotes/main [2ms]
2025-11-10 22:08:11.733 [warning] [Git][revParse] Unable to read file: ENOENT: no such file or directory, open '/mnt/media/Programmation/Webdev/Zen mods/floaty-ui/.git/refs/remotes/origin/main'
2025-11-10 22:08:11.734 [info] > git rev-parse refs/remotes/origin/main [1ms]
2025-11-10 22:08:11.746 [info] > git for-each-ref --sort -committerdate --format %(refname)%00%(objectname)%00%(*objectname) [1ms]
2025-11-10 22:08:11.761 [info] > git status -z -uall [21ms]
2025-11-10 22:09:08.173 [info] > git log --format=%H%n%aN%n%aE%n%at%n%ct%n%P%n%D%n%B -z --shortstat --diff-merges=first-parent -n50 --skip=0 --topo-order --decorate=full --stdin [218ms]
2025-11-10 22:09:10.282 [info] > git for-each-ref --sort -committerdate --format %(refname)%00%(objectname)%00%(*objectname) [4ms]
2025-11-10 22:09:20.419 [info] > git for-each-ref --sort -committerdate --format %(refname)%00%(objectname)%00%(*objectname) refs/heads [3ms]
2025-11-10 22:09:40.792 [info] > git checkout -q -b fix/broken-navbar-sizing --no-track HEAD [31ms]
2025-11-10 22:09:40.808 [info] > git config --get commit.template [8ms]
2025-11-10 22:09:40.808 [info] > git for-each-ref --format=%(refname)%00%(upstream:short)%00%(objectname)%00%(upstream:track)%00%(upstream:remotename)%00%(upstream:remoteref) refs/heads/fix/broken-navbar-sizing refs/remotes/fix/broken-navbar-sizing [1ms]
2025-11-10 22:09:40.823 [info] > git status -z -uall [8ms]
2025-11-10 22:09:40.824 [info] > git for-each-ref --sort -committerdate --format %(refname)%00%(objectname)%00%(*objectname) [2ms]
2025-11-10 22:09:40.839 [info] > git for-each-ref --format=%(refname)%00%(upstream:short)%00%(objectname)%00%(upstream:track)%00%(upstream:remotename)%00%(upstream:remoteref) refs/heads/fix/broken-navbar-sizing refs/remotes/fix/broken-navbar-sizing [3ms]
2025-11-10 22:09:40.853 [info] > git config --get --local branch.fix/broken-navbar-sizing.vscode-merge-base [3ms]
2025-11-10 22:09:40.853 [warning] [Git][config] git config failed: Failed to execute git
2025-11-10 22:09:40.868 [info] > git reflog fix/broken-navbar-sizing --grep-reflog=branch: Created from *. [5ms]
2025-11-10 22:09:40.880 [info] > git reflog HEAD --grep-reflog=checkout: moving from .* to fix/broken-navbar-sizing [4ms]
2025-11-10 22:09:40.890 [info] > git for-each-ref --format=%(refname)%00%(upstream:short)%00%(objectname)%00%(upstream:track)%00%(upstream:remotename)%00%(upstream:remoteref) refs/heads/main refs/remotes/main [2ms]
2025-11-10 22:09:40.899 [info] > git for-each-ref --format=%(refname)%00%(upstream:short)%00%(objectname)%00%(upstream:track)%00%(upstream:remotename)%00%(upstream:remoteref) refs/remotes/origin/main [1ms]
2025-11-10 22:09:40.906 [info] > git config --add --local branch.fix/broken-navbar-sizing.vscode-merge-base origin/main [2ms]
2025-11-10 22:09:40.918 [info] > git config --get commit.template [5ms]
2025-11-10 22:09:40.919 [info] > git for-each-ref --format=%(refname)%00%(upstream:short)%00%(objectname)%00%(upstream:track)%00%(upstream:remotename)%00%(upstream:remoteref) refs/heads/fix/broken-navbar-sizing refs/remotes/fix/broken-navbar-sizing [2ms]
2025-11-10 22:09:40.932 [info] > git status -z -uall [9ms]
2025-11-10 22:09:40.932 [info] > git for-each-ref --sort -committerdate --format %(refname)%00%(objectname)%00%(*objectname) [3ms]
2025-11-10 22:09:40.954 [info] > git log --format=%H%n%aN%n%aE%n%at%n%ct%n%P%n%D%n%B -z --shortstat --diff-merges=first-parent -n50 --skip=0 --topo-order --decorate=full --stdin [13ms]
2025-11-10 22:09:42.055 [info] > git config --get commit.template [11ms]
2025-11-10 22:09:42.058 [info] > git for-each-ref --format=%(refname)%00%(upstream:short)%00%(objectname)%00%(upstream:track)%00%(upstream:remotename)%00%(upstream:remoteref) refs/heads/fix/broken-navbar-sizing refs/remotes/fix/broken-navbar-sizing [4ms]
2025-11-10 22:09:42.077 [info] > git status -z -uall [11ms]
2025-11-10 22:09:42.078 [info] > git for-each-ref --sort -committerdate --format %(refname)%00%(objectname)%00%(*objectname) [3ms]
2025-11-10 22:09:42.146 [info] > git ls-files --stage -- chrome.css [1ms]
2025-11-10 22:09:42.154 [info] > git cat-file -s 3fb35748863268b6e544106b5a875fe8bd70190b [1ms]
2025-11-10 22:09:42.168 [info] > git show --textconv :chrome.css [2ms]
2025-11-10 22:09:43.620 [info] > git add -A -- chrome.css [5ms]
2025-11-10 22:09:43.645 [info] > git config --get commit.template [11ms]
2025-11-10 22:09:43.646 [info] > git for-each-ref --format=%(refname)%00%(upstream:short)%00%(objectname)%00%(upstream:track)%00%(upstream:remotename)%00%(upstream:remoteref) refs/heads/fix/broken-navbar-sizing refs/remotes/fix/broken-navbar-sizing [3ms]
2025-11-10 22:09:43.666 [info] > git status -z -uall [12ms]
2025-11-10 22:09:43.667 [info] > git for-each-ref --sort -committerdate --format %(refname)%00%(objectname)%00%(*objectname) [3ms]
2025-11-10 22:09:43.996 [info] > git show --textconv HEAD:chrome.css [11ms]
2025-11-10 22:09:43.998 [info] > git ls-tree -l HEAD -- chrome.css [3ms]
2025-11-10 22:09:44.818 [info] > git ls-files --stage -- chrome.css [9ms]
2025-11-10 22:09:44.827 [info] > git ls-tree -l HEAD -- chrome.css [10ms]
2025-11-10 22:09:44.829 [info] > git cat-file -s cf57caac76056903713bc08faf466b5abd608e94 [3ms]
2025-11-10 22:09:44.847 [info] > git show --textconv HEAD:chrome.css [10ms]
2025-11-10 22:09:44.848 [info] > git show --textconv :chrome.css [2ms]
2025-11-10 22:09:47.102 [info] > git config --get commit.template [8ms]
2025-11-10 22:09:47.103 [info] > git for-each-ref --format=%(refname)%00%(upstream:short)%00%(objectname)%00%(upstream:track)%00%(upstream:remotename)%00%(upstream:remoteref) refs/heads/fix/broken-navbar-sizing refs/remotes/fix/broken-navbar-sizing [2ms]
2025-11-10 22:09:47.122 [info] > git status -z -uall [10ms]
2025-11-10 22:09:47.124 [info] > git for-each-ref --sort -committerdate --format %(refname)%00%(objectname)%00%(*objectname) [3ms]
2025-11-10 22:09:52.562 [info] > git -c user.useConfigOnly=true commit --quiet --allow-empty-message --file - [9ms]
2025-11-10 22:09:52.572 [info] > git config --get commit.template [3ms]
2025-11-10 22:09:52.580 [info] > git config --get commit.template [1ms]
2025-11-10 22:09:52.586 [info] > git for-each-ref --format=%(refname)%00%(upstream:short)%00%(objectname)%00%(upstream:track)%00%(upstream:remotename)%00%(upstream:remoteref) refs/heads/fix/broken-navbar-sizing refs/remotes/fix/broken-navbar-sizing [1ms]
2025-11-10 22:09:52.598 [info] > git status -z -uall [7ms]
2025-11-10 22:09:52.599 [info] > git for-each-ref --sort -committerdate --format %(refname)%00%(objectname)%00%(*objectname) [2ms]
2025-11-10 22:09:52.613 [info] > git blame --root --incremental 8cfb37e37c95fabe26a664fb7fcf86f729fa40c2 -- chrome.css [5ms]
2025-11-10 22:09:52.647 [info] > git config --get commit.template [1ms]
2025-11-10 22:09:52.654 [info] > git log --format=%H%n%aN%n%aE%n%at%n%ct%n%P%n%D%n%B -z --shortstat --diff-merges=first-parent -n50 --skip=0 --topo-order --decorate=full --stdin [27ms]
2025-11-10 22:09:52.657 [info] > git for-each-ref --format=%(refname)%00%(upstream:short)%00%(objectname)%00%(upstream:track)%00%(upstream:remotename)%00%(upstream:remoteref) refs/heads/fix/broken-navbar-sizing refs/remotes/fix/broken-navbar-sizing [3ms]
2025-11-10 22:09:52.671 [info] > git status -z -uall [7ms]
2025-11-10 22:09:52.672 [info] > git for-each-ref --sort -committerdate --format %(refname)%00%(objectname)%00%(*objectname) [2ms]
2025-11-10 22:09:53.758 [info] > git ls-files --stage -- chrome.css [1ms]
2025-11-10 22:09:53.770 [info] > git cat-file -s cf57caac76056903713bc08faf466b5abd608e94 [2ms]
2025-11-10 22:09:53.785 [info] > git show --textconv :chrome.css [4ms]
2025-11-10 22:09:59.426 [info] > git push -u origin fix/broken-navbar-sizing [6139ms]
2025-11-10 22:09:59.426 [info] remote: 
remote: Create a pull request for 'fix/broken-navbar-sizing' on GitHub by visiting:        
remote:      https://github.com/claymorwan/floaty-ui/pull/new/fix/broken-navbar-sizing        
remote: 
To github.com:claymorwan/floaty-ui.git
 * [new branch]      fix/broken-navbar-sizing -> fix/broken-navbar-sizing
2025-11-10 22:09:59.443 [info] > git config --get commit.template [8ms]
2025-11-10 22:09:59.445 [info] > git for-each-ref --format=%(refname)%00%(upstream:short)%00%(objectname)%00%(upstream:track)%00%(upstream:remotename)%00%(upstream:remoteref) refs/heads/fix/broken-navbar-sizing refs/remotes/fix/broken-navbar-sizing [3ms]
2025-11-10 22:09:59.461 [info] > git status -z -uall [9ms]
2025-11-10 22:09:59.465 [info] > git for-each-ref --sort -committerdate --format %(refname)%00%(objectname)%00%(*objectname) [4ms]
2025-11-10 22:09:59.480 [info] > git merge-base refs/heads/fix/broken-navbar-sizing refs/remotes/origin/fix/broken-navbar-sizing [5ms]
2025-11-10 22:09:59.502 [info] > git diff --name-status -z --diff-filter=ADMR 8cfb37e37c95fabe26a664fb7fcf86f729fa40c2...refs/remotes/origin/fix/broken-navbar-sizing [10ms]
2025-11-10 22:09:59.514 [info] > git log --format=%H%n%aN%n%aE%n%at%n%ct%n%P%n%D%n%B -z --shortstat --diff-merges=first-parent -n50 --skip=0 --topo-order --decorate=full --stdin [13ms]
2025-11-10 22:10:00.541 [info] > git config --get commit.template [9ms]
2025-11-10 22:10:00.544 [info] > git for-each-ref --format=%(refname)%00%(upstream:short)%00%(objectname)%00%(upstream:track)%00%(upstream:remotename)%00%(upstream:remoteref) refs/heads/fix/broken-navbar-sizing refs/remotes/fix/broken-navbar-sizing [3ms]
2025-11-10 22:10:00.565 [info] > git status -z -uall [11ms]
2025-11-10 22:10:00.568 [info] > git for-each-ref --sort -committerdate --format %(refname)%00%(objectname)%00%(*objectname) [4ms]
2025-11-10 22:10:00.637 [info] > git ls-files --stage -- chrome.css [2ms]
2025-11-10 22:10:00.649 [info] > git cat-file -s cf57caac76056903713bc08faf466b5abd608e94 [3ms]
2025-11-10 22:10:00.663 [info] > git show --textconv :chrome.css [4ms]
