2025-11-07 20:40:31.473 [info] [main] Log level: Info
2025-11-07 20:40:31.473 [info] [main] Validating found git in: "git"
2025-11-07 20:40:31.473 [info] [main] Using git "2.51.2" from "git"
2025-11-07 20:40:31.473 [info] [Model][doInitialScan] Initial repository scan started
2025-11-07 20:40:31.473 [info] > git rev-parse --show-toplevel [13ms]
2025-11-07 20:40:31.473 [info] > git rev-parse --path-format=relative --show-toplevel [4ms]
2025-11-07 20:40:31.473 [info] [Model][doInitialScan] Initial repository scan completed - repositories (0), closed repositories (0), parent repositories (1), unsafe repositories (0)
2025-11-07 20:40:56.427 [info] [main] Log level: Info
2025-11-07 20:40:56.427 [info] [main] Validating found git in: "git"
2025-11-07 20:40:56.427 [info] [main] Using git "2.51.2" from "git"
2025-11-07 20:40:56.427 [info] [Model][doInitialScan] Initial repository scan started
2025-11-07 20:40:56.427 [info] > git rev-parse --show-toplevel [115ms]
2025-11-07 20:40:56.428 [info] > git rev-parse --git-dir --git-common-dir --show-superproject-working-tree [14ms]
2025-11-07 20:40:56.442 [info] [Model][openRepository] Opened repository (path): /mnt/media/Programmation/Qml/DankMaterialShell
2025-11-07 20:40:56.442 [info] [Model][openRepository] Opened repository (real path): /mnt/media/Programmation/Qml/DankMaterialShell
2025-11-07 20:40:56.442 [info] [Model][openRepository] Opened repository (kind): repository
2025-11-07 20:40:56.818 [info] > git config --get commit.template [213ms]
2025-11-07 20:40:56.859 [info] > git for-each-ref --format=%(refname)%00%(upstream:short)%00%(objectname)%00%(upstream:track)%00%(upstream:remotename)%00%(upstream:remoteref) refs/heads/feature/layer-namespaces refs/remotes/feature/layer-namespaces [26ms]
2025-11-07 20:40:56.930 [info] > git rev-parse --show-toplevel [45ms]
2025-11-07 20:40:56.938 [info] > git rev-parse --show-toplevel [2ms]
2025-11-07 20:40:56.945 [info] > git rev-parse --show-toplevel [1ms]
2025-11-07 20:40:56.952 [info] > git rev-parse --show-toplevel [1ms]
2025-11-07 20:40:56.958 [info] > git rev-parse --show-toplevel [1ms]
2025-11-07 20:40:56.965 [info] > git rev-parse --show-toplevel [1ms]
2025-11-07 20:40:56.972 [info] > git rev-parse --show-toplevel [2ms]
2025-11-07 20:40:56.978 [info] > git rev-parse --show-toplevel [1ms]
2025-11-07 20:40:56.984 [info] > git rev-parse --show-toplevel [1ms]
2025-11-07 20:40:56.991 [info] > git rev-parse --show-toplevel [2ms]
2025-11-07 20:40:56.999 [info] > git rev-parse --show-toplevel [1ms]
2025-11-07 20:40:57.005 [info] > git rev-parse --show-toplevel [1ms]
2025-11-07 20:40:57.012 [info] > git rev-parse --show-toplevel [1ms]
2025-11-07 20:40:57.018 [info] > git rev-parse --show-toplevel [1ms]
2025-11-07 20:40:57.026 [info] > git rev-parse --show-toplevel [2ms]
2025-11-07 20:40:57.032 [info] > git rev-parse --show-toplevel [1ms]
2025-11-07 20:40:57.032 [info] [Model][doInitialScan] Initial repository scan completed - repositories (1), closed repositories (0), parent repositories (0), unsafe repositories (0)
2025-11-07 20:40:57.277 [info] > git check-ignore -v -z --stdin [3ms]
2025-11-07 20:40:57.313 [info] > git status -z -uall [444ms]
2025-11-07 20:40:58.417 [info] > git for-each-ref --sort -committerdate --format %(refname)%00%(objectname)%00%(*objectname) [1541ms]
2025-11-07 20:40:58.480 [info] > git config --get commit.template [3ms]
2025-11-07 20:40:58.480 [info] > git for-each-ref --format=%(refname)%00%(upstream:short)%00%(objectname)%00%(upstream:track)%00%(upstream:remotename)%00%(upstream:remoteref) refs/heads/feature/layer-namespaces refs/remotes/feature/layer-namespaces [10ms]
2025-11-07 20:40:58.518 [info] > git config --get --local branch.feature/layer-namespaces.vscode-merge-base [33ms]
2025-11-07 20:40:58.529 [info] > git for-each-ref --format=%(refname)%00%(upstream:short)%00%(objectname)%00%(upstream:track)%00%(upstream:remotename)%00%(upstream:remoteref) refs/heads/origin/master refs/remotes/origin/master [3ms]
2025-11-07 20:40:58.538 [info] > git for-each-ref --format=%(refname)%00%(upstream:short)%00%(objectname)%00%(upstream:track)%00%(upstream:remotename)%00%(upstream:remoteref) refs/heads/feature/layer-namespaces refs/remotes/feature/layer-namespaces [20ms]
2025-11-07 20:40:58.542 [info] > git merge-base refs/heads/feature/layer-namespaces refs/remotes/origin/feature/layer-namespaces [4ms]
2025-11-07 20:40:58.563 [info] > git status -z -uall [8ms]
2025-11-07 20:40:58.563 [info] > git diff --name-status -z --diff-filter=ADMR 8ce9504534eba144d61093d0f765491eefc37b55...refs/remotes/origin/feature/layer-namespaces [15ms]
2025-11-07 20:40:58.567 [info] > git for-each-ref --sort -committerdate --format %(refname)%00%(objectname)%00%(*objectname) [4ms]
2025-11-07 20:46:57.230 [info] > git log --format=%H%n%aN%n%aE%n%at%n%ct%n%P%n%D%n%B -z --shortstat --diff-merges=first-parent -n50 --skip=0 --topo-order --decorate=full --stdin [770ms]
2025-11-07 20:47:01.774 [info] > git for-each-ref --format=%(refname)%00%(upstream:short)%00%(objectname)%00%(upstream:track)%00%(upstream:remotename)%00%(upstream:remoteref) refs/remotes/origin/feature/layer-namespaces [2ms]
2025-11-07 20:47:01.784 [info] > git log --oneline --cherry feature/layer-namespaces...feature/layer-namespaces@{upstream} -- [2ms]
2025-11-07 20:47:09.570 [info] > git pull --tags origin feature/layer-namespaces [7776ms]
2025-11-07 20:47:09.570 [info] From github.com:claymorwan/DankMaterialShell
 * branch            feature/layer-namespaces -> FETCH_HEAD
2025-11-07 20:47:09.584 [info] > git config --get commit.template [7ms]
2025-11-07 20:47:09.585 [info] > git for-each-ref --format=%(refname)%00%(upstream:short)%00%(objectname)%00%(upstream:track)%00%(upstream:remotename)%00%(upstream:remoteref) refs/heads/feature/layer-namespaces refs/remotes/feature/layer-namespaces [2ms]
2025-11-07 20:47:09.604 [info] > git status -z -uall [10ms]
2025-11-07 20:47:09.607 [info] > git for-each-ref --sort -committerdate --format %(refname)%00%(objectname)%00%(*objectname) [4ms]
2025-11-07 20:47:10.715 [info] > git config --get commit.template [9ms]
2025-11-07 20:47:10.718 [info] > git for-each-ref --format=%(refname)%00%(upstream:short)%00%(objectname)%00%(upstream:track)%00%(upstream:remotename)%00%(upstream:remoteref) refs/heads/feature/layer-namespaces refs/remotes/feature/layer-namespaces [4ms]
2025-11-07 20:47:10.733 [info] > git status -z -uall [7ms]
2025-11-07 20:47:10.737 [info] > git for-each-ref --sort -committerdate --format %(refname)%00%(objectname)%00%(*objectname) [5ms]
2025-11-07 20:47:22.680 [info] > git for-each-ref --sort -committerdate --format %(refname)%00%(objectname)%00%(*objectname)%00%(parent)%00%(*parent)%00%(authorname)%00%(*authorname)%00%(committerdate:unix)%00%(*committerdate:unix)%00%(subject)%00%(*subject)%00%(upstream:track) [3ms]
2025-11-07 20:47:26.321 [info] > git checkout -q master [11ms]
2025-11-07 20:47:26.345 [info] > git config --get commit.template [14ms]
2025-11-07 20:47:26.347 [info] > git for-each-ref --format=%(refname)%00%(upstream:short)%00%(objectname)%00%(upstream:track)%00%(upstream:remotename)%00%(upstream:remoteref) refs/heads/master refs/remotes/master [3ms]
2025-11-07 20:47:26.356 [warning] [Git][revParse] Unable to read file: ENOENT: no such file or directory, open '/mnt/media/Programmation/Qml/DankMaterialShell/.git/refs/remotes/origin/master'
2025-11-07 20:47:26.359 [info] > git rev-parse refs/remotes/origin/master [3ms]
2025-11-07 20:47:26.378 [info] > git for-each-ref --sort -committerdate --format %(refname)%00%(objectname)%00%(*objectname) [2ms]
2025-11-07 20:47:26.381 [info] > git status -z -uall [13ms]
2025-11-07 20:47:26.405 [info] > git for-each-ref --format=%(refname)%00%(upstream:short)%00%(objectname)%00%(upstream:track)%00%(upstream:remotename)%00%(upstream:remoteref) refs/heads/master refs/remotes/master [4ms]
2025-11-07 20:47:26.416 [info] > git config --get --local branch.master.vscode-merge-base [3ms]
2025-11-07 20:47:26.428 [info] > git for-each-ref --format=%(refname)%00%(upstream:short)%00%(objectname)%00%(upstream:track)%00%(upstream:remotename)%00%(upstream:remoteref) refs/heads/origin/master refs/remotes/origin/master [3ms]
2025-11-07 20:47:26.435 [info] > git merge-base refs/heads/master refs/remotes/origin/master [2ms]
2025-11-07 20:47:26.443 [info] > git diff --name-status -z --diff-filter=ADMR ce6f3afb39db31a3601ce9bb1f3e10fc9702db3b...refs/remotes/origin/master [2ms]
2025-11-07 20:47:27.429 [info] > git config --get commit.template [11ms]
2025-11-07 20:47:27.429 [info] > git for-each-ref --format=%(refname)%00%(upstream:short)%00%(objectname)%00%(upstream:track)%00%(upstream:remotename)%00%(upstream:remoteref) refs/heads/master refs/remotes/master [2ms]
2025-11-07 20:47:27.440 [warning] [Git][revParse] Unable to read file: ENOENT: no such file or directory, open '/mnt/media/Programmation/Qml/DankMaterialShell/.git/refs/remotes/origin/master'
2025-11-07 20:47:27.443 [info] > git rev-parse refs/remotes/origin/master [3ms]
2025-11-07 20:47:27.468 [info] > git status -z -uall [15ms]
2025-11-07 20:47:27.470 [info] > git for-each-ref --sort -committerdate --format %(refname)%00%(objectname)%00%(*objectname) [5ms]
2025-11-07 20:47:28.319 [info] > git log --format=%H%n%aN%n%aE%n%at%n%ct%n%P%n%D%n%B -z --shortstat --diff-merges=first-parent -n50 --skip=0 --topo-order --decorate=full --stdin [69ms]
2025-11-07 20:47:33.649 [info] > git for-each-ref --format=%(refname)%00%(upstream:short)%00%(objectname)%00%(upstream:track)%00%(upstream:remotename)%00%(upstream:remoteref) refs/remotes/origin/master [3ms]
2025-11-07 20:47:33.667 [info] > git log --oneline --cherry master...master@{upstream} -- [3ms]
2025-11-07 20:48:10.660 [info] > git pull --tags origin master [36980ms]
2025-11-07 20:48:10.660 [info] From github.com:claymorwan/DankMaterialShell
 * branch            master     -> FETCH_HEAD
   ce6f3af..86caf92  master     -> origin/master
2025-11-07 20:48:10.681 [info] > git config --get commit.template [11ms]
2025-11-07 20:48:10.681 [info] > git for-each-ref --format=%(refname)%00%(upstream:short)%00%(objectname)%00%(upstream:track)%00%(upstream:remotename)%00%(upstream:remoteref) refs/heads/master refs/remotes/master [1ms]
2025-11-07 20:48:10.707 [info] > git status -z -uall [17ms]
2025-11-07 20:48:10.709 [info] > git for-each-ref --sort -committerdate --format %(refname)%00%(objectname)%00%(*objectname) [5ms]
2025-11-07 20:48:10.729 [info] > git merge-base refs/heads/master refs/remotes/origin/master [3ms]
2025-11-07 20:48:10.743 [info] > git diff --name-status -z --diff-filter=ADMR 86caf92c90ab7c5b5e86b1a77512dbc960238ad4...refs/remotes/origin/master [7ms]
2025-11-07 20:48:10.806 [info] > git log --format=%H%n%aN%n%aE%n%at%n%ct%n%P%n%D%n%B -z --shortstat --diff-merges=first-parent -n50 --skip=0 --topo-order --decorate=full --stdin [63ms]
2025-11-07 20:48:11.826 [info] > git config --get commit.template [13ms]
2025-11-07 20:48:11.828 [info] > git for-each-ref --format=%(refname)%00%(upstream:short)%00%(objectname)%00%(upstream:track)%00%(upstream:remotename)%00%(upstream:remoteref) refs/heads/master refs/remotes/master [4ms]
2025-11-07 20:48:11.851 [info] > git for-each-ref --sort -committerdate --format %(refname)%00%(objectname)%00%(*objectname) [2ms]
2025-11-07 20:48:11.860 [info] > git status -z -uall [20ms]
2025-11-07 20:48:16.650 [info] > git check-ignore -v -z --stdin [3ms]
2025-11-07 20:48:20.599 [info] > git log --format=%H%n%aN%n%aE%n%at%n%ct%n%P%n%D%n%B -z --shortstat --diff-merges=first-parent -n50 --skip=0 --topo-order --decorate=full --stdin [59ms]
2025-11-07 20:48:23.615 [info] > git for-each-ref --sort -committerdate --format %(refname)%00%(objectname)%00%(*objectname) [5ms]
2025-11-07 20:48:51.880 [info] > git log --format=%H%n%aN%n%aE%n%at%n%ct%n%P%n%D%n%B -z --shortstat --diff-merges=first-parent -n50 --skip=0 --topo-order --decorate=full --stdin [46ms]
2025-11-07 20:48:55.247 [info] > git for-each-ref --sort -committerdate --format %(refname)%00%(objectname)%00%(*objectname) [2ms]
2025-11-07 20:49:11.861 [info] > git for-each-ref --sort -committerdate --format %(refname)%00%(objectname)%00%(*objectname) refs/heads [2ms]
2025-11-07 20:49:14.717 [info] > git checkout -q -b fix/notification-namespace --no-track HEAD [18ms]
2025-11-07 20:49:14.737 [info] > git config --get commit.template [10ms]
2025-11-07 20:49:14.739 [info] > git for-each-ref --format=%(refname)%00%(upstream:short)%00%(objectname)%00%(upstream:track)%00%(upstream:remotename)%00%(upstream:remoteref) refs/heads/fix/notification-namespace refs/remotes/fix/notification-namespace [3ms]
2025-11-07 20:49:14.759 [info] > git status -z -uall [10ms]
2025-11-07 20:49:14.762 [info] > git for-each-ref --sort -committerdate --format %(refname)%00%(objectname)%00%(*objectname) [4ms]
2025-11-07 20:49:14.772 [info] > git for-each-ref --format=%(refname)%00%(upstream:short)%00%(objectname)%00%(upstream:track)%00%(upstream:remotename)%00%(upstream:remoteref) refs/heads/fix/notification-namespace refs/remotes/fix/notification-namespace [2ms]
2025-11-07 20:49:14.779 [info] > git config --get --local branch.fix/notification-namespace.vscode-merge-base [1ms]
2025-11-07 20:49:14.779 [warning] [Git][config] git config failed: Failed to execute git
2025-11-07 20:49:14.787 [info] > git reflog fix/notification-namespace --grep-reflog=branch: Created from *. [3ms]
2025-11-07 20:49:14.796 [info] > git reflog HEAD --grep-reflog=checkout: moving from .* to fix/notification-namespace [4ms]
2025-11-07 20:49:14.802 [info] > git for-each-ref --format=%(refname)%00%(upstream:short)%00%(objectname)%00%(upstream:track)%00%(upstream:remotename)%00%(upstream:remoteref) refs/heads/master refs/remotes/master [1ms]
2025-11-07 20:49:14.810 [info] > git for-each-ref --format=%(refname)%00%(upstream:short)%00%(objectname)%00%(upstream:track)%00%(upstream:remotename)%00%(upstream:remoteref) refs/remotes/origin/master [1ms]
2025-11-07 20:49:14.821 [info] > git config --add --local branch.fix/notification-namespace.vscode-merge-base origin/master [3ms]
2025-11-07 20:49:14.836 [info] > git config --get commit.template [8ms]
2025-11-07 20:49:14.839 [info] > git for-each-ref --format=%(refname)%00%(upstream:short)%00%(objectname)%00%(upstream:track)%00%(upstream:remotename)%00%(upstream:remoteref) refs/heads/fix/notification-namespace refs/remotes/fix/notification-namespace [4ms]
2025-11-07 20:49:14.855 [info] > git for-each-ref --sort -committerdate --format %(refname)%00%(objectname)%00%(*objectname) [2ms]
2025-11-07 20:49:14.857 [info] > git status -z -uall [10ms]
2025-11-07 20:49:14.932 [info] > git log --format=%H%n%aN%n%aE%n%at%n%ct%n%P%n%D%n%B -z --shortstat --diff-merges=first-parent -n50 --skip=0 --topo-order --decorate=full --stdin [56ms]
2025-11-07 20:49:15.989 [info] > git config --get commit.template [1ms]
2025-11-07 20:49:16.002 [info] > git for-each-ref --format=%(refname)%00%(upstream:short)%00%(objectname)%00%(upstream:track)%00%(upstream:remotename)%00%(upstream:remoteref) refs/heads/fix/notification-namespace refs/remotes/fix/notification-namespace [3ms]
2025-11-07 20:49:16.021 [info] > git status -z -uall [12ms]
2025-11-07 20:49:16.024 [info] > git for-each-ref --sort -committerdate --format %(refname)%00%(objectname)%00%(*objectname) [4ms]
2025-11-07 20:49:19.634 [info] > git for-each-ref --sort -committerdate --format %(refname)%00%(objectname)%00%(*objectname) [2ms]
2025-11-07 20:49:24.608 [info] > git for-each-ref --sort -committerdate --format %(refname)%00%(objectname)%00%(*objectname) [4ms]
2025-11-07 20:49:26.234 [info] > git for-each-ref --sort -committerdate --format %(refname)%00%(objectname)%00%(*objectname) refs/heads/fix/notification-namespace [3ms]
2025-11-07 20:49:26.300 [info] > git log --format=%H%n%aN%n%aE%n%at%n%ct%n%P%n%D%n%B -z --shortstat --diff-merges=first-parent -n50 --skip=0 --topo-order --decorate=full --stdin [56ms]
2025-11-07 20:53:44.219 [info] > git check-ignore -v -z --stdin [3ms]
2025-11-07 20:53:55.438 [info] > git show --textconv :Modals/NotificationModal.qml [9ms]
2025-11-07 20:53:55.439 [info] > git ls-files --stage -- Modals/NotificationModal.qml [2ms]
2025-11-07 20:53:55.450 [info] > git cat-file -s a35e994f1000f21ec15fae3c124dc04784e22b77 [3ms]
2025-11-07 20:53:56.843 [info] > git blame --root --incremental 86caf92c90ab7c5b5e86b1a77512dbc960238ad4 -- Modals/NotificationModal.qml [21ms]
2025-11-07 20:54:05.215 [info] > git config --get commit.template [2ms]
2025-11-07 20:54:05.225 [info] > git for-each-ref --format=%(refname)%00%(upstream:short)%00%(objectname)%00%(upstream:track)%00%(upstream:remotename)%00%(upstream:remoteref) refs/heads/fix/notification-namespace refs/remotes/fix/notification-namespace [1ms]
2025-11-07 20:54:05.244 [info] > git status -z -uall [11ms]
2025-11-07 20:54:05.246 [info] > git for-each-ref --sort -committerdate --format %(refname)%00%(objectname)%00%(*objectname) [2ms]
2025-11-07 20:54:08.826 [info] > git check-ignore -v -z --stdin [3ms]
2025-11-07 20:54:13.023 [info] > git check-ignore -v -z --stdin [2ms]
2025-11-07 20:54:14.263 [info] > git check-ignore -v -z --stdin [3ms]
2025-11-07 20:54:16.957 [info] > git show --textconv :Modules/Notifications/Center/NotificationCenterPopout.qml [7ms]
2025-11-07 20:54:16.958 [info] > git ls-files --stage -- Modules/Notifications/Center/NotificationCenterPopout.qml [2ms]
2025-11-07 20:54:16.970 [info] > git cat-file -s f0ae65611a1624e911b370616cbd6834b5813a9c [4ms]
2025-11-07 20:54:18.191 [info] > git blame --root --incremental 86caf92c90ab7c5b5e86b1a77512dbc960238ad4 -- Modules/Notifications/Center/NotificationCenterPopout.qml [40ms]
2025-11-07 20:54:27.654 [info] > git show --textconv :Modals/NotificationModal.qml [9ms]
2025-11-07 20:54:27.655 [info] > git ls-files --stage -- Modals/NotificationModal.qml [3ms]
2025-11-07 20:54:27.663 [info] > git cat-file -s a35e994f1000f21ec15fae3c124dc04784e22b77 [1ms]
2025-11-07 20:54:33.935 [info] > git show --textconv :Modules/Notifications/Center/NotificationCenterPopout.qml [13ms]
2025-11-07 20:54:33.936 [info] > git ls-files --stage -- Modules/Notifications/Center/NotificationCenterPopout.qml [3ms]
2025-11-07 20:54:33.946 [info] > git cat-file -s f0ae65611a1624e911b370616cbd6834b5813a9c [1ms]
2025-11-07 20:54:34.850 [info] > git show --textconv :Modals/NotificationModal.qml [10ms]
2025-11-07 20:54:34.851 [info] > git ls-files --stage -- Modals/NotificationModal.qml [1ms]
2025-11-07 20:54:34.858 [info] > git cat-file -s a35e994f1000f21ec15fae3c124dc04784e22b77 [1ms]
2025-11-07 20:54:38.789 [info] > git show --textconv :Modules/Notifications/Center/NotificationCenterPopout.qml [7ms]
2025-11-07 20:54:38.790 [info] > git ls-files --stage -- Modules/Notifications/Center/NotificationCenterPopout.qml [2ms]
2025-11-07 20:54:38.796 [info] > git cat-file -s f0ae65611a1624e911b370616cbd6834b5813a9c [1ms]
2025-11-07 20:54:44.658 [info] > git config --get commit.template [7ms]
2025-11-07 20:54:44.659 [info] > git for-each-ref --format=%(refname)%00%(upstream:short)%00%(objectname)%00%(upstream:track)%00%(upstream:remotename)%00%(upstream:remoteref) refs/heads/fix/notification-namespace refs/remotes/fix/notification-namespace [2ms]
2025-11-07 20:54:44.681 [info] > git status -z -uall [13ms]
2025-11-07 20:54:44.684 [info] > git for-each-ref --sort -committerdate --format %(refname)%00%(objectname)%00%(*objectname) [5ms]
2025-11-07 20:54:45.225 [info] > git show --textconv :Modals/NotificationModal.qml [7ms]
2025-11-07 20:54:45.226 [info] > git ls-files --stage -- Modals/NotificationModal.qml [2ms]
2025-11-07 20:54:45.235 [info] > git cat-file -s a35e994f1000f21ec15fae3c124dc04784e22b77 [1ms]
2025-11-07 20:54:45.831 [info] > git show --textconv :Modules/Notifications/Center/NotificationCenterPopout.qml [9ms]
2025-11-07 20:54:45.832 [info] > git ls-files --stage -- Modules/Notifications/Center/NotificationCenterPopout.qml [1ms]
2025-11-07 20:54:45.841 [info] > git cat-file -s f0ae65611a1624e911b370616cbd6834b5813a9c [2ms]
2025-11-07 20:54:46.344 [info] > git show --textconv :Modals/NotificationModal.qml [11ms]
2025-11-07 20:54:46.346 [info] > git ls-files --stage -- Modals/NotificationModal.qml [3ms]
2025-11-07 20:54:46.357 [info] > git cat-file -s a35e994f1000f21ec15fae3c124dc04784e22b77 [2ms]
2025-11-07 20:54:50.636 [info] > git config --get commit.template [3ms]
2025-11-07 20:54:50.651 [info] > git for-each-ref --format=%(refname)%00%(upstream:short)%00%(objectname)%00%(upstream:track)%00%(upstream:remotename)%00%(upstream:remoteref) refs/heads/fix/notification-namespace refs/remotes/fix/notification-namespace [3ms]
2025-11-07 20:54:50.665 [info] > git status -z -uall [7ms]
2025-11-07 20:54:50.666 [info] > git for-each-ref --sort -committerdate --format %(refname)%00%(objectname)%00%(*objectname) [1ms]
2025-11-07 20:54:50.921 [info] > git show --textconv :Modules/Notifications/Center/NotificationCenterPopout.qml [13ms]
2025-11-07 20:54:50.924 [info] > git ls-files --stage -- Modules/Notifications/Center/NotificationCenterPopout.qml [4ms]
2025-11-07 20:54:50.935 [info] > git cat-file -s f0ae65611a1624e911b370616cbd6834b5813a9c [2ms]
2025-11-07 20:54:58.726 [info] > git show --textconv :Modules/Notifications/Center/NotificationCard.qml [10ms]
2025-11-07 20:54:58.728 [info] > git ls-files --stage -- Modules/Notifications/Center/NotificationCard.qml [3ms]
2025-11-07 20:54:58.736 [info] > git cat-file -s af54653d7628cc15e4feff14f01b17d357ff6a30 [2ms]
2025-11-07 20:55:00.188 [info] > git show --textconv :Modules/Notifications/Center/NotificationCenterPopout.qml [8ms]
2025-11-07 20:55:00.189 [info] > git ls-files --stage -- Modules/Notifications/Center/NotificationCenterPopout.qml [2ms]
2025-11-07 20:55:00.202 [info] > git cat-file -s f0ae65611a1624e911b370616cbd6834b5813a9c [4ms]
2025-11-07 20:55:02.913 [info] > git show --textconv :Modules/BlurredWallpaperBackground.qml [10ms]
2025-11-07 20:55:02.914 [info] > git ls-files --stage -- Modules/BlurredWallpaperBackground.qml [2ms]
2025-11-07 20:55:02.927 [info] > git cat-file -s b3056dba13894160040ba5cbde579fbc9df92c56 [3ms]
2025-11-07 20:55:03.584 [info] > git show --textconv :Modules/Notifications/Center/NotificationCenterPopout.qml [9ms]
2025-11-07 20:55:03.585 [info] > git ls-files --stage -- Modules/Notifications/Center/NotificationCenterPopout.qml [2ms]
2025-11-07 20:55:03.593 [info] > git cat-file -s f0ae65611a1624e911b370616cbd6834b5813a9c [2ms]
2025-11-07 20:55:07.192 [info] > git check-ignore -v -z --stdin [1ms]
2025-11-07 20:55:08.476 [info] > git check-ignore -v -z --stdin [2ms]
2025-11-07 20:55:10.116 [info] > git show --textconv :Modules/ControlCenter/ControlCenterPopout.qml [10ms]
2025-11-07 20:55:10.117 [info] > git ls-files --stage -- Modules/ControlCenter/ControlCenterPopout.qml [2ms]
2025-11-07 20:55:10.127 [info] > git cat-file -s 1e76aca7517b499fa1fbfa8bbbac3a7737eb5280 [2ms]
2025-11-07 20:55:11.809 [info] > git show --textconv :Modules/Notifications/Center/NotificationCenterPopout.qml [12ms]
2025-11-07 20:55:11.809 [info] > git ls-files --stage -- Modules/Notifications/Center/NotificationCenterPopout.qml [2ms]
2025-11-07 20:55:11.816 [info] > git cat-file -s f0ae65611a1624e911b370616cbd6834b5813a9c [1ms]
2025-11-07 21:05:25.153 [info] [main] Log level: Info
2025-11-07 21:05:25.153 [info] [main] Validating found git in: "git"
2025-11-07 21:05:25.153 [info] [main] Using git "2.51.2" from "git"
2025-11-07 21:05:25.153 [info] [Model][doInitialScan] Initial repository scan started
2025-11-07 21:05:25.153 [info] > git rev-parse --show-toplevel [8ms]
2025-11-07 21:05:25.164 [info] > git rev-parse --git-dir --git-common-dir --show-superproject-working-tree [3ms]
2025-11-07 21:05:25.176 [info] [Model][openRepository] Opened repository (path): /mnt/media/Programmation/Docs/DankLinux-Docs
2025-11-07 21:05:25.176 [info] [Model][openRepository] Opened repository (real path): /mnt/media/Programmation/Docs/DankLinux-Docs
2025-11-07 21:05:25.176 [info] [Model][openRepository] Opened repository (kind): repository
2025-11-07 21:05:25.193 [info] > git rev-parse --show-toplevel [3ms]
2025-11-07 21:05:25.194 [info] > git config --get commit.template [9ms]
2025-11-07 21:05:25.251 [info] > git rev-parse --show-toplevel [31ms]
2025-11-07 21:05:25.411 [info] > git for-each-ref --format=%(refname)%00%(upstream:short)%00%(objectname)%00%(upstream:track)%00%(upstream:remotename)%00%(upstream:remoteref) refs/heads/feature/layer-namespaces refs/remotes/feature/layer-namespaces [168ms]
2025-11-07 21:05:25.412 [info] > git rev-parse --show-toplevel [154ms]
2025-11-07 21:05:25.439 [info] > git rev-parse --show-toplevel [17ms]
2025-11-07 21:05:25.446 [info] > git rev-parse --show-toplevel [2ms]
2025-11-07 21:05:25.453 [info] > git rev-parse --show-toplevel [2ms]
2025-11-07 21:05:25.460 [info] > git rev-parse --show-toplevel [1ms]
2025-11-07 21:05:25.461 [info] [Model][doInitialScan] Initial repository scan completed - repositories (1), closed repositories (0), parent repositories (0), unsafe repositories (0)
2025-11-07 21:05:25.591 [info] > git status -z -uall [160ms]
2025-11-07 21:05:25.603 [info] > git for-each-ref --sort -committerdate --format %(refname)%00%(objectname)%00%(*objectname) [165ms]
2025-11-07 21:05:25.634 [info] > git for-each-ref --format=%(refname)%00%(upstream:short)%00%(objectname)%00%(upstream:track)%00%(upstream:remotename)%00%(upstream:remoteref) refs/heads/feature/layer-namespaces refs/remotes/feature/layer-namespaces [9ms]
2025-11-07 21:05:25.643 [info] > git config --get commit.template [9ms]
2025-11-07 21:05:25.674 [info] > git config --get --local branch.feature/layer-namespaces.vscode-merge-base [33ms]
2025-11-07 21:05:25.681 [info] > git for-each-ref --format=%(refname)%00%(upstream:short)%00%(objectname)%00%(upstream:track)%00%(upstream:remotename)%00%(upstream:remoteref) refs/heads/feature/layer-namespaces refs/remotes/feature/layer-namespaces [21ms]
2025-11-07 21:05:25.681 [info] > git for-each-ref --format=%(refname)%00%(upstream:short)%00%(objectname)%00%(upstream:track)%00%(upstream:remotename)%00%(upstream:remoteref) refs/heads/origin/master refs/remotes/origin/master [2ms]
2025-11-07 21:05:25.709 [info] > git status -z -uall [15ms]
2025-11-07 21:05:25.709 [info] > git check-ignore -v -z --stdin [2ms]
2025-11-07 21:05:25.710 [info] > git for-each-ref --sort -committerdate --format %(refname)%00%(objectname)%00%(*objectname) [9ms]
2025-11-07 21:05:25.720 [info] > git merge-base refs/heads/feature/layer-namespaces refs/remotes/origin/feature/layer-namespaces [33ms]
2025-11-07 21:05:25.727 [info] > git merge-base refs/heads/feature/layer-namespaces refs/remotes/origin/feature/layer-namespaces [9ms]
2025-11-07 21:05:25.737 [info] > git diff --name-status -z --diff-filter=ADMR 1ecbb34f0781a5aafc62bdcd262e3837fc40d30f...refs/remotes/origin/feature/layer-namespaces [10ms]
2025-11-07 21:05:25.764 [info] > git diff --name-status -z --diff-filter=ADMR 1ecbb34f0781a5aafc62bdcd262e3837fc40d30f...refs/remotes/origin/feature/layer-namespaces [29ms]
2025-11-07 21:05:27.388 [info] > git check-ignore -v -z --stdin [3ms]
2025-11-07 21:05:31.687 [info] > git check-ignore -v -z --stdin [1ms]
2025-11-07 21:05:35.289 [info] > git ls-files --stage -- docs/dankmaterialshell/layers.mdx [3ms]
2025-11-07 21:05:35.320 [info] > git show --textconv :docs/dankmaterialshell/layers.mdx [42ms]
2025-11-07 21:05:35.320 [info] > git cat-file -s 509513afe8ca14d93a1d92e1bb2016a8b6e685fc [25ms]
2025-11-07 21:06:15.460 [info] > git blame --root --incremental 1ecbb34f0781a5aafc62bdcd262e3837fc40d30f -- docs/dankmaterialshell/layers.mdx [489ms]
2025-11-07 21:07:27.500 [info] > git config --get commit.template [8ms]
2025-11-07 21:07:27.501 [info] > git for-each-ref --format=%(refname)%00%(upstream:short)%00%(objectname)%00%(upstream:track)%00%(upstream:remotename)%00%(upstream:remoteref) refs/heads/feature/layer-namespaces refs/remotes/feature/layer-namespaces [2ms]
2025-11-07 21:07:27.516 [info] > git status -z -uall [7ms]
2025-11-07 21:07:27.517 [info] > git for-each-ref --sort -committerdate --format %(refname)%00%(objectname)%00%(*objectname) [2ms]
2025-11-07 21:07:43.369 [info] > git config --get commit.template [9ms]
2025-11-07 21:07:43.370 [info] > git for-each-ref --format=%(refname)%00%(upstream:short)%00%(objectname)%00%(upstream:track)%00%(upstream:remotename)%00%(upstream:remoteref) refs/heads/feature/layer-namespaces refs/remotes/feature/layer-namespaces [1ms]
2025-11-07 21:07:43.390 [info] > git status -z -uall [12ms]
2025-11-07 21:07:43.394 [info] > git for-each-ref --sort -committerdate --format %(refname)%00%(objectname)%00%(*objectname) [4ms]
2025-11-07 21:09:13.862 [info] > git config --get commit.template [7ms]
2025-11-07 21:09:13.862 [info] > git for-each-ref --format=%(refname)%00%(upstream:short)%00%(objectname)%00%(upstream:track)%00%(upstream:remotename)%00%(upstream:remoteref) refs/heads/feature/layer-namespaces refs/remotes/feature/layer-namespaces [1ms]
2025-11-07 21:09:13.877 [info] > git status -z -uall [8ms]
2025-11-07 21:09:13.878 [info] > git for-each-ref --sort -committerdate --format %(refname)%00%(objectname)%00%(*objectname) [3ms]
2025-11-07 21:15:09.844 [info] > git config --get commit.template [2ms]
2025-11-07 21:15:09.856 [info] > git for-each-ref --format=%(refname)%00%(upstream:short)%00%(objectname)%00%(upstream:track)%00%(upstream:remotename)%00%(upstream:remoteref) refs/heads/feature/layer-namespaces refs/remotes/feature/layer-namespaces [2ms]
2025-11-07 21:15:09.875 [info] > git status -z -uall [9ms]
2025-11-07 21:15:09.876 [info] > git for-each-ref --sort -committerdate --format %(refname)%00%(objectname)%00%(*objectname) [2ms]
2025-11-07 21:15:18.268 [info] > git config --get commit.template [1ms]
2025-11-07 21:15:18.276 [info] > git for-each-ref --format=%(refname)%00%(upstream:short)%00%(objectname)%00%(upstream:track)%00%(upstream:remotename)%00%(upstream:remoteref) refs/heads/feature/layer-namespaces refs/remotes/feature/layer-namespaces [1ms]
2025-11-07 21:15:18.291 [info] > git status -z -uall [8ms]
2025-11-07 21:15:18.292 [info] > git for-each-ref --sort -committerdate --format %(refname)%00%(objectname)%00%(*objectname) [2ms]
2025-11-07 21:15:28.996 [info] > git config --get commit.template [11ms]
2025-11-07 21:15:28.999 [info] > git for-each-ref --format=%(refname)%00%(upstream:short)%00%(objectname)%00%(upstream:track)%00%(upstream:remotename)%00%(upstream:remoteref) refs/heads/feature/layer-namespaces refs/remotes/feature/layer-namespaces [4ms]
2025-11-07 21:15:29.014 [info] > git status -z -uall [7ms]
2025-11-07 21:15:29.015 [info] > git for-each-ref --sort -committerdate --format %(refname)%00%(objectname)%00%(*objectname) [1ms]
2025-11-07 21:17:02.234 [info] > git config --get commit.template [15ms]
2025-11-07 21:17:02.236 [info] > git for-each-ref --format=%(refname)%00%(upstream:short)%00%(objectname)%00%(upstream:track)%00%(upstream:remotename)%00%(upstream:remoteref) refs/heads/feature/layer-namespaces refs/remotes/feature/layer-namespaces [3ms]
2025-11-07 21:17:02.259 [info] > git status -z -uall [14ms]
2025-11-07 21:17:02.261 [info] > git for-each-ref --sort -committerdate --format %(refname)%00%(objectname)%00%(*objectname) [1ms]
2025-11-07 21:17:10.940 [info] > git config --get commit.template [10ms]
2025-11-07 21:17:10.940 [info] > git for-each-ref --format=%(refname)%00%(upstream:short)%00%(objectname)%00%(upstream:track)%00%(upstream:remotename)%00%(upstream:remoteref) refs/heads/feature/layer-namespaces refs/remotes/feature/layer-namespaces [1ms]
2025-11-07 21:17:10.959 [info] > git status -z -uall [9ms]
2025-11-07 21:17:10.960 [info] > git for-each-ref --sort -committerdate --format %(refname)%00%(objectname)%00%(*objectname) [2ms]
2025-11-07 21:18:11.252 [info] > git config --get commit.template [1ms]
2025-11-07 21:18:11.264 [info] > git for-each-ref --format=%(refname)%00%(upstream:short)%00%(objectname)%00%(upstream:track)%00%(upstream:remotename)%00%(upstream:remoteref) refs/heads/feature/layer-namespaces refs/remotes/feature/layer-namespaces [2ms]
2025-11-07 21:18:11.283 [info] > git status -z -uall [8ms]
2025-11-07 21:18:11.284 [info] > git for-each-ref --sort -committerdate --format %(refname)%00%(objectname)%00%(*objectname) [2ms]
2025-11-07 21:18:28.106 [info] > git config --get commit.template [11ms]
2025-11-07 21:18:28.108 [info] > git for-each-ref --format=%(refname)%00%(upstream:short)%00%(objectname)%00%(upstream:track)%00%(upstream:remotename)%00%(upstream:remoteref) refs/heads/feature/layer-namespaces refs/remotes/feature/layer-namespaces [2ms]
2025-11-07 21:18:28.127 [info] > git status -z -uall [11ms]
2025-11-07 21:18:28.130 [info] > git for-each-ref --sort -committerdate --format %(refname)%00%(objectname)%00%(*objectname) [3ms]
2025-11-07 21:19:28.904 [info] > git config --get commit.template [11ms]
2025-11-07 21:19:28.906 [info] > git for-each-ref --format=%(refname)%00%(upstream:short)%00%(objectname)%00%(upstream:track)%00%(upstream:remotename)%00%(upstream:remoteref) refs/heads/feature/layer-namespaces refs/remotes/feature/layer-namespaces [2ms]
2025-11-07 21:19:29.083 [info] > git status -z -uall [166ms]
2025-11-07 21:19:29.083 [info] > git for-each-ref --sort -committerdate --format %(refname)%00%(objectname)%00%(*objectname) [154ms]
2025-11-07 21:21:42.458 [info] > git config --get commit.template [11ms]
2025-11-07 21:21:42.459 [info] > git for-each-ref --format=%(refname)%00%(upstream:short)%00%(objectname)%00%(upstream:track)%00%(upstream:remotename)%00%(upstream:remoteref) refs/heads/feature/layer-namespaces refs/remotes/feature/layer-namespaces [2ms]
2025-11-07 21:21:42.482 [info] > git status -z -uall [11ms]
2025-11-07 21:21:42.483 [info] > git for-each-ref --sort -committerdate --format %(refname)%00%(objectname)%00%(*objectname) [2ms]
2025-11-07 21:21:52.102 [info] > git config --get commit.template [12ms]
2025-11-07 21:21:52.102 [info] > git for-each-ref --format=%(refname)%00%(upstream:short)%00%(objectname)%00%(upstream:track)%00%(upstream:remotename)%00%(upstream:remoteref) refs/heads/feature/layer-namespaces refs/remotes/feature/layer-namespaces [1ms]
2025-11-07 21:21:52.126 [info] > git status -z -uall [11ms]
2025-11-07 21:21:52.127 [info] > git for-each-ref --sort -committerdate --format %(refname)%00%(objectname)%00%(*objectname) [2ms]
2025-11-07 21:23:01.236 [info] > git config --get commit.template [12ms]
2025-11-07 21:23:01.237 [info] > git for-each-ref --format=%(refname)%00%(upstream:short)%00%(objectname)%00%(upstream:track)%00%(upstream:remotename)%00%(upstream:remoteref) refs/heads/feature/layer-namespaces refs/remotes/feature/layer-namespaces [2ms]
2025-11-07 21:23:01.260 [info] > git status -z -uall [12ms]
2025-11-07 21:23:01.261 [info] > git for-each-ref --sort -committerdate --format %(refname)%00%(objectname)%00%(*objectname) [2ms]
2025-11-07 21:25:01.395 [info] > git config --get commit.template [9ms]
2025-11-07 21:25:01.396 [info] > git for-each-ref --format=%(refname)%00%(upstream:short)%00%(objectname)%00%(upstream:track)%00%(upstream:remotename)%00%(upstream:remoteref) refs/heads/feature/layer-namespaces refs/remotes/feature/layer-namespaces [2ms]
2025-11-07 21:25:01.416 [info] > git status -z -uall [12ms]
2025-11-07 21:25:01.417 [info] > git for-each-ref --sort -committerdate --format %(refname)%00%(objectname)%00%(*objectname) [2ms]
2025-11-07 22:02:37.365 [info] > git config --get commit.template [12ms]
2025-11-07 22:02:37.367 [info] > git for-each-ref --format=%(refname)%00%(upstream:short)%00%(objectname)%00%(upstream:track)%00%(upstream:remotename)%00%(upstream:remoteref) refs/heads/feature/layer-namespaces refs/remotes/feature/layer-namespaces [2ms]
2025-11-07 22:02:37.383 [info] > git status -z -uall [8ms]
2025-11-07 22:02:37.762 [info] > git for-each-ref --sort -committerdate --format %(refname)%00%(objectname)%00%(*objectname) [379ms]
2025-11-07 22:03:42.164 [info] > git config --get commit.template [3ms]
2025-11-07 22:03:42.174 [info] > git for-each-ref --format=%(refname)%00%(upstream:short)%00%(objectname)%00%(upstream:track)%00%(upstream:remotename)%00%(upstream:remoteref) refs/heads/feature/layer-namespaces refs/remotes/feature/layer-namespaces [2ms]
2025-11-07 22:03:42.193 [info] > git status -z -uall [9ms]
2025-11-07 22:03:42.194 [info] > git for-each-ref --sort -committerdate --format %(refname)%00%(objectname)%00%(*objectname) [2ms]
2025-11-07 22:03:52.998 [info] > git config --get commit.template [18ms]
2025-11-07 22:03:53.000 [info] > git for-each-ref --format=%(refname)%00%(upstream:short)%00%(objectname)%00%(upstream:track)%00%(upstream:remotename)%00%(upstream:remoteref) refs/heads/feature/layer-namespaces refs/remotes/feature/layer-namespaces [3ms]
2025-11-07 22:03:53.025 [info] > git status -z -uall [10ms]
2025-11-07 22:03:53.026 [info] > git for-each-ref --sort -committerdate --format %(refname)%00%(objectname)%00%(*objectname) [2ms]
2025-11-07 22:05:17.290 [info] > git config --get commit.template [18ms]
2025-11-07 22:05:17.293 [info] > git for-each-ref --format=%(refname)%00%(upstream:short)%00%(objectname)%00%(upstream:track)%00%(upstream:remotename)%00%(upstream:remoteref) refs/heads/feature/layer-namespaces refs/remotes/feature/layer-namespaces [4ms]
2025-11-07 22:05:17.324 [info] > git status -z -uall [16ms]
2025-11-07 22:05:17.327 [info] > git for-each-ref --sort -committerdate --format %(refname)%00%(objectname)%00%(*objectname) [4ms]
2025-11-07 22:06:36.643 [info] > git config --get commit.template [12ms]
2025-11-07 22:06:36.645 [info] > git for-each-ref --format=%(refname)%00%(upstream:short)%00%(objectname)%00%(upstream:track)%00%(upstream:remotename)%00%(upstream:remoteref) refs/heads/feature/layer-namespaces refs/remotes/feature/layer-namespaces [3ms]
2025-11-07 22:06:36.664 [info] > git status -z -uall [9ms]
2025-11-07 22:06:36.666 [info] > git for-each-ref --sort -committerdate --format %(refname)%00%(objectname)%00%(*objectname) [3ms]
2025-11-07 22:08:25.963 [info] > git config --get commit.template [10ms]
2025-11-07 22:08:25.964 [info] > git for-each-ref --format=%(refname)%00%(upstream:short)%00%(objectname)%00%(upstream:track)%00%(upstream:remotename)%00%(upstream:remoteref) refs/heads/feature/layer-namespaces refs/remotes/feature/layer-namespaces [1ms]
2025-11-07 22:08:25.985 [info] > git status -z -uall [9ms]
2025-11-07 22:08:25.987 [info] > git for-each-ref --sort -committerdate --format %(refname)%00%(objectname)%00%(*objectname) [2ms]
2025-11-07 22:08:36.504 [info] > git config --get commit.template [15ms]
2025-11-07 22:08:36.504 [info] > git for-each-ref --format=%(refname)%00%(upstream:short)%00%(objectname)%00%(upstream:track)%00%(upstream:remotename)%00%(upstream:remoteref) refs/heads/feature/layer-namespaces refs/remotes/feature/layer-namespaces [2ms]
2025-11-07 22:08:36.535 [info] > git status -z -uall [16ms]
2025-11-07 22:08:36.537 [info] > git for-each-ref --sort -committerdate --format %(refname)%00%(objectname)%00%(*objectname) [3ms]
2025-11-07 22:09:30.841 [info] > git config --get commit.template [15ms]
2025-11-07 22:09:30.842 [info] > git for-each-ref --format=%(refname)%00%(upstream:short)%00%(objectname)%00%(upstream:track)%00%(upstream:remotename)%00%(upstream:remoteref) refs/heads/feature/layer-namespaces refs/remotes/feature/layer-namespaces [2ms]
2025-11-07 22:09:30.870 [info] > git status -z -uall [14ms]
2025-11-07 22:09:30.874 [info] > git for-each-ref --sort -committerdate --format %(refname)%00%(objectname)%00%(*objectname) [5ms]
2025-11-07 22:09:52.802 [info] > git config --get commit.template [2ms]
2025-11-07 22:09:52.815 [info] > git for-each-ref --format=%(refname)%00%(upstream:short)%00%(objectname)%00%(upstream:track)%00%(upstream:remotename)%00%(upstream:remoteref) refs/heads/feature/layer-namespaces refs/remotes/feature/layer-namespaces [3ms]
2025-11-07 22:09:52.836 [info] > git status -z -uall [9ms]
2025-11-07 22:09:52.838 [info] > git for-each-ref --sort -committerdate --format %(refname)%00%(objectname)%00%(*objectname) [2ms]
2025-11-07 22:09:57.874 [info] > git config --get commit.template [17ms]
2025-11-07 22:09:57.877 [info] > git for-each-ref --format=%(refname)%00%(upstream:short)%00%(objectname)%00%(upstream:track)%00%(upstream:remotename)%00%(upstream:remoteref) refs/heads/feature/layer-namespaces refs/remotes/feature/layer-namespaces [4ms]
2025-11-07 22:09:57.895 [info] > git status -z -uall [9ms]
2025-11-07 22:09:57.896 [info] > git for-each-ref --sort -committerdate --format %(refname)%00%(objectname)%00%(*objectname) [1ms]
2025-11-07 22:11:33.633 [info] > git config --get commit.template [16ms]
2025-11-07 22:11:33.636 [info] > git for-each-ref --format=%(refname)%00%(upstream:short)%00%(objectname)%00%(upstream:track)%00%(upstream:remotename)%00%(upstream:remoteref) refs/heads/feature/layer-namespaces refs/remotes/feature/layer-namespaces [4ms]
2025-11-07 22:11:33.668 [info] > git status -z -uall [16ms]
2025-11-07 22:11:33.671 [info] > git for-each-ref --sort -committerdate --format %(refname)%00%(objectname)%00%(*objectname) [4ms]
2025-11-07 22:13:04.269 [info] > git config --get commit.template [17ms]
2025-11-07 22:13:04.270 [info] > git for-each-ref --format=%(refname)%00%(upstream:short)%00%(objectname)%00%(upstream:track)%00%(upstream:remotename)%00%(upstream:remoteref) refs/heads/feature/layer-namespaces refs/remotes/feature/layer-namespaces [3ms]
2025-11-07 22:13:04.301 [info] > git status -z -uall [16ms]
2025-11-07 22:13:04.303 [info] > git for-each-ref --sort -committerdate --format %(refname)%00%(objectname)%00%(*objectname) [3ms]
2025-11-07 22:14:33.882 [info] > git config --get commit.template [15ms]
2025-11-07 22:14:33.884 [info] > git for-each-ref --format=%(refname)%00%(upstream:short)%00%(objectname)%00%(upstream:track)%00%(upstream:remotename)%00%(upstream:remoteref) refs/heads/feature/layer-namespaces refs/remotes/feature/layer-namespaces [3ms]
2025-11-07 22:14:33.912 [info] > git status -z -uall [15ms]
2025-11-07 22:14:33.913 [info] > git for-each-ref --sort -committerdate --format %(refname)%00%(objectname)%00%(*objectname) [3ms]
2025-11-07 22:14:47.295 [info] > git check-ignore -v -z --stdin [5ms]
2025-11-07 22:14:47.916 [info] > git check-ignore -v -z --stdin [3ms]
2025-11-07 22:14:52.952 [info] > git check-ignore -v -z --stdin [3ms]
2025-11-07 22:14:54.542 [info] > git check-ignore -v -z --stdin [3ms]
2025-11-07 22:14:56.437 [info] > git ls-files --stage -- src/css/custom.css [1ms]
2025-11-07 22:14:56.505 [info] > git cat-file -s 77199e3957fecd08873bd300d5123ef58f7cd3df [59ms]
2025-11-07 22:14:56.506 [info] > git show --textconv :src/css/custom.css [83ms]
2025-11-07 22:15:06.643 [info] > git show --textconv :src/css/global.css [14ms]
2025-11-07 22:15:06.645 [info] > git ls-files --stage -- src/css/global.css [2ms]
2025-11-07 22:15:06.658 [info] > git cat-file -s af920ce2dfd9420f750b3ddb8e48b9de546436f1 [2ms]
2025-11-07 22:15:24.182 [info] > git blame --root --incremental 1ecbb34f0781a5aafc62bdcd262e3837fc40d30f -- src/css/global.css [421ms]
2025-11-07 22:15:34.612 [info] > git config --get commit.template [10ms]
2025-11-07 22:15:34.614 [info] > git for-each-ref --format=%(refname)%00%(upstream:short)%00%(objectname)%00%(upstream:track)%00%(upstream:remotename)%00%(upstream:remoteref) refs/heads/feature/layer-namespaces refs/remotes/feature/layer-namespaces [2ms]
2025-11-07 22:15:34.637 [info] > git status -z -uall [11ms]
2025-11-07 22:15:34.639 [info] > git for-each-ref --sort -committerdate --format %(refname)%00%(objectname)%00%(*objectname) [3ms]
2025-11-07 22:15:35.004 [info] > git show --textconv :src/css/custom.css [11ms]
2025-11-07 22:15:35.005 [info] > git ls-files --stage -- src/css/custom.css [2ms]
2025-11-07 22:15:35.019 [info] > git cat-file -s 77199e3957fecd08873bd300d5123ef58f7cd3df [4ms]
2025-11-07 22:15:38.253 [info] > git blame --root --incremental 1ecbb34f0781a5aafc62bdcd262e3837fc40d30f -- src/css/custom.css [12ms]
2025-11-07 22:16:00.947 [info] > git show --textconv :docs/dankmaterialshell/layers.mdx [11ms]
2025-11-07 22:16:00.948 [info] > git ls-files --stage -- docs/dankmaterialshell/layers.mdx [2ms]
2025-11-07 22:16:00.959 [info] > git cat-file -s 509513afe8ca14d93a1d92e1bb2016a8b6e685fc [2ms]
2025-11-07 22:16:53.786 [info] > git config --get commit.template [15ms]
2025-11-07 22:16:53.787 [info] > git for-each-ref --format=%(refname)%00%(upstream:short)%00%(objectname)%00%(upstream:track)%00%(upstream:remotename)%00%(upstream:remoteref) refs/heads/feature/layer-namespaces refs/remotes/feature/layer-namespaces [2ms]
2025-11-07 22:16:53.820 [info] > git status -z -uall [18ms]
2025-11-07 22:16:53.822 [info] > git for-each-ref --sort -committerdate --format %(refname)%00%(objectname)%00%(*objectname) [4ms]
2025-11-07 22:17:54.506 [info] > git config --get commit.template [2ms]
2025-11-07 22:17:54.525 [info] > git for-each-ref --format=%(refname)%00%(upstream:short)%00%(objectname)%00%(upstream:track)%00%(upstream:remotename)%00%(upstream:remoteref) refs/heads/feature/layer-namespaces refs/remotes/feature/layer-namespaces [4ms]
2025-11-07 22:17:54.555 [info] > git status -z -uall [15ms]
2025-11-07 22:17:54.557 [info] > git for-each-ref --sort -committerdate --format %(refname)%00%(objectname)%00%(*objectname) [3ms]
2025-11-07 22:26:04.596 [info] > git show --textconv :src/css/custom.css [11ms]
2025-11-07 22:26:04.597 [info] > git ls-files --stage -- src/css/custom.css [2ms]
2025-11-07 22:26:04.607 [info] > git cat-file -s 77199e3957fecd08873bd300d5123ef58f7cd3df [1ms]
2025-11-07 22:33:00.347 [info] > git check-ignore -v -z --stdin [2ms]
2025-11-07 22:33:04.412 [info] > git show --textconv :src/pages/index.tsx [15ms]
2025-11-07 22:33:04.413 [info] > git ls-files --stage -- src/pages/index.tsx [3ms]
2025-11-07 22:33:04.425 [info] > git cat-file -s 044c47e20dffb0cc44d16ed5d62e8681b54e5ec3 [2ms]
2025-11-07 22:33:07.524 [info] > git blame --root --incremental 1ecbb34f0781a5aafc62bdcd262e3837fc40d30f -- src/pages/index.tsx [6ms]
2025-11-07 22:33:13.374 [info] > git show --textconv :docs/dankmaterialshell/layers.mdx [11ms]
2025-11-07 22:33:13.374 [info] > git ls-files --stage -- docs/dankmaterialshell/layers.mdx [2ms]
2025-11-07 22:33:13.385 [info] > git cat-file -s 509513afe8ca14d93a1d92e1bb2016a8b6e685fc [2ms]
2025-11-07 22:33:15.283 [info] > git check-ignore -v -z --stdin [1ms]
2025-11-07 22:33:16.387 [info] > git show --textconv :src/pages/index.module.css [10ms]
2025-11-07 22:33:16.388 [info] > git ls-files --stage -- src/pages/index.module.css [3ms]
2025-11-07 22:33:16.399 [info] > git cat-file -s de3ad48b7bb94eeb81f4db36f18cfde9da113d1a [2ms]
2025-11-07 22:33:18.534 [info] > git blame --root --incremental 1ecbb34f0781a5aafc62bdcd262e3837fc40d30f -- src/pages/index.module.css [6ms]
2025-11-07 22:33:20.790 [info] > git show --textconv :docs/dankmaterialshell/layers.mdx [16ms]
2025-11-07 22:33:20.792 [info] > git ls-files --stage -- docs/dankmaterialshell/layers.mdx [2ms]
2025-11-07 22:33:20.807 [info] > git cat-file -s 509513afe8ca14d93a1d92e1bb2016a8b6e685fc [1ms]
2025-11-07 22:33:22.564 [info] > git show --textconv :src/pages/markdown-page.md [8ms]
2025-11-07 22:33:22.565 [info] > git ls-files --stage -- src/pages/markdown-page.md [2ms]
2025-11-07 22:33:22.574 [info] > git cat-file -s 9756c5b6685a7fa67f41e11bc2cb6b990c2b12b2 [2ms]
2025-11-07 22:33:24.561 [info] > git blame --root --incremental 1ecbb34f0781a5aafc62bdcd262e3837fc40d30f -- src/pages/markdown-page.md [7ms]
2025-11-07 22:33:29.908 [info] > git show --textconv :docs/dankmaterialshell/layers.mdx [18ms]
2025-11-07 22:33:29.911 [info] > git ls-files --stage -- docs/dankmaterialshell/layers.mdx [4ms]
2025-11-07 22:33:29.922 [info] > git cat-file -s 509513afe8ca14d93a1d92e1bb2016a8b6e685fc [1ms]
2025-11-07 22:33:40.885 [info] > git check-ignore -v -z --stdin [3ms]
2025-11-07 22:33:43.250 [info] > git show --textconv :src/components/Hero/index.tsx [11ms]
2025-11-07 22:33:43.251 [info] > git ls-files --stage -- src/components/Hero/index.tsx [2ms]
2025-11-07 22:33:43.262 [info] > git cat-file -s 89050eefdd5cc1b3f39bd8271e89a9c959bdad71 [2ms]
2025-11-07 22:33:46.110 [info] > git show --textconv :docs/dankmaterialshell/layers.mdx [11ms]
2025-11-07 22:33:46.112 [info] > git ls-files --stage -- docs/dankmaterialshell/layers.mdx [3ms]
2025-11-07 22:33:46.122 [info] > git cat-file -s 509513afe8ca14d93a1d92e1bb2016a8b6e685fc [2ms]
2025-11-07 22:33:51.505 [info] > git check-ignore -v -z --stdin [3ms]
2025-11-07 22:33:53.262 [info] > git check-ignore -v -z --stdin [1ms]
2025-11-07 22:35:56.739 [info] > git show --textconv :src/css/custom.css [19ms]
2025-11-07 22:35:56.739 [info] > git ls-files --stage -- src/css/custom.css [2ms]
2025-11-07 22:35:56.751 [info] > git cat-file -s 77199e3957fecd08873bd300d5123ef58f7cd3df [2ms]
2025-11-07 22:37:30.364 [info] > git show --textconv :docs/dankmaterialshell/layers.mdx [9ms]
2025-11-07 22:37:30.365 [info] > git ls-files --stage -- docs/dankmaterialshell/layers.mdx [1ms]
2025-11-07 22:37:30.377 [info] > git cat-file -s 509513afe8ca14d93a1d92e1bb2016a8b6e685fc [1ms]
2025-11-07 22:37:31.504 [info] > git show --textconv :src/css/custom.css [15ms]
2025-11-07 22:37:31.507 [info] > git ls-files --stage -- src/css/custom.css [4ms]
2025-11-07 22:37:31.522 [info] > git cat-file -s 77199e3957fecd08873bd300d5123ef58f7cd3df [3ms]
2025-11-07 22:39:32.182 [info] > git show --textconv :docs/dankmaterialshell/layers.mdx [18ms]
2025-11-07 22:39:32.184 [info] > git ls-files --stage -- docs/dankmaterialshell/layers.mdx [3ms]
2025-11-07 22:39:32.198 [info] > git cat-file -s 509513afe8ca14d93a1d92e1bb2016a8b6e685fc [2ms]
2025-11-07 22:46:45.679 [info] > git config --get commit.template [13ms]
2025-11-07 22:46:45.682 [info] > git for-each-ref --format=%(refname)%00%(upstream:short)%00%(objectname)%00%(upstream:track)%00%(upstream:remotename)%00%(upstream:remoteref) refs/heads/feature/layer-namespaces refs/remotes/feature/layer-namespaces [3ms]
2025-11-07 22:46:45.704 [info] > git status -z -uall [11ms]
2025-11-07 22:46:45.705 [info] > git for-each-ref --sort -committerdate --format %(refname)%00%(objectname)%00%(*objectname) [2ms]
2025-11-07 22:47:02.913 [info] > git config --get commit.template [13ms]
2025-11-07 22:47:02.916 [info] > git for-each-ref --format=%(refname)%00%(upstream:short)%00%(objectname)%00%(upstream:track)%00%(upstream:remotename)%00%(upstream:remoteref) refs/heads/feature/layer-namespaces refs/remotes/feature/layer-namespaces [4ms]
2025-11-07 22:47:02.948 [info] > git status -z -uall [15ms]
2025-11-07 22:47:02.949 [info] > git for-each-ref --sort -committerdate --format %(refname)%00%(objectname)%00%(*objectname) [2ms]
2025-11-07 22:50:32.913 [info] > git config --get commit.template [14ms]
2025-11-07 22:50:32.916 [info] > git for-each-ref --format=%(refname)%00%(upstream:short)%00%(objectname)%00%(upstream:track)%00%(upstream:remotename)%00%(upstream:remoteref) refs/heads/feature/layer-namespaces refs/remotes/feature/layer-namespaces [4ms]
2025-11-07 22:50:32.942 [info] > git status -z -uall [13ms]
2025-11-07 22:50:32.946 [info] > git for-each-ref --sort -committerdate --format %(refname)%00%(objectname)%00%(*objectname) [4ms]
2025-11-07 22:55:23.831 [info] > git for-each-ref --format=%(refname)%00%(upstream:short)%00%(objectname)%00%(upstream:track)%00%(upstream:remotename)%00%(upstream:remoteref) refs/heads/feature/layer-namespaces refs/remotes/feature/layer-namespaces [2ms]
2025-11-07 22:55:23.831 [info] > git config --get commit.template [18ms]
2025-11-07 22:55:23.856 [info] > git status -z -uall [10ms]
2025-11-07 22:55:23.857 [info] > git for-each-ref --sort -committerdate --format %(refname)%00%(objectname)%00%(*objectname) [2ms]
2025-11-07 22:55:59.455 [info] > git config --get commit.template [1ms]
2025-11-07 22:55:59.472 [info] > git for-each-ref --format=%(refname)%00%(upstream:short)%00%(objectname)%00%(upstream:track)%00%(upstream:remotename)%00%(upstream:remoteref) refs/heads/feature/layer-namespaces refs/remotes/feature/layer-namespaces [4ms]
2025-11-07 22:55:59.492 [info] > git status -z -uall [11ms]
2025-11-07 22:55:59.495 [info] > git for-each-ref --sort -committerdate --format %(refname)%00%(objectname)%00%(*objectname) [4ms]
2025-11-07 22:57:54.816 [info] > git config --get commit.template [1ms]
2025-11-07 22:57:54.839 [info] > git for-each-ref --format=%(refname)%00%(upstream:short)%00%(objectname)%00%(upstream:track)%00%(upstream:remotename)%00%(upstream:remoteref) refs/heads/feature/layer-namespaces refs/remotes/feature/layer-namespaces [3ms]
2025-11-07 22:57:54.860 [info] > git status -z -uall [10ms]
2025-11-07 22:57:54.861 [info] > git for-each-ref --sort -committerdate --format %(refname)%00%(objectname)%00%(*objectname) [2ms]
