2025-11-14 17:26:56.617 [info] Starting TS Server
2025-11-14 17:26:56.617 [info] Using tsserver from: /opt/vscodium-bin/resources/app/extensions/node_modules/typescript/lib/tsserver.js
2025-11-14 17:26:56.617 [info] <syntax> Forking...
2025-11-14 17:26:56.617 [info] <syntax> Starting...
2025-11-14 17:26:56.617 [info] <semantic> Forking...
2025-11-14 17:26:56.617 [info] <semantic> Starting...
2025-11-14 18:53:18.391 [info] Starting TS Server
2025-11-14 18:53:18.391 [info] Using tsserver from: /opt/vscodium-bin/resources/app/extensions/node_modules/typescript/lib/tsserver.js
2025-11-14 18:53:18.391 [info] <syntax> Forking...
2025-11-14 18:53:18.391 [info] <syntax> Starting...
2025-11-14 18:53:18.391 [info] <semantic> Forking...
2025-11-14 18:53:18.391 [info] <semantic> Starting...
2025-11-14 18:56:42.126 [info] Starting TS Server
2025-11-14 18:56:42.126 [info] Using tsserver from: /opt/vscodium-bin/resources/app/extensions/node_modules/typescript/lib/tsserver.js
2025-11-14 18:56:42.126 [info] <syntax> Forking...
2025-11-14 18:56:42.126 [info] <syntax> Starting...
2025-11-14 18:56:42.126 [info] <semantic> Forking...
2025-11-14 18:56:42.126 [info] <semantic> Starting...
2025-11-14 18:59:28.343 [info] Starting TS Server
2025-11-14 18:59:28.343 [info] Using tsserver from: /opt/vscodium-bin/resources/app/extensions/node_modules/typescript/lib/tsserver.js
2025-11-14 18:59:28.343 [info] <syntax> Forking...
2025-11-14 18:59:28.343 [info] <syntax> Starting...
2025-11-14 18:59:28.343 [info] <semantic> Forking...
2025-11-14 18:59:28.343 [info] <semantic> Starting...
2025-11-14 19:20:51.920 [error] TSServer exited. Code: null. Signal: SIGTERM
