2025-11-11 16:32:27.385 [info] Extension host with pid 64024 started
2025-11-11 16:32:27.385 [info] Skipping acquiring lock for /home/claymorwan/.config/VSCodium/User/workspaceStorage/defab8fcb2b0789abd3ae76c0acae356.
2025-11-11 16:32:27.467 [info] ExtensionService#_doActivateExtension vscode.css-language-features, startup: false, activationEvent: 'onLanguage:css'
2025-11-11 16:32:27.530 [info] ExtensionService#_doActivateExtension vscode.emmet, startup: false, activationEvent: 'onLanguage'
2025-11-11 16:32:27.885 [info] ExtensionService#_doActivateExtension vscode.git-base, startup: true, activationEvent: '*', root cause: vscode.git
2025-11-11 16:32:27.928 [info] ExtensionService#_doActivateExtension vscode.git, startup: true, activationEvent: '*'
2025-11-11 16:32:27.999 [info] ExtensionService#_doActivateExtension vscode.github, startup: true, activationEvent: '*'
2025-11-11 16:32:28.147 [info] Eager extensions activated
2025-11-11 16:32:28.150 [info] ExtensionService#_doActivateExtension vscode.debug-auto-launch, startup: false, activationEvent: 'onStartupFinished'
2025-11-11 16:32:28.153 [info] ExtensionService#_doActivateExtension vscode.merge-conflict, startup: false, activationEvent: 'onStartupFinished'
2025-11-11 16:32:28.174 [info] ExtensionService#_doActivateExtension Catppuccin.catppuccin-vsc, startup: false, activationEvent: 'onStartupFinished'
2025-11-11 16:32:28.181 [info] ExtensionService#_doActivateExtension Catppuccin.catppuccin-vsc-icons, startup: false, activationEvent: 'onStartupFinished'
2025-11-11 16:32:28.355 [info] ExtensionService#_doActivateExtension vscode.configuration-editing, startup: false, activationEvent: 'onLanguage:jsonc'
2025-11-11 16:32:28.364 [info] ExtensionService#_doActivateExtension vscode.json-language-features, startup: false, activationEvent: 'onLanguage:jsonc'
2025-11-11 16:32:28.420 [info] ExtensionService#_doActivateExtension vscode.typescript-language-features, startup: false, activationEvent: 'onLanguage:jsonc'
2025-11-11 16:32:28.638 [info] ExtensionService#_doActivateExtension vscode.github-authentication, startup: false, activationEvent: 'onAuthenticationRequest:github'
2025-11-11 16:32:41.541 [info] Extension host terminating: renderer closed the MessagePort
2025-11-11 16:32:41.554 [info] Extension host with pid 64024 exiting with code 0
2025-11-11 16:32:42.802 [info] Extension host with pid 64321 started
2025-11-11 16:32:42.802 [info] Skipping acquiring lock for /home/claymorwan/.config/VSCodium/User/workspaceStorage/690d9ee16a8e1a9c918926ffbd185ff7.
2025-11-11 16:32:42.930 [info] ExtensionService#_doActivateExtension vscode.emmet, startup: false, activationEvent: 'onLanguage'
2025-11-11 16:32:42.975 [info] ExtensionService#_doActivateExtension theqtcompany.qt-core, startup: false, activationEvent: 'onLanguage:qml', root cause: theqtcompany.qt-qml
2025-11-11 16:32:43.273 [info] ExtensionService#_doActivateExtension theqtcompany.qt-qml, startup: false, activationEvent: 'onLanguage:qml'
2025-11-11 16:32:43.405 [info] ExtensionService#_doActivateExtension vscode.git-base, startup: true, activationEvent: '*', root cause: vscode.git
2025-11-11 16:32:43.413 [info] ExtensionService#_doActivateExtension vscode.git, startup: true, activationEvent: '*'
2025-11-11 16:32:43.475 [info] ExtensionService#_doActivateExtension vscode.github, startup: true, activationEvent: '*'
2025-11-11 16:32:43.636 [info] Eager extensions activated
2025-11-11 16:32:43.729 [info] ExtensionService#_doActivateExtension vscode.debug-auto-launch, startup: false, activationEvent: 'onStartupFinished'
2025-11-11 16:32:43.732 [info] ExtensionService#_doActivateExtension vscode.merge-conflict, startup: false, activationEvent: 'onStartupFinished'
2025-11-11 16:32:43.760 [info] ExtensionService#_doActivateExtension Catppuccin.catppuccin-vsc, startup: false, activationEvent: 'onStartupFinished'
2025-11-11 16:32:43.768 [info] ExtensionService#_doActivateExtension Catppuccin.catppuccin-vsc-icons, startup: false, activationEvent: 'onStartupFinished'
2025-11-11 16:32:43.996 [info] ExtensionService#_doActivateExtension vscode.configuration-editing, startup: false, activationEvent: 'onLanguage:jsonc'
2025-11-11 16:32:44.005 [info] ExtensionService#_doActivateExtension vscode.json-language-features, startup: false, activationEvent: 'onLanguage:jsonc'
2025-11-11 16:32:44.067 [info] ExtensionService#_doActivateExtension vscode.typescript-language-features, startup: false, activationEvent: 'onLanguage:jsonc'
2025-11-11 16:32:44.127 [info] ExtensionService#_doActivateExtension vscode.github-authentication, startup: false, activationEvent: 'onAuthenticationRequest:github'
2025-11-11 16:32:49.187 [warning] The task [Qt, Acquire Port] uses an undefined task type. The task will be ignored in the future.
2025-11-11 17:35:26.981 [info] Extension host terminating: renderer closed the MessagePort
2025-11-11 17:35:26.999 [info] Extension host with pid 64321 exiting with code 0
2025-11-11 17:35:28.321 [info] Extension host with pid 90018 started
2025-11-11 17:35:28.321 [info] Skipping acquiring lock for /home/claymorwan/.config/VSCodium/User/workspaceStorage/f0d97e3da230485391c78414c15caad4.
2025-11-11 17:35:28.579 [info] ExtensionService#_doActivateExtension vscode.emmet, startup: false, activationEvent: 'onLanguage'
2025-11-11 17:35:28.608 [info] ExtensionService#_doActivateExtension unifiedjs.vscode-mdx, startup: false, activationEvent: 'onLanguage:mdx'
2025-11-11 17:35:28.674 [info] ExtensionService#_doActivateExtension xyc.vscode-mdx-preview, startup: false, activationEvent: 'onLanguage:mdx'
2025-11-11 17:35:29.669 [info] ExtensionService#_doActivateExtension vscode.git-base, startup: true, activationEvent: '*', root cause: vscode.git
2025-11-11 17:35:29.691 [info] ExtensionService#_doActivateExtension vscode.typescript-language-features, startup: false, activationEvent: 'api', root cause: unifiedjs.vscode-mdx
2025-11-11 17:35:29.752 [info] ExtensionService#_doActivateExtension vscode.npm, startup: true, activationEvent: 'workspaceContains:package.json'
2025-11-11 17:35:30.008 [info] ExtensionService#_doActivateExtension vscode.git, startup: true, activationEvent: '*'
2025-11-11 17:35:30.063 [info] ExtensionService#_doActivateExtension vscode.github, startup: true, activationEvent: '*'
2025-11-11 17:35:30.233 [info] Eager extensions activated
2025-11-11 17:35:30.248 [info] ExtensionService#_doActivateExtension vscode.debug-auto-launch, startup: false, activationEvent: 'onStartupFinished'
2025-11-11 17:35:30.250 [info] ExtensionService#_doActivateExtension vscode.merge-conflict, startup: false, activationEvent: 'onStartupFinished'
2025-11-11 17:35:30.274 [info] ExtensionService#_doActivateExtension Catppuccin.catppuccin-vsc, startup: false, activationEvent: 'onStartupFinished'
2025-11-11 17:35:30.279 [info] ExtensionService#_doActivateExtension Catppuccin.catppuccin-vsc-icons, startup: false, activationEvent: 'onStartupFinished'
2025-11-11 17:35:30.595 [info] ExtensionService#_doActivateExtension vscode.configuration-editing, startup: false, activationEvent: 'onLanguage:jsonc'
2025-11-11 17:35:30.604 [info] ExtensionService#_doActivateExtension vscode.json-language-features, startup: false, activationEvent: 'onLanguage:jsonc'
2025-11-11 17:35:31.529 [info] ExtensionService#_doActivateExtension vscode.github-authentication, startup: false, activationEvent: 'onAuthenticationRequest:github'
2025-11-11 17:35:35.172 [info] ExtensionService#_doActivateExtension vscode.extension-editing, startup: false, activationEvent: 'onLanguage:json'
2025-11-11 17:42:28.762 [info] Extension host terminating: renderer closed the MessagePort
2025-11-11 17:42:28.796 [info] Extension host with pid 90018 exiting with code 0
2025-11-11 17:42:30.174 [info] Extension host with pid 93149 started
2025-11-11 17:42:30.174 [info] Skipping acquiring lock for /home/claymorwan/.config/VSCodium/User/workspaceStorage/690d9ee16a8e1a9c918926ffbd185ff7.
2025-11-11 17:42:30.252 [info] ExtensionService#_doActivateExtension vscode.emmet, startup: false, activationEvent: 'onLanguage'
2025-11-11 17:42:30.275 [info] ExtensionService#_doActivateExtension theqtcompany.qt-core, startup: false, activationEvent: 'onLanguage:qml', root cause: theqtcompany.qt-qml
2025-11-11 17:42:30.510 [info] ExtensionService#_doActivateExtension theqtcompany.qt-qml, startup: false, activationEvent: 'onLanguage:qml'
2025-11-11 17:42:30.660 [info] ExtensionService#_doActivateExtension vscode.git-base, startup: true, activationEvent: '*', root cause: vscode.git
2025-11-11 17:42:30.671 [info] ExtensionService#_doActivateExtension vscode.git, startup: true, activationEvent: '*'
2025-11-11 17:42:30.743 [info] ExtensionService#_doActivateExtension vscode.github, startup: true, activationEvent: '*'
2025-11-11 17:42:30.950 [info] Eager extensions activated
2025-11-11 17:42:30.986 [info] ExtensionService#_doActivateExtension vscode.debug-auto-launch, startup: false, activationEvent: 'onStartupFinished'
2025-11-11 17:42:30.988 [info] ExtensionService#_doActivateExtension vscode.merge-conflict, startup: false, activationEvent: 'onStartupFinished'
2025-11-11 17:42:31.010 [info] ExtensionService#_doActivateExtension Catppuccin.catppuccin-vsc, startup: false, activationEvent: 'onStartupFinished'
2025-11-11 17:42:31.015 [info] ExtensionService#_doActivateExtension Catppuccin.catppuccin-vsc-icons, startup: false, activationEvent: 'onStartupFinished'
2025-11-11 17:42:31.213 [info] ExtensionService#_doActivateExtension vscode.configuration-editing, startup: false, activationEvent: 'onLanguage:jsonc'
2025-11-11 17:42:31.221 [info] ExtensionService#_doActivateExtension vscode.json-language-features, startup: false, activationEvent: 'onLanguage:jsonc'
2025-11-11 17:42:31.280 [info] ExtensionService#_doActivateExtension vscode.typescript-language-features, startup: false, activationEvent: 'onLanguage:jsonc'
2025-11-11 17:42:31.354 [info] ExtensionService#_doActivateExtension vscode.github-authentication, startup: false, activationEvent: 'onAuthenticationRequest:github'
2025-11-11 17:42:36.354 [warning] The task [Qt, Acquire Port] uses an undefined task type. The task will be ignored in the future.
2025-11-11 17:47:06.629 [info] Extension host terminating: renderer closed the MessagePort
2025-11-11 17:47:06.645 [info] Extension host with pid 93149 exiting with code 0
2025-11-11 17:47:07.941 [info] Extension host with pid 94587 started
2025-11-11 17:47:07.941 [info] Skipping acquiring lock for /home/claymorwan/.config/VSCodium/User/workspaceStorage/f0d97e3da230485391c78414c15caad4.
2025-11-11 17:47:08.201 [info] ExtensionService#_doActivateExtension vscode.emmet, startup: false, activationEvent: 'onLanguage'
2025-11-11 17:47:08.231 [info] ExtensionService#_doActivateExtension unifiedjs.vscode-mdx, startup: false, activationEvent: 'onLanguage:mdx'
2025-11-11 17:47:08.283 [info] ExtensionService#_doActivateExtension xyc.vscode-mdx-preview, startup: false, activationEvent: 'onLanguage:mdx'
2025-11-11 17:47:09.047 [info] ExtensionService#_doActivateExtension vscode.typescript-language-features, startup: false, activationEvent: 'api', root cause: unifiedjs.vscode-mdx
2025-11-11 17:47:09.211 [info] ExtensionService#_doActivateExtension vscode.git-base, startup: true, activationEvent: '*', root cause: vscode.git
2025-11-11 17:47:09.213 [info] ExtensionService#_doActivateExtension vscode.npm, startup: true, activationEvent: 'workspaceContains:package.json'
2025-11-11 17:47:09.269 [info] ExtensionService#_doActivateExtension vscode.git, startup: true, activationEvent: '*'
2025-11-11 17:47:09.328 [info] ExtensionService#_doActivateExtension vscode.github, startup: true, activationEvent: '*'
2025-11-11 17:47:09.510 [info] Eager extensions activated
2025-11-11 17:47:09.572 [info] ExtensionService#_doActivateExtension vscode.debug-auto-launch, startup: false, activationEvent: 'onStartupFinished'
2025-11-11 17:47:09.575 [info] ExtensionService#_doActivateExtension vscode.merge-conflict, startup: false, activationEvent: 'onStartupFinished'
2025-11-11 17:47:09.602 [info] ExtensionService#_doActivateExtension Catppuccin.catppuccin-vsc, startup: false, activationEvent: 'onStartupFinished'
2025-11-11 17:47:09.610 [info] ExtensionService#_doActivateExtension Catppuccin.catppuccin-vsc-icons, startup: false, activationEvent: 'onStartupFinished'
2025-11-11 17:47:10.010 [info] ExtensionService#_doActivateExtension vscode.configuration-editing, startup: false, activationEvent: 'onLanguage:jsonc'
2025-11-11 17:47:10.023 [info] ExtensionService#_doActivateExtension vscode.json-language-features, startup: false, activationEvent: 'onLanguage:jsonc'
2025-11-11 17:47:10.231 [info] ExtensionService#_doActivateExtension vscode.github-authentication, startup: false, activationEvent: 'onAuthenticationRequest:github'
2025-11-11 17:47:14.375 [info] ExtensionService#_doActivateExtension vscode.extension-editing, startup: false, activationEvent: 'onLanguage:json'
2025-11-11 18:51:55.816 [info] Extension host terminating: renderer closed the MessagePort
2025-11-11 18:51:55.859 [info] Extension host with pid 94587 exiting with code 0
2025-11-11 18:51:57.228 [info] Extension host with pid 114414 started
2025-11-11 18:51:57.228 [info] Skipping acquiring lock for /home/claymorwan/.config/VSCodium/User/workspaceStorage/690d9ee16a8e1a9c918926ffbd185ff7.
2025-11-11 18:51:57.240 [info] ExtensionService#_doActivateExtension vscode.git-base, startup: false, activationEvent: 'onFileSystem:git', root cause: vscode.git
2025-11-11 18:51:57.246 [info] ExtensionService#_doActivateExtension vscode.git, startup: false, activationEvent: 'onFileSystem:git'
2025-11-11 18:51:57.373 [info] ExtensionService#_doActivateExtension vscode.github, startup: true, activationEvent: '*'
2025-11-11 18:51:57.452 [info] ExtensionService#_doActivateExtension vscode.emmet, startup: false, activationEvent: 'onLanguage'
2025-11-11 18:51:57.477 [info] ExtensionService#_doActivateExtension theqtcompany.qt-core, startup: true, activationEvent: 'workspaceContains:*.qml,*.qmldir', root cause: theqtcompany.qt-qml
2025-11-11 18:51:57.652 [info] ExtensionService#_doActivateExtension theqtcompany.qt-qml, startup: true, activationEvent: 'workspaceContains:*.qml,*.qmldir'
2025-11-11 18:51:57.764 [info] Eager extensions activated
2025-11-11 18:51:57.771 [info] ExtensionService#_doActivateExtension vscode.debug-auto-launch, startup: false, activationEvent: 'onStartupFinished'
2025-11-11 18:51:57.773 [info] ExtensionService#_doActivateExtension vscode.merge-conflict, startup: false, activationEvent: 'onStartupFinished'
2025-11-11 18:51:57.796 [info] ExtensionService#_doActivateExtension Catppuccin.catppuccin-vsc, startup: false, activationEvent: 'onStartupFinished'
2025-11-11 18:51:57.804 [info] ExtensionService#_doActivateExtension Catppuccin.catppuccin-vsc-icons, startup: false, activationEvent: 'onStartupFinished'
2025-11-11 18:51:58.011 [info] ExtensionService#_doActivateExtension vscode.configuration-editing, startup: false, activationEvent: 'onLanguage:jsonc'
2025-11-11 18:51:58.023 [info] ExtensionService#_doActivateExtension vscode.json-language-features, startup: false, activationEvent: 'onLanguage:jsonc'
2025-11-11 18:51:58.105 [info] ExtensionService#_doActivateExtension vscode.typescript-language-features, startup: false, activationEvent: 'onLanguage:jsonc'
2025-11-11 18:51:58.270 [info] ExtensionService#_doActivateExtension vscode.github-authentication, startup: false, activationEvent: 'onAuthenticationRequest:github'
2025-11-11 18:52:03.187 [warning] The task [Qt, Acquire Port] uses an undefined task type. The task will be ignored in the future.
2025-11-11 18:52:13.742 [info] Extension host terminating: renderer closed the MessagePort
2025-11-11 18:52:13.755 [info] Extension host with pid 114414 exiting with code 0
2025-11-11 18:52:15.197 [info] Extension host with pid 114804 started
2025-11-11 18:52:15.197 [info] Skipping acquiring lock for /home/claymorwan/.config/VSCodium/User/workspaceStorage/f0d97e3da230485391c78414c15caad4.
2025-11-11 18:52:15.471 [info] ExtensionService#_doActivateExtension vscode.emmet, startup: false, activationEvent: 'onLanguage'
2025-11-11 18:52:15.521 [info] ExtensionService#_doActivateExtension unifiedjs.vscode-mdx, startup: false, activationEvent: 'onLanguage:mdx'
2025-11-11 18:52:15.575 [info] ExtensionService#_doActivateExtension xyc.vscode-mdx-preview, startup: false, activationEvent: 'onLanguage:mdx'
2025-11-11 18:52:16.361 [info] ExtensionService#_doActivateExtension vscode.git-base, startup: true, activationEvent: '*', root cause: vscode.git
2025-11-11 18:52:16.363 [info] ExtensionService#_doActivateExtension vscode.typescript-language-features, startup: false, activationEvent: 'api', root cause: unifiedjs.vscode-mdx
2025-11-11 18:52:16.440 [info] ExtensionService#_doActivateExtension vscode.npm, startup: true, activationEvent: 'workspaceContains:package.json'
2025-11-11 18:52:16.556 [info] ExtensionService#_doActivateExtension vscode.git, startup: true, activationEvent: '*'
2025-11-11 18:52:16.618 [info] ExtensionService#_doActivateExtension vscode.github, startup: true, activationEvent: '*'
2025-11-11 18:52:16.761 [info] Eager extensions activated
2025-11-11 18:52:16.778 [info] ExtensionService#_doActivateExtension vscode.debug-auto-launch, startup: false, activationEvent: 'onStartupFinished'
2025-11-11 18:52:16.780 [info] ExtensionService#_doActivateExtension vscode.merge-conflict, startup: false, activationEvent: 'onStartupFinished'
2025-11-11 18:52:16.803 [info] ExtensionService#_doActivateExtension Catppuccin.catppuccin-vsc, startup: false, activationEvent: 'onStartupFinished'
2025-11-11 18:52:16.809 [info] ExtensionService#_doActivateExtension Catppuccin.catppuccin-vsc-icons, startup: false, activationEvent: 'onStartupFinished'
2025-11-11 18:52:17.106 [info] ExtensionService#_doActivateExtension vscode.configuration-editing, startup: false, activationEvent: 'onLanguage:jsonc'
2025-11-11 18:52:17.122 [info] ExtensionService#_doActivateExtension vscode.json-language-features, startup: false, activationEvent: 'onLanguage:jsonc'
2025-11-11 18:52:17.305 [info] ExtensionService#_doActivateExtension vscode.github-authentication, startup: false, activationEvent: 'onAuthenticationRequest:github'
2025-11-11 18:52:21.746 [info] ExtensionService#_doActivateExtension vscode.extension-editing, startup: false, activationEvent: 'onLanguage:json'
2025-11-11 18:55:04.289 [info] Extension host terminating: renderer closed the MessagePort
2025-11-11 18:55:04.318 [info] Extension host with pid 114804 exiting with code 0
