2025-11-16 14:13:36.233 [info] Reading sessions from keychain...
2025-11-16 14:13:36.233 [info] Getting sessions for all scopes...
2025-11-16 14:13:36.233 [info] Got 0 sessions for ...
2025-11-16 14:13:36.233 [info] Getting sessions for all scopes...
2025-11-16 14:13:36.233 [info] Got 0 sessions for ...
2025-11-16 14:13:36.233 [info] Getting sessions for all scopes...
2025-11-16 14:13:36.233 [info] Got 0 sessions for ...
2025-11-16 14:13:36.233 [info] Getting sessions for read:user,repo,user:email,workflow...
2025-11-16 14:13:36.233 [info] Got 0 sessions for read:user,repo,user:email,workflow...
2025-11-16 14:13:36.723 [info] Getting sessions for all scopes...
2025-11-16 14:13:36.723 [info] Got 0 sessions for ...
2025-11-16 14:13:36.723 [info] Getting sessions for all scopes...
2025-11-16 14:13:36.723 [info] Got 0 sessions for ...
2025-11-16 14:13:36.728 [info] Getting sessions for all scopes...
2025-11-16 14:13:36.728 [info] Got 0 sessions for ...
2025-11-16 14:13:47.835 [info] Reading sessions from keychain...
2025-11-16 14:13:47.835 [info] Getting sessions for all scopes...
2025-11-16 14:13:47.835 [info] Got 0 sessions for ...
2025-11-16 14:13:47.835 [info] Getting sessions for all scopes...
2025-11-16 14:13:47.835 [info] Got 0 sessions for ...
2025-11-16 14:13:47.835 [info] Getting sessions for all scopes...
2025-11-16 14:13:47.835 [info] Got 0 sessions for ...
2025-11-16 14:13:47.835 [info] Getting sessions for read:user,repo,user:email,workflow...
2025-11-16 14:13:47.835 [info] Got 0 sessions for read:user,repo,user:email,workflow...
2025-11-16 14:13:48.413 [info] Getting sessions for all scopes...
2025-11-16 14:13:48.413 [info] Got 0 sessions for ...
2025-11-16 14:13:48.414 [info] Getting sessions for all scopes...
2025-11-16 14:13:48.414 [info] Got 0 sessions for ...
2025-11-16 14:13:48.425 [info] Getting sessions for all scopes...
2025-11-16 14:13:48.425 [info] Got 0 sessions for ...
2025-11-16 17:05:46.703 [info] Getting sessions for read:user,repo,user:email,workflow...
2025-11-16 17:05:46.703 [info] Got 0 sessions for read:user,repo,user:email,workflow...
2025-11-16 17:07:09.313 [info] Reading sessions from keychain...
2025-11-16 17:07:09.315 [info] Getting sessions for all scopes...
2025-11-16 17:07:09.337 [info] Got 0 sessions for ...
2025-11-16 17:07:09.337 [info] Getting sessions for all scopes...
2025-11-16 17:07:09.337 [info] Got 0 sessions for ...
2025-11-16 17:07:09.337 [info] Getting sessions for all scopes...
2025-11-16 17:07:09.337 [info] Got 0 sessions for ...
2025-11-16 17:07:09.337 [info] Getting sessions for read:user,repo,user:email,workflow...
2025-11-16 17:07:09.337 [info] Got 0 sessions for read:user,repo,user:email,workflow...
2025-11-16 17:07:09.791 [info] Getting sessions for all scopes...
2025-11-16 17:07:09.791 [info] Got 0 sessions for ...
2025-11-16 17:07:09.791 [info] Getting sessions for all scopes...
2025-11-16 17:07:09.791 [info] Got 0 sessions for ...
2025-11-16 17:07:09.792 [info] Getting sessions for all scopes...
2025-11-16 17:07:09.792 [info] Got 0 sessions for ...
2025-11-16 17:07:47.385 [info] Getting sessions for read:user,repo,user:email,workflow...
2025-11-16 17:07:47.385 [info] Got 0 sessions for read:user,repo,user:email,workflow...
2025-11-16 17:14:30.654 [info] Reading sessions from keychain...
2025-11-16 17:14:30.654 [info] Getting sessions for all scopes...
2025-11-16 17:14:30.654 [info] Got 0 sessions for ...
2025-11-16 17:14:30.654 [info] Getting sessions for all scopes...
2025-11-16 17:14:30.654 [info] Got 0 sessions for ...
2025-11-16 17:14:30.654 [info] Getting sessions for all scopes...
2025-11-16 17:14:30.654 [info] Got 0 sessions for ...
2025-11-16 17:14:30.654 [info] Getting sessions for read:user,repo,user:email,workflow...
2025-11-16 17:14:30.654 [info] Got 0 sessions for read:user,repo,user:email,workflow...
2025-11-16 17:14:31.305 [info] Getting sessions for all scopes...
2025-11-16 17:14:31.305 [info] Got 0 sessions for ...
2025-11-16 17:14:31.306 [info] Getting sessions for all scopes...
2025-11-16 17:14:31.306 [info] Got 0 sessions for ...
2025-11-16 17:14:31.309 [info] Getting sessions for all scopes...
2025-11-16 17:14:31.309 [info] Got 0 sessions for ...
2025-11-16 17:14:31.564 [info] Getting sessions for read:user,repo,user:email,workflow...
2025-11-16 17:14:31.564 [info] Got 0 sessions for read:user,repo,user:email,workflow...
2025-11-16 17:14:50.536 [info] Reading sessions from keychain...
2025-11-16 17:14:50.536 [info] Getting sessions for all scopes...
2025-11-16 17:14:50.536 [info] Got 0 sessions for ...
2025-11-16 17:14:50.536 [info] Getting sessions for all scopes...
2025-11-16 17:14:50.536 [info] Got 0 sessions for ...
2025-11-16 17:14:50.536 [info] Getting sessions for all scopes...
2025-11-16 17:14:50.536 [info] Got 0 sessions for ...
2025-11-16 17:14:50.536 [info] Getting sessions for all scopes...
2025-11-16 17:14:50.536 [info] Got 0 sessions for ...
2025-11-16 17:14:50.536 [info] Getting sessions for all scopes...
2025-11-16 17:14:50.536 [info] Got 0 sessions for ...
2025-11-16 17:14:50.536 [info] Getting sessions for read:user,repo,user:email,workflow...
2025-11-16 17:14:50.536 [info] Got 0 sessions for read:user,repo,user:email,workflow...
2025-11-16 17:14:50.562 [info] Getting sessions for read:user,repo,user:email,workflow...
2025-11-16 17:14:50.562 [info] Got 0 sessions for read:user,repo,user:email,workflow...
