2025-11-09 12:56:09.208 [info] Reading sessions from keychain...
2025-11-09 12:56:09.208 [info] Getting sessions for all scopes...
2025-11-09 12:56:09.208 [info] Got 0 sessions for ...
2025-11-09 12:56:09.208 [info] Getting sessions for all scopes...
2025-11-09 12:56:09.208 [info] Got 0 sessions for ...
2025-11-09 12:56:09.208 [info] Getting sessions for all scopes...
2025-11-09 12:56:09.208 [info] Got 0 sessions for ...
2025-11-09 12:56:09.208 [info] Getting sessions for all scopes...
2025-11-09 12:56:09.208 [info] Got 0 sessions for ...
2025-11-09 12:56:09.208 [info] Getting sessions for all scopes...
2025-11-09 12:56:09.208 [info] Got 0 sessions for ...
2025-11-09 12:56:09.208 [info] Getting sessions for read:user,repo,user:email,workflow...
2025-11-09 12:56:09.209 [info] Got 0 sessions for read:user,repo,user:email,workflow...
2025-11-09 12:57:01.670 [info] Reading sessions from keychain...
2025-11-09 12:57:01.670 [info] Getting sessions for all scopes...
2025-11-09 12:57:01.670 [info] Got 0 sessions for ...
2025-11-09 12:57:01.670 [info] Getting sessions for all scopes...
2025-11-09 12:57:01.670 [info] Got 0 sessions for ...
2025-11-09 12:57:01.670 [info] Getting sessions for all scopes...
2025-11-09 12:57:01.670 [info] Got 0 sessions for ...
2025-11-09 12:57:01.670 [info] Getting sessions for read:user,repo,user:email,workflow...
2025-11-09 12:57:01.670 [info] Got 0 sessions for read:user,repo,user:email,workflow...
2025-11-09 12:57:02.536 [info] Getting sessions for all scopes...
2025-11-09 12:57:02.536 [info] Got 0 sessions for ...
2025-11-09 12:57:02.536 [info] Getting sessions for all scopes...
2025-11-09 12:57:02.536 [info] Got 0 sessions for ...
2025-11-09 12:57:02.540 [info] Getting sessions for all scopes...
2025-11-09 12:57:02.540 [info] Got 0 sessions for ...
2025-11-09 13:00:24.041 [info] Getting sessions for read:user,repo,user:email,workflow...
2025-11-09 13:00:24.041 [info] Got 0 sessions for read:user,repo,user:email,workflow...
