2025-11-10 22:06:28.062 [info] Reading sessions from keychain...
2025-11-10 22:06:28.062 [info] Getting sessions for all scopes...
2025-11-10 22:06:28.094 [info] Got 0 sessions for ...
2025-11-10 22:06:28.094 [info] Getting sessions for all scopes...
2025-11-10 22:06:28.094 [info] Got 0 sessions for ...
2025-11-10 22:06:28.094 [info] Getting sessions for all scopes...
2025-11-10 22:06:28.094 [info] Got 0 sessions for ...
2025-11-10 22:06:28.094 [info] Getting sessions for all scopes...
2025-11-10 22:06:28.094 [info] Got 0 sessions for ...
2025-11-10 22:06:28.094 [info] Getting sessions for all scopes...
2025-11-10 22:06:28.094 [info] Got 0 sessions for ...
2025-11-10 22:06:28.122 [info] Getting sessions for read:user,repo,user:email,workflow...
2025-11-10 22:06:28.122 [info] Got 0 sessions for read:user,repo,user:email,workflow...
2025-11-10 22:07:28.664 [info] Reading sessions from keychain...
2025-11-10 22:07:28.664 [info] Getting sessions for all scopes...
2025-11-10 22:07:28.664 [info] Got 0 sessions for ...
2025-11-10 22:07:28.664 [info] Getting sessions for all scopes...
2025-11-10 22:07:28.664 [info] Got 0 sessions for ...
2025-11-10 22:07:28.664 [info] Getting sessions for all scopes...
2025-11-10 22:07:28.664 [info] Got 0 sessions for ...
2025-11-10 22:07:28.664 [info] Getting sessions for all scopes...
2025-11-10 22:07:28.664 [info] Got 0 sessions for ...
2025-11-10 22:07:28.664 [info] Getting sessions for all scopes...
2025-11-10 22:07:28.664 [info] Got 0 sessions for ...
2025-11-10 22:07:28.664 [info] Getting sessions for read:user,repo,user:email,workflow...
2025-11-10 22:07:28.664 [info] Got 0 sessions for read:user,repo,user:email,workflow...
2025-11-10 22:09:08.182 [info] Getting sessions for read:user,repo,user:email,workflow...
2025-11-10 22:09:08.183 [info] Got 0 sessions for read:user,repo,user:email,workflow...
