2025-11-16 14:13:33.861 [info] Extension host with pid 58495 started
2025-11-16 14:13:33.861 [info] Skipping acquiring lock for /home/claymorwan/.config/VSCodium/User/workspaceStorage/f0d97e3da230485391c78414c15caad4.
2025-11-16 14:13:33.876 [info] ExtensionService#_doActivateExtension vscode.git-base, startup: true, activationEvent: '*', root cause: vscode.git
2025-11-16 14:13:33.898 [info] ExtensionService#_doActivateExtension vscode.git, startup: true, activationEvent: '*'
2025-11-16 14:13:33.962 [info] ExtensionService#_doActivateExtension vscode.github, startup: true, activationEvent: '*'
2025-11-16 14:13:34.019 [info] ExtensionService#_doActivateExtension vscode.npm, startup: true, activationEvent: 'workspaceContains:package.json'
2025-11-16 14:13:34.225 [info] ExtensionService#_doActivateExtension unifiedjs.vscode-mdx, startup: false, activationEvent: 'onLanguage:mdx'
2025-11-16 14:13:34.281 [info] ExtensionService#_doActivateExtension xyc.vscode-mdx-preview, startup: false, activationEvent: 'onLanguage:mdx'
2025-11-16 14:13:35.280 [info] ExtensionService#_doActivateExtension vscode.emmet, startup: false, activationEvent: 'onLanguage'
2025-11-16 14:13:35.418 [info] ExtensionService#_doActivateExtension vscode.typescript-language-features, startup: false, activationEvent: 'api', root cause: unifiedjs.vscode-mdx
2025-11-16 14:13:35.823 [info] Eager extensions activated
2025-11-16 14:13:35.842 [info] ExtensionService#_doActivateExtension vscode.debug-auto-launch, startup: false, activationEvent: 'onStartupFinished'
2025-11-16 14:13:35.848 [info] ExtensionService#_doActivateExtension vscode.merge-conflict, startup: false, activationEvent: 'onStartupFinished'
2025-11-16 14:13:35.876 [info] ExtensionService#_doActivateExtension Catppuccin.catppuccin-vsc, startup: false, activationEvent: 'onStartupFinished'
2025-11-16 14:13:35.886 [info] ExtensionService#_doActivateExtension Catppuccin.catppuccin-vsc-icons, startup: false, activationEvent: 'onStartupFinished'
2025-11-16 14:13:36.094 [info] ExtensionService#_doActivateExtension vscode.github-authentication, startup: false, activationEvent: 'onAuthenticationRequest:github'
2025-11-16 14:13:36.119 [info] ExtensionService#_doActivateExtension vscode.configuration-editing, startup: false, activationEvent: 'onLanguage:jsonc'
2025-11-16 14:13:36.129 [info] ExtensionService#_doActivateExtension vscode.json-language-features, startup: false, activationEvent: 'onLanguage:jsonc'
2025-11-16 14:13:40.930 [info] ExtensionService#_doActivateExtension vscode.extension-editing, startup: false, activationEvent: 'onLanguage:json'
2025-11-16 14:13:45.344 [info] Extension host terminating: renderer closed the MessagePort
2025-11-16 14:13:45.359 [info] Extension host with pid 58495 exiting with code 0
2025-11-16 14:13:46.513 [info] Extension host with pid 58824 started
2025-11-16 14:13:46.513 [info] Skipping acquiring lock for /home/claymorwan/.config/VSCodium/User/workspaceStorage/690d9ee16a8e1a9c918926ffbd185ff7.
2025-11-16 14:13:46.632 [info] ExtensionService#_doActivateExtension vscode.emmet, startup: false, activationEvent: 'onLanguage'
2025-11-16 14:13:46.656 [info] ExtensionService#_doActivateExtension theqtcompany.qt-core, startup: false, activationEvent: 'onLanguage:qml', root cause: theqtcompany.qt-qml
2025-11-16 14:13:46.874 [info] ExtensionService#_doActivateExtension theqtcompany.qt-qml, startup: false, activationEvent: 'onLanguage:qml'
2025-11-16 14:13:47.006 [info] ExtensionService#_doActivateExtension vscode.git-base, startup: true, activationEvent: '*', root cause: vscode.git
2025-11-16 14:13:47.016 [info] ExtensionService#_doActivateExtension vscode.git, startup: true, activationEvent: '*'
2025-11-16 14:13:47.089 [info] ExtensionService#_doActivateExtension vscode.github, startup: true, activationEvent: '*'
2025-11-16 14:13:47.259 [info] Eager extensions activated
2025-11-16 14:13:47.288 [info] ExtensionService#_doActivateExtension vscode.debug-auto-launch, startup: false, activationEvent: 'onStartupFinished'
2025-11-16 14:13:47.290 [info] ExtensionService#_doActivateExtension vscode.merge-conflict, startup: false, activationEvent: 'onStartupFinished'
2025-11-16 14:13:47.328 [info] ExtensionService#_doActivateExtension Catppuccin.catppuccin-vsc, startup: false, activationEvent: 'onStartupFinished'
2025-11-16 14:13:47.335 [info] ExtensionService#_doActivateExtension Catppuccin.catppuccin-vsc-icons, startup: false, activationEvent: 'onStartupFinished'
2025-11-16 14:13:47.549 [info] ExtensionService#_doActivateExtension vscode.configuration-editing, startup: false, activationEvent: 'onLanguage:jsonc'
2025-11-16 14:13:47.565 [info] ExtensionService#_doActivateExtension vscode.json-language-features, startup: false, activationEvent: 'onLanguage:jsonc'
2025-11-16 14:13:47.624 [info] ExtensionService#_doActivateExtension vscode.typescript-language-features, startup: false, activationEvent: 'onLanguage:jsonc'
2025-11-16 14:13:47.788 [info] ExtensionService#_doActivateExtension vscode.github-authentication, startup: false, activationEvent: 'onAuthenticationRequest:github'
2025-11-16 14:13:52.699 [warning] The task [Qt, Acquire Port] uses an undefined task type. The task will be ignored in the future.
2025-11-16 17:07:05.334 [info] Extension host terminating: renderer closed the MessagePort
2025-11-16 17:07:05.354 [info] Extension host with pid 58824 exiting with code 0
2025-11-16 17:07:06.805 [info] Extension host with pid 135374 started
2025-11-16 17:07:06.806 [info] Skipping acquiring lock for /home/claymorwan/.config/VSCodium/User/workspaceStorage/f0d97e3da230485391c78414c15caad4.
2025-11-16 17:07:06.959 [info] ExtensionService#_doActivateExtension unifiedjs.vscode-mdx, startup: false, activationEvent: 'onLanguage:mdx'
2025-11-16 17:07:07.016 [info] ExtensionService#_doActivateExtension xyc.vscode-mdx-preview, startup: false, activationEvent: 'onLanguage:mdx'
2025-11-16 17:07:07.872 [info] ExtensionService#_doActivateExtension vscode.emmet, startup: false, activationEvent: 'onLanguage'
2025-11-16 17:07:07.948 [info] ExtensionService#_doActivateExtension vscode.git-base, startup: true, activationEvent: '*', root cause: vscode.git
2025-11-16 17:07:07.963 [info] ExtensionService#_doActivateExtension vscode.typescript-language-features, startup: false, activationEvent: 'api', root cause: unifiedjs.vscode-mdx
2025-11-16 17:07:08.040 [info] ExtensionService#_doActivateExtension vscode.npm, startup: true, activationEvent: 'workspaceContains:package.json'
2025-11-16 17:07:08.186 [info] ExtensionService#_doActivateExtension vscode.git, startup: true, activationEvent: '*'
2025-11-16 17:07:08.256 [info] ExtensionService#_doActivateExtension vscode.github, startup: true, activationEvent: '*'
2025-11-16 17:07:08.411 [info] Eager extensions activated
2025-11-16 17:07:08.429 [info] ExtensionService#_doActivateExtension vscode.debug-auto-launch, startup: false, activationEvent: 'onStartupFinished'
2025-11-16 17:07:08.432 [info] ExtensionService#_doActivateExtension vscode.merge-conflict, startup: false, activationEvent: 'onStartupFinished'
2025-11-16 17:07:08.456 [info] ExtensionService#_doActivateExtension Catppuccin.catppuccin-vsc, startup: false, activationEvent: 'onStartupFinished'
2025-11-16 17:07:08.463 [info] ExtensionService#_doActivateExtension Catppuccin.catppuccin-vsc-icons, startup: false, activationEvent: 'onStartupFinished'
2025-11-16 17:07:08.682 [info] ExtensionService#_doActivateExtension vscode.configuration-editing, startup: false, activationEvent: 'onLanguage:jsonc'
2025-11-16 17:07:08.693 [info] ExtensionService#_doActivateExtension vscode.json-language-features, startup: false, activationEvent: 'onLanguage:jsonc'
2025-11-16 17:07:09.235 [info] ExtensionService#_doActivateExtension vscode.github-authentication, startup: false, activationEvent: 'onAuthenticationRequest:github'
2025-11-16 17:07:13.467 [info] ExtensionService#_doActivateExtension vscode.extension-editing, startup: false, activationEvent: 'onLanguage:json'
2025-11-16 17:14:16.978 [info] Extension host terminating: renderer closed the MessagePort
2025-11-16 17:14:17.014 [info] Extension host with pid 135374 exiting with code 0
2025-11-16 17:14:18.518 [info] Extension host with pid 142679 started
2025-11-16 17:14:18.518 [info] Skipping acquiring lock for /home/claymorwan/.config/VSCodium/User/workspaceStorage/8b14be3629ffd029a789775c5a40acfe.
2025-11-16 17:14:18.535 [info] ExtensionService#_doActivateExtension vscode.git-base, startup: true, activationEvent: '*'
2025-11-16 17:14:18.541 [info] ExtensionService#_doActivateExtension vscode.github, startup: true, activationEvent: '*'
2025-11-16 17:14:18.608 [info] Eager extensions activated
2025-11-16 17:14:18.609 [info] ExtensionService#_doActivateExtension vscode.debug-auto-launch, startup: false, activationEvent: 'onStartupFinished'
2025-11-16 17:14:18.612 [info] ExtensionService#_doActivateExtension vscode.merge-conflict, startup: false, activationEvent: 'onStartupFinished'
2025-11-16 17:14:18.635 [info] ExtensionService#_doActivateExtension Catppuccin.catppuccin-vsc, startup: false, activationEvent: 'onStartupFinished'
2025-11-16 17:14:28.180 [info] Extension host terminating: renderer closed the MessagePort
2025-11-16 17:14:28.182 [info] Extension host with pid 142679 exiting with code 0
2025-11-16 17:14:29.336 [info] Extension host with pid 142888 started
2025-11-16 17:14:29.336 [info] Skipping acquiring lock for /home/claymorwan/.config/VSCodium/User/workspaceStorage/690d9ee16a8e1a9c918926ffbd185ff7.
2025-11-16 17:14:29.388 [info] ExtensionService#_doActivateExtension vscode.emmet, startup: false, activationEvent: 'onLanguage'
2025-11-16 17:14:29.413 [info] ExtensionService#_doActivateExtension theqtcompany.qt-core, startup: false, activationEvent: 'onLanguage:qml', root cause: theqtcompany.qt-qml
2025-11-16 17:14:29.706 [info] ExtensionService#_doActivateExtension theqtcompany.qt-qml, startup: false, activationEvent: 'onLanguage:qml'
2025-11-16 17:14:29.843 [info] ExtensionService#_doActivateExtension vscode.git-base, startup: true, activationEvent: '*', root cause: vscode.git
2025-11-16 17:14:29.851 [info] ExtensionService#_doActivateExtension vscode.git, startup: true, activationEvent: '*'
2025-11-16 17:14:29.912 [info] ExtensionService#_doActivateExtension vscode.github, startup: true, activationEvent: '*'
2025-11-16 17:14:30.127 [info] Eager extensions activated
2025-11-16 17:14:30.137 [info] ExtensionService#_doActivateExtension vscode.debug-auto-launch, startup: false, activationEvent: 'onStartupFinished'
2025-11-16 17:14:30.139 [info] ExtensionService#_doActivateExtension vscode.merge-conflict, startup: false, activationEvent: 'onStartupFinished'
2025-11-16 17:14:30.162 [info] ExtensionService#_doActivateExtension Catppuccin.catppuccin-vsc, startup: false, activationEvent: 'onStartupFinished'
2025-11-16 17:14:30.170 [info] ExtensionService#_doActivateExtension Catppuccin.catppuccin-vsc-icons, startup: false, activationEvent: 'onStartupFinished'
2025-11-16 17:14:30.416 [info] ExtensionService#_doActivateExtension vscode.configuration-editing, startup: false, activationEvent: 'onLanguage:jsonc'
2025-11-16 17:14:30.426 [info] ExtensionService#_doActivateExtension vscode.json-language-features, startup: false, activationEvent: 'onLanguage:jsonc'
2025-11-16 17:14:30.495 [info] ExtensionService#_doActivateExtension vscode.typescript-language-features, startup: false, activationEvent: 'onLanguage:jsonc'
2025-11-16 17:14:30.564 [info] ExtensionService#_doActivateExtension vscode.github-authentication, startup: false, activationEvent: 'onAuthenticationRequest:github'
2025-11-16 17:14:35.602 [warning] The task [Qt, Acquire Port] uses an undefined task type. The task will be ignored in the future.
2025-11-16 17:14:46.239 [info] Extension host terminating: renderer closed the MessagePort
2025-11-16 17:14:46.250 [info] Extension host with pid 142888 exiting with code 0
2025-11-16 17:14:47.693 [info] Extension host with pid 143241 started
2025-11-16 17:14:47.693 [info] Skipping acquiring lock for /home/claymorwan/.config/VSCodium/User/workspaceStorage/f0d97e3da230485391c78414c15caad4.
2025-11-16 17:14:48.033 [info] ExtensionService#_doActivateExtension vscode.emmet, startup: false, activationEvent: 'onLanguage'
2025-11-16 17:14:48.068 [info] ExtensionService#_doActivateExtension unifiedjs.vscode-mdx, startup: false, activationEvent: 'onLanguage:mdx'
2025-11-16 17:14:48.133 [info] ExtensionService#_doActivateExtension xyc.vscode-mdx-preview, startup: false, activationEvent: 'onLanguage:mdx'
2025-11-16 17:14:49.123 [info] ExtensionService#_doActivateExtension vscode.git-base, startup: true, activationEvent: '*', root cause: vscode.git
2025-11-16 17:14:49.127 [info] ExtensionService#_doActivateExtension vscode.typescript-language-features, startup: false, activationEvent: 'api', root cause: unifiedjs.vscode-mdx
2025-11-16 17:14:49.216 [info] ExtensionService#_doActivateExtension vscode.npm, startup: true, activationEvent: 'workspaceContains:package.json'
2025-11-16 17:14:49.472 [info] ExtensionService#_doActivateExtension vscode.git, startup: true, activationEvent: '*'
2025-11-16 17:14:49.547 [info] ExtensionService#_doActivateExtension vscode.github, startup: true, activationEvent: '*'
2025-11-16 17:14:49.756 [info] Eager extensions activated
2025-11-16 17:14:49.804 [info] ExtensionService#_doActivateExtension vscode.debug-auto-launch, startup: false, activationEvent: 'onStartupFinished'
2025-11-16 17:14:49.808 [info] ExtensionService#_doActivateExtension vscode.merge-conflict, startup: false, activationEvent: 'onStartupFinished'
2025-11-16 17:14:49.837 [info] ExtensionService#_doActivateExtension Catppuccin.catppuccin-vsc, startup: false, activationEvent: 'onStartupFinished'
2025-11-16 17:14:49.847 [info] ExtensionService#_doActivateExtension Catppuccin.catppuccin-vsc-icons, startup: false, activationEvent: 'onStartupFinished'
2025-11-16 17:14:50.300 [info] ExtensionService#_doActivateExtension vscode.github-authentication, startup: false, activationEvent: 'onAuthenticationRequest:github'
2025-11-16 17:14:50.400 [info] ExtensionService#_doActivateExtension vscode.configuration-editing, startup: false, activationEvent: 'onLanguage:jsonc'
2025-11-16 17:14:50.411 [info] ExtensionService#_doActivateExtension vscode.json-language-features, startup: false, activationEvent: 'onLanguage:jsonc'
2025-11-16 17:14:54.729 [info] ExtensionService#_doActivateExtension vscode.extension-editing, startup: false, activationEvent: 'onLanguage:json'
2025-11-16 17:17:58.183 [info] Extension host terminating: renderer closed the MessagePort
2025-11-16 17:17:58.220 [info] Extension host with pid 143241 exiting with code 0
