2025-11-11 16:32:28.668 [info] Reading sessions from keychain...
2025-11-11 16:32:28.668 [info] Getting sessions for all scopes...
2025-11-11 16:32:28.668 [info] Got 0 sessions for ...
2025-11-11 16:32:28.668 [info] Getting sessions for all scopes...
2025-11-11 16:32:28.668 [info] Got 0 sessions for ...
2025-11-11 16:32:28.668 [info] Getting sessions for all scopes...
2025-11-11 16:32:28.668 [info] Got 0 sessions for ...
2025-11-11 16:32:28.669 [info] Getting sessions for read:user,repo,user:email,workflow...
2025-11-11 16:32:28.669 [info] Got 0 sessions for read:user,repo,user:email,workflow...
2025-11-11 16:32:29.474 [info] Getting sessions for all scopes...
2025-11-11 16:32:29.474 [info] Got 0 sessions for ...
2025-11-11 16:32:29.475 [info] Getting sessions for all scopes...
2025-11-11 16:32:29.475 [info] Got 0 sessions for ...
2025-11-11 16:32:29.481 [info] Getting sessions for all scopes...
2025-11-11 16:32:29.481 [info] Got 0 sessions for ...
2025-11-11 16:32:44.237 [info] Reading sessions from keychain...
2025-11-11 16:32:44.237 [info] Getting sessions for all scopes...
2025-11-11 16:32:44.237 [info] Got 0 sessions for ...
2025-11-11 16:32:44.237 [info] Getting sessions for all scopes...
2025-11-11 16:32:44.237 [info] Got 0 sessions for ...
2025-11-11 16:32:44.237 [info] Getting sessions for all scopes...
2025-11-11 16:32:44.237 [info] Got 0 sessions for ...
2025-11-11 16:32:44.237 [info] Getting sessions for read:user,repo,user:email,workflow...
2025-11-11 16:32:44.237 [info] Got 0 sessions for read:user,repo,user:email,workflow...
2025-11-11 16:32:46.195 [info] Getting sessions for all scopes...
2025-11-11 16:32:46.195 [info] Got 0 sessions for ...
2025-11-11 16:32:46.195 [info] Getting sessions for all scopes...
2025-11-11 16:32:46.195 [info] Got 0 sessions for ...
2025-11-11 16:32:46.200 [info] Getting sessions for all scopes...
2025-11-11 16:32:46.200 [info] Got 0 sessions for ...
2025-11-11 16:58:53.863 [info] Getting sessions for read:user,repo,user:email,workflow...
2025-11-11 16:58:53.863 [info] Got 0 sessions for read:user,repo,user:email,workflow...
2025-11-11 17:35:31.588 [info] Reading sessions from keychain...
2025-11-11 17:35:31.588 [info] Getting sessions for all scopes...
2025-11-11 17:35:31.588 [info] Got 0 sessions for ...
2025-11-11 17:35:31.588 [info] Getting sessions for all scopes...
2025-11-11 17:35:31.588 [info] Got 0 sessions for ...
2025-11-11 17:35:31.588 [info] Getting sessions for all scopes...
2025-11-11 17:35:31.588 [info] Got 0 sessions for ...
2025-11-11 17:35:31.588 [info] Getting sessions for all scopes...
2025-11-11 17:35:31.588 [info] Got 0 sessions for ...
2025-11-11 17:35:31.588 [info] Getting sessions for all scopes...
2025-11-11 17:35:31.588 [info] Got 0 sessions for ...
2025-11-11 17:35:31.588 [info] Getting sessions for read:user,repo,user:email,workflow...
2025-11-11 17:35:31.588 [info] Got 0 sessions for read:user,repo,user:email,workflow...
2025-11-11 17:42:31.444 [info] Reading sessions from keychain...
2025-11-11 17:42:31.444 [info] Getting sessions for all scopes...
2025-11-11 17:42:31.444 [info] Got 0 sessions for ...
2025-11-11 17:42:31.444 [info] Getting sessions for all scopes...
2025-11-11 17:42:31.444 [info] Got 0 sessions for ...
2025-11-11 17:42:31.444 [info] Getting sessions for all scopes...
2025-11-11 17:42:31.444 [info] Got 0 sessions for ...
2025-11-11 17:42:31.444 [info] Getting sessions for read:user,repo,user:email,workflow...
2025-11-11 17:42:31.444 [info] Got 0 sessions for read:user,repo,user:email,workflow...
2025-11-11 17:42:32.146 [info] Getting sessions for all scopes...
2025-11-11 17:42:32.147 [info] Got 0 sessions for ...
2025-11-11 17:42:32.147 [info] Getting sessions for all scopes...
2025-11-11 17:42:32.147 [info] Got 0 sessions for ...
2025-11-11 17:42:32.156 [info] Getting sessions for all scopes...
2025-11-11 17:42:32.157 [info] Got 0 sessions for ...
2025-11-11 17:42:51.295 [info] Getting sessions for read:user,repo,user:email,workflow...
2025-11-11 17:42:51.295 [info] Got 0 sessions for read:user,repo,user:email,workflow...
2025-11-11 17:47:10.325 [info] Reading sessions from keychain...
2025-11-11 17:47:10.325 [info] Getting sessions for all scopes...
2025-11-11 17:47:10.325 [info] Got 0 sessions for ...
2025-11-11 17:47:10.325 [info] Getting sessions for all scopes...
2025-11-11 17:47:10.325 [info] Got 0 sessions for ...
2025-11-11 17:47:10.325 [info] Getting sessions for all scopes...
2025-11-11 17:47:10.325 [info] Got 0 sessions for ...
2025-11-11 17:47:10.325 [info] Getting sessions for all scopes...
2025-11-11 17:47:10.325 [info] Got 0 sessions for ...
2025-11-11 17:47:10.325 [info] Getting sessions for all scopes...
2025-11-11 17:47:10.325 [info] Got 0 sessions for ...
2025-11-11 17:47:10.325 [info] Getting sessions for read:user,repo,user:email,workflow...
2025-11-11 17:47:10.326 [info] Got 0 sessions for read:user,repo,user:email,workflow...
2025-11-11 18:51:12.806 [info] Getting sessions for read:user,repo,user:email,workflow...
2025-11-11 18:51:12.807 [info] Got 0 sessions for read:user,repo,user:email,workflow...
2025-11-11 18:51:58.315 [info] Reading sessions from keychain...
2025-11-11 18:51:58.315 [info] Getting sessions for all scopes...
2025-11-11 18:51:58.315 [info] Got 0 sessions for ...
2025-11-11 18:51:58.315 [info] Getting sessions for all scopes...
2025-11-11 18:51:58.315 [info] Got 0 sessions for ...
2025-11-11 18:51:58.315 [info] Getting sessions for all scopes...
2025-11-11 18:51:58.315 [info] Got 0 sessions for ...
2025-11-11 18:51:58.315 [info] Getting sessions for read:user,repo,user:email,workflow...
2025-11-11 18:51:58.315 [info] Got 0 sessions for read:user,repo,user:email,workflow...
2025-11-11 18:51:58.585 [info] Getting sessions for all scopes...
2025-11-11 18:51:58.585 [info] Got 0 sessions for ...
2025-11-11 18:51:59.933 [info] Getting sessions for read:user,repo,user:email,workflow...
2025-11-11 18:51:59.933 [info] Got 0 sessions for read:user,repo,user:email,workflow...
2025-11-11 18:52:01.193 [info] Getting sessions for all scopes...
2025-11-11 18:52:01.193 [info] Got 0 sessions for ...
2025-11-11 18:52:01.193 [info] Getting sessions for all scopes...
2025-11-11 18:52:01.193 [info] Got 0 sessions for ...
2025-11-11 18:52:01.198 [info] Getting sessions for all scopes...
2025-11-11 18:52:01.198 [info] Got 0 sessions for ...
2025-11-11 18:52:17.500 [info] Reading sessions from keychain...
2025-11-11 18:52:17.500 [info] Getting sessions for all scopes...
2025-11-11 18:52:17.500 [info] Got 0 sessions for ...
2025-11-11 18:52:17.500 [info] Getting sessions for all scopes...
2025-11-11 18:52:17.500 [info] Got 0 sessions for ...
2025-11-11 18:52:17.500 [info] Getting sessions for all scopes...
2025-11-11 18:52:17.500 [info] Got 0 sessions for ...
2025-11-11 18:52:17.500 [info] Getting sessions for all scopes...
2025-11-11 18:52:17.500 [info] Got 0 sessions for ...
2025-11-11 18:52:17.500 [info] Getting sessions for all scopes...
2025-11-11 18:52:17.500 [info] Got 0 sessions for ...
2025-11-11 18:52:17.500 [info] Getting sessions for read:user,repo,user:email,workflow...
2025-11-11 18:52:17.500 [info] Got 0 sessions for read:user,repo,user:email,workflow...
2025-11-11 18:52:17.557 [info] Getting sessions for read:user,repo,user:email,workflow...
2025-11-11 18:52:17.557 [info] Got 0 sessions for read:user,repo,user:email,workflow...
