2025-11-08 15:26:16.396 [info] [main] Log level: Info
2025-11-08 15:26:16.396 [info] [main] Validating found git in: "git"
2025-11-08 15:26:16.396 [info] [main] Using git "2.51.2" from "git"
2025-11-08 15:26:16.396 [info] [Model][doInitialScan] Initial repository scan started
2025-11-08 15:26:16.396 [info] > git rev-parse --show-toplevel [4ms]
2025-11-08 15:26:16.404 [info] > git rev-parse --git-dir --git-common-dir --show-superproject-working-tree [22ms]
2025-11-08 15:26:16.419 [info] [Model][openRepository] Opened repository (path): /mnt/media/Programmation/Docs/DankLinux-Docs
2025-11-08 15:26:16.419 [info] [Model][openRepository] Opened repository (real path): /mnt/media/Programmation/Docs/DankLinux-Docs
2025-11-08 15:26:16.419 [info] [Model][openRepository] Opened repository (kind): repository
2025-11-08 15:26:16.440 [info] > git rev-parse --show-toplevel [3ms]
2025-11-08 15:26:16.441 [info] > git config --get commit.template [10ms]
2025-11-08 15:26:16.694 [info] > git rev-parse --show-toplevel [239ms]
2025-11-08 15:26:16.715 [info] > git rev-parse --show-toplevel [5ms]
2025-11-08 15:26:16.724 [info] > git rev-parse --show-toplevel [3ms]
2025-11-08 15:26:16.735 [info] > git rev-parse --show-toplevel [4ms]
2025-11-08 15:26:16.744 [info] > git rev-parse --show-toplevel [2ms]
2025-11-08 15:26:16.859 [info] > git for-each-ref --format=%(refname)%00%(upstream:short)%00%(objectname)%00%(upstream:track)%00%(upstream:remotename)%00%(upstream:remoteref) refs/heads/feature/layer-namespaces refs/remotes/feature/layer-namespaces [175ms]
2025-11-08 15:26:16.868 [info] > git rev-parse --show-toplevel [10ms]
2025-11-08 15:26:16.914 [info] > git rev-parse --show-toplevel [37ms]
2025-11-08 15:26:16.915 [info] [Model][doInitialScan] Initial repository scan completed - repositories (1), closed repositories (0), parent repositories (0), unsafe repositories (0)
2025-11-08 15:26:17.023 [info] > git for-each-ref --sort -committerdate --format %(refname)%00%(objectname)%00%(*objectname) [122ms]
2025-11-08 15:26:17.039 [info] > git status -z -uall [149ms]
2025-11-08 15:26:17.040 [info] > git ls-files --stage -- docs/dankmaterialshell/layers.mdx [107ms]
2025-11-08 15:26:17.054 [info] > git check-ignore -v -z --stdin [99ms]
2025-11-08 15:26:17.104 [info] > git show --textconv :docs/dankmaterialshell/layers.mdx [180ms]
2025-11-08 15:26:17.105 [info] > git for-each-ref --format=%(refname)%00%(upstream:short)%00%(objectname)%00%(upstream:track)%00%(upstream:remotename)%00%(upstream:remoteref) refs/heads/feature/layer-namespaces refs/remotes/feature/layer-namespaces [11ms]
2025-11-08 15:26:17.117 [info] > git cat-file -s 509513afe8ca14d93a1d92e1bb2016a8b6e685fc [62ms]
2025-11-08 15:26:17.120 [info] > git config --get --local branch.feature/layer-namespaces.vscode-merge-base [4ms]
2025-11-08 15:26:17.129 [info] > git config --get commit.template [24ms]
2025-11-08 15:26:17.137 [info] > git for-each-ref --format=%(refname)%00%(upstream:short)%00%(objectname)%00%(upstream:track)%00%(upstream:remotename)%00%(upstream:remoteref) refs/heads/origin/master refs/remotes/origin/master [9ms]
2025-11-08 15:26:17.155 [info] > git merge-base refs/heads/feature/layer-namespaces refs/remotes/origin/feature/layer-namespaces [8ms]
2025-11-08 15:26:17.163 [info] > git for-each-ref --format=%(refname)%00%(upstream:short)%00%(objectname)%00%(upstream:track)%00%(upstream:remotename)%00%(upstream:remoteref) refs/heads/feature/layer-namespaces refs/remotes/feature/layer-namespaces [27ms]
2025-11-08 15:26:17.170 [info] > git diff --name-status -z --diff-filter=ADMR 1ecbb34f0781a5aafc62bdcd262e3837fc40d30f...refs/remotes/origin/feature/layer-namespaces [7ms]
2025-11-08 15:26:17.203 [info] > git status -z -uall [11ms]
2025-11-08 15:26:17.275 [info] > git for-each-ref --sort -committerdate --format %(refname)%00%(objectname)%00%(*objectname) [74ms]
2025-11-08 15:26:17.429 [info] > git blame --root --incremental 1ecbb34f0781a5aafc62bdcd262e3837fc40d30f -- docs/dankmaterialshell/layers.mdx [81ms]
2025-11-08 15:27:27.029 [info] > git config --get commit.template [7ms]
2025-11-08 15:27:27.030 [info] > git for-each-ref --format=%(refname)%00%(upstream:short)%00%(objectname)%00%(upstream:track)%00%(upstream:remotename)%00%(upstream:remoteref) refs/heads/feature/layer-namespaces refs/remotes/feature/layer-namespaces [2ms]
2025-11-08 15:27:27.045 [info] > git status -z -uall [7ms]
2025-11-08 15:27:27.046 [info] > git for-each-ref --sort -committerdate --format %(refname)%00%(objectname)%00%(*objectname) [2ms]
2025-11-08 15:27:57.511 [info] > git config --get commit.template [10ms]
2025-11-08 15:27:57.512 [info] > git for-each-ref --format=%(refname)%00%(upstream:short)%00%(objectname)%00%(upstream:track)%00%(upstream:remotename)%00%(upstream:remoteref) refs/heads/feature/layer-namespaces refs/remotes/feature/layer-namespaces [2ms]
2025-11-08 15:27:57.527 [info] > git status -z -uall [7ms]
2025-11-08 15:27:57.529 [info] > git for-each-ref --sort -committerdate --format %(refname)%00%(objectname)%00%(*objectname) [2ms]
2025-11-08 15:29:10.867 [info] > git config --get commit.template [8ms]
2025-11-08 15:29:10.868 [info] > git for-each-ref --format=%(refname)%00%(upstream:short)%00%(objectname)%00%(upstream:track)%00%(upstream:remotename)%00%(upstream:remoteref) refs/heads/feature/layer-namespaces refs/remotes/feature/layer-namespaces [2ms]
2025-11-08 15:29:10.884 [info] > git status -z -uall [10ms]
2025-11-08 15:29:10.887 [info] > git for-each-ref --sort -committerdate --format %(refname)%00%(objectname)%00%(*objectname) [4ms]
2025-11-08 15:31:25.785 [info] > git for-each-ref --format=%(refname)%00%(upstream:short)%00%(objectname)%00%(upstream:track)%00%(upstream:remotename)%00%(upstream:remoteref) refs/heads/feature/layer-namespaces refs/remotes/feature/layer-namespaces [2ms]
2025-11-08 15:31:25.786 [info] > git config --get commit.template [19ms]
2025-11-08 15:31:25.804 [info] > git status -z -uall [9ms]
2025-11-08 15:31:25.805 [info] > git for-each-ref --sort -committerdate --format %(refname)%00%(objectname)%00%(*objectname) [2ms]
2025-11-08 15:33:01.919 [info] > git check-ignore -v -z --stdin [1ms]
2025-11-08 15:34:16.971 [info] > git config --get commit.template [9ms]
2025-11-08 15:34:16.972 [info] > git for-each-ref --format=%(refname)%00%(upstream:short)%00%(objectname)%00%(upstream:track)%00%(upstream:remotename)%00%(upstream:remoteref) refs/heads/feature/layer-namespaces refs/remotes/feature/layer-namespaces [2ms]
2025-11-08 15:34:16.997 [info] > git status -z -uall [17ms]
2025-11-08 15:34:17.069 [info] > git for-each-ref --sort -committerdate --format %(refname)%00%(objectname)%00%(*objectname) [83ms]
2025-11-08 15:34:22.091 [info] > git config --get commit.template [10ms]
2025-11-08 15:34:22.091 [info] > git for-each-ref --format=%(refname)%00%(upstream:short)%00%(objectname)%00%(upstream:track)%00%(upstream:remotename)%00%(upstream:remoteref) refs/heads/feature/layer-namespaces refs/remotes/feature/layer-namespaces [2ms]
2025-11-08 15:34:22.107 [info] > git status -z -uall [9ms]
2025-11-08 15:34:22.110 [info] > git for-each-ref --sort -committerdate --format %(refname)%00%(objectname)%00%(*objectname) [4ms]
2025-11-08 15:47:02.995 [info] > git ls-files --stage -- docs/getting-started.mdx [2ms]
2025-11-08 15:47:03.072 [info] > git show --textconv :docs/getting-started.mdx [86ms]
2025-11-08 15:47:03.072 [info] > git cat-file -s 3133fe8387f504d4d07e409cf660b75dfcdc641c [69ms]
2025-11-08 15:47:05.708 [info] > git config --get commit.template [2ms]
2025-11-08 15:47:05.722 [info] > git for-each-ref --format=%(refname)%00%(upstream:short)%00%(objectname)%00%(upstream:track)%00%(upstream:remotename)%00%(upstream:remoteref) refs/heads/feature/layer-namespaces refs/remotes/feature/layer-namespaces [3ms]
2025-11-08 15:47:05.742 [info] > git status -z -uall [11ms]
2025-11-08 15:47:05.742 [info] > git for-each-ref --sort -committerdate --format %(refname)%00%(objectname)%00%(*objectname) [3ms]
2025-11-08 15:47:05.911 [info] > git show --textconv :docs/dankmaterialshell/layers.mdx [10ms]
2025-11-08 15:47:05.912 [info] > git ls-files --stage -- docs/dankmaterialshell/layers.mdx [2ms]
2025-11-08 15:47:05.919 [info] > git cat-file -s 509513afe8ca14d93a1d92e1bb2016a8b6e685fc [1ms]
2025-11-08 15:47:31.614 [info] > git config --get commit.template [9ms]
2025-11-08 15:47:31.617 [info] > git for-each-ref --format=%(refname)%00%(upstream:short)%00%(objectname)%00%(upstream:track)%00%(upstream:remotename)%00%(upstream:remoteref) refs/heads/feature/layer-namespaces refs/remotes/feature/layer-namespaces [4ms]
2025-11-08 15:47:31.635 [info] > git status -z -uall [11ms]
2025-11-08 15:47:31.637 [info] > git for-each-ref --sort -committerdate --format %(refname)%00%(objectname)%00%(*objectname) [3ms]
2025-11-08 15:47:34.571 [info] > git show --textconv :docs/dankmaterialshell/compositors.mdx [8ms]
2025-11-08 15:47:34.572 [info] > git ls-files --stage -- docs/dankmaterialshell/compositors.mdx [2ms]
2025-11-08 15:47:34.582 [info] > git cat-file -s dcb40f92a13a0df57bb4f19158f1085518f3a380 [3ms]
2025-11-08 15:48:09.566 [info] > git blame --root --incremental 1ecbb34f0781a5aafc62bdcd262e3837fc40d30f -- docs/dankmaterialshell/compositors.mdx [386ms]
2025-11-08 15:49:11.106 [info] > git config --get commit.template [14ms]
2025-11-08 15:49:11.108 [info] > git for-each-ref --format=%(refname)%00%(upstream:short)%00%(objectname)%00%(upstream:track)%00%(upstream:remotename)%00%(upstream:remoteref) refs/heads/feature/layer-namespaces refs/remotes/feature/layer-namespaces [3ms]
2025-11-08 15:49:11.130 [info] > git status -z -uall [10ms]
2025-11-08 15:49:11.131 [info] > git for-each-ref --sort -committerdate --format %(refname)%00%(objectname)%00%(*objectname) [2ms]
2025-11-08 15:49:45.383 [info] > git config --get commit.template [9ms]
2025-11-08 15:49:45.384 [info] > git for-each-ref --format=%(refname)%00%(upstream:short)%00%(objectname)%00%(upstream:track)%00%(upstream:remotename)%00%(upstream:remoteref) refs/heads/feature/layer-namespaces refs/remotes/feature/layer-namespaces [1ms]
2025-11-08 15:49:45.400 [info] > git status -z -uall [9ms]
2025-11-08 15:49:45.401 [info] > git for-each-ref --sort -committerdate --format %(refname)%00%(objectname)%00%(*objectname) [2ms]
2025-11-08 15:50:07.711 [info] > git config --get commit.template [8ms]
2025-11-08 15:50:07.712 [info] > git for-each-ref --format=%(refname)%00%(upstream:short)%00%(objectname)%00%(upstream:track)%00%(upstream:remotename)%00%(upstream:remoteref) refs/heads/feature/layer-namespaces refs/remotes/feature/layer-namespaces [1ms]
2025-11-08 15:50:07.728 [info] > git status -z -uall [8ms]
2025-11-08 15:50:07.729 [info] > git for-each-ref --sort -committerdate --format %(refname)%00%(objectname)%00%(*objectname) [2ms]
2025-11-08 15:51:12.862 [info] > git config --get commit.template [10ms]
2025-11-08 15:51:12.864 [info] > git for-each-ref --format=%(refname)%00%(upstream:short)%00%(objectname)%00%(upstream:track)%00%(upstream:remotename)%00%(upstream:remoteref) refs/heads/feature/layer-namespaces refs/remotes/feature/layer-namespaces [3ms]
2025-11-08 15:51:12.879 [info] > git status -z -uall [6ms]
2025-11-08 15:51:12.880 [info] > git for-each-ref --sort -committerdate --format %(refname)%00%(objectname)%00%(*objectname) [2ms]
2025-11-08 15:51:17.904 [info] > git config --get commit.template [10ms]
2025-11-08 15:51:17.905 [info] > git for-each-ref --format=%(refname)%00%(upstream:short)%00%(objectname)%00%(upstream:track)%00%(upstream:remotename)%00%(upstream:remoteref) refs/heads/feature/layer-namespaces refs/remotes/feature/layer-namespaces [2ms]
2025-11-08 15:51:17.920 [info] > git status -z -uall [8ms]
2025-11-08 15:51:17.921 [info] > git for-each-ref --sort -committerdate --format %(refname)%00%(objectname)%00%(*objectname) [2ms]
2025-11-08 15:52:03.697 [info] > git config --get commit.template [2ms]
2025-11-08 15:52:03.707 [info] > git for-each-ref --format=%(refname)%00%(upstream:short)%00%(objectname)%00%(upstream:track)%00%(upstream:remotename)%00%(upstream:remoteref) refs/heads/feature/layer-namespaces refs/remotes/feature/layer-namespaces [2ms]
2025-11-08 15:52:03.722 [info] > git status -z -uall [8ms]
2025-11-08 15:52:03.723 [info] > git for-each-ref --sort -committerdate --format %(refname)%00%(objectname)%00%(*objectname) [2ms]
2025-11-08 15:53:05.257 [info] > git config --get commit.template [10ms]
2025-11-08 15:53:05.258 [info] > git for-each-ref --format=%(refname)%00%(upstream:short)%00%(objectname)%00%(upstream:track)%00%(upstream:remotename)%00%(upstream:remoteref) refs/heads/feature/layer-namespaces refs/remotes/feature/layer-namespaces [1ms]
2025-11-08 15:53:05.274 [info] > git status -z -uall [8ms]
2025-11-08 15:53:05.275 [info] > git for-each-ref --sort -committerdate --format %(refname)%00%(objectname)%00%(*objectname) [2ms]
2025-11-08 15:53:58.672 [info] > git show --textconv :docs/dankmaterialshell/layers.mdx [8ms]
2025-11-08 15:53:58.672 [info] > git ls-files --stage -- docs/dankmaterialshell/layers.mdx [1ms]
2025-11-08 15:53:58.682 [info] > git cat-file -s 509513afe8ca14d93a1d92e1bb2016a8b6e685fc [2ms]
2025-11-08 15:54:49.957 [info] > git config --get commit.template [8ms]
2025-11-08 15:54:49.958 [info] > git for-each-ref --format=%(refname)%00%(upstream:short)%00%(objectname)%00%(upstream:track)%00%(upstream:remotename)%00%(upstream:remoteref) refs/heads/feature/layer-namespaces refs/remotes/feature/layer-namespaces [2ms]
2025-11-08 15:54:49.982 [info] > git status -z -uall [13ms]
2025-11-08 15:54:49.983 [info] > git for-each-ref --sort -committerdate --format %(refname)%00%(objectname)%00%(*objectname) [3ms]
2025-11-08 16:00:27.882 [info] > git config --get commit.template [10ms]
2025-11-08 16:00:27.884 [info] > git for-each-ref --format=%(refname)%00%(upstream:short)%00%(objectname)%00%(upstream:track)%00%(upstream:remotename)%00%(upstream:remoteref) refs/heads/feature/layer-namespaces refs/remotes/feature/layer-namespaces [3ms]
2025-11-08 16:00:27.900 [info] > git status -z -uall [8ms]
2025-11-08 16:00:27.902 [info] > git for-each-ref --sort -committerdate --format %(refname)%00%(objectname)%00%(*objectname) [3ms]
