2025-11-16 14:13:34.113 [info] [main] Log level: Info
2025-11-16 14:13:34.113 [info] [main] Validating found git in: "git"
2025-11-16 14:13:34.113 [info] [main] Using git "2.51.2" from "git"
2025-11-16 14:13:34.113 [info] [Model][doInitialScan] Initial repository scan started
2025-11-16 14:13:34.113 [info] > git rev-parse --show-toplevel [41ms]
2025-11-16 14:13:34.113 [info] > git rev-parse --git-dir --git-common-dir --show-superproject-working-tree [4ms]
2025-11-16 14:13:34.113 [info] [Model][openRepository] Opened repository (path): /mnt/media/Programmation/Docs/DankLinux-Docs
2025-11-16 14:13:34.113 [info] [Model][openRepository] Opened repository (real path): /mnt/media/Programmation/Docs/DankLinux-Docs
2025-11-16 14:13:34.113 [info] [Model][openRepository] Opened repository (kind): repository
2025-11-16 14:13:34.113 [info] > git config --get commit.template [5ms]
2025-11-16 14:13:34.113 [info] > git rev-parse --show-toplevel [9ms]
2025-11-16 14:13:34.120 [info] > git rev-parse --show-toplevel [1ms]
2025-11-16 14:13:34.127 [info] > git rev-parse --show-toplevel [1ms]
2025-11-16 14:13:34.133 [info] > git rev-parse --show-toplevel [1ms]
2025-11-16 14:13:34.140 [info] > git rev-parse --show-toplevel [1ms]
2025-11-16 14:13:34.147 [info] > git rev-parse --show-toplevel [1ms]
2025-11-16 14:13:34.153 [info] > git rev-parse --show-toplevel [1ms]
2025-11-16 14:13:34.160 [info] > git rev-parse --show-toplevel [1ms]
2025-11-16 14:13:34.167 [info] > git rev-parse --show-toplevel [1ms]
2025-11-16 14:13:34.175 [info] > git rev-parse --show-toplevel [2ms]
2025-11-16 14:13:34.176 [info] [Model][doInitialScan] Initial repository scan completed - repositories (1), closed repositories (0), parent repositories (0), unsafe repositories (0)
2025-11-16 14:13:34.209 [info] > git for-each-ref --format=%(refname)%00%(upstream:short)%00%(objectname)%00%(upstream:track)%00%(upstream:remotename)%00%(upstream:remoteref) refs/heads/feat/plugin-layer-namespace refs/remotes/feat/plugin-layer-namespace [97ms]
2025-11-16 14:13:35.304 [info] > git status -z -uall [1089ms]
2025-11-16 14:13:35.305 [info] > git for-each-ref --sort -committerdate --format %(refname)%00%(objectname)%00%(*objectname) [1083ms]
2025-11-16 14:13:35.407 [info] > git for-each-ref --format=%(refname)%00%(upstream:short)%00%(objectname)%00%(upstream:track)%00%(upstream:remotename)%00%(upstream:remoteref) refs/heads/feat/plugin-layer-namespace refs/remotes/feat/plugin-layer-namespace [70ms]
2025-11-16 14:13:35.488 [info] > git config --get --local branch.feat/plugin-layer-namespace.vscode-merge-base [72ms]
2025-11-16 14:13:35.495 [info] > git config --get commit.template [89ms]
2025-11-16 14:13:35.752 [info] > git for-each-ref --format=%(refname)%00%(upstream:short)%00%(objectname)%00%(upstream:track)%00%(upstream:remotename)%00%(upstream:remoteref) refs/heads/origin/master refs/remotes/origin/master [258ms]
2025-11-16 14:13:35.788 [info] > git show --textconv :docs/dankmaterialshell/plugin-development.mdx [20ms]
2025-11-16 14:13:35.788 [info] > git ls-files --stage -- docs/dankmaterialshell/plugin-development.mdx [13ms]
2025-11-16 14:13:35.795 [info] > git merge-base refs/heads/feat/plugin-layer-namespace refs/remotes/origin/feat/plugin-layer-namespace [35ms]
2025-11-16 14:13:35.821 [info] > git diff --name-status -z --diff-filter=ADMR 6835ecfd6eff4b82db27c145792afb84f2062898...refs/remotes/origin/feat/plugin-layer-namespace [20ms]
2025-11-16 14:13:35.821 [info] > git cat-file -s 5b97c36178f47792708719b5510772d64eef99d6 [27ms]
2025-11-16 14:13:35.822 [info] > git for-each-ref --format=%(refname)%00%(upstream:short)%00%(objectname)%00%(upstream:track)%00%(upstream:remotename)%00%(upstream:remoteref) refs/heads/feat/plugin-layer-namespace refs/remotes/feat/plugin-layer-namespace [35ms]
2025-11-16 14:13:36.066 [info] > git check-ignore -v -z --stdin [27ms]
2025-11-16 14:13:36.067 [info] > git status -z -uall [12ms]
2025-11-16 14:13:36.071 [info] > git for-each-ref --sort -committerdate --format %(refname)%00%(objectname)%00%(*objectname) [8ms]
2025-11-16 14:13:36.340 [info] > git blame --root --incremental 6835ecfd6eff4b82db27c145792afb84f2062898 -- docs/dankmaterialshell/plugin-development.mdx [249ms]
2025-11-16 14:13:47.165 [info] [main] Log level: Info
2025-11-16 14:13:47.165 [info] [main] Validating found git in: "git"
2025-11-16 14:13:47.165 [info] [main] Using git "2.51.2" from "git"
2025-11-16 14:13:47.165 [info] [Model][doInitialScan] Initial repository scan started
2025-11-16 14:13:47.166 [info] > git rev-parse --show-toplevel [12ms]
2025-11-16 14:13:47.215 [info] > git rev-parse --git-dir --git-common-dir --show-superproject-working-tree [41ms]
2025-11-16 14:13:47.230 [info] [Model][openRepository] Opened repository (path): /mnt/media/Programmation/Qml/DankMaterialShell
2025-11-16 14:13:47.230 [info] [Model][openRepository] Opened repository (real path): /mnt/media/Programmation/Qml/DankMaterialShell
2025-11-16 14:13:47.230 [info] [Model][openRepository] Opened repository (kind): repository
2025-11-16 14:13:47.263 [info] > git rev-parse --show-toplevel [11ms]
2025-11-16 14:13:47.263 [info] > git config --get commit.template [19ms]
2025-11-16 14:13:47.278 [info] > git for-each-ref --format=%(refname)%00%(upstream:short)%00%(objectname)%00%(upstream:track)%00%(upstream:remotename)%00%(upstream:remoteref) refs/heads/master refs/remotes/master [8ms]
2025-11-16 14:13:47.280 [info] > git rev-parse --show-toplevel [2ms]
2025-11-16 14:13:47.327 [info] > git rev-parse --show-toplevel [41ms]
2025-11-16 14:13:47.472 [info] > git status -z -uall [153ms]
2025-11-16 14:13:47.472 [info] > git for-each-ref --sort -committerdate --format %(refname)%00%(objectname)%00%(*objectname) [146ms]
2025-11-16 14:13:47.505 [info] > git for-each-ref --format=%(refname)%00%(upstream:short)%00%(objectname)%00%(upstream:track)%00%(upstream:remotename)%00%(upstream:remoteref) refs/heads/master refs/remotes/master [10ms]
2025-11-16 14:13:47.512 [info] > git rev-parse --show-toplevel [43ms]
2025-11-16 14:13:47.519 [info] > git config --get --local branch.master.vscode-merge-base [8ms]
2025-11-16 14:13:47.526 [info] > git config --get commit.template [22ms]
2025-11-16 14:13:47.528 [info] > git rev-parse --show-toplevel [10ms]
2025-11-16 14:13:47.542 [info] > git for-each-ref --format=%(refname)%00%(upstream:short)%00%(objectname)%00%(upstream:track)%00%(upstream:remotename)%00%(upstream:remoteref) refs/heads/origin/master refs/remotes/origin/master [15ms]
2025-11-16 14:13:47.558 [info] > git merge-base refs/heads/master refs/remotes/origin/master [10ms]
2025-11-16 14:13:47.565 [info] > git rev-parse --show-toplevel [24ms]
2025-11-16 14:13:47.565 [info] > git for-each-ref --format=%(refname)%00%(upstream:short)%00%(objectname)%00%(upstream:track)%00%(upstream:remotename)%00%(upstream:remoteref) refs/heads/master refs/remotes/master [30ms]
2025-11-16 14:13:47.688 [info] > git diff --name-status -z --diff-filter=ADMR 64ec5be91934bd4ce5125f251d167bb15f34d7f1...refs/remotes/origin/master [123ms]
2025-11-16 14:13:47.699 [info] > git rev-parse --show-toplevel [12ms]
2025-11-16 14:13:47.721 [info] > git rev-parse --show-toplevel [16ms]
2025-11-16 14:13:47.722 [info] [Model][doInitialScan] Initial repository scan completed - repositories (1), closed repositories (0), parent repositories (0), unsafe repositories (0)
2025-11-16 14:13:47.754 [info] > git status -z -uall [40ms]
2025-11-16 14:13:47.754 [info] > git show --textconv :quickshell/Modules/Plugins/PluginComponent.qml [25ms]
2025-11-16 14:13:47.754 [info] > git check-ignore -v -z --stdin [13ms]
2025-11-16 14:13:47.755 [info] > git ls-files --stage -- quickshell/Modules/Plugins/PluginComponent.qml [20ms]
2025-11-16 14:13:47.762 [info] > git for-each-ref --sort -committerdate --format %(refname)%00%(objectname)%00%(*objectname) [41ms]
2025-11-16 14:13:47.778 [info] > git cat-file -s cf213e3e1bf6848615572df57e1b4ae4a8c64b7b [17ms]
2025-11-16 14:13:47.854 [info] > git blame --root --incremental 64ec5be91934bd4ce5125f251d167bb15f34d7f1 -- quickshell/Modules/Plugins/PluginComponent.qml [19ms]
2025-11-16 14:13:50.616 [info] > git check-ignore -v -z --stdin [1ms]
2025-11-16 14:13:55.081 [info] > git check-ignore -v -z --stdin [4ms]
2025-11-16 14:14:03.568 [info] > git check-ignore -v -z --stdin [3ms]
2025-11-16 14:14:04.587 [info] > git check-ignore -v -z --stdin [3ms]
2025-11-16 14:14:21.407 [info] > git check-ignore -v -z --stdin [2ms]
2025-11-16 14:14:26.311 [info] > git check-ignore -v -z --stdin [2ms]
2025-11-16 14:14:30.582 [info] > git check-ignore -v -z --stdin [2ms]
2025-11-16 14:14:32.231 [info] > git check-ignore -v -z --stdin [1ms]
2025-11-16 14:14:34.735 [info] > git check-ignore -v -z --stdin [3ms]
2025-11-16 14:14:35.866 [info] > git check-ignore -v -z --stdin [2ms]
2025-11-16 14:15:00.306 [info] > git check-ignore -v -z --stdin [1ms]
2025-11-16 14:15:02.427 [info] > git check-ignore -v -z --stdin [2ms]
2025-11-16 14:15:05.547 [info] > git check-ignore -v -z --stdin [2ms]
2025-11-16 14:15:10.347 [info] > git check-ignore -v -z --stdin [4ms]
2025-11-16 14:15:12.821 [info] > git show --textconv :quickshell/Modules/ControlCenter/PowerMenu.qml [7ms]
2025-11-16 14:15:12.822 [info] > git ls-files --stage -- quickshell/Modules/ControlCenter/PowerMenu.qml [2ms]
2025-11-16 14:15:12.831 [info] > git cat-file -s 400ce2f9f80e3ee533c2feb996aaea2e2bd43616 [2ms]
2025-11-16 14:15:47.049 [info] > git blame --root --incremental 64ec5be91934bd4ce5125f251d167bb15f34d7f1 -- quickshell/Modules/ControlCenter/PowerMenu.qml [388ms]
2025-11-16 14:18:37.253 [info] > git ls-files --stage -- quickshell/Modules/Toast.qml [2ms]
2025-11-16 14:18:37.617 [info] > git cat-file -s d10c0933aa8a3f70daae63868bb94d5f6c35b815 [359ms]
2025-11-16 14:18:37.618 [info] > git show --textconv :quickshell/Modules/Toast.qml [374ms]
2025-11-16 14:18:39.189 [info] > git show --textconv :quickshell/Modules/ControlCenter/PowerMenu.qml [10ms]
2025-11-16 14:18:39.190 [info] > git ls-files --stage -- quickshell/Modules/ControlCenter/PowerMenu.qml [2ms]
2025-11-16 14:18:39.197 [info] > git cat-file -s 400ce2f9f80e3ee533c2feb996aaea2e2bd43616 [1ms]
2025-11-16 14:18:40.040 [info] > git show --textconv :quickshell/Modules/Toast.qml [7ms]
2025-11-16 14:18:40.042 [info] > git ls-files --stage -- quickshell/Modules/Toast.qml [2ms]
2025-11-16 14:18:40.050 [info] > git cat-file -s d10c0933aa8a3f70daae63868bb94d5f6c35b815 [1ms]
2025-11-16 14:18:41.167 [info] > git blame --root --incremental 64ec5be91934bd4ce5125f251d167bb15f34d7f1 -- quickshell/Modules/Toast.qml [29ms]
2025-11-16 14:18:46.244 [info] > git show --textconv :quickshell/Modules/ControlCenter/PowerMenu.qml [8ms]
2025-11-16 14:18:46.245 [info] > git ls-files --stage -- quickshell/Modules/ControlCenter/PowerMenu.qml [2ms]
2025-11-16 14:18:46.252 [info] > git cat-file -s 400ce2f9f80e3ee533c2feb996aaea2e2bd43616 [2ms]
2025-11-16 14:18:54.229 [info] > git config --get commit.template [9ms]
2025-11-16 14:18:54.230 [info] > git for-each-ref --format=%(refname)%00%(upstream:short)%00%(objectname)%00%(upstream:track)%00%(upstream:remotename)%00%(upstream:remoteref) refs/heads/master refs/remotes/master [2ms]
2025-11-16 14:18:54.248 [info] > git for-each-ref --sort -committerdate --format %(refname)%00%(objectname)%00%(*objectname) [2ms]
2025-11-16 14:18:54.268 [info] > git status -z -uall [28ms]
2025-11-16 14:20:30.612 [info] > git config --get commit.template [9ms]
2025-11-16 14:20:30.613 [info] > git for-each-ref --format=%(refname)%00%(upstream:short)%00%(objectname)%00%(upstream:track)%00%(upstream:remotename)%00%(upstream:remoteref) refs/heads/master refs/remotes/master [2ms]
2025-11-16 14:20:30.631 [info] > git for-each-ref --sort -committerdate --format %(refname)%00%(objectname)%00%(*objectname) [2ms]
2025-11-16 14:20:30.636 [info] > git status -z -uall [15ms]
2025-11-16 14:21:37.664 [info] > git config --get commit.template [8ms]
2025-11-16 14:21:37.665 [info] > git for-each-ref --format=%(refname)%00%(upstream:short)%00%(objectname)%00%(upstream:track)%00%(upstream:remotename)%00%(upstream:remoteref) refs/heads/master refs/remotes/master [2ms]
2025-11-16 14:21:37.685 [info] > git for-each-ref --sort -committerdate --format %(refname)%00%(objectname)%00%(*objectname) [4ms]
2025-11-16 14:21:37.693 [info] > git status -z -uall [20ms]
2025-11-16 14:22:20.112 [info] > git config --get commit.template [8ms]
2025-11-16 14:22:20.113 [info] > git for-each-ref --format=%(refname)%00%(upstream:short)%00%(objectname)%00%(upstream:track)%00%(upstream:remotename)%00%(upstream:remoteref) refs/heads/master refs/remotes/master [1ms]
2025-11-16 14:22:20.129 [info] > git for-each-ref --sort -committerdate --format %(refname)%00%(objectname)%00%(*objectname) [3ms]
2025-11-16 14:22:20.136 [info] > git status -z -uall [16ms]
2025-11-16 14:24:15.485 [info] > git show --textconv :quickshell/Modules/ControlCenter/ControlCenterPopout.qml [10ms]
2025-11-16 14:24:15.488 [info] > git ls-files --stage -- quickshell/Modules/ControlCenter/ControlCenterPopout.qml [3ms]
2025-11-16 14:24:15.495 [info] > git cat-file -s 24d1e04dc9ada828f62fd7b8c1353babf6e0123c [1ms]
2025-11-16 14:24:17.916 [info] > git show --textconv :quickshell/Modules/ControlCenter/PowerMenu.qml [8ms]
2025-11-16 14:24:17.917 [info] > git ls-files --stage -- quickshell/Modules/ControlCenter/PowerMenu.qml [1ms]
2025-11-16 14:24:17.926 [info] > git cat-file -s 400ce2f9f80e3ee533c2feb996aaea2e2bd43616 [2ms]
2025-11-16 14:24:20.415 [info] > git check-ignore -v -z --stdin [2ms]
2025-11-16 14:32:53.706 [info] > git config --get commit.template [6ms]
2025-11-16 14:32:53.707 [info] > git for-each-ref --format=%(refname)%00%(upstream:short)%00%(objectname)%00%(upstream:track)%00%(upstream:remotename)%00%(upstream:remoteref) refs/heads/master refs/remotes/master [2ms]
2025-11-16 14:32:53.721 [info] > git for-each-ref --sort -committerdate --format %(refname)%00%(objectname)%00%(*objectname) [2ms]
2025-11-16 14:32:53.729 [info] > git status -z -uall [16ms]
2025-11-16 14:33:00.113 [info] > git config --get commit.template [7ms]
2025-11-16 14:33:00.114 [info] > git for-each-ref --format=%(refname)%00%(upstream:short)%00%(objectname)%00%(upstream:track)%00%(upstream:remotename)%00%(upstream:remoteref) refs/heads/master refs/remotes/master [2ms]
2025-11-16 14:33:00.132 [info] > git for-each-ref --sort -committerdate --format %(refname)%00%(objectname)%00%(*objectname) [2ms]
2025-11-16 14:33:00.143 [info] > git status -z -uall [21ms]
2025-11-16 14:33:13.828 [info] > git config --get commit.template [8ms]
2025-11-16 14:33:13.829 [info] > git for-each-ref --format=%(refname)%00%(upstream:short)%00%(objectname)%00%(upstream:track)%00%(upstream:remotename)%00%(upstream:remoteref) refs/heads/master refs/remotes/master [2ms]
2025-11-16 14:33:13.843 [info] > git for-each-ref --sort -committerdate --format %(refname)%00%(objectname)%00%(*objectname) [2ms]
2025-11-16 14:33:13.852 [info] > git status -z -uall [16ms]
2025-11-16 14:36:24.450 [info] > git config --get commit.template [10ms]
2025-11-16 14:36:24.451 [info] > git for-each-ref --format=%(refname)%00%(upstream:short)%00%(objectname)%00%(upstream:track)%00%(upstream:remotename)%00%(upstream:remoteref) refs/heads/master refs/remotes/master [2ms]
2025-11-16 14:36:24.472 [info] > git for-each-ref --sort -committerdate --format %(refname)%00%(objectname)%00%(*objectname) [2ms]
2025-11-16 14:36:24.475 [info] > git status -z -uall [15ms]
2025-11-16 14:37:27.749 [info] > git show --textconv :quickshell/Modals/PowerMenuModal.qml [7ms]
2025-11-16 14:37:27.750 [info] > git ls-files --stage -- quickshell/Modals/PowerMenuModal.qml [2ms]
2025-11-16 14:37:27.758 [info] > git cat-file -s aed480fc771026d5f242e5d16c6e21b0bab7f37d [2ms]
2025-11-16 14:38:04.408 [info] > git blame --root --incremental 64ec5be91934bd4ce5125f251d167bb15f34d7f1 -- quickshell/Modals/PowerMenuModal.qml [604ms]
2025-11-16 14:40:20.190 [info] > git show --textconv :quickshell/Modules/ControlCenter/PowerMenu.qml [7ms]
2025-11-16 14:40:20.191 [info] > git ls-files --stage -- quickshell/Modules/ControlCenter/PowerMenu.qml [2ms]
2025-11-16 14:40:20.199 [info] > git cat-file -s 400ce2f9f80e3ee533c2feb996aaea2e2bd43616 [2ms]
2025-11-16 14:40:27.760 [info] > git show --textconv :quickshell/Modals/PowerMenuModal.qml [10ms]
2025-11-16 14:40:27.761 [info] > git ls-files --stage -- quickshell/Modals/PowerMenuModal.qml [2ms]
2025-11-16 14:40:27.770 [info] > git cat-file -s aed480fc771026d5f242e5d16c6e21b0bab7f37d [2ms]
2025-11-16 14:40:28.307 [info] > git show --textconv :quickshell/Modules/ControlCenter/PowerMenu.qml [9ms]
2025-11-16 14:40:28.309 [info] > git ls-files --stage -- quickshell/Modules/ControlCenter/PowerMenu.qml [3ms]
2025-11-16 14:40:28.319 [info] > git cat-file -s 400ce2f9f80e3ee533c2feb996aaea2e2bd43616 [2ms]
2025-11-16 14:40:37.932 [info] > git show --textconv :quickshell/Modals/PowerMenuModal.qml [12ms]
2025-11-16 14:40:37.933 [info] > git ls-files --stage -- quickshell/Modals/PowerMenuModal.qml [2ms]
2025-11-16 14:40:37.940 [info] > git cat-file -s aed480fc771026d5f242e5d16c6e21b0bab7f37d [1ms]
2025-11-16 14:40:57.041 [info] > git show --textconv :quickshell/Modules/ControlCenter/PowerMenu.qml [8ms]
2025-11-16 14:40:57.042 [info] > git ls-files --stage -- quickshell/Modules/ControlCenter/PowerMenu.qml [2ms]
2025-11-16 14:40:57.052 [info] > git cat-file -s 400ce2f9f80e3ee533c2feb996aaea2e2bd43616 [3ms]
2025-11-16 14:41:40.617 [info] > git config --get commit.template [10ms]
2025-11-16 14:41:40.617 [info] > git for-each-ref --format=%(refname)%00%(upstream:short)%00%(objectname)%00%(upstream:track)%00%(upstream:remotename)%00%(upstream:remoteref) refs/heads/master refs/remotes/master [1ms]
2025-11-16 14:41:40.633 [info] > git for-each-ref --sort -committerdate --format %(refname)%00%(objectname)%00%(*objectname) [3ms]
2025-11-16 14:41:40.641 [info] > git status -z -uall [17ms]
2025-11-16 14:43:36.599 [info] > git config --get commit.template [10ms]
2025-11-16 14:43:36.601 [info] > git for-each-ref --format=%(refname)%00%(upstream:short)%00%(objectname)%00%(upstream:track)%00%(upstream:remotename)%00%(upstream:remoteref) refs/heads/master refs/remotes/master [3ms]
2025-11-16 14:43:36.617 [info] > git for-each-ref --sort -committerdate --format %(refname)%00%(objectname)%00%(*objectname) [3ms]
2025-11-16 14:43:36.624 [info] > git status -z -uall [16ms]
2025-11-16 14:44:26.105 [info] > git show --textconv :quickshell/Modals/PowerMenuModal.qml [8ms]
2025-11-16 14:44:26.106 [info] > git ls-files --stage -- quickshell/Modals/PowerMenuModal.qml [1ms]
2025-11-16 14:44:26.114 [info] > git cat-file -s aed480fc771026d5f242e5d16c6e21b0bab7f37d [2ms]
2025-11-16 14:45:52.232 [info] > git show --textconv :quickshell/Modules/ControlCenter/PowerMenu.qml [10ms]
2025-11-16 14:45:52.234 [info] > git ls-files --stage -- quickshell/Modules/ControlCenter/PowerMenu.qml [2ms]
2025-11-16 14:45:52.242 [info] > git cat-file -s 400ce2f9f80e3ee533c2feb996aaea2e2bd43616 [2ms]
2025-11-16 14:47:11.383 [info] > git show --textconv :quickshell/Modals/PowerMenuModal.qml [11ms]
2025-11-16 14:47:11.384 [info] > git ls-files --stage -- quickshell/Modals/PowerMenuModal.qml [2ms]
2025-11-16 14:47:11.390 [info] > git cat-file -s aed480fc771026d5f242e5d16c6e21b0bab7f37d [1ms]
2025-11-16 14:55:27.016 [info] > git show --textconv :quickshell/Modules/ControlCenter/PowerMenu.qml [9ms]
2025-11-16 14:55:27.017 [info] > git ls-files --stage -- quickshell/Modules/ControlCenter/PowerMenu.qml [2ms]
2025-11-16 14:55:27.025 [info] > git cat-file -s 400ce2f9f80e3ee533c2feb996aaea2e2bd43616 [2ms]
2025-11-16 14:55:37.085 [info] > git show --textconv :quickshell/Modals/PowerMenuModal.qml [12ms]
2025-11-16 14:55:37.087 [info] > git ls-files --stage -- quickshell/Modals/PowerMenuModal.qml [3ms]
2025-11-16 14:55:37.098 [info] > git cat-file -s aed480fc771026d5f242e5d16c6e21b0bab7f37d [2ms]
2025-11-16 15:40:52.354 [info] > git check-ignore -v -z --stdin [3ms]
2025-11-16 15:40:53.526 [info] > git ls-files --stage -- quickshell/Modals/Common/ConfirmModal.qml [2ms]
2025-11-16 15:40:53.765 [info] > git cat-file -s f9d292726c35336d1a08224e142add6aafd31980 [231ms]
2025-11-16 15:40:53.786 [info] > git show --textconv :quickshell/Modals/Common/ConfirmModal.qml [272ms]
2025-11-16 15:40:56.119 [info] > git blame --root --incremental 64ec5be91934bd4ce5125f251d167bb15f34d7f1 -- quickshell/Modals/Common/ConfirmModal.qml [361ms]
2025-11-16 15:41:13.090 [info] > git show --textconv :quickshell/Modules/ControlCenter/PowerMenu.qml [10ms]
2025-11-16 15:41:13.091 [info] > git ls-files --stage -- quickshell/Modules/ControlCenter/PowerMenu.qml [2ms]
2025-11-16 15:41:13.098 [info] > git cat-file -s 400ce2f9f80e3ee533c2feb996aaea2e2bd43616 [1ms]
2025-11-16 15:41:13.907 [info] > git show --textconv :quickshell/Modals/Common/ConfirmModal.qml [7ms]
2025-11-16 15:41:13.909 [info] > git ls-files --stage -- quickshell/Modals/Common/ConfirmModal.qml [2ms]
2025-11-16 15:41:13.916 [info] > git cat-file -s f9d292726c35336d1a08224e142add6aafd31980 [2ms]
2025-11-16 15:41:16.422 [info] > git config --get commit.template [7ms]
2025-11-16 15:41:16.424 [info] > git for-each-ref --format=%(refname)%00%(upstream:short)%00%(objectname)%00%(upstream:track)%00%(upstream:remotename)%00%(upstream:remoteref) refs/heads/master refs/remotes/master [1ms]
2025-11-16 15:41:16.440 [info] > git for-each-ref --sort -committerdate --format %(refname)%00%(objectname)%00%(*objectname) [2ms]
2025-11-16 15:41:17.879 [info] > git status -z -uall [1447ms]
2025-11-16 17:05:17.401 [info] > git config --get commit.template [10ms]
2025-11-16 17:05:17.403 [info] > git for-each-ref --format=%(refname)%00%(upstream:short)%00%(objectname)%00%(upstream:track)%00%(upstream:remotename)%00%(upstream:remoteref) refs/heads/master refs/remotes/master [2ms]
2025-11-16 17:05:17.427 [info] > git status -z -uall [17ms]
2025-11-16 17:05:17.430 [info] > git for-each-ref --sort -committerdate --format %(refname)%00%(objectname)%00%(*objectname) [13ms]
2025-11-16 17:05:46.123 [info] > git for-each-ref --sort -committerdate --format %(refname)%00%(objectname)%00%(*objectname) refs/heads/feat/plugin-layer-namespace [2ms]
2025-11-16 17:05:46.688 [info] > git log --format=%H%n%aN%n%aE%n%at%n%ct%n%P%n%D%n%B -z --shortstat --diff-merges=first-parent -n50 --skip=0 --topo-order --decorate=full --stdin [453ms]
2025-11-16 17:05:48.290 [info] > git add -A -- quickshell/Modals/Common/ConfirmModal.qml [247ms]
2025-11-16 17:05:48.310 [info] > git config --get commit.template [6ms]
2025-11-16 17:05:48.311 [info] > git for-each-ref --format=%(refname)%00%(upstream:short)%00%(objectname)%00%(upstream:track)%00%(upstream:remotename)%00%(upstream:remoteref) refs/heads/master refs/remotes/master [1ms]
2025-11-16 17:05:48.324 [info] > git status -z -uall [7ms]
2025-11-16 17:05:48.326 [info] > git for-each-ref --sort -committerdate --format %(refname)%00%(objectname)%00%(*objectname) [3ms]
2025-11-16 17:05:48.646 [info] > git show --textconv HEAD:quickshell/Modals/Common/ConfirmModal.qml [8ms]
2025-11-16 17:05:48.647 [info] > git ls-tree -l HEAD -- quickshell/Modals/Common/ConfirmModal.qml [1ms]
2025-11-16 17:05:49.436 [info] > git config --get commit.template [8ms]
2025-11-16 17:05:49.437 [info] > git for-each-ref --format=%(refname)%00%(upstream:short)%00%(objectname)%00%(upstream:track)%00%(upstream:remotename)%00%(upstream:remoteref) refs/heads/master refs/remotes/master [2ms]
2025-11-16 17:05:49.450 [info] > git status -z -uall [7ms]
2025-11-16 17:05:49.452 [info] > git for-each-ref --sort -committerdate --format %(refname)%00%(objectname)%00%(*objectname) [3ms]
2025-11-16 17:05:49.536 [info] > git ls-files --stage -- quickshell/Modals/Common/ConfirmModal.qml [8ms]
2025-11-16 17:05:49.544 [info] > git ls-tree -l HEAD -- quickshell/Modals/Common/ConfirmModal.qml [8ms]
2025-11-16 17:05:49.545 [info] > git cat-file -s d3d34ab0368de7466493d95cd10392d8bad3a807 [2ms]
2025-11-16 17:05:49.557 [info] > git show --textconv HEAD:quickshell/Modals/Common/ConfirmModal.qml [6ms]
2025-11-16 17:05:49.558 [info] > git show --textconv :quickshell/Modals/Common/ConfirmModal.qml [2ms]
2025-11-16 17:06:36.613 [info] > git for-each-ref --sort -committerdate --format %(refname)%00%(objectname)%00%(*objectname) refs/heads [2ms]
2025-11-16 17:06:44.749 [info] > git checkout -q -b confirm-modal/add-layer-namespace --no-track HEAD [492ms]
2025-11-16 17:06:44.763 [info] > git config --get commit.template [7ms]
2025-11-16 17:06:44.764 [info] > git for-each-ref --format=%(refname)%00%(upstream:short)%00%(objectname)%00%(upstream:track)%00%(upstream:remotename)%00%(upstream:remoteref) refs/heads/confirm-modal/add-layer-namespace refs/remotes/confirm-modal/add-layer-namespace [2ms]
2025-11-16 17:06:44.777 [info] > git status -z -uall [6ms]
2025-11-16 17:06:44.779 [info] > git for-each-ref --sort -committerdate --format %(refname)%00%(objectname)%00%(*objectname) [3ms]
2025-11-16 17:06:44.791 [info] > git for-each-ref --format=%(refname)%00%(upstream:short)%00%(objectname)%00%(upstream:track)%00%(upstream:remotename)%00%(upstream:remoteref) refs/heads/confirm-modal/add-layer-namespace refs/remotes/confirm-modal/add-layer-namespace [2ms]
2025-11-16 17:06:44.798 [info] > git config --get --local branch.confirm-modal/add-layer-namespace.vscode-merge-base [1ms]
2025-11-16 17:06:44.798 [warning] [Git][config] git config failed: Failed to execute git
2025-11-16 17:06:44.863 [info] > git reflog confirm-modal/add-layer-namespace --grep-reflog=branch: Created from *. [55ms]
2025-11-16 17:06:44.872 [info] > git reflog HEAD --grep-reflog=checkout: moving from .* to confirm-modal/add-layer-namespace [3ms]
2025-11-16 17:06:44.881 [info] > git for-each-ref --format=%(refname)%00%(upstream:short)%00%(objectname)%00%(upstream:track)%00%(upstream:remotename)%00%(upstream:remoteref) refs/heads/master refs/remotes/master [2ms]
2025-11-16 17:06:44.890 [info] > git for-each-ref --format=%(refname)%00%(upstream:short)%00%(objectname)%00%(upstream:track)%00%(upstream:remotename)%00%(upstream:remoteref) refs/remotes/origin/master [2ms]
2025-11-16 17:06:44.898 [info] > git config --add --local branch.confirm-modal/add-layer-namespace.vscode-merge-base origin/master [2ms]
2025-11-16 17:06:44.912 [info] > git config --get commit.template [8ms]
2025-11-16 17:06:44.913 [info] > git for-each-ref --format=%(refname)%00%(upstream:short)%00%(objectname)%00%(upstream:track)%00%(upstream:remotename)%00%(upstream:remoteref) refs/heads/confirm-modal/add-layer-namespace refs/remotes/confirm-modal/add-layer-namespace [2ms]
2025-11-16 17:06:44.929 [info] > git status -z -uall [8ms]
2025-11-16 17:06:44.930 [info] > git for-each-ref --sort -committerdate --format %(refname)%00%(objectname)%00%(*objectname) [3ms]
2025-11-16 17:06:44.940 [info] > git for-each-ref --sort -committerdate --format %(refname)%00%(objectname)%00%(*objectname) refs/heads/feat/plugin-layer-namespace [1ms]
2025-11-16 17:06:45.004 [info] > git log --format=%H%n%aN%n%aE%n%at%n%ct%n%P%n%D%n%B -z --shortstat --diff-merges=first-parent -n50 --skip=0 --topo-order --decorate=full --stdin [56ms]
2025-11-16 17:06:46.064 [info] > git config --get commit.template [9ms]
2025-11-16 17:06:46.065 [info] > git for-each-ref --format=%(refname)%00%(upstream:short)%00%(objectname)%00%(upstream:track)%00%(upstream:remotename)%00%(upstream:remoteref) refs/heads/confirm-modal/add-layer-namespace refs/remotes/confirm-modal/add-layer-namespace [1ms]
2025-11-16 17:06:46.081 [info] > git status -z -uall [9ms]
2025-11-16 17:06:46.084 [info] > git for-each-ref --sort -committerdate --format %(refname)%00%(objectname)%00%(*objectname) [4ms]
2025-11-16 17:06:46.164 [info] > git ls-files --stage -- quickshell/Modals/Common/ConfirmModal.qml [9ms]
2025-11-16 17:06:46.171 [info] > git ls-tree -l HEAD -- quickshell/Modals/Common/ConfirmModal.qml [8ms]
2025-11-16 17:06:46.179 [info] > git cat-file -s d3d34ab0368de7466493d95cd10392d8bad3a807 [9ms]
2025-11-16 17:06:46.187 [info] > git show --textconv HEAD:quickshell/Modals/Common/ConfirmModal.qml [7ms]
2025-11-16 17:06:46.190 [info] > git show --textconv :quickshell/Modals/Common/ConfirmModal.qml [4ms]
2025-11-16 17:06:47.022 [info] > git for-each-ref --sort -committerdate --format %(refname)%00%(objectname)%00%(*objectname) [3ms]
2025-11-16 17:06:50.791 [info] > git for-each-ref --sort -committerdate --format %(refname)%00%(objectname)%00%(*objectname) refs/heads/confirm-modal/add-layer-namespace [2ms]
2025-11-16 17:06:50.991 [info] > git log --format=%H%n%aN%n%aE%n%at%n%ct%n%P%n%D%n%B -z --shortstat --diff-merges=first-parent -n50 --skip=0 --topo-order --decorate=full --stdin [192ms]
2025-11-16 17:06:56.132 [info] > git -c user.useConfigOnly=true commit --quiet --allow-empty-message --file - [9ms]
2025-11-16 17:06:56.140 [info] > git config --get commit.template [2ms]
2025-11-16 17:06:56.151 [info] > git config --get commit.template [2ms]
2025-11-16 17:06:56.161 [info] > git for-each-ref --format=%(refname)%00%(upstream:short)%00%(objectname)%00%(upstream:track)%00%(upstream:remotename)%00%(upstream:remoteref) refs/heads/confirm-modal/add-layer-namespace refs/remotes/confirm-modal/add-layer-namespace [2ms]
2025-11-16 17:06:56.174 [info] > git status -z -uall [7ms]
2025-11-16 17:06:56.176 [info] > git for-each-ref --sort -committerdate --format %(refname)%00%(objectname)%00%(*objectname) [2ms]
2025-11-16 17:06:56.201 [info] > git for-each-ref --sort -committerdate --format %(refname)%00%(objectname)%00%(*objectname) refs/heads/confirm-modal/add-layer-namespace [2ms]
2025-11-16 17:06:56.222 [info] > git blame --root --incremental 02909b1f6aca7310e669af52dbeb74810c2969c3 -- quickshell/Modals/Common/ConfirmModal.qml [36ms]
2025-11-16 17:06:56.231 [info] > git config --get commit.template [10ms]
2025-11-16 17:06:56.240 [info] > git for-each-ref --format=%(refname)%00%(upstream:short)%00%(objectname)%00%(upstream:track)%00%(upstream:remotename)%00%(upstream:remoteref) refs/heads/confirm-modal/add-layer-namespace refs/remotes/confirm-modal/add-layer-namespace [1ms]
2025-11-16 17:06:56.254 [info] > git status -z -uall [8ms]
2025-11-16 17:06:56.256 [info] > git for-each-ref --sort -committerdate --format %(refname)%00%(objectname)%00%(*objectname) [2ms]
2025-11-16 17:06:56.293 [info] > git log --format=%H%n%aN%n%aE%n%at%n%ct%n%P%n%D%n%B -z --shortstat --diff-merges=first-parent -n50 --skip=0 --topo-order --decorate=full --stdin [62ms]
2025-11-16 17:06:57.333 [info] > git ls-files --stage -- quickshell/Modals/Common/ConfirmModal.qml [3ms]
2025-11-16 17:06:57.341 [info] > git cat-file -s d3d34ab0368de7466493d95cd10392d8bad3a807 [1ms]
2025-11-16 17:06:57.355 [info] > git show --textconv :quickshell/Modals/Common/ConfirmModal.qml [3ms]
2025-11-16 17:07:08.428 [info] [main] Log level: Info
2025-11-16 17:07:08.428 [info] [main] Validating found git in: "git"
2025-11-16 17:07:08.428 [info] [main] Using git "2.51.2" from "git"
2025-11-16 17:07:08.428 [info] [Model][doInitialScan] Initial repository scan started
2025-11-16 17:07:08.428 [info] > git rev-parse --show-toplevel [8ms]
2025-11-16 17:07:08.428 [info] > git rev-parse --git-dir --git-common-dir --show-superproject-working-tree [3ms]
2025-11-16 17:07:08.428 [info] [Model][openRepository] Opened repository (path): /mnt/media/Programmation/Docs/DankLinux-Docs
2025-11-16 17:07:08.428 [info] [Model][openRepository] Opened repository (real path): /mnt/media/Programmation/Docs/DankLinux-Docs
2025-11-16 17:07:08.428 [info] [Model][openRepository] Opened repository (kind): repository
2025-11-16 17:07:08.428 [info] > git rev-parse --show-toplevel [13ms]
2025-11-16 17:07:08.428 [info] > git config --get commit.template [20ms]
2025-11-16 17:07:08.605 [info] > git for-each-ref --format=%(refname)%00%(upstream:short)%00%(objectname)%00%(upstream:track)%00%(upstream:remotename)%00%(upstream:remoteref) refs/heads/feat/plugin-layer-namespace refs/remotes/feat/plugin-layer-namespace [178ms]
2025-11-16 17:07:08.641 [info] > git rev-parse --show-toplevel [11ms]
2025-11-16 17:07:08.677 [info] > git status -z -uall [22ms]
2025-11-16 17:07:08.682 [info] > git rev-parse --show-toplevel [6ms]
2025-11-16 17:07:08.793 [info] > git rev-parse --show-toplevel [15ms]
2025-11-16 17:07:08.817 [info] > git rev-parse --show-toplevel [14ms]
2025-11-16 17:07:08.838 [info] > git rev-parse --show-toplevel [2ms]
2025-11-16 17:07:08.846 [info] > git rev-parse --show-toplevel [2ms]
2025-11-16 17:07:08.854 [info] > git rev-parse --show-toplevel [1ms]
2025-11-16 17:07:08.865 [info] > git rev-parse --show-toplevel [3ms]
2025-11-16 17:07:08.874 [info] > git rev-parse --show-toplevel [2ms]
2025-11-16 17:07:08.874 [info] [Model][doInitialScan] Initial repository scan completed - repositories (1), closed repositories (0), parent repositories (0), unsafe repositories (0)
2025-11-16 17:07:08.914 [info] > git show --textconv :docs/dankmaterialshell/plugin-development.mdx [29ms]
2025-11-16 17:07:08.914 [info] > git check-ignore -v -z --stdin [4ms]
2025-11-16 17:07:08.927 [info] > git ls-files --stage -- docs/dankmaterialshell/plugin-development.mdx [28ms]
2025-11-16 17:07:08.937 [info] > git for-each-ref --sort -committerdate --format %(refname)%00%(objectname)%00%(*objectname) [270ms]
2025-11-16 17:07:08.974 [info] > git cat-file -s 5b97c36178f47792708719b5510772d64eef99d6 [39ms]
2025-11-16 17:07:08.986 [info] > git config --get commit.template [14ms]
2025-11-16 17:07:08.987 [info] > git for-each-ref --format=%(refname)%00%(upstream:short)%00%(objectname)%00%(upstream:track)%00%(upstream:remotename)%00%(upstream:remoteref) refs/heads/feat/plugin-layer-namespace refs/remotes/feat/plugin-layer-namespace [23ms]
2025-11-16 17:07:09.000 [info] > git config --get --local branch.feat/plugin-layer-namespace.vscode-merge-base [3ms]
2025-11-16 17:07:09.020 [info] > git for-each-ref --format=%(refname)%00%(upstream:short)%00%(objectname)%00%(upstream:track)%00%(upstream:remotename)%00%(upstream:remoteref) refs/heads/origin/master refs/remotes/origin/master [12ms]
2025-11-16 17:07:09.041 [info] > git for-each-ref --format=%(refname)%00%(upstream:short)%00%(objectname)%00%(upstream:track)%00%(upstream:remotename)%00%(upstream:remoteref) refs/heads/feat/plugin-layer-namespace refs/remotes/feat/plugin-layer-namespace [22ms]
2025-11-16 17:07:09.042 [info] > git merge-base refs/heads/feat/plugin-layer-namespace refs/remotes/origin/feat/plugin-layer-namespace [7ms]
2025-11-16 17:07:09.089 [info] > git status -z -uall [18ms]
2025-11-16 17:07:09.090 [info] > git diff --name-status -z --diff-filter=ADMR 6835ecfd6eff4b82db27c145792afb84f2062898...refs/remotes/origin/feat/plugin-layer-namespace [36ms]
2025-11-16 17:07:09.147 [info] > git for-each-ref --sort -committerdate --format %(refname)%00%(objectname)%00%(*objectname) [60ms]
2025-11-16 17:07:09.376 [info] > git blame --root --incremental 6835ecfd6eff4b82db27c145792afb84f2062898 -- docs/dankmaterialshell/plugin-development.mdx [141ms]
2025-11-16 17:07:09.779 [info] > git ls-files --stage -- docs/dankmaterialshell/layers.mdx [3ms]
2025-11-16 17:07:09.855 [info] > git show --textconv :docs/dankmaterialshell/layers.mdx [86ms]
2025-11-16 17:07:09.855 [info] > git cat-file -s 92187a21e1a6b01d66ed0d53b45cca914bd21bea [65ms]
2025-11-16 17:07:09.949 [info] > git blame --root --incremental 6835ecfd6eff4b82db27c145792afb84f2062898 -- docs/dankmaterialshell/layers.mdx [72ms]
2025-11-16 17:07:36.389 [info] > git ls-files --stage -- docs/dankmaterialshell/compositors.mdx [2ms]
2025-11-16 17:07:36.396 [info] > git show --textconv :docs/dankmaterialshell/compositors.mdx [20ms]
2025-11-16 17:07:36.397 [info] > git cat-file -s cb0c3c4c1b2988a2c6cd582dda294e273f16497b [2ms]
2025-11-16 17:07:36.564 [info] > git blame --root --incremental 6835ecfd6eff4b82db27c145792afb84f2062898 -- docs/dankmaterialshell/compositors.mdx [121ms]
2025-11-16 17:07:38.021 [info] > git show --textconv :docs/dankmaterialshell/layers.mdx [16ms]
2025-11-16 17:07:38.024 [info] > git ls-files --stage -- docs/dankmaterialshell/layers.mdx [7ms]
2025-11-16 17:07:38.034 [info] > git cat-file -s 92187a21e1a6b01d66ed0d53b45cca914bd21bea [3ms]
2025-11-16 17:07:47.045 [info] > git for-each-ref --sort -committerdate --format %(refname)%00%(objectname)%00%(*objectname) refs/heads/feat/plugin-layer-namespace [1ms]
2025-11-16 17:07:47.381 [info] > git log --format=%H%n%aN%n%aE%n%at%n%ct%n%P%n%D%n%B -z --shortstat --diff-merges=first-parent -n50 --skip=0 --topo-order --decorate=full --stdin [275ms]
2025-11-16 17:07:52.240 [info] > git log --oneline --cherry feat/plugin-layer-namespace...feat/plugin-layer-namespace@{upstream} -- [4ms]
2025-11-16 17:08:00.370 [info] > git pull --tags origin feat/plugin-layer-namespace [8120ms]
2025-11-16 17:08:00.370 [info] From github.com:claymorwan/DankLinux-Docs
 * branch            feat/plugin-layer-namespace -> FETCH_HEAD
2025-11-16 17:08:00.388 [info] > git config --get commit.template [8ms]
2025-11-16 17:08:00.389 [info] > git for-each-ref --format=%(refname)%00%(upstream:short)%00%(objectname)%00%(upstream:track)%00%(upstream:remotename)%00%(upstream:remoteref) refs/heads/feat/plugin-layer-namespace refs/remotes/feat/plugin-layer-namespace [2ms]
2025-11-16 17:08:00.402 [info] > git status -z -uall [7ms]
2025-11-16 17:08:00.403 [info] > git for-each-ref --sort -committerdate --format %(refname)%00%(objectname)%00%(*objectname) [2ms]
2025-11-16 17:08:01.379 [info] > git ls-files --stage -- docs/dankmaterialshell/layers.mdx [2ms]
2025-11-16 17:08:01.387 [info] > git cat-file -s 92187a21e1a6b01d66ed0d53b45cca914bd21bea [2ms]
2025-11-16 17:08:01.401 [info] > git show --textconv :docs/dankmaterialshell/layers.mdx [2ms]
2025-11-16 17:08:12.850 [info] > git diff-tree -r --name-status -z --diff-filter=ADMR --find-renames=50% 13e67f310d2aa4474f89d1a1ca8994796902f66c 6835ecfd6eff4b82db27c145792afb84f2062898 [3ms]
2025-11-16 17:08:13.368 [info] > git check-ignore -v -z --stdin [2ms]
2025-11-16 17:08:18.015 [info] > git for-each-ref --sort -committerdate --format %(refname)%00%(objectname)%00%(*objectname) refs/heads/feat/plugin-layer-namespace [2ms]
2025-11-16 17:08:18.117 [info] > git log --format=%H%n%aN%n%aE%n%at%n%ct%n%P%n%D%n%B -z --shortstat --diff-merges=first-parent -n50 --skip=0 --topo-order --decorate=full --stdin [93ms]
2025-11-16 17:08:19.107 [info] > git for-each-ref --sort -committerdate --format %(refname)%00%(objectname)%00%(*objectname)%00%(parent)%00%(*parent)%00%(authorname)%00%(*authorname)%00%(committerdate:unix)%00%(*committerdate:unix)%00%(subject)%00%(*subject)%00%(upstream:track) [3ms]
2025-11-16 17:08:22.394 [info] > git checkout -q master [354ms]
2025-11-16 17:08:22.411 [info] > git config --get commit.template [9ms]
2025-11-16 17:08:22.412 [info] > git for-each-ref --format=%(refname)%00%(upstream:short)%00%(objectname)%00%(upstream:track)%00%(upstream:remotename)%00%(upstream:remoteref) refs/heads/master refs/remotes/master [1ms]
2025-11-16 17:08:22.426 [info] > git status -z -uall [7ms]
2025-11-16 17:08:22.427 [info] > git for-each-ref --sort -committerdate --format %(refname)%00%(objectname)%00%(*objectname) [2ms]
2025-11-16 17:08:22.445 [info] > git blame --root --incremental ebc6157e1c060855b1176c8859f027634422d101 -- docs/dankmaterialshell/layers.mdx [10ms]
2025-11-16 17:08:22.446 [info] > git for-each-ref --format=%(refname)%00%(upstream:short)%00%(objectname)%00%(upstream:track)%00%(upstream:remotename)%00%(upstream:remoteref) refs/heads/master refs/remotes/master [2ms]
2025-11-16 17:08:22.456 [info] > git config --get --local branch.master.vscode-merge-base [1ms]
2025-11-16 17:08:22.465 [info] > git for-each-ref --format=%(refname)%00%(upstream:short)%00%(objectname)%00%(upstream:track)%00%(upstream:remotename)%00%(upstream:remoteref) refs/heads/origin/master refs/remotes/origin/master [1ms]
2025-11-16 17:08:22.480 [info] > git merge-base refs/heads/master refs/remotes/origin/master [8ms]
2025-11-16 17:08:22.488 [info] > git for-each-ref --sort -committerdate --format %(refname)%00%(objectname)%00%(*objectname) refs/heads/feat/plugin-layer-namespace [9ms]
2025-11-16 17:08:22.489 [info] > git diff --name-status -z --diff-filter=ADMR ebc6157e1c060855b1176c8859f027634422d101...refs/remotes/origin/master [2ms]
2025-11-16 17:08:22.597 [info] > git log --format=%H%n%aN%n%aE%n%at%n%ct%n%P%n%D%n%B -z --shortstat --diff-merges=first-parent -n50 --skip=0 --topo-order --decorate=full --stdin [97ms]
2025-11-16 17:08:23.544 [info] > git config --get commit.template [10ms]
2025-11-16 17:08:23.545 [info] > git for-each-ref --format=%(refname)%00%(upstream:short)%00%(objectname)%00%(upstream:track)%00%(upstream:remotename)%00%(upstream:remoteref) refs/heads/master refs/remotes/master [2ms]
2025-11-16 17:08:23.559 [info] > git status -z -uall [7ms]
2025-11-16 17:08:23.561 [info] > git for-each-ref --sort -committerdate --format %(refname)%00%(objectname)%00%(*objectname) [2ms]
2025-11-16 17:08:23.639 [info] > git ls-files --stage -- docs/dankmaterialshell/layers.mdx [2ms]
2025-11-16 17:08:23.650 [info] > git cat-file -s ffe8d6f3e67f7c4342407ad76cc4d01b1c88b7d1 [1ms]
2025-11-16 17:08:23.660 [info] > git show --textconv :docs/dankmaterialshell/layers.mdx [2ms]
2025-11-16 17:08:27.442 [info] > git log --oneline --cherry master...master@{upstream} -- [2ms]
2025-11-16 17:08:28.642 [info] > git ls-files --stage -- docs/dankmaterialshell/layers.mdx [2ms]
2025-11-16 17:08:28.650 [info] > git cat-file -s ffe8d6f3e67f7c4342407ad76cc4d01b1c88b7d1 [2ms]
2025-11-16 17:08:28.659 [info] > git show --textconv :docs/dankmaterialshell/layers.mdx [2ms]
2025-11-16 17:08:31.547 [info] > git pull --tags origin master [4098ms]
2025-11-16 17:08:31.547 [info] From github.com:claymorwan/DankLinux-Docs
 * branch            master     -> FETCH_HEAD
   ebc6157..0fe7011  master     -> origin/master
2025-11-16 17:08:31.564 [info] > git config --get commit.template [9ms]
2025-11-16 17:08:31.565 [info] > git for-each-ref --format=%(refname)%00%(upstream:short)%00%(objectname)%00%(upstream:track)%00%(upstream:remotename)%00%(upstream:remoteref) refs/heads/master refs/remotes/master [2ms]
2025-11-16 17:08:31.578 [info] > git status -z -uall [7ms]
2025-11-16 17:08:31.579 [info] > git for-each-ref --sort -committerdate --format %(refname)%00%(objectname)%00%(*objectname) [1ms]
2025-11-16 17:08:31.598 [info] > git blame --root --incremental 0fe7011a9b3af0544225f628b754fb8195d150a8 -- docs/dankmaterialshell/layers.mdx [10ms]
2025-11-16 17:08:31.600 [info] > git merge-base refs/heads/master refs/remotes/origin/master [3ms]
2025-11-16 17:08:31.616 [info] > git diff --name-status -z --diff-filter=ADMR 0fe7011a9b3af0544225f628b754fb8195d150a8...refs/remotes/origin/master [8ms]
2025-11-16 17:08:31.619 [info] > git for-each-ref --sort -committerdate --format %(refname)%00%(objectname)%00%(*objectname) refs/heads/feat/plugin-layer-namespace [3ms]
2025-11-16 17:08:31.742 [info] > git log --format=%H%n%aN%n%aE%n%at%n%ct%n%P%n%D%n%B -z --shortstat --diff-merges=first-parent -n50 --skip=0 --topo-order --decorate=full --stdin [92ms]
2025-11-16 17:08:32.632 [info] > git config --get commit.template [1ms]
2025-11-16 17:08:32.640 [info] > git for-each-ref --format=%(refname)%00%(upstream:short)%00%(objectname)%00%(upstream:track)%00%(upstream:remotename)%00%(upstream:remoteref) refs/heads/master refs/remotes/master [3ms]
2025-11-16 17:08:32.658 [info] > git status -z -uall [10ms]
2025-11-16 17:08:32.660 [info] > git for-each-ref --sort -committerdate --format %(refname)%00%(objectname)%00%(*objectname) [3ms]
2025-11-16 17:08:32.730 [info] > git ls-files --stage -- docs/dankmaterialshell/layers.mdx [1ms]
2025-11-16 17:08:32.738 [info] > git cat-file -s 92187a21e1a6b01d66ed0d53b45cca914bd21bea [1ms]
2025-11-16 17:08:32.749 [info] > git show --textconv :docs/dankmaterialshell/layers.mdx [2ms]
2025-11-16 17:08:42.835 [info] > git for-each-ref --sort -committerdate --format %(refname)%00%(objectname)%00%(*objectname) [2ms]
2025-11-16 17:08:51.711 [info] > git for-each-ref --sort -committerdate --format %(refname)%00%(objectname)%00%(*objectname) [4ms]
2025-11-16 17:08:54.436 [info] > git for-each-ref --sort -committerdate --format %(refname)%00%(objectname)%00%(*objectname) refs/heads/master [2ms]
2025-11-16 17:08:54.530 [info] > git log --format=%H%n%aN%n%aE%n%at%n%ct%n%P%n%D%n%B -z --shortstat --diff-merges=first-parent -n50 --skip=0 --topo-order --decorate=full --stdin [86ms]
2025-11-16 17:08:58.711 [info] > git log --oneline --cherry master...master@{upstream} -- [2ms]
2025-11-16 17:08:59.911 [info] > git ls-files --stage -- docs/dankmaterialshell/layers.mdx [2ms]
2025-11-16 17:08:59.919 [info] > git cat-file -s 92187a21e1a6b01d66ed0d53b45cca914bd21bea [1ms]
2025-11-16 17:08:59.929 [info] > git show --textconv :docs/dankmaterialshell/layers.mdx [2ms]
2025-11-16 17:09:02.756 [info] > git pull --tags origin master [4036ms]
2025-11-16 17:09:02.756 [info] From github.com:claymorwan/DankLinux-Docs
 * branch            master     -> FETCH_HEAD
2025-11-16 17:09:02.770 [info] > git config --get commit.template [7ms]
2025-11-16 17:09:02.770 [info] > git for-each-ref --format=%(refname)%00%(upstream:short)%00%(objectname)%00%(upstream:track)%00%(upstream:remotename)%00%(upstream:remoteref) refs/heads/master refs/remotes/master [1ms]
2025-11-16 17:09:02.785 [info] > git status -z -uall [7ms]
2025-11-16 17:09:02.787 [info] > git for-each-ref --sort -committerdate --format %(refname)%00%(objectname)%00%(*objectname) [2ms]
2025-11-16 17:09:03.898 [info] > git config --get commit.template [7ms]
2025-11-16 17:09:03.900 [info] > git for-each-ref --format=%(refname)%00%(upstream:short)%00%(objectname)%00%(upstream:track)%00%(upstream:remotename)%00%(upstream:remoteref) refs/heads/master refs/remotes/master [3ms]
2025-11-16 17:09:03.914 [info] > git status -z -uall [7ms]
2025-11-16 17:09:03.915 [info] > git for-each-ref --sort -committerdate --format %(refname)%00%(objectname)%00%(*objectname) [1ms]
2025-11-16 17:09:03.997 [info] > git ls-files --stage -- docs/dankmaterialshell/layers.mdx [2ms]
2025-11-16 17:09:04.012 [info] > git cat-file -s 92187a21e1a6b01d66ed0d53b45cca914bd21bea [3ms]
2025-11-16 17:09:04.021 [info] > git show --textconv :docs/dankmaterialshell/layers.mdx [2ms]
2025-11-16 17:13:36.046 [info] > git config --get commit.template [9ms]
2025-11-16 17:13:36.047 [info] > git for-each-ref --format=%(refname)%00%(upstream:short)%00%(objectname)%00%(upstream:track)%00%(upstream:remotename)%00%(upstream:remoteref) refs/heads/master refs/remotes/master [2ms]
2025-11-16 17:13:36.061 [info] > git status -z -uall [8ms]
2025-11-16 17:13:36.062 [info] > git for-each-ref --sort -committerdate --format %(refname)%00%(objectname)%00%(*objectname) [3ms]
2025-11-16 17:13:58.031 [info] > git for-each-ref --sort -committerdate --format %(refname)%00%(objectname)%00%(*objectname) refs/heads [2ms]
2025-11-16 17:14:01.800 [info] > git checkout -q -b confirm-modal/add-layer-namespace --no-track HEAD [4ms]
2025-11-16 17:14:01.815 [info] > git config --get commit.template [7ms]
2025-11-16 17:14:01.815 [info] > git for-each-ref --format=%(refname)%00%(upstream:short)%00%(objectname)%00%(upstream:track)%00%(upstream:remotename)%00%(upstream:remoteref) refs/heads/confirm-modal/add-layer-namespace refs/remotes/confirm-modal/add-layer-namespace [1ms]
2025-11-16 17:14:01.829 [info] > git status -z -uall [8ms]
2025-11-16 17:14:01.830 [info] > git for-each-ref --sort -committerdate --format %(refname)%00%(objectname)%00%(*objectname) [2ms]
2025-11-16 17:14:01.845 [info] > git for-each-ref --format=%(refname)%00%(upstream:short)%00%(objectname)%00%(upstream:track)%00%(upstream:remotename)%00%(upstream:remoteref) refs/heads/confirm-modal/add-layer-namespace refs/remotes/confirm-modal/add-layer-namespace [3ms]
2025-11-16 17:14:01.853 [info] > git config --get --local branch.confirm-modal/add-layer-namespace.vscode-merge-base [1ms]
2025-11-16 17:14:01.853 [warning] [Git][config] git config failed: Failed to execute git
2025-11-16 17:14:01.861 [info] > git reflog confirm-modal/add-layer-namespace --grep-reflog=branch: Created from *. [2ms]
2025-11-16 17:14:01.870 [info] > git reflog HEAD --grep-reflog=checkout: moving from .* to confirm-modal/add-layer-namespace [2ms]
2025-11-16 17:14:01.881 [info] > git for-each-ref --format=%(refname)%00%(upstream:short)%00%(objectname)%00%(upstream:track)%00%(upstream:remotename)%00%(upstream:remoteref) refs/heads/master refs/remotes/master [4ms]
2025-11-16 17:14:01.888 [info] > git for-each-ref --format=%(refname)%00%(upstream:short)%00%(objectname)%00%(upstream:track)%00%(upstream:remotename)%00%(upstream:remoteref) refs/remotes/origin/master [2ms]
2025-11-16 17:14:01.897 [info] > git config --add --local branch.confirm-modal/add-layer-namespace.vscode-merge-base origin/master [1ms]
2025-11-16 17:14:01.909 [info] > git config --get commit.template [6ms]
2025-11-16 17:14:01.910 [info] > git for-each-ref --format=%(refname)%00%(upstream:short)%00%(objectname)%00%(upstream:track)%00%(upstream:remotename)%00%(upstream:remoteref) refs/heads/confirm-modal/add-layer-namespace refs/remotes/confirm-modal/add-layer-namespace [2ms]
2025-11-16 17:14:01.922 [info] > git status -z -uall [6ms]
2025-11-16 17:14:01.924 [info] > git for-each-ref --sort -committerdate --format %(refname)%00%(objectname)%00%(*objectname) [2ms]
2025-11-16 17:14:01.938 [info] > git for-each-ref --sort -committerdate --format %(refname)%00%(objectname)%00%(*objectname) refs/heads/master [3ms]
2025-11-16 17:14:02.045 [info] > git log --format=%H%n%aN%n%aE%n%at%n%ct%n%P%n%D%n%B -z --shortstat --diff-merges=first-parent -n50 --skip=0 --topo-order --decorate=full --stdin [99ms]
2025-11-16 17:14:03.040 [info] > git config --get commit.template [9ms]
2025-11-16 17:14:03.041 [info] > git for-each-ref --format=%(refname)%00%(upstream:short)%00%(objectname)%00%(upstream:track)%00%(upstream:remotename)%00%(upstream:remoteref) refs/heads/confirm-modal/add-layer-namespace refs/remotes/confirm-modal/add-layer-namespace [2ms]
2025-11-16 17:14:03.057 [info] > git status -z -uall [9ms]
2025-11-16 17:14:03.058 [info] > git for-each-ref --sort -committerdate --format %(refname)%00%(objectname)%00%(*objectname) [2ms]
2025-11-16 17:14:03.136 [info] > git ls-files --stage -- docs/dankmaterialshell/layers.mdx [1ms]
2025-11-16 17:14:03.146 [info] > git cat-file -s 92187a21e1a6b01d66ed0d53b45cca914bd21bea [1ms]
2025-11-16 17:14:03.157 [info] > git show --textconv :docs/dankmaterialshell/layers.mdx [2ms]
2025-11-16 17:14:09.530 [info] > git add -A -- docs/dankmaterialshell/layers.mdx [3ms]
2025-11-16 17:14:09.546 [info] > git config --get commit.template [10ms]
2025-11-16 17:14:09.549 [info] > git for-each-ref --format=%(refname)%00%(upstream:short)%00%(objectname)%00%(upstream:track)%00%(upstream:remotename)%00%(upstream:remoteref) refs/heads/confirm-modal/add-layer-namespace refs/remotes/confirm-modal/add-layer-namespace [4ms]
2025-11-16 17:14:09.564 [info] > git status -z -uall [7ms]
2025-11-16 17:14:09.566 [info] > git for-each-ref --sort -committerdate --format %(refname)%00%(objectname)%00%(*objectname) [2ms]
2025-11-16 17:14:09.889 [info] > git show --textconv HEAD:docs/dankmaterialshell/layers.mdx [9ms]
2025-11-16 17:14:09.890 [info] > git ls-tree -l HEAD -- docs/dankmaterialshell/layers.mdx [2ms]
2025-11-16 17:14:10.159 [info] > git -c user.useConfigOnly=true commit --quiet --allow-empty-message --file - [9ms]
2025-11-16 17:14:10.170 [info] > git config --get commit.template [2ms]
2025-11-16 17:14:10.180 [info] > git config --get commit.template [1ms]
2025-11-16 17:14:10.189 [info] > git for-each-ref --format=%(refname)%00%(upstream:short)%00%(objectname)%00%(upstream:track)%00%(upstream:remotename)%00%(upstream:remoteref) refs/heads/confirm-modal/add-layer-namespace refs/remotes/confirm-modal/add-layer-namespace [2ms]
2025-11-16 17:14:10.202 [info] > git status -z -uall [7ms]
2025-11-16 17:14:10.204 [info] > git for-each-ref --sort -committerdate --format %(refname)%00%(objectname)%00%(*objectname) [2ms]
2025-11-16 17:14:10.216 [info] > git blame --root --incremental 9ef8f6de5baf3635cc15897e7389bac0189f8a80 -- docs/dankmaterialshell/layers.mdx [5ms]
2025-11-16 17:14:10.229 [info] > git for-each-ref --sort -committerdate --format %(refname)%00%(objectname)%00%(*objectname) refs/heads/master [2ms]
2025-11-16 17:14:10.249 [info] > git config --get commit.template [3ms]
2025-11-16 17:14:10.265 [info] > git for-each-ref --format=%(refname)%00%(upstream:short)%00%(objectname)%00%(upstream:track)%00%(upstream:remotename)%00%(upstream:remoteref) refs/heads/confirm-modal/add-layer-namespace refs/remotes/confirm-modal/add-layer-namespace [2ms]
2025-11-16 17:14:10.280 [info] > git status -z -uall [8ms]
2025-11-16 17:14:10.281 [info] > git for-each-ref --sort -committerdate --format %(refname)%00%(objectname)%00%(*objectname) [2ms]
2025-11-16 17:14:10.358 [info] > git log --format=%H%n%aN%n%aE%n%at%n%ct%n%P%n%D%n%B -z --shortstat --diff-merges=first-parent -n50 --skip=0 --topo-order --decorate=full --stdin [102ms]
2025-11-16 17:14:10.616 [info] > git config --get commit.template [2ms]
2025-11-16 17:14:10.623 [info] > git for-each-ref --format=%(refname)%00%(upstream:short)%00%(objectname)%00%(upstream:track)%00%(upstream:remotename)%00%(upstream:remoteref) refs/heads/confirm-modal/add-layer-namespace refs/remotes/confirm-modal/add-layer-namespace [1ms]
2025-11-16 17:14:10.637 [info] > git status -z -uall [7ms]
2025-11-16 17:14:10.639 [info] > git for-each-ref --sort -committerdate --format %(refname)%00%(objectname)%00%(*objectname) [2ms]
2025-11-16 17:14:11.360 [info] > git ls-files --stage -- docs/dankmaterialshell/layers.mdx [1ms]
2025-11-16 17:14:11.368 [info] > git cat-file -s a8098fc0533fb3eff5b6036c3cfc36fc5e2fe201 [2ms]
2025-11-16 17:14:11.379 [info] > git show --textconv :docs/dankmaterialshell/layers.mdx [2ms]
2025-11-16 17:14:30.034 [info] [main] Log level: Info
2025-11-16 17:14:30.034 [info] [main] Validating found git in: "git"
2025-11-16 17:14:30.034 [info] [main] Using git "2.51.2" from "git"
2025-11-16 17:14:30.034 [info] [Model][doInitialScan] Initial repository scan started
2025-11-16 17:14:30.034 [info] > git rev-parse --show-toplevel [6ms]
2025-11-16 17:14:30.044 [info] > git rev-parse --git-dir --git-common-dir --show-superproject-working-tree [3ms]
2025-11-16 17:14:30.058 [info] [Model][openRepository] Opened repository (path): /mnt/media/Programmation/Qml/DankMaterialShell
2025-11-16 17:14:30.058 [info] [Model][openRepository] Opened repository (real path): /mnt/media/Programmation/Qml/DankMaterialShell
2025-11-16 17:14:30.058 [info] [Model][openRepository] Opened repository (kind): repository
2025-11-16 17:14:30.079 [info] > git config --get commit.template [8ms]
2025-11-16 17:14:30.081 [info] > git rev-parse --show-toplevel [4ms]
2025-11-16 17:14:30.097 [info] > git for-each-ref --format=%(refname)%00%(upstream:short)%00%(objectname)%00%(upstream:track)%00%(upstream:remotename)%00%(upstream:remoteref) refs/heads/confirm-modal/add-layer-namespace refs/remotes/confirm-modal/add-layer-namespace [9ms]
2025-11-16 17:14:30.115 [info] > git rev-parse --show-toplevel [19ms]
2025-11-16 17:14:30.129 [info] > git rev-parse --show-toplevel [9ms]
2025-11-16 17:14:30.136 [info] > git status -z -uall [33ms]
2025-11-16 17:14:30.296 [info] > git for-each-ref --sort -committerdate --format %(refname)%00%(objectname)%00%(*objectname) [186ms]
2025-11-16 17:14:30.318 [info] > git rev-parse --show-toplevel [183ms]
2025-11-16 17:14:30.336 [info] > git for-each-ref --format=%(refname)%00%(upstream:short)%00%(objectname)%00%(upstream:track)%00%(upstream:remotename)%00%(upstream:remoteref) refs/heads/confirm-modal/add-layer-namespace refs/remotes/confirm-modal/add-layer-namespace [20ms]
2025-11-16 17:14:30.345 [info] > git config --get --local branch.confirm-modal/add-layer-namespace.vscode-merge-base [3ms]
2025-11-16 17:14:30.351 [info] > git rev-parse --show-toplevel [16ms]
2025-11-16 17:14:30.352 [info] > git config --get commit.template [20ms]
2025-11-16 17:14:30.366 [info] > git for-each-ref --format=%(refname)%00%(upstream:short)%00%(objectname)%00%(upstream:track)%00%(upstream:remotename)%00%(upstream:remoteref) refs/heads/origin/master refs/remotes/origin/master [15ms]
2025-11-16 17:14:30.368 [info] > git rev-parse --show-toplevel [9ms]
2025-11-16 17:14:30.374 [info] > git for-each-ref --format=%(refname)%00%(upstream:short)%00%(objectname)%00%(upstream:track)%00%(upstream:remotename)%00%(upstream:remoteref) refs/heads/confirm-modal/add-layer-namespace refs/remotes/confirm-modal/add-layer-namespace [9ms]
2025-11-16 17:14:30.387 [info] > git status -z -uall [8ms]
2025-11-16 17:14:30.387 [info] > git rev-parse --show-toplevel [13ms]
2025-11-16 17:14:30.397 [info] > git rev-parse --show-toplevel [3ms]
2025-11-16 17:14:30.397 [info] [Model][doInitialScan] Initial repository scan completed - repositories (1), closed repositories (0), parent repositories (0), unsafe repositories (0)
2025-11-16 17:14:30.397 [info] > git for-each-ref --sort -committerdate --format %(refname)%00%(objectname)%00%(*objectname) [11ms]
2025-11-16 17:14:30.557 [info] > git ls-files --stage -- quickshell/Modals/Common/ConfirmModal.qml [142ms]
2025-11-16 17:14:30.653 [info] > git check-ignore -v -z --stdin [27ms]
2025-11-16 17:14:30.677 [info] > git cat-file -s d3d34ab0368de7466493d95cd10392d8bad3a807 [114ms]
2025-11-16 17:14:30.679 [info] > git show --textconv :quickshell/Modals/Common/ConfirmModal.qml [272ms]
2025-11-16 17:14:31.366 [info] > git for-each-ref --sort -committerdate --format %(refname)%00%(objectname)%00%(*objectname) refs/heads/confirm-modal/add-layer-namespace [2ms]
2025-11-16 17:14:31.440 [info] > git blame --root --incremental 02909b1f6aca7310e669af52dbeb74810c2969c3 -- quickshell/Modals/Common/ConfirmModal.qml [673ms]
2025-11-16 17:14:31.560 [info] > git log --format=%H%n%aN%n%aE%n%at%n%ct%n%P%n%D%n%B -z --shortstat --diff-merges=first-parent -n50 --skip=0 --topo-order --decorate=full --stdin [129ms]
2025-11-16 17:14:38.170 [info] > git push -u origin confirm-modal/add-layer-namespace [5278ms]
2025-11-16 17:14:38.170 [info] remote: 
remote: Create a pull request for 'confirm-modal/add-layer-namespace' on GitHub by visiting:        
remote:      https://github.com/claymorwan/DankMaterialShell/pull/new/confirm-modal/add-layer-namespace        
remote: 
To github.com:claymorwan/DankMaterialShell.git
 * [new branch]        confirm-modal/add-layer-namespace -> confirm-modal/add-layer-namespace
2025-11-16 17:14:38.189 [info] > git config --get commit.template [9ms]
2025-11-16 17:14:38.189 [info] > git for-each-ref --format=%(refname)%00%(upstream:short)%00%(objectname)%00%(upstream:track)%00%(upstream:remotename)%00%(upstream:remoteref) refs/heads/confirm-modal/add-layer-namespace refs/remotes/confirm-modal/add-layer-namespace [2ms]
2025-11-16 17:14:38.204 [info] > git status -z -uall [7ms]
2025-11-16 17:14:38.204 [info] > git for-each-ref --sort -committerdate --format %(refname)%00%(objectname)%00%(*objectname) [2ms]
2025-11-16 17:14:38.222 [info] > git merge-base refs/heads/confirm-modal/add-layer-namespace refs/remotes/origin/confirm-modal/add-layer-namespace [3ms]
2025-11-16 17:14:38.239 [info] > git diff --name-status -z --diff-filter=ADMR 02909b1f6aca7310e669af52dbeb74810c2969c3...refs/remotes/origin/confirm-modal/add-layer-namespace [10ms]
2025-11-16 17:14:38.241 [info] > git for-each-ref --sort -committerdate --format %(refname)%00%(objectname)%00%(*objectname) refs/heads/confirm-modal/add-layer-namespace [3ms]
2025-11-16 17:14:38.309 [info] > git log --format=%H%n%aN%n%aE%n%at%n%ct%n%P%n%D%n%B -z --shortstat --diff-merges=first-parent -n50 --skip=0 --topo-order --decorate=full --stdin [60ms]
2025-11-16 17:14:39.266 [info] > git config --get commit.template [9ms]
2025-11-16 17:14:39.267 [info] > git for-each-ref --format=%(refname)%00%(upstream:short)%00%(objectname)%00%(upstream:track)%00%(upstream:remotename)%00%(upstream:remoteref) refs/heads/confirm-modal/add-layer-namespace refs/remotes/confirm-modal/add-layer-namespace [2ms]
2025-11-16 17:14:39.281 [info] > git status -z -uall [8ms]
2025-11-16 17:14:39.283 [info] > git for-each-ref --sort -committerdate --format %(refname)%00%(objectname)%00%(*objectname) [3ms]
2025-11-16 17:14:39.363 [info] > git ls-files --stage -- quickshell/Modals/Common/ConfirmModal.qml [2ms]
2025-11-16 17:14:39.371 [info] > git cat-file -s d3d34ab0368de7466493d95cd10392d8bad3a807 [2ms]
2025-11-16 17:14:39.382 [info] > git show --textconv :quickshell/Modals/Common/ConfirmModal.qml [2ms]
2025-11-16 17:14:49.672 [info] [main] Log level: Info
2025-11-16 17:14:49.672 [info] [main] Validating found git in: "git"
2025-11-16 17:14:49.672 [info] [main] Using git "2.51.2" from "git"
2025-11-16 17:14:49.672 [info] [Model][doInitialScan] Initial repository scan started
2025-11-16 17:14:49.672 [info] > git rev-parse --show-toplevel [10ms]
2025-11-16 17:14:49.686 [info] > git rev-parse --git-dir --git-common-dir --show-superproject-working-tree [4ms]
2025-11-16 17:14:49.700 [info] [Model][openRepository] Opened repository (path): /mnt/media/Programmation/Docs/DankLinux-Docs
2025-11-16 17:14:49.700 [info] [Model][openRepository] Opened repository (real path): /mnt/media/Programmation/Docs/DankLinux-Docs
2025-11-16 17:14:49.700 [info] [Model][openRepository] Opened repository (kind): repository
2025-11-16 17:14:49.730 [info] > git rev-parse --show-toplevel [11ms]
2025-11-16 17:14:49.732 [info] > git config --get commit.template [20ms]
2025-11-16 17:14:49.769 [info] > git rev-parse --show-toplevel [24ms]
2025-11-16 17:14:49.779 [info] > git for-each-ref --format=%(refname)%00%(upstream:short)%00%(objectname)%00%(upstream:track)%00%(upstream:remotename)%00%(upstream:remoteref) refs/heads/confirm-modal/add-layer-namespace refs/remotes/confirm-modal/add-layer-namespace [11ms]
2025-11-16 17:14:49.802 [info] > git status -z -uall [14ms]
2025-11-16 17:14:49.802 [info] > git rev-parse --show-toplevel [25ms]
2025-11-16 17:14:50.094 [info] > git for-each-ref --sort -committerdate --format %(refname)%00%(objectname)%00%(*objectname) [296ms]
2025-11-16 17:14:50.165 [info] > git for-each-ref --format=%(refname)%00%(upstream:short)%00%(objectname)%00%(upstream:track)%00%(upstream:remotename)%00%(upstream:remoteref) refs/heads/confirm-modal/add-layer-namespace refs/remotes/confirm-modal/add-layer-namespace [35ms]
2025-11-16 17:14:50.174 [info] > git rev-parse --show-toplevel [111ms]
2025-11-16 17:14:50.184 [info] > git config --get --local branch.confirm-modal/add-layer-namespace.vscode-merge-base [10ms]
2025-11-16 17:14:50.195 [info] > git config --get commit.template [30ms]
2025-11-16 17:14:50.197 [info] > git rev-parse --show-toplevel [14ms]
2025-11-16 17:14:50.212 [info] > git for-each-ref --format=%(refname)%00%(upstream:short)%00%(objectname)%00%(upstream:track)%00%(upstream:remotename)%00%(upstream:remoteref) refs/heads/origin/master refs/remotes/origin/master [18ms]
2025-11-16 17:14:50.215 [info] > git rev-parse --show-toplevel [3ms]
2025-11-16 17:14:50.215 [info] > git for-each-ref --format=%(refname)%00%(upstream:short)%00%(objectname)%00%(upstream:track)%00%(upstream:remotename)%00%(upstream:remoteref) refs/heads/confirm-modal/add-layer-namespace refs/remotes/confirm-modal/add-layer-namespace [11ms]
2025-11-16 17:14:50.237 [info] > git status -z -uall [15ms]
2025-11-16 17:14:50.239 [info] > git rev-parse --show-toplevel [3ms]
2025-11-16 17:14:50.244 [info] > git for-each-ref --sort -committerdate --format %(refname)%00%(objectname)%00%(*objectname) [15ms]
2025-11-16 17:14:50.265 [info] > git rev-parse --show-toplevel [5ms]
2025-11-16 17:14:50.287 [info] > git rev-parse --show-toplevel [13ms]
2025-11-16 17:14:50.287 [info] > git for-each-ref --sort -committerdate --format %(refname)%00%(objectname)%00%(*objectname) refs/heads/master [3ms]
2025-11-16 17:14:50.341 [info] > git rev-parse --show-toplevel [42ms]
2025-11-16 17:14:50.341 [info] [Model][doInitialScan] Initial repository scan completed - repositories (1), closed repositories (0), parent repositories (0), unsafe repositories (0)
2025-11-16 17:14:50.379 [info] > git show --textconv :docs/dankmaterialshell/layers.mdx [29ms]
2025-11-16 17:14:50.380 [info] > git ls-files --stage -- docs/dankmaterialshell/layers.mdx [21ms]
2025-11-16 17:14:50.510 [info] > git cat-file -s a8098fc0533fb3eff5b6036c3cfc36fc5e2fe201 [120ms]
2025-11-16 17:14:50.510 [info] > git log --format=%H%n%aN%n%aE%n%at%n%ct%n%P%n%D%n%B -z --shortstat --diff-merges=first-parent -n50 --skip=0 --topo-order --decorate=full --stdin [138ms]
2025-11-16 17:14:50.562 [info] > git check-ignore -v -z --stdin [3ms]
2025-11-16 17:14:50.584 [info] > git blame --root --incremental 9ef8f6de5baf3635cc15897e7389bac0189f8a80 -- docs/dankmaterialshell/layers.mdx [8ms]
2025-11-16 17:14:59.777 [info] > git push -u origin confirm-modal/add-layer-namespace [6624ms]
2025-11-16 17:14:59.777 [info] remote: 
remote: Create a pull request for 'confirm-modal/add-layer-namespace' on GitHub by visiting:        
remote:      https://github.com/claymorwan/DankLinux-Docs/pull/new/confirm-modal/add-layer-namespace        
remote: 
To github.com:claymorwan/DankLinux-Docs.git
 * [new branch]      confirm-modal/add-layer-namespace -> confirm-modal/add-layer-namespace
2025-11-16 17:14:59.800 [info] > git config --get commit.template [9ms]
2025-11-16 17:14:59.801 [info] > git for-each-ref --format=%(refname)%00%(upstream:short)%00%(objectname)%00%(upstream:track)%00%(upstream:remotename)%00%(upstream:remoteref) refs/heads/confirm-modal/add-layer-namespace refs/remotes/confirm-modal/add-layer-namespace [2ms]
2025-11-16 17:14:59.814 [info] > git status -z -uall [6ms]
2025-11-16 17:14:59.816 [info] > git for-each-ref --sort -committerdate --format %(refname)%00%(objectname)%00%(*objectname) [3ms]
2025-11-16 17:14:59.832 [info] > git merge-base refs/heads/confirm-modal/add-layer-namespace refs/remotes/origin/confirm-modal/add-layer-namespace [2ms]
2025-11-16 17:14:59.855 [info] > git diff --name-status -z --diff-filter=ADMR 9ef8f6de5baf3635cc15897e7389bac0189f8a80...refs/remotes/origin/confirm-modal/add-layer-namespace [13ms]
2025-11-16 17:14:59.856 [info] > git for-each-ref --sort -committerdate --format %(refname)%00%(objectname)%00%(*objectname) refs/heads/master [3ms]
2025-11-16 17:14:59.981 [info] > git log --format=%H%n%aN%n%aE%n%at%n%ct%n%P%n%D%n%B -z --shortstat --diff-merges=first-parent -n50 --skip=0 --topo-order --decorate=full --stdin [106ms]
2025-11-16 17:15:00.887 [info] > git config --get commit.template [9ms]
2025-11-16 17:15:00.888 [info] > git for-each-ref --format=%(refname)%00%(upstream:short)%00%(objectname)%00%(upstream:track)%00%(upstream:remotename)%00%(upstream:remoteref) refs/heads/confirm-modal/add-layer-namespace refs/remotes/confirm-modal/add-layer-namespace [2ms]
2025-11-16 17:15:00.903 [info] > git status -z -uall [8ms]
2025-11-16 17:15:00.904 [info] > git for-each-ref --sort -committerdate --format %(refname)%00%(objectname)%00%(*objectname) [2ms]
2025-11-16 17:15:00.979 [info] > git ls-files --stage -- docs/dankmaterialshell/layers.mdx [2ms]
2025-11-16 17:15:00.988 [info] > git cat-file -s a8098fc0533fb3eff5b6036c3cfc36fc5e2fe201 [2ms]
2025-11-16 17:15:01.000 [info] > git show --textconv :docs/dankmaterialshell/layers.mdx [2ms]
