2025-11-09 12:44:51.512 [info] [main] Log level: Info
2025-11-09 12:44:51.512 [info] [main] Validating found git in: "git"
2025-11-09 12:44:51.512 [info] [main] Using git "2.51.2" from "git"
2025-11-09 12:44:51.512 [info] [Model][doInitialScan] Initial repository scan started
2025-11-09 12:44:51.512 [info] > git rev-parse --show-toplevel [8ms]
2025-11-09 12:44:51.512 [info] > git rev-parse --git-dir --git-common-dir --show-superproject-working-tree [3ms]
2025-11-09 12:44:51.512 [info] [Model][openRepository] Opened repository (path): /mnt/media/Programmation/Docs/DankLinux-Docs
2025-11-09 12:44:51.512 [info] [Model][openRepository] Opened repository (real path): /mnt/media/Programmation/Docs/DankLinux-Docs
2025-11-09 12:44:51.512 [info] [Model][openRepository] Opened repository (kind): repository
2025-11-09 12:44:51.512 [info] > git rev-parse --show-toplevel [15ms]
2025-11-09 12:44:51.512 [info] > git config --get commit.template [23ms]
2025-11-09 12:44:51.736 [info] > git for-each-ref --format=%(refname)%00%(upstream:short)%00%(objectname)%00%(upstream:track)%00%(upstream:remotename)%00%(upstream:remoteref) refs/heads/feature/layer-namespaces refs/remotes/feature/layer-namespaces [226ms]
2025-11-09 12:44:51.737 [info] > git rev-parse --show-toplevel [235ms]
2025-11-09 12:44:51.774 [info] > git rev-parse --show-toplevel [7ms]
2025-11-09 12:44:51.811 [info] > git status -z -uall [12ms]
2025-11-09 12:44:51.811 [info] > git rev-parse --show-toplevel [27ms]
2025-11-09 12:44:51.832 [info] > git for-each-ref --sort -committerdate --format %(refname)%00%(objectname)%00%(*objectname) [23ms]
2025-11-09 12:44:51.881 [info] > git for-each-ref --format=%(refname)%00%(upstream:short)%00%(objectname)%00%(upstream:track)%00%(upstream:remotename)%00%(upstream:remoteref) refs/heads/feature/layer-namespaces refs/remotes/feature/layer-namespaces [12ms]
2025-11-09 12:44:51.891 [info] > git rev-parse --show-toplevel [61ms]
2025-11-09 12:44:52.032 [info] > git config --get --local branch.feature/layer-namespaces.vscode-merge-base [142ms]
2025-11-09 12:44:52.042 [info] > git config --get commit.template [162ms]
2025-11-09 12:44:52.074 [info] > git check-ignore -v -z --stdin [22ms]
2025-11-09 12:44:52.075 [info] > git for-each-ref --format=%(refname)%00%(upstream:short)%00%(objectname)%00%(upstream:track)%00%(upstream:remotename)%00%(upstream:remoteref) refs/heads/origin/master refs/remotes/origin/master [34ms]
2025-11-09 12:44:52.085 [info] > git rev-parse --show-toplevel [66ms]
2025-11-09 12:44:52.122 [info] > git merge-base refs/heads/feature/layer-namespaces refs/remotes/origin/feature/layer-namespaces [37ms]
2025-11-09 12:44:52.134 [info] > git rev-parse --show-toplevel [16ms]
2025-11-09 12:44:52.135 [info] > git for-each-ref --format=%(refname)%00%(upstream:short)%00%(objectname)%00%(upstream:track)%00%(upstream:remotename)%00%(upstream:remoteref) refs/heads/feature/layer-namespaces refs/remotes/feature/layer-namespaces [29ms]
2025-11-09 12:44:52.161 [info] > git diff --name-status -z --diff-filter=ADMR 1ecbb34f0781a5aafc62bdcd262e3837fc40d30f...refs/remotes/origin/feature/layer-namespaces [30ms]
2025-11-09 12:44:52.180 [info] > git rev-parse --show-toplevel [20ms]
2025-11-09 12:44:52.214 [info] > git status -z -uall [12ms]
2025-11-09 12:44:52.214 [info] > git rev-parse --show-toplevel [23ms]
2025-11-09 12:44:52.215 [info] [Model][doInitialScan] Initial repository scan completed - repositories (1), closed repositories (0), parent repositories (0), unsafe repositories (0)
2025-11-09 12:44:52.241 [info] > git show --textconv :docs/dankmaterialshell/layers.mdx [15ms]
2025-11-09 12:44:52.243 [info] > git for-each-ref --sort -committerdate --format %(refname)%00%(objectname)%00%(*objectname) [30ms]
2025-11-09 12:44:52.250 [info] > git ls-files --stage -- docs/dankmaterialshell/layers.mdx [11ms]
2025-11-09 12:44:52.265 [info] > git cat-file -s 509513afe8ca14d93a1d92e1bb2016a8b6e685fc [2ms]
2025-11-09 12:44:52.386 [info] > git blame --root --incremental 1ecbb34f0781a5aafc62bdcd262e3837fc40d30f -- docs/dankmaterialshell/layers.mdx [17ms]
2025-11-09 12:45:39.982 [info] > git config --get commit.template [7ms]
2025-11-09 12:45:39.984 [info] > git for-each-ref --format=%(refname)%00%(upstream:short)%00%(objectname)%00%(upstream:track)%00%(upstream:remotename)%00%(upstream:remoteref) refs/heads/feature/layer-namespaces refs/remotes/feature/layer-namespaces [2ms]
2025-11-09 12:45:40.005 [info] > git status -z -uall [11ms]
2025-11-09 12:45:40.008 [info] > git for-each-ref --sort -committerdate --format %(refname)%00%(objectname)%00%(*objectname) [3ms]
2025-11-09 12:45:45.518 [info] > git config --get commit.template [8ms]
2025-11-09 12:45:45.518 [info] > git for-each-ref --format=%(refname)%00%(upstream:short)%00%(objectname)%00%(upstream:track)%00%(upstream:remotename)%00%(upstream:remoteref) refs/heads/feature/layer-namespaces refs/remotes/feature/layer-namespaces [1ms]
2025-11-09 12:45:45.532 [info] > git status -z -uall [7ms]
2025-11-09 12:45:45.534 [info] > git for-each-ref --sort -committerdate --format %(refname)%00%(objectname)%00%(*objectname) [2ms]
2025-11-09 12:46:34.287 [info] [main] Log level: Info
2025-11-09 12:46:34.287 [info] [main] Validating found git in: "git"
2025-11-09 12:46:34.287 [info] [main] Using git "2.51.2" from "git"
2025-11-09 12:46:34.287 [info] [Model][doInitialScan] Initial repository scan started
2025-11-09 12:46:34.288 [info] > git rev-parse --show-toplevel [53ms]
2025-11-09 12:46:34.314 [info] > git rev-parse --git-dir --git-common-dir --show-superproject-working-tree [9ms]
2025-11-09 12:46:34.325 [info] [Model][openRepository] Opened repository (path): /mnt/media/Programmation/Qml/DankMaterialShell
2025-11-09 12:46:34.325 [info] [Model][openRepository] Opened repository (real path): /mnt/media/Programmation/Qml/DankMaterialShell
2025-11-09 12:46:34.325 [info] [Model][openRepository] Opened repository (kind): repository
2025-11-09 12:46:34.343 [info] > git rev-parse --show-toplevel [4ms]
2025-11-09 12:46:34.344 [info] > git config --get commit.template [11ms]
2025-11-09 12:46:34.546 [info] > git rev-parse --show-toplevel [17ms]
2025-11-09 12:46:34.553 [info] > git for-each-ref --format=%(refname)%00%(upstream:short)%00%(objectname)%00%(upstream:track)%00%(upstream:remotename)%00%(upstream:remoteref) refs/heads/fix/notification-namespace refs/remotes/fix/notification-namespace [8ms]
2025-11-09 12:46:34.571 [info] > git rev-parse --show-toplevel [19ms]
2025-11-09 12:46:34.580 [info] > git rev-parse --show-toplevel [2ms]
2025-11-09 12:46:34.590 [info] > git rev-parse --show-toplevel [2ms]
2025-11-09 12:46:34.712 [info] > git status -z -uall [152ms]
2025-11-09 12:46:34.725 [info] > git rev-parse --show-toplevel [14ms]
2025-11-09 12:46:34.725 [info] > git for-each-ref --sort -committerdate --format %(refname)%00%(objectname)%00%(*objectname) [158ms]
2025-11-09 12:46:34.760 [info] > git for-each-ref --format=%(refname)%00%(upstream:short)%00%(objectname)%00%(upstream:track)%00%(upstream:remotename)%00%(upstream:remoteref) refs/heads/fix/notification-namespace refs/remotes/fix/notification-namespace [15ms]
2025-11-09 12:46:34.771 [info] > git config --get --local branch.fix/notification-namespace.vscode-merge-base [5ms]
2025-11-09 12:46:34.777 [info] > git config --get commit.template [17ms]
2025-11-09 12:46:34.777 [info] > git rev-parse --show-toplevel [24ms]
2025-11-09 12:46:34.845 [info] > git rev-parse --show-toplevel [53ms]
2025-11-09 12:46:34.845 [info] > git for-each-ref --format=%(refname)%00%(upstream:short)%00%(objectname)%00%(upstream:track)%00%(upstream:remotename)%00%(upstream:remoteref) refs/heads/origin/master refs/remotes/origin/master [68ms]
2025-11-09 12:46:34.862 [info] > git for-each-ref --format=%(refname)%00%(upstream:short)%00%(objectname)%00%(upstream:track)%00%(upstream:remotename)%00%(upstream:remoteref) refs/heads/fix/notification-namespace refs/remotes/fix/notification-namespace [25ms]
2025-11-09 12:46:34.877 [info] > git status -z -uall [9ms]
2025-11-09 12:46:34.878 [info] > git rev-parse --show-toplevel [18ms]
2025-11-09 12:46:34.886 [info] > git for-each-ref --sort -committerdate --format %(refname)%00%(objectname)%00%(*objectname) [11ms]
2025-11-09 12:46:34.889 [info] > git rev-parse --show-toplevel [4ms]
2025-11-09 12:46:34.898 [info] > git rev-parse --show-toplevel [2ms]
2025-11-09 12:46:34.905 [info] > git rev-parse --show-toplevel [1ms]
2025-11-09 12:46:34.926 [info] > git rev-parse --show-toplevel [15ms]
2025-11-09 12:46:34.939 [info] > git rev-parse --show-toplevel [2ms]
2025-11-09 12:46:34.948 [info] > git rev-parse --show-toplevel [2ms]
2025-11-09 12:46:34.956 [info] > git rev-parse --show-toplevel [1ms]
2025-11-09 12:46:34.965 [info] > git rev-parse --show-toplevel [1ms]
2025-11-09 12:46:34.975 [info] > git rev-parse --show-toplevel [1ms]
2025-11-09 12:46:34.976 [info] [Model][doInitialScan] Initial repository scan completed - repositories (1), closed repositories (0), parent repositories (0), unsafe repositories (0)
2025-11-09 12:46:34.997 [info] > git ls-files --stage -- Modules/Notifications/Center/NotificationCenterPopout.qml [2ms]
2025-11-09 12:46:35.006 [info] > git show --textconv :Modules/Notifications/Center/NotificationCenterPopout.qml [21ms]
2025-11-09 12:46:35.007 [info] > git cat-file -s f0ae65611a1624e911b370616cbd6834b5813a9c [2ms]
2025-11-09 12:46:35.053 [info] > git check-ignore -v -z --stdin [7ms]
2025-11-09 12:46:35.134 [info] > git for-each-ref --sort -committerdate --format %(refname)%00%(objectname)%00%(*objectname) refs/heads/fix/notification-namespace [3ms]
2025-11-09 12:46:35.359 [info] > git blame --root --incremental 86caf92c90ab7c5b5e86b1a77512dbc960238ad4 -- Modules/Notifications/Center/NotificationCenterPopout.qml [293ms]
2025-11-09 12:46:35.381 [info] > git log --format=%H%n%aN%n%aE%n%at%n%ct%n%P%n%D%n%B -z --shortstat --diff-merges=first-parent -n50 --skip=0 --topo-order --decorate=full --stdin [143ms]
2025-11-09 12:46:48.331 [info] > git add -A -- Modals/NotificationModal.qml Modules/Notifications/Center/NotificationCenterPopout.qml [352ms]
2025-11-09 12:46:48.348 [info] > git config --get commit.template [8ms]
2025-11-09 12:46:48.350 [info] > git for-each-ref --format=%(refname)%00%(upstream:short)%00%(objectname)%00%(upstream:track)%00%(upstream:remotename)%00%(upstream:remoteref) refs/heads/fix/notification-namespace refs/remotes/fix/notification-namespace [3ms]
2025-11-09 12:46:48.365 [info] > git status -z -uall [9ms]
2025-11-09 12:46:48.366 [info] > git for-each-ref --sort -committerdate --format %(refname)%00%(objectname)%00%(*objectname) [2ms]
2025-11-09 12:46:48.688 [info] > git show --textconv HEAD:Modules/Notifications/Center/NotificationCenterPopout.qml [9ms]
2025-11-09 12:46:48.690 [info] > git ls-tree -l HEAD -- Modules/Notifications/Center/NotificationCenterPopout.qml [3ms]
2025-11-09 12:46:49.478 [info] > git config --get commit.template [9ms]
2025-11-09 12:46:49.479 [info] > git for-each-ref --format=%(refname)%00%(upstream:short)%00%(objectname)%00%(upstream:track)%00%(upstream:remotename)%00%(upstream:remoteref) refs/heads/fix/notification-namespace refs/remotes/fix/notification-namespace [1ms]
2025-11-09 12:46:49.497 [info] > git status -z -uall [10ms]
2025-11-09 12:46:49.499 [info] > git for-each-ref --sort -committerdate --format %(refname)%00%(objectname)%00%(*objectname) [3ms]
2025-11-09 12:46:49.578 [info] > git ls-files --stage -- Modules/Notifications/Center/NotificationCenterPopout.qml [7ms]
2025-11-09 12:46:49.585 [info] > git ls-tree -l HEAD -- Modules/Notifications/Center/NotificationCenterPopout.qml [7ms]
2025-11-09 12:46:49.587 [info] > git cat-file -s 1887cfdfc24d8ee8831215709ebb4a461631f4c2 [2ms]
2025-11-09 12:46:49.611 [info] > git show --textconv HEAD:Modules/Notifications/Center/NotificationCenterPopout.qml [11ms]
2025-11-09 12:46:49.612 [info] > git show --textconv :Modules/Notifications/Center/NotificationCenterPopout.qml [2ms]
2025-11-09 12:47:21.762 [info] > git for-each-ref --sort -committerdate --format %(refname)%00%(objectname)%00%(*objectname) [2ms]
2025-11-09 12:47:31.456 [info] > git -c user.useConfigOnly=true commit --quiet --allow-empty-message --file - [363ms]
2025-11-09 12:47:31.462 [info] > git config --get commit.template [1ms]
2025-11-09 12:47:31.477 [info] > git config --get commit.template [7ms]
2025-11-09 12:47:31.478 [info] > git for-each-ref --format=%(refname)%00%(upstream:short)%00%(objectname)%00%(upstream:track)%00%(upstream:remotename)%00%(upstream:remoteref) refs/heads/fix/notification-namespace refs/remotes/fix/notification-namespace [2ms]
2025-11-09 12:47:31.494 [info] > git status -z -uall [8ms]
2025-11-09 12:47:31.496 [info] > git for-each-ref --sort -committerdate --format %(refname)%00%(objectname)%00%(*objectname) [3ms]
2025-11-09 12:47:31.522 [info] > git for-each-ref --sort -committerdate --format %(refname)%00%(objectname)%00%(*objectname) refs/heads/fix/notification-namespace [2ms]
2025-11-09 12:47:31.555 [info] > git blame --root --incremental 4bfc51a0dbd73faf6972bcc22df57a2de60c22f5 -- Modules/Notifications/Center/NotificationCenterPopout.qml [48ms]
2025-11-09 12:47:31.565 [info] > git config --get commit.template [11ms]
2025-11-09 12:47:31.576 [info] > git for-each-ref --format=%(refname)%00%(upstream:short)%00%(objectname)%00%(upstream:track)%00%(upstream:remotename)%00%(upstream:remoteref) refs/heads/fix/notification-namespace refs/remotes/fix/notification-namespace [2ms]
2025-11-09 12:47:31.598 [info] > git status -z -uall [13ms]
2025-11-09 12:47:31.600 [info] > git for-each-ref --sort -committerdate --format %(refname)%00%(objectname)%00%(*objectname) [3ms]
2025-11-09 12:47:31.630 [info] > git log --format=%H%n%aN%n%aE%n%at%n%ct%n%P%n%D%n%B -z --shortstat --diff-merges=first-parent -n50 --skip=0 --topo-order --decorate=full --stdin [67ms]
2025-11-09 12:47:35.274 [info] > git ls-files --stage -- Modules/Notifications/Center/NotificationCenterPopout.qml [1ms]
2025-11-09 12:47:35.282 [info] > git cat-file -s 1887cfdfc24d8ee8831215709ebb4a461631f4c2 [2ms]
2025-11-09 12:47:35.292 [info] > git show --textconv :Modules/Notifications/Center/NotificationCenterPopout.qml [2ms]
2025-11-09 12:47:43.111 [info] > git push -u origin fix/notification-namespace [4724ms]
2025-11-09 12:47:43.111 [info] remote: 
remote: Create a pull request for 'fix/notification-namespace' on GitHub by visiting:        
remote:      https://github.com/claymorwan/DankMaterialShell/pull/new/fix/notification-namespace        
remote: 
To github.com:claymorwan/DankMaterialShell.git
 * [new branch]      fix/notification-namespace -> fix/notification-namespace
2025-11-09 12:47:43.132 [info] > git config --get commit.template [9ms]
2025-11-09 12:47:43.132 [info] > git for-each-ref --format=%(refname)%00%(upstream:short)%00%(objectname)%00%(upstream:track)%00%(upstream:remotename)%00%(upstream:remoteref) refs/heads/fix/notification-namespace refs/remotes/fix/notification-namespace [1ms]
2025-11-09 12:47:43.151 [info] > git status -z -uall [9ms]
2025-11-09 12:47:43.152 [info] > git for-each-ref --sort -committerdate --format %(refname)%00%(objectname)%00%(*objectname) [2ms]
2025-11-09 12:47:43.171 [info] > git merge-base refs/heads/fix/notification-namespace refs/remotes/origin/fix/notification-namespace [3ms]
2025-11-09 12:47:43.194 [info] > git diff --name-status -z --diff-filter=ADMR 4bfc51a0dbd73faf6972bcc22df57a2de60c22f5...refs/remotes/origin/fix/notification-namespace [11ms]
2025-11-09 12:47:43.196 [info] > git for-each-ref --sort -committerdate --format %(refname)%00%(objectname)%00%(*objectname) refs/heads/fix/notification-namespace [3ms]
2025-11-09 12:47:43.266 [info] > git log --format=%H%n%aN%n%aE%n%at%n%ct%n%P%n%D%n%B -z --shortstat --diff-merges=first-parent -n50 --skip=0 --topo-order --decorate=full --stdin [50ms]
2025-11-09 12:47:44.215 [info] > git config --get commit.template [8ms]
2025-11-09 12:47:44.216 [info] > git for-each-ref --format=%(refname)%00%(upstream:short)%00%(objectname)%00%(upstream:track)%00%(upstream:remotename)%00%(upstream:remoteref) refs/heads/fix/notification-namespace refs/remotes/fix/notification-namespace [2ms]
2025-11-09 12:47:44.231 [info] > git status -z -uall [7ms]
2025-11-09 12:47:44.233 [info] > git for-each-ref --sort -committerdate --format %(refname)%00%(objectname)%00%(*objectname) [3ms]
2025-11-09 12:47:44.310 [info] > git ls-files --stage -- Modules/Notifications/Center/NotificationCenterPopout.qml [2ms]
2025-11-09 12:47:44.319 [info] > git cat-file -s 1887cfdfc24d8ee8831215709ebb4a461631f4c2 [1ms]
2025-11-09 12:47:44.336 [info] > git show --textconv :Modules/Notifications/Center/NotificationCenterPopout.qml [3ms]
2025-11-09 12:47:56.159 [info] [main] Log level: Info
2025-11-09 12:47:56.159 [info] [main] Validating found git in: "git"
2025-11-09 12:47:56.159 [info] [main] Using git "2.51.2" from "git"
2025-11-09 12:47:56.159 [info] [Model][doInitialScan] Initial repository scan started
2025-11-09 12:47:56.159 [info] > git rev-parse --show-toplevel [6ms]
2025-11-09 12:47:56.159 [info] > git rev-parse --git-dir --git-common-dir --show-superproject-working-tree [3ms]
2025-11-09 12:47:56.159 [info] [Model][openRepository] Opened repository (path): /mnt/media/Programmation/Docs/DankLinux-Docs
2025-11-09 12:47:56.159 [info] [Model][openRepository] Opened repository (real path): /mnt/media/Programmation/Docs/DankLinux-Docs
2025-11-09 12:47:56.159 [info] [Model][openRepository] Opened repository (kind): repository
2025-11-09 12:47:56.159 [info] > git rev-parse --show-toplevel [2ms]
2025-11-09 12:47:56.159 [info] > git config --get commit.template [9ms]
2025-11-09 12:47:56.159 [info] > git for-each-ref --format=%(refname)%00%(upstream:short)%00%(objectname)%00%(upstream:track)%00%(upstream:remotename)%00%(upstream:remoteref) refs/heads/feature/layer-namespaces refs/remotes/feature/layer-namespaces [21ms]
2025-11-09 12:47:56.159 [info] > git rev-parse --show-toplevel [30ms]
2025-11-09 12:47:56.169 [info] > git rev-parse --show-toplevel [3ms]
2025-11-09 12:47:56.199 [info] > git status -z -uall [22ms]
2025-11-09 12:47:56.199 [info] > git for-each-ref --sort -committerdate --format %(refname)%00%(objectname)%00%(*objectname) [12ms]
2025-11-09 12:47:56.523 [info] > git for-each-ref --format=%(refname)%00%(upstream:short)%00%(objectname)%00%(upstream:track)%00%(upstream:remotename)%00%(upstream:remoteref) refs/heads/feature/layer-namespaces refs/remotes/feature/layer-namespaces [293ms]
2025-11-09 12:47:56.537 [info] > git rev-parse --show-toplevel [341ms]
2025-11-09 12:47:56.615 [info] > git config --get --local branch.feature/layer-namespaces.vscode-merge-base [79ms]
2025-11-09 12:47:56.637 [info] > git config --get commit.template [147ms]
2025-11-09 12:47:56.656 [info] > git for-each-ref --format=%(refname)%00%(upstream:short)%00%(objectname)%00%(upstream:track)%00%(upstream:remotename)%00%(upstream:remoteref) refs/heads/origin/master refs/remotes/origin/master [20ms]
2025-11-09 12:47:56.667 [info] > git rev-parse --show-toplevel [57ms]
2025-11-09 12:47:56.693 [info] > git merge-base refs/heads/feature/layer-namespaces refs/remotes/origin/feature/layer-namespaces [26ms]
2025-11-09 12:47:56.723 [info] > git diff --name-status -z --diff-filter=ADMR 1ecbb34f0781a5aafc62bdcd262e3837fc40d30f...refs/remotes/origin/feature/layer-namespaces [18ms]
2025-11-09 12:47:56.724 [info] > git rev-parse --show-toplevel [34ms]
2025-11-09 12:47:56.724 [info] > git for-each-ref --format=%(refname)%00%(upstream:short)%00%(objectname)%00%(upstream:track)%00%(upstream:remotename)%00%(upstream:remoteref) refs/heads/feature/layer-namespaces refs/remotes/feature/layer-namespaces [44ms]
2025-11-09 12:47:56.778 [info] > git rev-parse --show-toplevel [21ms]
2025-11-09 12:47:56.950 [info] > git status -z -uall [15ms]
2025-11-09 12:47:56.951 [info] > git rev-parse --show-toplevel [156ms]
2025-11-09 12:47:56.951 [info] > git log --format=%H%n%aN%n%aE%n%at%n%ct%n%P%n%D%n%B -z --shortstat --diff-merges=first-parent -n50 --skip=0 --topo-order --decorate=full --stdin [212ms]
2025-11-09 12:47:57.001 [info] > git for-each-ref --sort -committerdate --format %(refname)%00%(objectname)%00%(*objectname) [52ms]
2025-11-09 12:47:57.010 [info] > git rev-parse --show-toplevel [12ms]
2025-11-09 12:47:57.011 [info] [Model][doInitialScan] Initial repository scan completed - repositories (1), closed repositories (0), parent repositories (0), unsafe repositories (0)
2025-11-09 12:47:57.037 [info] > git show --textconv :docs/dankmaterialshell/layers.mdx [16ms]
2025-11-09 12:47:57.038 [info] > git ls-files --stage -- docs/dankmaterialshell/layers.mdx [6ms]
2025-11-09 12:47:57.165 [info] > git check-ignore -v -z --stdin [82ms]
2025-11-09 12:47:57.166 [info] > git cat-file -s 509513afe8ca14d93a1d92e1bb2016a8b6e685fc [111ms]
2025-11-09 12:47:57.656 [info] > git blame --root --incremental 1ecbb34f0781a5aafc62bdcd262e3837fc40d30f -- docs/dankmaterialshell/layers.mdx [5ms]
2025-11-09 12:47:59.578 [info] > git add -A -- docs/dankmaterialshell/compositors.mdx docs/dankmaterialshell/layers.mdx [5ms]
2025-11-09 12:47:59.599 [info] > git config --get commit.template [9ms]
2025-11-09 12:47:59.599 [info] > git for-each-ref --format=%(refname)%00%(upstream:short)%00%(objectname)%00%(upstream:track)%00%(upstream:remotename)%00%(upstream:remoteref) refs/heads/feature/layer-namespaces refs/remotes/feature/layer-namespaces [1ms]
2025-11-09 12:47:59.616 [info] > git status -z -uall [9ms]
2025-11-09 12:47:59.617 [info] > git for-each-ref --sort -committerdate --format %(refname)%00%(objectname)%00%(*objectname) [2ms]
2025-11-09 12:47:59.938 [info] > git show --textconv HEAD:docs/dankmaterialshell/layers.mdx [8ms]
2025-11-09 12:47:59.939 [info] > git ls-tree -l HEAD -- docs/dankmaterialshell/layers.mdx [1ms]
2025-11-09 12:48:16.086 [info] > git -c user.useConfigOnly=true commit --quiet --allow-empty-message --file - [13ms]
2025-11-09 12:48:16.102 [info] > git config --get commit.template [3ms]
2025-11-09 12:48:16.117 [info] > git config --get commit.template [2ms]
2025-11-09 12:48:16.133 [info] > git for-each-ref --format=%(refname)%00%(upstream:short)%00%(objectname)%00%(upstream:track)%00%(upstream:remotename)%00%(upstream:remoteref) refs/heads/feature/layer-namespaces refs/remotes/feature/layer-namespaces [3ms]
2025-11-09 12:48:16.148 [info] > git status -z -uall [7ms]
2025-11-09 12:48:16.149 [info] > git for-each-ref --sort -committerdate --format %(refname)%00%(objectname)%00%(*objectname) [1ms]
2025-11-09 12:48:16.172 [info] > git merge-base refs/heads/feature/layer-namespaces refs/remotes/origin/feature/layer-namespaces [3ms]
2025-11-09 12:48:16.179 [info] > git blame --root --incremental 37e8be0ff7485ec3f3c000145cdf3ed36a040017 -- docs/dankmaterialshell/layers.mdx [18ms]
2025-11-09 12:48:16.184 [info] > git diff --name-status -z --diff-filter=ADMR 1ecbb34f0781a5aafc62bdcd262e3837fc40d30f...refs/remotes/origin/feature/layer-namespaces [5ms]
2025-11-09 12:48:16.214 [info] > git config --get commit.template [9ms]
2025-11-09 12:48:16.216 [info] > git for-each-ref --format=%(refname)%00%(upstream:short)%00%(objectname)%00%(upstream:track)%00%(upstream:remotename)%00%(upstream:remoteref) refs/heads/feature/layer-namespaces refs/remotes/feature/layer-namespaces [3ms]
2025-11-09 12:48:16.241 [info] > git status -z -uall [11ms]
2025-11-09 12:48:16.241 [info] > git log --format=%H%n%aN%n%aE%n%at%n%ct%n%P%n%D%n%B -z --shortstat --diff-merges=first-parent -n50 --skip=0 --topo-order --decorate=full --stdin [47ms]
2025-11-09 12:48:16.243 [info] > git for-each-ref --sort -committerdate --format %(refname)%00%(objectname)%00%(*objectname) [3ms]
2025-11-09 12:48:17.292 [info] > git ls-files --stage -- docs/dankmaterialshell/layers.mdx [1ms]
2025-11-09 12:48:17.301 [info] > git cat-file -s 5feb06887f9b219470c95defd5e91f5b789d2801 [2ms]
2025-11-09 12:48:17.315 [info] > git show --textconv :docs/dankmaterialshell/layers.mdx [1ms]
2025-11-09 12:48:25.251 [info] > git log --oneline --cherry feature/layer-namespaces...feature/layer-namespaces@{upstream} -- [2ms]
2025-11-09 12:48:26.450 [info] > git ls-files --stage -- docs/dankmaterialshell/layers.mdx [1ms]
2025-11-09 12:48:26.460 [info] > git cat-file -s 5feb06887f9b219470c95defd5e91f5b789d2801 [2ms]
2025-11-09 12:48:26.475 [info] > git show --textconv :docs/dankmaterialshell/layers.mdx [4ms]
2025-11-09 12:48:28.793 [info] > git pull --tags origin feature/layer-namespaces [3534ms]
2025-11-09 12:48:28.793 [info] From github.com:claymorwan/DankLinux-Docs
 * branch            feature/layer-namespaces -> FETCH_HEAD
2025-11-09 12:48:30.038 [info] > git ls-files --stage -- docs/dankmaterialshell/layers.mdx [2ms]
2025-11-09 12:48:30.046 [info] > git cat-file -s 5feb06887f9b219470c95defd5e91f5b789d2801 [2ms]
2025-11-09 12:48:30.057 [info] > git show --textconv :docs/dankmaterialshell/layers.mdx [2ms]
2025-11-09 12:48:32.783 [info] > git push origin feature/layer-namespaces:feature/layer-namespaces [3981ms]
2025-11-09 12:48:32.783 [info] To github.com:claymorwan/DankLinux-Docs.git
   1ecbb34..37e8be0  feature/layer-namespaces -> feature/layer-namespaces
2025-11-09 12:48:32.801 [info] > git config --get commit.template [9ms]
2025-11-09 12:48:32.804 [info] > git for-each-ref --format=%(refname)%00%(upstream:short)%00%(objectname)%00%(upstream:track)%00%(upstream:remotename)%00%(upstream:remoteref) refs/heads/feature/layer-namespaces refs/remotes/feature/layer-namespaces [4ms]
2025-11-09 12:48:32.826 [info] > git status -z -uall [11ms]
2025-11-09 12:48:32.827 [info] > git for-each-ref --sort -committerdate --format %(refname)%00%(objectname)%00%(*objectname) [2ms]
2025-11-09 12:48:32.854 [info] > git merge-base refs/heads/feature/layer-namespaces refs/remotes/origin/feature/layer-namespaces [4ms]
2025-11-09 12:48:32.868 [info] > git diff --name-status -z --diff-filter=ADMR 37e8be0ff7485ec3f3c000145cdf3ed36a040017...refs/remotes/origin/feature/layer-namespaces [4ms]
2025-11-09 12:48:32.910 [info] > git log --format=%H%n%aN%n%aE%n%at%n%ct%n%P%n%D%n%B -z --shortstat --diff-merges=first-parent -n50 --skip=0 --topo-order --decorate=full --stdin [33ms]
